[0.839s] Invoking command in '/home/agusb/Desktop/ROS2-Teleoperacion-Wifi/ros2_ws/build/examples_rclcpp_minimal_timer': CMAKE_PREFIX_PATH=${CMAKE_PREFIX_PATH}:/opt/ros/jazzy /usr/bin/cmake /home/agusb/Desktop/ROS2-Teleoperacion-Wifi/ros2_ws/src/examples/rclcpp/timers/minimal_timer -DAMENT_CMAKE_SYMLINK_INSTALL=1 -DCMAKE_INSTALL_PREFIX=/home/agusb/Desktop/ROS2-Teleoperacion-Wifi/ros2_ws/install/examples_rclcpp_minimal_timer
[3.024s] -- The C compiler identification is GNU 13.2.0
[3.024s] -- The CXX compiler identification is GNU 13.2.0
[3.024s] -- Detecting C compiler ABI info
[3.025s] -- Detecting C compiler ABI info - done
[3.025s] -- Check for working C compiler: /usr/bin/cc - skipped
[3.025s] -- Detecting C compile features
[3.026s] -- Detecting C compile features - done
[3.026s] -- Detecting CXX compiler ABI info
[3.026s] -- Detecting CXX compiler ABI info - done
[3.027s] -- Check for working CXX compiler: /usr/bin/c++ - skipped
[3.027s] -- Detecting CXX compile features
[3.027s] -- Detecting CXX compile features - done
[3.028s] -- Found ament_cmake: 2.5.2 (/opt/ros/jazzy/share/ament_cmake/cmake)
[3.028s] -- Found Python3: /usr/bin/python3 (found version "3.12.3") found components: Interpreter 
[3.029s] -- Override CMake install command with custom implementation using symlinks instead of copying resources
[3.029s] -- Found rclcpp: 28.1.3 (/opt/ros/jazzy/share/rclcpp/cmake)
[3.029s] -- Found rosidl_generator_c: 4.6.3 (/opt/ros/jazzy/share/rosidl_generator_c/cmake)
[3.030s] -- Found rosidl_generator_cpp: 4.6.3 (/opt/ros/jazzy/share/rosidl_generator_cpp/cmake)
[3.030s] -- Using all available rosidl_typesupport_c: rosidl_typesupport_fastrtps_c;rosidl_typesupport_introspection_c
[3.030s] -- Using all available rosidl_typesupport_cpp: rosidl_typesupport_fastrtps_cpp;rosidl_typesupport_introspection_cpp
[3.031s] -- Found rmw_implementation_cmake: 7.3.1 (/opt/ros/jazzy/share/rmw_implementation_cmake/cmake)
[3.031s] -- Found rmw_fastrtps_cpp: 8.4.1 (/opt/ros/jazzy/share/rmw_fastrtps_cpp/cmake)
[3.031s] -- Found OpenSSL: /usr/lib/x86_64-linux-gnu/libcrypto.so (found version "3.0.13")  
[3.032s] -- Found FastRTPS: /opt/ros/jazzy/include (Required is at least version "2.13") 
[3.032s] -- Using RMW implementation 'rmw_fastrtps_cpp' as default
[3.033s] -- Found ament_lint_auto: 0.17.1 (/opt/ros/jazzy/share/ament_lint_auto/cmake)
[3.033s] -- Added test 'copyright' to check source files copyright and LICENSE
[3.033s] -- Added test 'cppcheck' to perform static code analysis on C / C++ code
[3.034s] -- Configured cppcheck include dirs: 
[3.034s] -- Configured cppcheck exclude dirs and/or files: 
[3.034s] -- Added test 'cpplint' to check C / C++ code against the Google style
[3.035s] -- Configured cpplint exclude dirs and/or files: 
[3.035s] -- Added test 'lint_cmake' to check CMake code style
[3.036s] -- Added test 'uncrustify' to check C / C++ code style
[3.036s] -- Configured uncrustify additional arguments: 
[3.036s] -- Added test 'xmllint' to check XML markup files
[3.037s] -- Configuring done (1.4s)
[3.037s] -- Generating done (0.0s)
[3.037s] -- Build files have been written to: /home/agusb/Desktop/ROS2-Teleoperacion-Wifi/ros2_ws/build/examples_rclcpp_minimal_timer
[3.545s] Invoked command in '/home/agusb/Desktop/ROS2-Teleoperacion-Wifi/ros2_ws/build/examples_rclcpp_minimal_timer' returned '0': CMAKE_PREFIX_PATH=${CMAKE_PREFIX_PATH}:/opt/ros/jazzy /usr/bin/cmake /home/agusb/Desktop/ROS2-Teleoperacion-Wifi/ros2_ws/src/examples/rclcpp/timers/minimal_timer -DAMENT_CMAKE_SYMLINK_INSTALL=1 -DCMAKE_INSTALL_PREFIX=/home/agusb/Desktop/ROS2-Teleoperacion-Wifi/ros2_ws/install/examples_rclcpp_minimal_timer
[3.582s] Invoking command in '/home/agusb/Desktop/ROS2-Teleoperacion-Wifi/ros2_ws/build/examples_rclcpp_minimal_timer': CMAKE_PREFIX_PATH=${CMAKE_PREFIX_PATH}:/opt/ros/jazzy /usr/bin/cmake --build /home/agusb/Desktop/ROS2-Teleoperacion-Wifi/ros2_ws/build/examples_rclcpp_minimal_timer -- -j8 -l8
[3.709s] [ 25%] [32mBuilding CXX object CMakeFiles/timer_lambda.dir/lambda.cpp.o[0m
[21.341s] [ 50%] [32m[1mLinking CXX executable timer_lambda[0m
[21.342s] [ 50%] Built target timer_lambda
[21.342s] [ 75%] [32mBuilding CXX object CMakeFiles/timer_member_function.dir/member_function.cpp.o[0m
[21.342s] [100%] [32m[1mLinking CXX executable timer_member_function[0m
[21.342s] [100%] Built target timer_member_function
[22.361s] Invoked command in '/home/agusb/Desktop/ROS2-Teleoperacion-Wifi/ros2_ws/build/examples_rclcpp_minimal_timer' returned '0': CMAKE_PREFIX_PATH=${CMAKE_PREFIX_PATH}:/opt/ros/jazzy /usr/bin/cmake --build /home/agusb/Desktop/ROS2-Teleoperacion-Wifi/ros2_ws/build/examples_rclcpp_minimal_timer -- -j8 -l8
[22.429s] Invoking command in '/home/agusb/Desktop/ROS2-Teleoperacion-Wifi/ros2_ws/build/examples_rclcpp_minimal_timer': CMAKE_PREFIX_PATH=${CMAKE_PREFIX_PATH}:/opt/ros/jazzy /usr/bin/cmake --install /home/agusb/Desktop/ROS2-Teleoperacion-Wifi/ros2_ws/build/examples_rclcpp_minimal_timer
[22.438s] -- Install configuration: ""
[22.439s] -- Execute custom install script
[22.440s] -- Symlinking: /home/agusb/Desktop/ROS2-Teleoperacion-Wifi/ros2_ws/install/examples_rclcpp_minimal_timer/lib/examples_rclcpp_minimal_timer/timer_lambda
[22.463s] -- Symlinking: /home/agusb/Desktop/ROS2-Teleoperacion-Wifi/ros2_ws/install/examples_rclcpp_minimal_timer/lib/examples_rclcpp_minimal_timer/timer_member_function
[22.483s] -- Symlinking: /home/agusb/Desktop/ROS2-Teleoperacion-Wifi/ros2_ws/install/examples_rclcpp_minimal_timer/share/ament_index/resource_index/package_run_dependencies/examples_rclcpp_minimal_timer
[22.504s] -- Symlinking: /home/agusb/Desktop/ROS2-Teleoperacion-Wifi/ros2_ws/install/examples_rclcpp_minimal_timer/share/ament_index/resource_index/parent_prefix_path/examples_rclcpp_minimal_timer
[22.522s] -- Symlinking: /home/agusb/Desktop/ROS2-Teleoperacion-Wifi/ros2_ws/install/examples_rclcpp_minimal_timer/share/examples_rclcpp_minimal_timer/environment/ament_prefix_path.sh
[22.541s] -- Symlinking: /home/agusb/Desktop/ROS2-Teleoperacion-Wifi/ros2_ws/install/examples_rclcpp_minimal_timer/share/examples_rclcpp_minimal_timer/environment/ament_prefix_path.dsv
[22.564s] -- Symlinking: /home/agusb/Desktop/ROS2-Teleoperacion-Wifi/ros2_ws/install/examples_rclcpp_minimal_timer/share/examples_rclcpp_minimal_timer/environment/path.sh
[22.590s] -- Symlinking: /home/agusb/Desktop/ROS2-Teleoperacion-Wifi/ros2_ws/install/examples_rclcpp_minimal_timer/share/examples_rclcpp_minimal_timer/environment/path.dsv
[22.608s] -- Symlinking: /home/agusb/Desktop/ROS2-Teleoperacion-Wifi/ros2_ws/install/examples_rclcpp_minimal_timer/share/examples_rclcpp_minimal_timer/local_setup.bash
[22.629s] -- Symlinking: /home/agusb/Desktop/ROS2-Teleoperacion-Wifi/ros2_ws/install/examples_rclcpp_minimal_timer/share/examples_rclcpp_minimal_timer/local_setup.sh
[22.649s] -- Symlinking: /home/agusb/Desktop/ROS2-Teleoperacion-Wifi/ros2_ws/install/examples_rclcpp_minimal_timer/share/examples_rclcpp_minimal_timer/local_setup.zsh
[22.668s] -- Symlinking: /home/agusb/Desktop/ROS2-Teleoperacion-Wifi/ros2_ws/install/examples_rclcpp_minimal_timer/share/examples_rclcpp_minimal_timer/local_setup.dsv
[22.688s] -- Symlinking: /home/agusb/Desktop/ROS2-Teleoperacion-Wifi/ros2_ws/install/examples_rclcpp_minimal_timer/share/examples_rclcpp_minimal_timer/package.dsv
[22.706s] -- Symlinking: /home/agusb/Desktop/ROS2-Teleoperacion-Wifi/ros2_ws/install/examples_rclcpp_minimal_timer/share/ament_index/resource_index/packages/examples_rclcpp_minimal_timer
[22.727s] -- Symlinking: /home/agusb/Desktop/ROS2-Teleoperacion-Wifi/ros2_ws/install/examples_rclcpp_minimal_timer/share/examples_rclcpp_minimal_timer/cmake/examples_rclcpp_minimal_timerConfig.cmake
[22.745s] -- Symlinking: /home/agusb/Desktop/ROS2-Teleoperacion-Wifi/ros2_ws/install/examples_rclcpp_minimal_timer/share/examples_rclcpp_minimal_timer/cmake/examples_rclcpp_minimal_timerConfig-version.cmake
[22.765s] -- Symlinking: /home/agusb/Desktop/ROS2-Teleoperacion-Wifi/ros2_ws/install/examples_rclcpp_minimal_timer/share/examples_rclcpp_minimal_timer/package.xml
[22.792s] Invoked command in '/home/agusb/Desktop/ROS2-Teleoperacion-Wifi/ros2_ws/build/examples_rclcpp_minimal_timer' returned '0': CMAKE_PREFIX_PATH=${CMAKE_PREFIX_PATH}:/opt/ros/jazzy /usr/bin/cmake --install /home/agusb/Desktop/ROS2-Teleoperacion-Wifi/ros2_ws/build/examples_rclcpp_minimal_timer
