[17.134s] Invoking command in '/home/agusb/Desktop/ROS2-Teleoperacion-Wifi/ros2_ws/build/examples_rclpy_minimal_service': PYTHONPATH=/home/agusb/Desktop/ROS2-Teleoperacion-Wifi/ros2_ws/build/examples_rclpy_minimal_service/prefix_override:/usr/lib/python3/dist-packages/colcon_core/task/python/colcon_distutils_commands:/home/agusb/Desktop/ROS2-Teleoperacion-Wifi/ros2_ws/install/examples_rclpy_minimal_service/lib/python3.12/site-packages:${PYTHONPATH} /usr/bin/python3 -W ignore:setup.py install is deprecated setup.py develop --editable --build-directory /home/agusb/Desktop/ROS2-Teleoperacion-Wifi/ros2_ws/build/examples_rclpy_minimal_service/build --no-deps symlink_data
[18.940s] running develop
[18.941s] /usr/lib/python3/dist-packages/setuptools/command/develop.py:40: EasyInstallDeprecationWarning: easy_install command is deprecated.
[18.945s] !!
[18.946s] 
[18.946s]         ********************************************************************************
[18.947s]         Please avoid running ``setup.py`` and ``easy_install``.
[18.947s]         Instead, use pypa/build, pypa/installer or other
[18.947s]         standards-based tools.
[18.948s] 
[18.948s]         See https://github.com/pypa/setuptools/issues/917 for details.
[18.948s]         ********************************************************************************
[18.949s] 
[18.949s] !!
[18.950s]   easy_install.initialize_options(self)
[20.213s] running egg_info
[20.214s] creating examples_rclpy_minimal_service.egg-info
[20.338s] writing examples_rclpy_minimal_service.egg-info/PKG-INFO
[20.343s] writing dependency_links to examples_rclpy_minimal_service.egg-info/dependency_links.txt
[20.344s] writing entry points to examples_rclpy_minimal_service.egg-info/entry_points.txt
[20.344s] writing requirements to examples_rclpy_minimal_service.egg-info/requires.txt
[20.344s] writing top-level names to examples_rclpy_minimal_service.egg-info/top_level.txt
[20.345s] writing manifest file 'examples_rclpy_minimal_service.egg-info/SOURCES.txt'
[20.604s] reading manifest file 'examples_rclpy_minimal_service.egg-info/SOURCES.txt'
[20.605s] writing manifest file 'examples_rclpy_minimal_service.egg-info/SOURCES.txt'
[20.739s] running build_ext
[20.739s] Creating /home/agusb/Desktop/ROS2-Teleoperacion-Wifi/ros2_ws/install/examples_rclpy_minimal_service/lib/python3.12/site-packages/examples-rclpy-minimal-service.egg-link (link to .)
[20.742s] Installing service script to /home/agusb/Desktop/ROS2-Teleoperacion-Wifi/ros2_ws/install/examples_rclpy_minimal_service/lib/examples_rclpy_minimal_service
[20.743s] Installing service_member_function script to /home/agusb/Desktop/ROS2-Teleoperacion-Wifi/ros2_ws/install/examples_rclpy_minimal_service/lib/examples_rclpy_minimal_service
[20.744s] 
[20.744s] Installed /home/agusb/Desktop/ROS2-Teleoperacion-Wifi/ros2_ws/build/examples_rclpy_minimal_service
[20.745s] running symlink_data
[20.745s] creating /home/agusb/Desktop/ROS2-Teleoperacion-Wifi/ros2_ws/install/examples_rclpy_minimal_service/share/ament_index
[20.745s] creating /home/agusb/Desktop/ROS2-Teleoperacion-Wifi/ros2_ws/install/examples_rclpy_minimal_service/share/ament_index/resource_index
[20.746s] creating /home/agusb/Desktop/ROS2-Teleoperacion-Wifi/ros2_ws/install/examples_rclpy_minimal_service/share/ament_index/resource_index/packages
[20.746s] symbolically linking /home/agusb/Desktop/ROS2-Teleoperacion-Wifi/ros2_ws/build/examples_rclpy_minimal_service/resource/examples_rclpy_minimal_service -> /home/agusb/Desktop/ROS2-Teleoperacion-Wifi/ros2_ws/install/examples_rclpy_minimal_service/share/ament_index/resource_index/packages
[20.747s] symbolically linking /home/agusb/Desktop/ROS2-Teleoperacion-Wifi/ros2_ws/build/examples_rclpy_minimal_service/package.xml -> /home/agusb/Desktop/ROS2-Teleoperacion-Wifi/ros2_ws/install/examples_rclpy_minimal_service/share/examples_rclpy_minimal_service
[20.872s] Invoked command in '/home/agusb/Desktop/ROS2-Teleoperacion-Wifi/ros2_ws/build/examples_rclpy_minimal_service' returned '0': PYTHONPATH=/home/agusb/Desktop/ROS2-Teleoperacion-Wifi/ros2_ws/build/examples_rclpy_minimal_service/prefix_override:/usr/lib/python3/dist-packages/colcon_core/task/python/colcon_distutils_commands:/home/agusb/Desktop/ROS2-Teleoperacion-Wifi/ros2_ws/install/examples_rclpy_minimal_service/lib/python3.12/site-packages:${PYTHONPATH} /usr/bin/python3 -W ignore:setup.py install is deprecated setup.py develop --editable --build-directory /home/agusb/Desktop/ROS2-Teleoperacion-Wifi/ros2_ws/build/examples_rclpy_minimal_service/build --no-deps symlink_data
