[5.387s] Invoking command in '/home/agusb/Desktop/ROS2-Teleoperacion-Wifi/ros2_ws/build/examples_rclpy_executors': PYTHONPATH=/home/agusb/Desktop/ROS2-Teleoperacion-Wifi/ros2_ws/build/examples_rclpy_executors/prefix_override:/usr/lib/python3/dist-packages/colcon_core/task/python/colcon_distutils_commands:/home/agusb/Desktop/ROS2-Teleoperacion-Wifi/ros2_ws/install/examples_rclpy_executors/lib/python3.12/site-packages:${PYTHONPATH} /usr/bin/python3 -W ignore:setup.py install is deprecated setup.py develop --editable --build-directory /home/agusb/Desktop/ROS2-Teleoperacion-Wifi/ros2_ws/build/examples_rclpy_executors/build --no-deps symlink_data
[6.998s] running develop
[6.998s] running egg_info
[6.999s] creating examples_rclpy_executors.egg-info
[7.002s] writing examples_rclpy_executors.egg-info/PKG-INFO
[7.012s] writing dependency_links to examples_rclpy_executors.egg-info/dependency_links.txt
[7.012s] writing entry points to examples_rclpy_executors.egg-info/entry_points.txt
[7.012s] writing requirements to examples_rclpy_executors.egg-info/requires.txt
[7.013s] writing top-level names to examples_rclpy_executors.egg-info/top_level.txt
[7.013s] writing manifest file 'examples_rclpy_executors.egg-info/SOURCES.txt'
[7.013s] reading manifest file 'examples_rclpy_executors.egg-info/SOURCES.txt'
[7.014s] writing manifest file 'examples_rclpy_executors.egg-info/SOURCES.txt'
[7.014s] running build_ext
[7.015s] Creating /home/agusb/Desktop/ROS2-Teleoperacion-Wifi/ros2_ws/install/examples_rclpy_executors/lib/python3.12/site-packages/examples-rclpy-executors.egg-link (link to .)
[7.015s] Installing callback_group script to /home/agusb/Desktop/ROS2-Teleoperacion-Wifi/ros2_ws/install/examples_rclpy_executors/lib/examples_rclpy_executors
[7.015s] Installing composed script to /home/agusb/Desktop/ROS2-Teleoperacion-Wifi/ros2_ws/install/examples_rclpy_executors/lib/examples_rclpy_executors
[7.016s] Installing custom_callback_group script to /home/agusb/Desktop/ROS2-Teleoperacion-Wifi/ros2_ws/install/examples_rclpy_executors/lib/examples_rclpy_executors
[7.016s] Installing custom_executor script to /home/agusb/Desktop/ROS2-Teleoperacion-Wifi/ros2_ws/install/examples_rclpy_executors/lib/examples_rclpy_executors
[7.016s] Installing listener script to /home/agusb/Desktop/ROS2-Teleoperacion-Wifi/ros2_ws/install/examples_rclpy_executors/lib/examples_rclpy_executors
[7.017s] Installing talker script to /home/agusb/Desktop/ROS2-Teleoperacion-Wifi/ros2_ws/install/examples_rclpy_executors/lib/examples_rclpy_executors
[7.017s] 
[7.017s] Installed /home/agusb/Desktop/ROS2-Teleoperacion-Wifi/ros2_ws/build/examples_rclpy_executors
[7.018s] running symlink_data
[7.018s] creating /home/agusb/Desktop/ROS2-Teleoperacion-Wifi/ros2_ws/install/examples_rclpy_executors/share/ament_index
[7.018s] creating /home/agusb/Desktop/ROS2-Teleoperacion-Wifi/ros2_ws/install/examples_rclpy_executors/share/ament_index/resource_index
[7.018s] creating /home/agusb/Desktop/ROS2-Teleoperacion-Wifi/ros2_ws/install/examples_rclpy_executors/share/ament_index/resource_index/packages
[7.019s] symbolically linking /home/agusb/Desktop/ROS2-Teleoperacion-Wifi/ros2_ws/build/examples_rclpy_executors/resource/examples_rclpy_executors -> /home/agusb/Desktop/ROS2-Teleoperacion-Wifi/ros2_ws/install/examples_rclpy_executors/share/ament_index/resource_index/packages
[7.019s] symbolically linking /home/agusb/Desktop/ROS2-Teleoperacion-Wifi/ros2_ws/build/examples_rclpy_executors/package.xml -> /home/agusb/Desktop/ROS2-Teleoperacion-Wifi/ros2_ws/install/examples_rclpy_executors/share/examples_rclpy_executors
[7.019s] /usr/lib/python3/dist-packages/setuptools/command/develop.py:40: EasyInstallDeprecationWarning: easy_install command is deprecated.
[7.020s] !!
[7.020s] 
[7.020s]         ********************************************************************************
[7.020s]         Please avoid running ``setup.py`` and ``easy_install``.
[7.021s]         Instead, use pypa/build, pypa/installer or other
[7.021s]         standards-based tools.
[7.021s] 
[7.022s]         See https://github.com/pypa/setuptools/issues/917 for details.
[7.022s]         ********************************************************************************
[7.023s] 
[7.023s] !!
[7.023s]   easy_install.initialize_options(self)
[7.337s] Invoked command in '/home/agusb/Desktop/ROS2-Teleoperacion-Wifi/ros2_ws/build/examples_rclpy_executors' returned '0': PYTHONPATH=/home/agusb/Desktop/ROS2-Teleoperacion-Wifi/ros2_ws/build/examples_rclpy_executors/prefix_override:/usr/lib/python3/dist-packages/colcon_core/task/python/colcon_distutils_commands:/home/agusb/Desktop/ROS2-Teleoperacion-Wifi/ros2_ws/install/examples_rclpy_executors/lib/python3.12/site-packages:${PYTHONPATH} /usr/bin/python3 -W ignore:setup.py install is deprecated setup.py develop --editable --build-directory /home/agusb/Desktop/ROS2-Teleoperacion-Wifi/ros2_ws/build/examples_rclpy_executors/build --no-deps symlink_data
