[0.009s] Invoking command in '/home/agusb/Desktop/ROS2-Teleoperacion-Wifi/sample_ws/build/cpp_pubsub': CMAKE_PREFIX_PATH=${CMAKE_PREFIX_PATH}:/opt/ros/jazzy /usr/bin/cmake /home/agusb/Desktop/ROS2-Teleoperacion-Wifi/sample_ws/src/cpp_pubsub -DCMAKE_INSTALL_PREFIX=/home/agusb/Desktop/ROS2-Teleoperacion-Wifi/sample_ws/install/cpp_pubsub
[0.095s] -- The C compiler identification is GNU 13.2.0
[0.188s] -- The CXX compiler identification is GNU 13.2.0
[0.203s] -- Detecting C compiler ABI info
[0.291s] -- Detecting C compiler ABI info - done
[0.303s] -- Check for working C compiler: /usr/bin/cc - skipped
[0.303s] -- Detecting C compile features
[0.303s] -- Detecting C compile features - done
[0.314s] -- Detecting CXX compiler ABI info
[0.407s] -- Detecting CXX compiler ABI info - done
[0.419s] -- Check for working CXX compiler: /usr/bin/c++ - skipped
[0.419s] -- Detecting CXX compile features
[0.419s] -- Detecting CXX compile features - done
[0.421s] -- Found ament_cmake: 2.5.2 (/opt/ros/jazzy/share/ament_cmake/cmake)
[0.556s] -- Found Python3: /usr/bin/python3 (found version "3.12.3") found components: Interpreter 
[0.662s] -- Found rclcpp: 28.1.3 (/opt/ros/jazzy/share/rclcpp/cmake)
[0.706s] -- Found rosidl_generator_c: 4.6.3 (/opt/ros/jazzy/share/rosidl_generator_c/cmake)
[0.723s] -- Found rosidl_generator_cpp: 4.6.3 (/opt/ros/jazzy/share/rosidl_generator_cpp/cmake)
[0.741s] -- Using all available rosidl_typesupport_c: rosidl_typesupport_fastrtps_c;rosidl_typesupport_introspection_c
[0.759s] -- Using all available rosidl_typesupport_cpp: rosidl_typesupport_fastrtps_cpp;rosidl_typesupport_introspection_cpp
[0.849s] -- Found rmw_implementation_cmake: 7.3.1 (/opt/ros/jazzy/share/rmw_implementation_cmake/cmake)
[0.852s] -- Found rmw_fastrtps_cpp: 8.4.1 (/opt/ros/jazzy/share/rmw_fastrtps_cpp/cmake)
[0.932s] -- Found OpenSSL: /usr/lib/x86_64-linux-gnu/libcrypto.so (found version "3.0.13")  
[0.951s] -- Found FastRTPS: /opt/ros/jazzy/include (Required is at least version "2.13") 
[0.973s] -- Using RMW implementation 'rmw_fastrtps_cpp' as default
[1.061s] -- Found std_msgs: 5.3.5 (/opt/ros/jazzy/share/std_msgs/cmake)
[1.169s] -- Configuring done (1.1s)
[1.181s] -- Generating done (0.0s)
[1.183s] -- Build files have been written to: /home/agusb/Desktop/ROS2-Teleoperacion-Wifi/sample_ws/build/cpp_pubsub
[1.192s] Invoked command in '/home/agusb/Desktop/ROS2-Teleoperacion-Wifi/sample_ws/build/cpp_pubsub' returned '0': CMAKE_PREFIX_PATH=${CMAKE_PREFIX_PATH}:/opt/ros/jazzy /usr/bin/cmake /home/agusb/Desktop/ROS2-Teleoperacion-Wifi/sample_ws/src/cpp_pubsub -DCMAKE_INSTALL_PREFIX=/home/agusb/Desktop/ROS2-Teleoperacion-Wifi/sample_ws/install/cpp_pubsub
[1.193s] Invoking command in '/home/agusb/Desktop/ROS2-Teleoperacion-Wifi/sample_ws/build/cpp_pubsub': CMAKE_PREFIX_PATH=${CMAKE_PREFIX_PATH}:/opt/ros/jazzy /usr/bin/cmake --build /home/agusb/Desktop/ROS2-Teleoperacion-Wifi/sample_ws/build/cpp_pubsub -- -j8 -l8
[1.245s] [ 50%] [32mBuilding CXX object CMakeFiles/talker.dir/src/publisher_lambda_function.cpp.o[0m
[1.246s] [ 50%] [32mBuilding CXX object CMakeFiles/listener.dir/src/subscriber_lambda_function.cpp.o[0m
[7.001s] [ 75%] [32m[1mLinking CXX executable talker[0m
[7.262s] [ 75%] Built target talker
[10.786s] [100%] [32m[1mLinking CXX executable listener[0m
[11.147s] [100%] Built target listener
[11.164s] Invoked command in '/home/agusb/Desktop/ROS2-Teleoperacion-Wifi/sample_ws/build/cpp_pubsub' returned '0': CMAKE_PREFIX_PATH=${CMAKE_PREFIX_PATH}:/opt/ros/jazzy /usr/bin/cmake --build /home/agusb/Desktop/ROS2-Teleoperacion-Wifi/sample_ws/build/cpp_pubsub -- -j8 -l8
[11.214s] Invoking command in '/home/agusb/Desktop/ROS2-Teleoperacion-Wifi/sample_ws/build/cpp_pubsub': CMAKE_PREFIX_PATH=${CMAKE_PREFIX_PATH}:/opt/ros/jazzy /usr/bin/cmake --install /home/agusb/Desktop/ROS2-Teleoperacion-Wifi/sample_ws/build/cpp_pubsub
[11.225s] -- Install configuration: ""
[11.226s] -- Installing: /home/agusb/Desktop/ROS2-Teleoperacion-Wifi/sample_ws/install/cpp_pubsub/lib/cpp_pubsub/talker
[11.227s] -- Set non-toolchain portion of runtime path of "/home/agusb/Desktop/ROS2-Teleoperacion-Wifi/sample_ws/install/cpp_pubsub/lib/cpp_pubsub/talker" to ""
[11.227s] -- Installing: /home/agusb/Desktop/ROS2-Teleoperacion-Wifi/sample_ws/install/cpp_pubsub/lib/cpp_pubsub/listener
[11.232s] -- Set non-toolchain portion of runtime path of "/home/agusb/Desktop/ROS2-Teleoperacion-Wifi/sample_ws/install/cpp_pubsub/lib/cpp_pubsub/listener" to ""
[11.233s] -- Installing: /home/agusb/Desktop/ROS2-Teleoperacion-Wifi/sample_ws/install/cpp_pubsub/share/ament_index/resource_index/package_run_dependencies/cpp_pubsub
[11.233s] -- Installing: /home/agusb/Desktop/ROS2-Teleoperacion-Wifi/sample_ws/install/cpp_pubsub/share/ament_index/resource_index/parent_prefix_path/cpp_pubsub
[11.233s] -- Installing: /home/agusb/Desktop/ROS2-Teleoperacion-Wifi/sample_ws/install/cpp_pubsub/share/cpp_pubsub/environment/ament_prefix_path.sh
[11.234s] -- Installing: /home/agusb/Desktop/ROS2-Teleoperacion-Wifi/sample_ws/install/cpp_pubsub/share/cpp_pubsub/environment/ament_prefix_path.dsv
[11.234s] -- Installing: /home/agusb/Desktop/ROS2-Teleoperacion-Wifi/sample_ws/install/cpp_pubsub/share/cpp_pubsub/environment/path.sh
[11.234s] -- Installing: /home/agusb/Desktop/ROS2-Teleoperacion-Wifi/sample_ws/install/cpp_pubsub/share/cpp_pubsub/environment/path.dsv
[11.234s] -- Installing: /home/agusb/Desktop/ROS2-Teleoperacion-Wifi/sample_ws/install/cpp_pubsub/share/cpp_pubsub/local_setup.bash
[11.234s] -- Installing: /home/agusb/Desktop/ROS2-Teleoperacion-Wifi/sample_ws/install/cpp_pubsub/share/cpp_pubsub/local_setup.sh
[11.234s] -- Installing: /home/agusb/Desktop/ROS2-Teleoperacion-Wifi/sample_ws/install/cpp_pubsub/share/cpp_pubsub/local_setup.zsh
[11.235s] -- Installing: /home/agusb/Desktop/ROS2-Teleoperacion-Wifi/sample_ws/install/cpp_pubsub/share/cpp_pubsub/local_setup.dsv
[11.235s] -- Installing: /home/agusb/Desktop/ROS2-Teleoperacion-Wifi/sample_ws/install/cpp_pubsub/share/cpp_pubsub/package.dsv
[11.235s] -- Installing: /home/agusb/Desktop/ROS2-Teleoperacion-Wifi/sample_ws/install/cpp_pubsub/share/ament_index/resource_index/packages/cpp_pubsub
[11.235s] -- Installing: /home/agusb/Desktop/ROS2-Teleoperacion-Wifi/sample_ws/install/cpp_pubsub/share/cpp_pubsub/cmake/cpp_pubsubConfig.cmake
[11.235s] -- Installing: /home/agusb/Desktop/ROS2-Teleoperacion-Wifi/sample_ws/install/cpp_pubsub/share/cpp_pubsub/cmake/cpp_pubsubConfig-version.cmake
[11.235s] -- Installing: /home/agusb/Desktop/ROS2-Teleoperacion-Wifi/sample_ws/install/cpp_pubsub/share/cpp_pubsub/package.xml
[11.238s] Invoked command in '/home/agusb/Desktop/ROS2-Teleoperacion-Wifi/sample_ws/build/cpp_pubsub' returned '0': CMAKE_PREFIX_PATH=${CMAKE_PREFIX_PATH}:/opt/ros/jazzy /usr/bin/cmake --install /home/agusb/Desktop/ROS2-Teleoperacion-Wifi/sample_ws/build/cpp_pubsub
