-- Found ament_cmake: 2.5.2 (/opt/ros/jazzy/share/ament_cmake/cmake)
-- Found rclcpp: 28.1.3 (/opt/ros/jazzy/share/rclcpp/cmake)
-- Found rosidl_generator_c: 4.6.3 (/opt/ros/jazzy/share/rosidl_generator_c/cmake)
-- Found rosidl_generator_cpp: 4.6.3 (/opt/ros/jazzy/share/rosidl_generator_cpp/cmake)
-- Using all available rosidl_typesupport_c: rosidl_typesupport_fastrtps_c;rosidl_typesupport_introspection_c
-- Using all available rosidl_typesupport_cpp: rosidl_typesupport_fastrtps_cpp;rosidl_typesupport_introspection_cpp
-- Found rmw_implementation_cmake: 7.3.1 (/opt/ros/jazzy/share/rmw_implementation_cmake/cmake)
-- Found rmw_fastrtps_cpp: 8.4.1 (/opt/ros/jazzy/share/rmw_fastrtps_cpp/cmake)
-- Using RMW implementation 'rmw_fastrtps_cpp' as default
-- Found sensor_msgs: 5.3.5 (/opt/ros/jazzy/share/sensor_msgs/cmake)
-- Found rosidl_default_generators: 1.6.0 (/opt/ros/jazzy/share/rosidl_default_generators/cmake)
-- Found rosidl_adapter: 4.6.3 (/opt/ros/jazzy/share/rosidl_adapter/cmake)
-- project name: robot_control
-- Found ament_cmake_ros: 0.12.0 (/opt/ros/jazzy/share/ament_cmake_ros/cmake)
-- Using all available rosidl_typesupport_c: rosidl_typesupport_fastrtps_c;rosidl_typesupport_introspection_c
-- Using all available rosidl_typesupport_cpp: rosidl_typesupport_fastrtps_cpp;rosidl_typesupport_introspection_cpp
-- Found python_cmake_module: 0.11.1 (/opt/ros/jazzy/share/python_cmake_module/cmake)
-- Found Python3: /usr/bin/python3 (found version "3.12.3") found components: Interpreter Development NumPy Development.Module Development.Embed 
-- Configuring done (1.6s)
-- Generating done (0.0s)
-- Build files have been written to: /home/agusb/Desktop/ROS2-Teleoperacion-Wifi/terrenator_ws/build/robot_control
[  2%] Built target robot_control__rosidl_generator_type_description
[  2%] Built target ament_cmake_python_copy_robot_control
[  5%] Built target robot_control__cpp
[  8%] [32mBuilding CXX object CMakeFiles/robot_uart_controller.dir/src/robot_uart_controller.cpp.o[0m
[ 22%] Built target robot_control__rosidl_generator_c
[ 30%] Built target robot_control__rosidl_typesupport_fastrtps_c
[ 38%] Built target robot_control__rosidl_typesupport_fastrtps_cpp
[ 47%] Built target robot_control__rosidl_typesupport_introspection_c
[ 55%] Built target robot_control__rosidl_typesupport_c
[ 63%] Built target robot_control__rosidl_typesupport_introspection_cpp
[ 72%] Built target robot_control__rosidl_typesupport_cpp
[ 72%] Built target robot_control
[ 75%] Built target robot_control__py
[ 77%] [32mBuilding C object CMakeFiles/robot_control__rosidl_generator_py.dir/rosidl_generator_py/robot_control/msg/_trama_datos_s.c.o[0m
running egg_info
[ 80%] [32m[1mLinking C shared library librobot_control__rosidl_generator_py.so[0m
writing robot_control.egg-info/PKG-INFO
writing dependency_links to robot_control.egg-info/dependency_links.txt
writing top-level names to robot_control.egg-info/top_level.txt
[ 80%] Built target robot_control__rosidl_generator_py
reading manifest file 'robot_control.egg-info/SOURCES.txt'
writing manifest file 'robot_control.egg-info/SOURCES.txt'
[ 80%] Built target ament_cmake_python_build_robot_control_egg
