[0.012s] Invoking command in '/home/agusb/Desktop/ROS2-Teleoperacion-Wifi/terrenator_ws/build/robot_control': CMAKE_PREFIX_PATH=${CMAKE_PREFIX_PATH}:/opt/ros/jazzy /usr/bin/cmake --build /home/agusb/Desktop/ROS2-Teleoperacion-Wifi/terrenator_ws/build/robot_control -- -j8 -l8
[0.047s] -- Found ament_cmake: 2.5.2 (/opt/ros/jazzy/share/ament_cmake/cmake)
[0.191s] -- Found rclcpp: 28.1.3 (/opt/ros/jazzy/share/rclcpp/cmake)
[0.223s] -- Found rosidl_generator_c: 4.6.3 (/opt/ros/jazzy/share/rosidl_generator_c/cmake)
[0.234s] -- Found rosidl_generator_cpp: 4.6.3 (/opt/ros/jazzy/share/rosidl_generator_cpp/cmake)
[0.245s] -- Using all available rosidl_typesupport_c: rosidl_typesupport_fastrtps_c;rosidl_typesupport_introspection_c
[0.262s] -- Using all available rosidl_typesupport_cpp: rosidl_typesupport_fastrtps_cpp;rosidl_typesupport_introspection_cpp
[0.332s] -- Found rmw_implementation_cmake: 7.3.1 (/opt/ros/jazzy/share/rmw_implementation_cmake/cmake)
[0.334s] -- Found rmw_fastrtps_cpp: 8.4.1 (/opt/ros/jazzy/share/rmw_fastrtps_cpp/cmake)
[0.400s] -- Using RMW implementation 'rmw_fastrtps_cpp' as default
[0.489s] -- Found sensor_msgs: 5.3.5 (/opt/ros/jazzy/share/sensor_msgs/cmake)
[0.586s] -- Found rosidl_default_generators: 1.6.0 (/opt/ros/jazzy/share/rosidl_default_generators/cmake)
[0.597s] -- Found rosidl_adapter: 4.6.3 (/opt/ros/jazzy/share/rosidl_adapter/cmake)
[0.604s] -- project name: robot_control
[0.959s] -- Found ament_cmake_ros: 0.12.0 (/opt/ros/jazzy/share/ament_cmake_ros/cmake)
[1.189s] -- Using all available rosidl_typesupport_c: rosidl_typesupport_fastrtps_c;rosidl_typesupport_introspection_c
[1.276s] -- Using all available rosidl_typesupport_cpp: rosidl_typesupport_fastrtps_cpp;rosidl_typesupport_introspection_cpp
[1.277s] -- Found python_cmake_module: 0.11.1 (/opt/ros/jazzy/share/python_cmake_module/cmake)
[1.560s] -- Found Python3: /usr/bin/python3 (found version "3.12.3") found components: Interpreter Development NumPy Development.Module Development.Embed 
[1.595s] -- Configuring done (1.6s)
[1.649s] -- Generating done (0.0s)
[1.653s] -- Build files have been written to: /home/agusb/Desktop/ROS2-Teleoperacion-Wifi/terrenator_ws/build/robot_control
[1.696s] [  2%] Built target robot_control__rosidl_generator_type_description
[1.712s] [  2%] Built target ament_cmake_python_copy_robot_control
[1.725s] [  5%] Built target robot_control__cpp
[1.725s] [  8%] [32mBuilding CXX object CMakeFiles/robot_uart_controller.dir/src/robot_uart_controller.cpp.o[0m
[1.729s] [ 22%] Built target robot_control__rosidl_generator_c
[1.781s] [ 30%] Built target robot_control__rosidl_typesupport_fastrtps_c
[1.800s] [ 38%] Built target robot_control__rosidl_typesupport_fastrtps_cpp
[1.800s] [ 47%] Built target robot_control__rosidl_typesupport_introspection_c
[1.807s] [ 55%] Built target robot_control__rosidl_typesupport_c
[1.808s] [ 63%] Built target robot_control__rosidl_typesupport_introspection_cpp
[1.816s] [ 72%] Built target robot_control__rosidl_typesupport_cpp
[1.868s] [ 72%] Built target robot_control
[1.915s] [ 75%] Built target robot_control__py
[1.970s] [ 77%] [32mBuilding C object CMakeFiles/robot_control__rosidl_generator_py.dir/rosidl_generator_py/robot_control/msg/_trama_datos_s.c.o[0m
[2.289s] running egg_info
[2.289s] [01m[K/home/agusb/Desktop/ROS2-Teleoperacion-Wifi/terrenator_ws/src/robot_control/src/robot_uart_controller.cpp:5:10:[m[K [01;31m[Kfatal error: [m[Krobot_control/msg/trama_datos.hpp: No such file or directory
[2.290s]     5 | #include [01;31m[K"robot_control/msg/trama_datos.hpp"[m[K
[2.290s]       |          [01;31m[K^~~~~~~~~~~~~~~~~~~~~~~~~~~~~~~~~~~[m[K
[2.290s] compilation terminated.
[2.299s] gmake[2]: *** [CMakeFiles/robot_uart_controller.dir/build.make:76: CMakeFiles/robot_uart_controller.dir/src/robot_uart_controller.cpp.o] Error 1
[2.299s] gmake[1]: *** [CMakeFiles/Makefile2:183: CMakeFiles/robot_uart_controller.dir/all] Error 2
[2.299s] gmake[1]: *** Waiting for unfinished jobs....
[2.315s] [ 80%] [32m[1mLinking C shared library librobot_control__rosidl_generator_py.so[0m
[2.353s] writing robot_control.egg-info/PKG-INFO
[2.353s] writing dependency_links to robot_control.egg-info/dependency_links.txt
[2.353s] writing top-level names to robot_control.egg-info/top_level.txt
[2.430s] [ 80%] Built target robot_control__rosidl_generator_py
[2.555s] reading manifest file 'robot_control.egg-info/SOURCES.txt'
[2.557s] writing manifest file 'robot_control.egg-info/SOURCES.txt'
[2.649s] [ 80%] Built target ament_cmake_python_build_robot_control_egg
[2.654s] gmake: *** [Makefile:146: all] Error 2
[2.659s] Invoked command in '/home/agusb/Desktop/ROS2-Teleoperacion-Wifi/terrenator_ws/build/robot_control' returned '2': CMAKE_PREFIX_PATH=${CMAKE_PREFIX_PATH}:/opt/ros/jazzy /usr/bin/cmake --build /home/agusb/Desktop/ROS2-Teleoperacion-Wifi/terrenator_ws/build/robot_control -- -j8 -l8
