[0.014s] Invoking command in '/home/agusb/Desktop/ROS2-Teleoperacion-Wifi/terrenator_ws/build/robot_control': CMAKE_PREFIX_PATH=${CMAKE_PREFIX_PATH}:/opt/ros/jazzy /usr/bin/cmake --build /home/agusb/Desktop/ROS2-Teleoperacion-Wifi/terrenator_ws/build/robot_control -- -j8 -l8
[0.043s] -- Found ament_cmake: 2.5.2 (/opt/ros/jazzy/share/ament_cmake/cmake)
[0.156s] -- Found rclcpp: 28.1.3 (/opt/ros/jazzy/share/rclcpp/cmake)
[0.183s] -- Found rosidl_generator_c: 4.6.3 (/opt/ros/jazzy/share/rosidl_generator_c/cmake)
[0.192s] -- Found rosidl_generator_cpp: 4.6.3 (/opt/ros/jazzy/share/rosidl_generator_cpp/cmake)
[0.208s] -- Using all available rosidl_typesupport_c: rosidl_typesupport_fastrtps_c;rosidl_typesupport_introspection_c
[0.222s] -- Using all available rosidl_typesupport_cpp: rosidl_typesupport_fastrtps_cpp;rosidl_typesupport_introspection_cpp
[0.300s] -- Found rmw_implementation_cmake: 7.3.1 (/opt/ros/jazzy/share/rmw_implementation_cmake/cmake)
[0.303s] -- Found rmw_fastrtps_cpp: 8.4.1 (/opt/ros/jazzy/share/rmw_fastrtps_cpp/cmake)
[0.392s] -- Using RMW implementation 'rmw_fastrtps_cpp' as default
[0.475s] -- Found sensor_msgs: 5.3.5 (/opt/ros/jazzy/share/sensor_msgs/cmake)
[0.589s] [31mCMake Error at CMakeLists.txt:23 (find_package):
[0.589s]   By not providing "Findinterfaces.cmake" in CMAKE_MODULE_PATH this project
[0.589s]   has asked CMake to find a package configuration file provided by
[0.590s]   "interfaces", but CMake did not find one.
[0.590s] 
[0.590s]   Could not find a package configuration file provided by "interfaces" with
[0.590s]   any of the following names:
[0.590s] 
[0.591s]     interfacesConfig.cmake
[0.591s]     interfaces-config.cmake
[0.591s] 
[0.591s]   Add the installation prefix of "interfaces" to CMAKE_PREFIX_PATH or set
[0.591s]   "interfaces_DIR" to a directory containing one of the above files.  If
[0.592s]   "interfaces" provides a separate development package or SDK, be sure it has
[0.592s]   been installed.
[0.592s] 
[0.592s] [0m
[0.592s] -- Configuring incomplete, errors occurred!
[0.599s] gmake: *** [Makefile:267: cmake_check_build_system] Error 1
[0.602s] Invoked command in '/home/agusb/Desktop/ROS2-Teleoperacion-Wifi/terrenator_ws/build/robot_control' returned '2': CMAKE_PREFIX_PATH=${CMAKE_PREFIX_PATH}:/opt/ros/jazzy /usr/bin/cmake --build /home/agusb/Desktop/ROS2-Teleoperacion-Wifi/terrenator_ws/build/robot_control -- -j8 -l8
