[0.017s] Invoking command in '/home/agusb/Desktop/ROS2-Teleoperacion-Wifi/terrenator_ws/build/robot_control': CMAKE_PREFIX_PATH=${CMAKE_PREFIX_PATH}:/opt/ros/jazzy /usr/bin/cmake /home/agusb/Desktop/ROS2-Teleoperacion-Wifi/terrenator_ws/src/robot_control -DCMAKE_INSTALL_PREFIX=/home/agusb/Desktop/ROS2-Teleoperacion-Wifi/terrenator_ws/install/robot_control
[0.034s] -- Found ament_cmake: 2.5.2 (/opt/ros/jazzy/share/ament_cmake/cmake)
[0.285s] -- Found rclcpp: 28.1.3 (/opt/ros/jazzy/share/rclcpp/cmake)
[0.314s] -- Found rosidl_generator_c: 4.6.3 (/opt/ros/jazzy/share/rosidl_generator_c/cmake)
[0.323s] -- Found rosidl_generator_cpp: 4.6.3 (/opt/ros/jazzy/share/rosidl_generator_cpp/cmake)
[0.339s] -- Using all available rosidl_typesupport_c: rosidl_typesupport_fastrtps_c;rosidl_typesupport_introspection_c
[0.355s] -- Using all available rosidl_typesupport_cpp: rosidl_typesupport_fastrtps_cpp;rosidl_typesupport_introspection_cpp
[0.424s] -- Found rmw_implementation_cmake: 7.3.1 (/opt/ros/jazzy/share/rmw_implementation_cmake/cmake)
[0.425s] -- Found rmw_fastrtps_cpp: 8.4.1 (/opt/ros/jazzy/share/rmw_fastrtps_cpp/cmake)
[0.487s] -- Using RMW implementation 'rmw_fastrtps_cpp' as default
[0.589s] -- Found sensor_msgs: 5.3.5 (/opt/ros/jazzy/share/sensor_msgs/cmake)
[0.656s] -- Found rosidl_default_generators: 1.6.0 (/opt/ros/jazzy/share/rosidl_default_generators/cmake)
[0.664s] -- Found rosidl_adapter: 4.6.3 (/opt/ros/jazzy/share/rosidl_adapter/cmake)
[0.677s] [31mCMake Error at /usr/lib/x86_64-linux-gnu/cmake/Boost-1.83.0/BoostConfig.cmake:141 (find_package):
[0.677s]   Could not find a package configuration file provided by "boost_asio"
[0.677s]   (requested version 1.83.0) with any of the following names:
[0.677s] 
[0.677s]     boost_asioConfig.cmake
[0.677s]     boost_asio-config.cmake
[0.677s] 
[0.677s]   Add the installation prefix of "boost_asio" to CMAKE_PREFIX_PATH or set
[0.678s]   "boost_asio_DIR" to a directory containing one of the above files.  If
[0.678s]   "boost_asio" provides a separate development package or SDK, be sure it has
[0.678s]   been installed.
[0.678s] Call Stack (most recent call first):
[0.678s]   /usr/lib/x86_64-linux-gnu/cmake/Boost-1.83.0/BoostConfig.cmake:262 (boost_find_component)
[0.678s]   /usr/share/cmake-3.28/Modules/FindBoost.cmake:594 (find_package)
[0.678s]   CMakeLists.txt:23 (find_package)
[0.678s] 
[0.678s] [0m
[0.678s] -- Configuring incomplete, errors occurred!
[0.684s] Invoked command in '/home/agusb/Desktop/ROS2-Teleoperacion-Wifi/terrenator_ws/build/robot_control' returned '1': CMAKE_PREFIX_PATH=${CMAKE_PREFIX_PATH}:/opt/ros/jazzy /usr/bin/cmake /home/agusb/Desktop/ROS2-Teleoperacion-Wifi/terrenator_ws/src/robot_control -DCMAKE_INSTALL_PREFIX=/home/agusb/Desktop/ROS2-Teleoperacion-Wifi/terrenator_ws/install/robot_control
