[  2%] Built target robot_control__rosidl_generator_type_description
[  2%] Built target ament_cmake_python_copy_robot_control
[  5%] [32mBuilding CXX object CMakeFiles/robot_uart_controller.dir/src/robot_uart_controller.cpp.o[0m
[  8%] Built target robot_control__cpp
[ 22%] Built target robot_control__rosidl_generator_c
[ 36%] Built target robot_control__rosidl_typesupport_c
[ 38%] Built target robot_control__rosidl_typesupport_fastrtps_cpp
[ 47%] Built target robot_control__rosidl_typesupport_fastrtps_c
[ 55%] Built target robot_control__rosidl_typesupport_introspection_cpp
[ 63%] Built target robot_control__rosidl_typesupport_introspection_c
[ 72%] Built target robot_control__rosidl_typesupport_cpp
[ 72%] Built target robot_control
[ 75%] Built target robot_control__py
[ 80%] Built target robot_control__rosidl_generator_py
[ 86%] Built target robot_control_s__rosidl_typesupport_c
[ 91%] Built target robot_control_s__rosidl_typesupport_fastrtps_c
[ 97%] Built target robot_control_s__rosidl_typesupport_introspection_c
running egg_info
writing robot_control.egg-info/PKG-INFO
writing dependency_links to robot_control.egg-info/dependency_links.txt
writing top-level names to robot_control.egg-info/top_level.txt
reading manifest file 'robot_control.egg-info/SOURCES.txt'
writing manifest file 'robot_control.egg-info/SOURCES.txt'
[ 97%] Built target ament_cmake_python_build_robot_control_egg
