[0.030s] Invoking command in '/home/agusb/Desktop/ROS2-Teleoperacion-Wifi/terrenator_ws/build/robot_control': CMAKE_PREFIX_PATH=${CMAKE_PREFIX_PATH}:/opt/ros/jazzy /usr/bin/cmake --build /home/agusb/Desktop/ROS2-Teleoperacion-Wifi/terrenator_ws/build/robot_control -- -j8 -l8
[0.097s] [  2%] Built target robot_control__rosidl_generator_type_description
[0.105s] [  2%] Built target ament_cmake_python_copy_robot_control
[0.122s] [  5%] [32mBuilding CXX object CMakeFiles/robot_uart_controller.dir/src/robot_uart_controller.cpp.o[0m
[0.134s] [  8%] Built target robot_control__cpp
[0.142s] [ 22%] Built target robot_control__rosidl_generator_c
[0.200s] [ 36%] Built target robot_control__rosidl_typesupport_c
[0.200s] [ 38%] Built target robot_control__rosidl_typesupport_fastrtps_cpp
[0.206s] [ 47%] Built target robot_control__rosidl_typesupport_fastrtps_c
[0.211s] [ 55%] Built target robot_control__rosidl_typesupport_introspection_cpp
[0.215s] [ 63%] Built target robot_control__rosidl_typesupport_introspection_c
[0.218s] [ 72%] Built target robot_control__rosidl_typesupport_cpp
[0.242s] [ 72%] Built target robot_control
[0.266s] [ 75%] Built target robot_control__py
[0.291s] [ 80%] Built target robot_control__rosidl_generator_py
[0.329s] [ 86%] Built target robot_control_s__rosidl_typesupport_c
[0.331s] [ 91%] Built target robot_control_s__rosidl_typesupport_fastrtps_c
[0.332s] [ 97%] Built target robot_control_s__rosidl_typesupport_introspection_c
[0.584s] [01m[K/home/agusb/Desktop/ROS2-Teleoperacion-Wifi/terrenator_ws/src/robot_control/src/robot_uart_controller.cpp:5:10:[m[K [01;31m[Kfatal error: [m[Krobot_control/msg/trama_datos.hpp: No such file or directory
[0.585s]     5 | #include [01;31m[K"robot_control/msg/trama_datos.hpp"[m[K
[0.585s]       |          [01;31m[K^~~~~~~~~~~~~~~~~~~~~~~~~~~~~~~~~~~[m[K
[0.585s] compilation terminated.
[0.586s] running egg_info
[0.598s] gmake[2]: *** [CMakeFiles/robot_uart_controller.dir/build.make:76: CMakeFiles/robot_uart_controller.dir/src/robot_uart_controller.cpp.o] Error 1
[0.598s] gmake[1]: *** [CMakeFiles/Makefile2:183: CMakeFiles/robot_uart_controller.dir/all] Error 2
[0.598s] gmake[1]: *** Waiting for unfinished jobs....
[0.615s] writing robot_control.egg-info/PKG-INFO
[0.615s] writing dependency_links to robot_control.egg-info/dependency_links.txt
[0.615s] writing top-level names to robot_control.egg-info/top_level.txt
[0.688s] reading manifest file 'robot_control.egg-info/SOURCES.txt'
[0.689s] writing manifest file 'robot_control.egg-info/SOURCES.txt'
[0.731s] [ 97%] Built target ament_cmake_python_build_robot_control_egg
[0.732s] gmake: *** [Makefile:146: all] Error 2
[0.734s] Invoked command in '/home/agusb/Desktop/ROS2-Teleoperacion-Wifi/terrenator_ws/build/robot_control' returned '2': CMAKE_PREFIX_PATH=${CMAKE_PREFIX_PATH}:/opt/ros/jazzy /usr/bin/cmake --build /home/agusb/Desktop/ROS2-Teleoperacion-Wifi/terrenator_ws/build/robot_control -- -j8 -l8
