[0.014s] Invoking command in '/home/agusb/Desktop/ROS2-Teleoperacion-Wifi/terrenator_ws/build/robot_control': CMAKE_PREFIX_PATH=${CMAKE_PREFIX_PATH}:/opt/ros/jazzy /usr/bin/cmake --build /home/agusb/Desktop/ROS2-Teleoperacion-Wifi/terrenator_ws/build/robot_control -- -j8 -l8
[0.042s] -- Found ament_cmake: 2.5.2 (/opt/ros/jazzy/share/ament_cmake/cmake)
[0.070s] -- Found Python3: /usr/bin/python3 (found version "3.12.3") found components: Interpreter 
[0.158s] -- Found rclcpp: 28.1.3 (/opt/ros/jazzy/share/rclcpp/cmake)
[0.184s] -- Found rosidl_generator_c: 4.6.3 (/opt/ros/jazzy/share/rosidl_generator_c/cmake)
[0.194s] -- Found rosidl_generator_cpp: 4.6.3 (/opt/ros/jazzy/share/rosidl_generator_cpp/cmake)
[0.209s] -- Using all available rosidl_typesupport_c: rosidl_typesupport_fastrtps_c;rosidl_typesupport_introspection_c
[0.223s] -- Using all available rosidl_typesupport_cpp: rosidl_typesupport_fastrtps_cpp;rosidl_typesupport_introspection_cpp
[0.287s] -- Found rmw_implementation_cmake: 7.3.1 (/opt/ros/jazzy/share/rmw_implementation_cmake/cmake)
[0.289s] -- Found rmw_fastrtps_cpp: 8.4.1 (/opt/ros/jazzy/share/rmw_fastrtps_cpp/cmake)
[0.359s] -- Using RMW implementation 'rmw_fastrtps_cpp' as default
[0.446s] -- Found sensor_msgs: 5.3.5 (/opt/ros/jazzy/share/sensor_msgs/cmake)
[0.525s] -- Found rosidl_default_generators: 1.6.0 (/opt/ros/jazzy/share/rosidl_default_generators/cmake)
[0.545s] -- Found rosidl_adapter: 4.6.3 (/opt/ros/jazzy/share/rosidl_adapter/cmake)
[0.556s] -- project name: robot_control
[0.559s] [31mCMake Error at /opt/ros/jazzy/share/rosidl_cmake/cmake/rosidl_generate_interfaces.cmake:95 (message):
[0.559s]   rosidl_generate_interfaces() the passed file 'msg/TramaDatos.msg' doesn't
[0.559s]   exist relative to the CMAKE_CURRENT_SOURCE_DIR
[0.560s]   '/home/agusb/Desktop/ROS2-Teleoperacion-Wifi/terrenator_ws/src/robot_control'
[0.560s] Call Stack (most recent call first):
[0.561s]   CMakeLists.txt:40 (rosidl_generate_interfaces)
[0.561s] 
[0.561s] [0m
[0.562s] -- Configuring incomplete, errors occurred!
[0.583s] gmake: *** [Makefile:856: cmake_check_build_system] Error 1
[0.587s] Invoked command in '/home/agusb/Desktop/ROS2-Teleoperacion-Wifi/terrenator_ws/build/robot_control' returned '2': CMAKE_PREFIX_PATH=${CMAKE_PREFIX_PATH}:/opt/ros/jazzy /usr/bin/cmake --build /home/agusb/Desktop/ROS2-Teleoperacion-Wifi/terrenator_ws/build/robot_control -- -j8 -l8
