[0.014s] Invoking command in '/home/agusb/Desktop/ROS2-Teleoperacion-Wifi/sample_ws/build/turtlesim': CMAKE_PREFIX_PATH=${CMAKE_PREFIX_PATH}:/home/agusb/Desktop/ROS2-Teleoperacion-Wifi/ros2_ws/install/launch_testing_examples:/home/agusb/Desktop/ROS2-Teleoperacion-Wifi/ros2_ws/install/examples_rclpy_pointcloud_publisher:/home/agusb/Desktop/ROS2-Teleoperacion-Wifi/ros2_ws/install/examples_rclpy_minimal_subscriber:/home/agusb/Desktop/ROS2-Teleoperacion-Wifi/ros2_ws/install/examples_rclpy_minimal_service:/home/agusb/Desktop/ROS2-Teleoperacion-Wifi/ros2_ws/install/examples_rclpy_minimal_publisher:/home/agusb/Desktop/ROS2-Teleoperacion-Wifi/ros2_ws/install/examples_rclpy_minimal_client:/home/agusb/Desktop/ROS2-Teleoperacion-Wifi/ros2_ws/install/examples_rclpy_minimal_action_server:/home/agusb/Desktop/ROS2-Teleoperacion-Wifi/ros2_ws/install/examples_rclpy_minimal_action_client:/home/agusb/Desktop/ROS2-Teleoperacion-Wifi/ros2_ws/install/examples_rclpy_guard_conditions:/home/agusb/Desktop/ROS2-Teleoperacion-Wifi/ros2_ws/install/examples_rclpy_executors:/opt/ros/jazzy /usr/bin/cmake /home/agusb/Desktop/ROS2-Teleoperacion-Wifi/sample_ws/src/ros_tutorials/turtlesim -DCMAKE_INSTALL_PREFIX=/home/agusb/Desktop/ROS2-Teleoperacion-Wifi/sample_ws/install/turtlesim
[0.091s] -- The C compiler identification is GNU 13.2.0
[0.174s] -- The CXX compiler identification is GNU 13.2.0
[0.193s] -- Detecting C compiler ABI info
[0.302s] -- Detecting C compiler ABI info - done
[0.318s] -- Check for working C compiler: /usr/bin/cc - skipped
[0.319s] -- Detecting C compile features
[0.319s] -- Detecting C compile features - done
[0.329s] -- Detecting CXX compiler ABI info
[0.450s] -- Detecting CXX compiler ABI info - done
[0.463s] -- Check for working CXX compiler: /usr/bin/c++ - skipped
[0.463s] -- Detecting CXX compile features
[0.464s] -- Detecting CXX compile features - done
[0.468s] -- Found ament_cmake: 2.5.2 (/opt/ros/jazzy/share/ament_cmake/cmake)
[0.676s] -- Found Python3: /usr/bin/python3 (found version "3.12.3") found components: Interpreter 
[0.842s] -- Found ament_index_cpp: 1.8.1 (/opt/ros/jazzy/share/ament_index_cpp/cmake)
[0.856s] -- Found geometry_msgs: 5.3.5 (/opt/ros/jazzy/share/geometry_msgs/cmake)
[0.912s] -- Found rosidl_generator_c: 4.6.3 (/opt/ros/jazzy/share/rosidl_generator_c/cmake)
[0.930s] -- Found rosidl_generator_cpp: 4.6.3 (/opt/ros/jazzy/share/rosidl_generator_cpp/cmake)
[0.951s] -- Using all available rosidl_typesupport_c: rosidl_typesupport_fastrtps_c;rosidl_typesupport_introspection_c
[0.974s] -- Using all available rosidl_typesupport_cpp: rosidl_typesupport_fastrtps_cpp;rosidl_typesupport_introspection_cpp
[1.070s] -- Found rcl_interfaces: 2.0.2 (/opt/ros/jazzy/share/rcl_interfaces/cmake)
[1.121s] -- Found rclcpp: 28.1.3 (/opt/ros/jazzy/share/rclcpp/cmake)
[1.154s] -- Found rmw_implementation_cmake: 7.3.1 (/opt/ros/jazzy/share/rmw_implementation_cmake/cmake)
[1.159s] -- Found rmw_fastrtps_cpp: 8.4.1 (/opt/ros/jazzy/share/rmw_fastrtps_cpp/cmake)
[1.255s] -- Found OpenSSL: /usr/lib/x86_64-linux-gnu/libcrypto.so (found version "3.0.13")  
[1.281s] -- Found FastRTPS: /opt/ros/jazzy/include (Required is at least version "2.13") 
[1.313s] -- Using RMW implementation 'rmw_fastrtps_cpp' as default
[1.418s] -- Found rclcpp_action: 28.1.3 (/opt/ros/jazzy/share/rclcpp_action/cmake)
[1.484s] -- Found rosidl_default_generators: 1.6.0 (/opt/ros/jazzy/share/rosidl_default_generators/cmake)
[1.510s] -- Found rosidl_adapter: 4.6.3 (/opt/ros/jazzy/share/rosidl_adapter/cmake)
[1.517s] -- Found std_srvs: 5.3.5 (/opt/ros/jazzy/share/std_srvs/cmake)
[2.416s] -- Found ament_cmake_ros: 0.12.0 (/opt/ros/jazzy/share/ament_cmake_ros/cmake)
[3.570s] -- Using all available rosidl_typesupport_c: rosidl_typesupport_fastrtps_c;rosidl_typesupport_introspection_c
[4.026s] -- Using all available rosidl_typesupport_cpp: rosidl_typesupport_fastrtps_cpp;rosidl_typesupport_introspection_cpp
[4.041s] -- Found python_cmake_module: 0.11.1 (/opt/ros/jazzy/share/python_cmake_module/cmake)
[4.236s] -- Found PythonExtra: /usr/bin/python3  
[4.866s] -- Found Python3: /usr/bin/python3 (found version "3.12.3") found components: Interpreter Development NumPy Development.Module Development.Embed 
[4.976s] -- Found ament_lint_auto: 0.17.1 (/opt/ros/jazzy/share/ament_lint_auto/cmake)
[5.017s] -- Added test 'copyright' to check source files copyright and LICENSE
[5.020s] -- Added test 'cppcheck' to perform static code analysis on C / C++ code
[5.022s] -- Configured cppcheck include dirs: /home/agusb/Desktop/ROS2-Teleoperacion-Wifi/sample_ws/src/ros_tutorials/turtlesim/include
[5.022s] -- Configured cppcheck exclude dirs and/or files: 
[5.025s] -- Added test 'cpplint' to check C / C++ code against the Google style
[5.025s] -- Configured cpplint exclude dirs and/or files: 
[5.027s] -- Added test 'flake8' to check Python code syntax and style conventions
[5.027s] -- Configured 'flake8' exclude dirs and/or files: 
[5.029s] -- Added test 'lint_cmake' to check CMake code style
[5.031s] -- Added test 'pep257' to check Python code against some of the docstring style conventions in PEP 257
[5.034s] -- Added test 'uncrustify' to check C / C++ code style
[5.034s] -- Configured uncrustify additional arguments: 
[5.035s] -- Added test 'xmllint' to check XML markup files
[5.039s] -- Configuring done (5.0s)
[5.130s] -- Generating done (0.1s)
[5.135s] -- Build files have been written to: /home/agusb/Desktop/ROS2-Teleoperacion-Wifi/sample_ws/build/turtlesim
[5.154s] Invoked command in '/home/agusb/Desktop/ROS2-Teleoperacion-Wifi/sample_ws/build/turtlesim' returned '0': CMAKE_PREFIX_PATH=${CMAKE_PREFIX_PATH}:/home/agusb/Desktop/ROS2-Teleoperacion-Wifi/ros2_ws/install/launch_testing_examples:/home/agusb/Desktop/ROS2-Teleoperacion-Wifi/ros2_ws/install/examples_rclpy_pointcloud_publisher:/home/agusb/Desktop/ROS2-Teleoperacion-Wifi/ros2_ws/install/examples_rclpy_minimal_subscriber:/home/agusb/Desktop/ROS2-Teleoperacion-Wifi/ros2_ws/install/examples_rclpy_minimal_service:/home/agusb/Desktop/ROS2-Teleoperacion-Wifi/ros2_ws/install/examples_rclpy_minimal_publisher:/home/agusb/Desktop/ROS2-Teleoperacion-Wifi/ros2_ws/install/examples_rclpy_minimal_client:/home/agusb/Desktop/ROS2-Teleoperacion-Wifi/ros2_ws/install/examples_rclpy_minimal_action_server:/home/agusb/Desktop/ROS2-Teleoperacion-Wifi/ros2_ws/install/examples_rclpy_minimal_action_client:/home/agusb/Desktop/ROS2-Teleoperacion-Wifi/ros2_ws/install/examples_rclpy_guard_conditions:/home/agusb/Desktop/ROS2-Teleoperacion-Wifi/ros2_ws/install/examples_rclpy_executors:/opt/ros/jazzy /usr/bin/cmake /home/agusb/Desktop/ROS2-Teleoperacion-Wifi/sample_ws/src/ros_tutorials/turtlesim -DCMAKE_INSTALL_PREFIX=/home/agusb/Desktop/ROS2-Teleoperacion-Wifi/sample_ws/install/turtlesim
[5.156s] Invoking command in '/home/agusb/Desktop/ROS2-Teleoperacion-Wifi/sample_ws/build/turtlesim': CMAKE_PREFIX_PATH=${CMAKE_PREFIX_PATH}:/home/agusb/Desktop/ROS2-Teleoperacion-Wifi/ros2_ws/install/launch_testing_examples:/home/agusb/Desktop/ROS2-Teleoperacion-Wifi/ros2_ws/install/examples_rclpy_pointcloud_publisher:/home/agusb/Desktop/ROS2-Teleoperacion-Wifi/ros2_ws/install/examples_rclpy_minimal_subscriber:/home/agusb/Desktop/ROS2-Teleoperacion-Wifi/ros2_ws/install/examples_rclpy_minimal_service:/home/agusb/Desktop/ROS2-Teleoperacion-Wifi/ros2_ws/install/examples_rclpy_minimal_publisher:/home/agusb/Desktop/ROS2-Teleoperacion-Wifi/ros2_ws/install/examples_rclpy_minimal_client:/home/agusb/Desktop/ROS2-Teleoperacion-Wifi/ros2_ws/install/examples_rclpy_minimal_action_server:/home/agusb/Desktop/ROS2-Teleoperacion-Wifi/ros2_ws/install/examples_rclpy_minimal_action_client:/home/agusb/Desktop/ROS2-Teleoperacion-Wifi/ros2_ws/install/examples_rclpy_guard_conditions:/home/agusb/Desktop/ROS2-Teleoperacion-Wifi/ros2_ws/install/examples_rclpy_executors:/opt/ros/jazzy /usr/bin/cmake --build /home/agusb/Desktop/ROS2-Teleoperacion-Wifi/sample_ws/build/turtlesim -- -j8 -l8
[5.221s] [  0%] [34m[1mGenerating type hashes for ROS interfaces[0m
[5.235s] [  0%] Built target ament_cmake_python_copy_turtlesim
[5.535s] running egg_info
[5.536s] creating turtlesim.egg-info
[5.561s] writing turtlesim.egg-info/PKG-INFO
[5.561s] writing dependency_links to turtlesim.egg-info/dependency_links.txt
[5.562s] writing top-level names to turtlesim.egg-info/top_level.txt
[5.562s] writing manifest file 'turtlesim.egg-info/SOURCES.txt'
[5.627s] [  0%] Built target turtlesim__rosidl_generator_type_description
[5.641s] [  1%] [34m[1mGenerating C code for ROS interfaces[0m
[5.654s] [  2%] [34m[1mGenerating C++ code for ROS interfaces[0m
[5.654s] reading manifest file 'turtlesim.egg-info/SOURCES.txt'
[5.655s] writing manifest file 'turtlesim.egg-info/SOURCES.txt'
[5.708s] [  2%] Built target ament_cmake_python_build_turtlesim_egg
[6.853s] [  2%] Built target turtlesim__cpp
[7.155s] [  3%] [32mBuilding C object CMakeFiles/turtlesim__rosidl_generator_c.dir/rosidl_generator_c/turtlesim/action/detail/rotate_absolute__type_support.c.o[0m
[7.157s] [  4%] [32mBuilding C object CMakeFiles/turtlesim__rosidl_generator_c.dir/rosidl_generator_c/turtlesim/msg/detail/color__functions.c.o[0m
[7.159s] [  5%] [32mBuilding C object CMakeFiles/turtlesim__rosidl_generator_c.dir/rosidl_generator_c/turtlesim/action/detail/rotate_absolute__functions.c.o[0m
[7.160s] [  5%] [32mBuilding C object CMakeFiles/turtlesim__rosidl_generator_c.dir/rosidl_generator_c/turtlesim/msg/detail/color__type_support.c.o[0m
[7.161s] [  6%] [32mBuilding C object CMakeFiles/turtlesim__rosidl_generator_c.dir/rosidl_generator_c/turtlesim/action/detail/rotate_absolute__description.c.o[0m
[7.163s] [  7%] [32mBuilding C object CMakeFiles/turtlesim__rosidl_generator_c.dir/rosidl_generator_c/turtlesim/msg/detail/pose__description.c.o[0m
[7.163s] [  8%] [32mBuilding C object CMakeFiles/turtlesim__rosidl_generator_c.dir/rosidl_generator_c/turtlesim/msg/detail/color__description.c.o[0m
[7.165s] [  9%] [32mBuilding C object CMakeFiles/turtlesim__rosidl_generator_c.dir/rosidl_generator_c/turtlesim/msg/detail/pose__functions.c.o[0m
[7.241s] [ 10%] [32mBuilding C object CMakeFiles/turtlesim__rosidl_generator_c.dir/rosidl_generator_c/turtlesim/msg/detail/pose__type_support.c.o[0m
[7.264s] [ 11%] [32mBuilding C object CMakeFiles/turtlesim__rosidl_generator_c.dir/rosidl_generator_c/turtlesim/srv/detail/kill__description.c.o[0m
[7.276s] [ 12%] [32mBuilding C object CMakeFiles/turtlesim__rosidl_generator_c.dir/rosidl_generator_c/turtlesim/srv/detail/kill__functions.c.o[0m
[7.296s] [ 13%] [32mBuilding C object CMakeFiles/turtlesim__rosidl_generator_c.dir/rosidl_generator_c/turtlesim/srv/detail/kill__type_support.c.o[0m
[7.302s] [ 13%] [32mBuilding C object CMakeFiles/turtlesim__rosidl_generator_c.dir/rosidl_generator_c/turtlesim/srv/detail/set_pen__description.c.o[0m
[7.307s] [ 14%] [32mBuilding C object CMakeFiles/turtlesim__rosidl_generator_c.dir/rosidl_generator_c/turtlesim/srv/detail/set_pen__functions.c.o[0m
[7.311s] [ 15%] [32mBuilding C object CMakeFiles/turtlesim__rosidl_generator_c.dir/rosidl_generator_c/turtlesim/srv/detail/set_pen__type_support.c.o[0m
[7.396s] [ 16%] [32mBuilding C object CMakeFiles/turtlesim__rosidl_generator_c.dir/rosidl_generator_c/turtlesim/srv/detail/spawn__description.c.o[0m
[7.409s] [ 17%] [32mBuilding C object CMakeFiles/turtlesim__rosidl_generator_c.dir/rosidl_generator_c/turtlesim/srv/detail/teleport_absolute__description.c.o[0m
[7.412s] [ 18%] [32mBuilding C object CMakeFiles/turtlesim__rosidl_generator_c.dir/rosidl_generator_c/turtlesim/srv/detail/spawn__functions.c.o[0m
[7.418s] [ 19%] [32mBuilding C object CMakeFiles/turtlesim__rosidl_generator_c.dir/rosidl_generator_c/turtlesim/srv/detail/spawn__type_support.c.o[0m
[7.471s] [ 20%] [32mBuilding C object CMakeFiles/turtlesim__rosidl_generator_c.dir/rosidl_generator_c/turtlesim/srv/detail/teleport_absolute__functions.c.o[0m
[7.517s] [ 20%] [32mBuilding C object CMakeFiles/turtlesim__rosidl_generator_c.dir/rosidl_generator_c/turtlesim/srv/detail/teleport_absolute__type_support.c.o[0m
[7.519s] [ 21%] [32mBuilding C object CMakeFiles/turtlesim__rosidl_generator_c.dir/rosidl_generator_c/turtlesim/srv/detail/teleport_relative__description.c.o[0m
[7.537s] [ 22%] [32mBuilding C object CMakeFiles/turtlesim__rosidl_generator_c.dir/rosidl_generator_c/turtlesim/srv/detail/teleport_relative__functions.c.o[0m
[7.538s] [ 23%] [32mBuilding C object CMakeFiles/turtlesim__rosidl_generator_c.dir/rosidl_generator_c/turtlesim/srv/detail/teleport_relative__type_support.c.o[0m
[7.679s] [ 24%] [32m[1mLinking C shared library libturtlesim__rosidl_generator_c.so[0m
[7.742s] [ 24%] Built target turtlesim__rosidl_generator_c
[7.764s] [ 26%] [34m[1mGenerating C introspection for ROS interfaces[0m
[7.764s] [ 26%] [34m[1mGenerating C type support dispatch for ROS interfaces[0m
[7.764s] [ 28%] [34m[1mGenerating C++ type support dispatch for ROS interfaces[0m
[7.765s] [ 27%] [34m[1mGenerating C++ type support for eProsima Fast-RTPS[0m
[7.765s] [ 28%] [34m[1mGenerating C++ introspection for ROS interfaces[0m
[7.768s] [ 29%] [34m[1mGenerating C type support for eProsima Fast-RTPS[0m
[8.808s] [ 30%] [32mBuilding CXX object CMakeFiles/turtlesim__rosidl_typesupport_c.dir/rosidl_typesupport_c/turtlesim/action/rotate_absolute__type_support.cpp.o[0m
[8.808s] [ 31%] [32mBuilding CXX object CMakeFiles/turtlesim__rosidl_typesupport_c.dir/rosidl_typesupport_c/turtlesim/msg/color__type_support.cpp.o[0m
[8.822s] [ 32%] [32mBuilding CXX object CMakeFiles/turtlesim__rosidl_typesupport_c.dir/rosidl_typesupport_c/turtlesim/msg/pose__type_support.cpp.o[0m
[8.951s] [ 33%] [32mBuilding CXX object CMakeFiles/turtlesim__rosidl_typesupport_c.dir/rosidl_typesupport_c/turtlesim/srv/kill__type_support.cpp.o[0m
[8.991s] [ 34%] [32mBuilding CXX object CMakeFiles/turtlesim__rosidl_typesupport_c.dir/rosidl_typesupport_c/turtlesim/srv/set_pen__type_support.cpp.o[0m
[9.023s] [ 34%] [32mBuilding CXX object CMakeFiles/turtlesim__rosidl_typesupport_c.dir/rosidl_typesupport_c/turtlesim/srv/spawn__type_support.cpp.o[0m
[9.029s] [ 35%] [32mBuilding CXX object CMakeFiles/turtlesim__rosidl_typesupport_cpp.dir/rosidl_typesupport_cpp/turtlesim/action/rotate_absolute__type_support.cpp.o[0m
[9.072s] [ 36%] [32mBuilding CXX object CMakeFiles/turtlesim__rosidl_typesupport_c.dir/rosidl_typesupport_c/turtlesim/srv/teleport_absolute__type_support.cpp.o[0m
[9.158s] [ 37%] [32mBuilding CXX object CMakeFiles/turtlesim__rosidl_typesupport_cpp.dir/rosidl_typesupport_cpp/turtlesim/msg/color__type_support.cpp.o[0m
[9.174s] [ 38%] [32mBuilding CXX object CMakeFiles/turtlesim__rosidl_typesupport_c.dir/rosidl_typesupport_c/turtlesim/srv/teleport_relative__type_support.cpp.o[0m
[9.198s] [ 39%] [32mBuilding CXX object CMakeFiles/turtlesim__rosidl_typesupport_introspection_cpp.dir/rosidl_typesupport_introspection_cpp/turtlesim/action/detail/rotate_absolute__type_support.cpp.o[0m
[9.226s] [ 40%] [32mBuilding CXX object CMakeFiles/turtlesim__rosidl_typesupport_cpp.dir/rosidl_typesupport_cpp/turtlesim/msg/pose__type_support.cpp.o[0m
[9.287s] [ 41%] [32m[1mLinking CXX shared library libturtlesim__rosidl_typesupport_c.so[0m
[9.321s] [ 42%] [32mBuilding C object CMakeFiles/turtlesim__rosidl_typesupport_introspection_c.dir/rosidl_typesupport_introspection_c/turtlesim/action/detail/rotate_absolute__type_support.c.o[0m
[9.380s] [ 42%] Built target turtlesim__rosidl_typesupport_c
[9.396s] [ 42%] [32mBuilding CXX object CMakeFiles/turtlesim__rosidl_typesupport_cpp.dir/rosidl_typesupport_cpp/turtlesim/srv/kill__type_support.cpp.o[0m
[9.568s] [ 43%] [32mBuilding C object CMakeFiles/turtlesim__rosidl_typesupport_introspection_c.dir/rosidl_typesupport_introspection_c/turtlesim/msg/detail/color__type_support.c.o[0m
[9.697s] [ 43%] [32mBuilding C object CMakeFiles/turtlesim__rosidl_typesupport_introspection_c.dir/rosidl_typesupport_introspection_c/turtlesim/msg/detail/pose__type_support.c.o[0m
[9.796s] [ 44%] [32mBuilding C object CMakeFiles/turtlesim__rosidl_typesupport_introspection_c.dir/rosidl_typesupport_introspection_c/turtlesim/srv/detail/kill__type_support.c.o[0m
[9.942s] [ 45%] [32mBuilding C object CMakeFiles/turtlesim__rosidl_typesupport_introspection_c.dir/rosidl_typesupport_introspection_c/turtlesim/srv/detail/set_pen__type_support.c.o[0m
[10.142s] [ 46%] [32mBuilding C object CMakeFiles/turtlesim__rosidl_typesupport_introspection_c.dir/rosidl_typesupport_introspection_c/turtlesim/srv/detail/spawn__type_support.c.o[0m
[10.305s] [ 47%] [32mBuilding CXX object CMakeFiles/turtlesim__rosidl_typesupport_introspection_cpp.dir/rosidl_typesupport_introspection_cpp/turtlesim/msg/detail/color__type_support.cpp.o[0m
[10.317s] [ 48%] [32mBuilding C object CMakeFiles/turtlesim__rosidl_typesupport_introspection_c.dir/rosidl_typesupport_introspection_c/turtlesim/srv/detail/teleport_absolute__type_support.c.o[0m
[10.414s] [ 49%] [32mBuilding CXX object CMakeFiles/turtlesim__rosidl_typesupport_introspection_cpp.dir/rosidl_typesupport_introspection_cpp/turtlesim/msg/detail/pose__type_support.cpp.o[0m
[10.477s] [ 50%] [32mBuilding C object CMakeFiles/turtlesim__rosidl_typesupport_introspection_c.dir/rosidl_typesupport_introspection_c/turtlesim/srv/detail/teleport_relative__type_support.c.o[0m
[10.662s] [ 51%] [32m[1mLinking C shared library libturtlesim__rosidl_typesupport_introspection_c.so[0m
[10.794s] [ 52%] [32mBuilding CXX object CMakeFiles/turtlesim__rosidl_typesupport_fastrtps_cpp.dir/rosidl_typesupport_fastrtps_cpp/turtlesim/action/detail/dds_fastrtps/rotate_absolute__type_support.cpp.o[0m
[10.804s] [ 52%] Built target turtlesim__rosidl_typesupport_introspection_c
[10.860s] [ 53%] [32mBuilding CXX object CMakeFiles/turtlesim__rosidl_typesupport_introspection_cpp.dir/rosidl_typesupport_introspection_cpp/turtlesim/srv/detail/kill__type_support.cpp.o[0m
[10.906s] [ 54%] [32mBuilding CXX object CMakeFiles/turtlesim__rosidl_typesupport_fastrtps_cpp.dir/rosidl_typesupport_fastrtps_cpp/turtlesim/msg/detail/dds_fastrtps/color__type_support.cpp.o[0m
[11.052s] [ 54%] [32mBuilding CXX object CMakeFiles/turtlesim__rosidl_typesupport_fastrtps_c.dir/rosidl_typesupport_fastrtps_c/turtlesim/action/detail/rotate_absolute__type_support_c.cpp.o[0m
[11.229s] [ 55%] [32mBuilding CXX object CMakeFiles/turtlesim__rosidl_typesupport_cpp.dir/rosidl_typesupport_cpp/turtlesim/srv/set_pen__type_support.cpp.o[0m
[11.408s] [ 56%] [32mBuilding CXX object CMakeFiles/turtlesim__rosidl_typesupport_fastrtps_c.dir/rosidl_typesupport_fastrtps_c/turtlesim/msg/detail/color__type_support_c.cpp.o[0m
[11.751s] [ 57%] [32mBuilding CXX object CMakeFiles/turtlesim__rosidl_typesupport_cpp.dir/rosidl_typesupport_cpp/turtlesim/srv/spawn__type_support.cpp.o[0m
[12.125s] [ 58%] [32mBuilding CXX object CMakeFiles/turtlesim__rosidl_typesupport_fastrtps_c.dir/rosidl_typesupport_fastrtps_c/turtlesim/msg/detail/pose__type_support_c.cpp.o[0m
[12.777s] [ 59%] [32mBuilding CXX object CMakeFiles/turtlesim__rosidl_typesupport_introspection_cpp.dir/rosidl_typesupport_introspection_cpp/turtlesim/srv/detail/set_pen__type_support.cpp.o[0m
[12.807s] [ 60%] [32mBuilding CXX object CMakeFiles/turtlesim__rosidl_typesupport_cpp.dir/rosidl_typesupport_cpp/turtlesim/srv/teleport_absolute__type_support.cpp.o[0m
[12.893s] [ 61%] [32mBuilding CXX object CMakeFiles/turtlesim__rosidl_typesupport_fastrtps_c.dir/rosidl_typesupport_fastrtps_c/turtlesim/srv/detail/kill__type_support_c.cpp.o[0m
[13.163s] [ 62%] [32mBuilding CXX object CMakeFiles/turtlesim__rosidl_typesupport_fastrtps_cpp.dir/rosidl_typesupport_fastrtps_cpp/turtlesim/msg/detail/dds_fastrtps/pose__type_support.cpp.o[0m
[13.199s] [ 63%] [32mBuilding CXX object CMakeFiles/turtlesim__rosidl_typesupport_fastrtps_c.dir/rosidl_typesupport_fastrtps_c/turtlesim/srv/detail/set_pen__type_support_c.cpp.o[0m
[13.823s] [ 64%] [32mBuilding CXX object CMakeFiles/turtlesim__rosidl_typesupport_fastrtps_c.dir/rosidl_typesupport_fastrtps_c/turtlesim/srv/detail/spawn__type_support_c.cpp.o[0m
[14.118s] [ 65%] [32mBuilding CXX object CMakeFiles/turtlesim__rosidl_typesupport_fastrtps_cpp.dir/rosidl_typesupport_fastrtps_cpp/turtlesim/srv/detail/dds_fastrtps/kill__type_support.cpp.o[0m
[14.286s] [ 66%] [32mBuilding CXX object CMakeFiles/turtlesim__rosidl_typesupport_cpp.dir/rosidl_typesupport_cpp/turtlesim/srv/teleport_relative__type_support.cpp.o[0m
[14.321s] [ 67%] [32mBuilding CXX object CMakeFiles/turtlesim__rosidl_typesupport_introspection_cpp.dir/rosidl_typesupport_introspection_cpp/turtlesim/srv/detail/spawn__type_support.cpp.o[0m
[14.618s] [ 68%] [32mBuilding CXX object CMakeFiles/turtlesim__rosidl_typesupport_fastrtps_c.dir/rosidl_typesupport_fastrtps_c/turtlesim/srv/detail/teleport_absolute__type_support_c.cpp.o[0m
[14.889s] [ 68%] [32mBuilding CXX object CMakeFiles/turtlesim__rosidl_typesupport_fastrtps_c.dir/rosidl_typesupport_fastrtps_c/turtlesim/srv/detail/teleport_relative__type_support_c.cpp.o[0m
[15.167s] [ 68%] [32mBuilding CXX object CMakeFiles/turtlesim__rosidl_typesupport_fastrtps_cpp.dir/rosidl_typesupport_fastrtps_cpp/turtlesim/srv/detail/dds_fastrtps/set_pen__type_support.cpp.o[0m
[15.216s] [ 69%] [32mBuilding CXX object CMakeFiles/turtlesim__rosidl_typesupport_fastrtps_cpp.dir/rosidl_typesupport_fastrtps_cpp/turtlesim/srv/detail/dds_fastrtps/spawn__type_support.cpp.o[0m
[15.562s] [ 70%] [32m[1mLinking CXX shared library libturtlesim__rosidl_typesupport_cpp.so[0m
[15.820s] [ 70%] [32mBuilding CXX object CMakeFiles/turtlesim__rosidl_typesupport_introspection_cpp.dir/rosidl_typesupport_introspection_cpp/turtlesim/srv/detail/teleport_absolute__type_support.cpp.o[0m
[15.912s] [ 70%] Built target turtlesim__rosidl_typesupport_cpp
[15.951s] [ 71%] [32mBuilding CXX object CMakeFiles/turtlesim__rosidl_typesupport_introspection_cpp.dir/rosidl_typesupport_introspection_cpp/turtlesim/srv/detail/teleport_relative__type_support.cpp.o[0m
[15.988s] [ 72%] [34m[1mGenerating include/turtlesim/moc_turtle_frame.cpp[0m
[16.441s] [ 73%] [32mBuilding CXX object CMakeFiles/turtlesim_node.dir/src/turtlesim.cpp.o[0m
[16.510s] [ 74%] [32mBuilding CXX object CMakeFiles/turtlesim_node.dir/src/turtle.cpp.o[0m
[16.530s] [ 75%] [32mBuilding CXX object CMakeFiles/turtlesim_node.dir/src/turtle_frame.cpp.o[0m
[16.960s] [ 76%] [32m[1mLinking CXX shared library libturtlesim__rosidl_typesupport_fastrtps_c.so[0m
[17.216s] [ 77%] [32mBuilding CXX object CMakeFiles/turtlesim__rosidl_typesupport_fastrtps_cpp.dir/rosidl_typesupport_fastrtps_cpp/turtlesim/srv/detail/dds_fastrtps/teleport_absolute__type_support.cpp.o[0m
[17.238s] [ 77%] Built target turtlesim__rosidl_typesupport_fastrtps_c
[17.256s] [ 78%] [32mBuilding CXX object CMakeFiles/turtlesim__rosidl_typesupport_fastrtps_cpp.dir/rosidl_typesupport_fastrtps_cpp/turtlesim/srv/detail/dds_fastrtps/teleport_relative__type_support.cpp.o[0m
[17.310s] [ 79%] [32mBuilding CXX object CMakeFiles/turtle_teleop_key.dir/tutorials/teleop_turtle_key.cpp.o[0m
[17.406s] [ 80%] [32m[1mLinking CXX shared library libturtlesim__rosidl_typesupport_introspection_cpp.so[0m
[17.430s] [ 80%] [32mBuilding CXX object CMakeFiles/turtlesim_node.dir/include/turtlesim/moc_turtle_frame.cpp.o[0m
[17.694s] [ 80%] Built target turtlesim__rosidl_typesupport_introspection_cpp
[17.783s] [ 80%] [32mBuilding CXX object CMakeFiles/draw_square.dir/tutorials/draw_square.cpp.o[0m
[19.466s] [ 81%] [32mBuilding CXX object CMakeFiles/mimic.dir/tutorials/mimic.cpp.o[0m
[19.754s] [ 82%] [32m[1mLinking CXX shared library libturtlesim__rosidl_typesupport_fastrtps_cpp.so[0m
[20.158s] [ 82%] Built target turtlesim__rosidl_typesupport_fastrtps_cpp
[20.276s] [ 82%] Built target turtlesim
[20.410s] [ 82%] [34m[1mGenerating Python code for ROS interfaces[0m
[30.188s] [ 82%] Built target turtlesim__py
[30.294s] [ 83%] [32mBuilding C object CMakeFiles/turtlesim__rosidl_generator_py.dir/rosidl_generator_py/turtlesim/action/_rotate_absolute_s.c.o[0m
[32.442s] [ 84%] [32mBuilding C object CMakeFiles/turtlesim__rosidl_generator_py.dir/rosidl_generator_py/turtlesim/msg/_color_s.c.o[0m
[33.435s] [ 84%] [32mBuilding C object CMakeFiles/turtlesim__rosidl_generator_py.dir/rosidl_generator_py/turtlesim/msg/_pose_s.c.o[0m
[34.936s] [ 85%] [32mBuilding C object CMakeFiles/turtlesim__rosidl_generator_py.dir/rosidl_generator_py/turtlesim/srv/_kill_s.c.o[0m
[35.934s] [ 86%] [32mBuilding C object CMakeFiles/turtlesim__rosidl_generator_py.dir/rosidl_generator_py/turtlesim/srv/_set_pen_s.c.o[0m
[36.844s] [ 87%] [32mBuilding C object CMakeFiles/turtlesim__rosidl_generator_py.dir/rosidl_generator_py/turtlesim/srv/_spawn_s.c.o[0m
[38.233s] [ 88%] [32mBuilding C object CMakeFiles/turtlesim__rosidl_generator_py.dir/rosidl_generator_py/turtlesim/srv/_teleport_absolute_s.c.o[0m
[39.078s] [ 89%] [32mBuilding C object CMakeFiles/turtlesim__rosidl_generator_py.dir/rosidl_generator_py/turtlesim/srv/_teleport_relative_s.c.o[0m
[40.487s] [ 90%] [32m[1mLinking C shared library libturtlesim__rosidl_generator_py.so[0m
[41.023s] [ 90%] Built target turtlesim__rosidl_generator_py
[41.211s] [ 91%] [32mBuilding C object CMakeFiles/turtlesim_s__rosidl_typesupport_fastrtps_c.dir/rosidl_generator_py/turtlesim/_turtlesim_s.ep.rosidl_typesupport_fastrtps_c.c.o[0m
[42.195s] [ 92%] [32mBuilding C object CMakeFiles/turtlesim_s__rosidl_typesupport_introspection_c.dir/rosidl_generator_py/turtlesim/_turtlesim_s.ep.rosidl_typesupport_introspection_c.c.o[0m
[42.460s] [ 93%] [32mBuilding C object CMakeFiles/turtlesim_s__rosidl_typesupport_c.dir/rosidl_generator_py/turtlesim/_turtlesim_s.ep.rosidl_typesupport_c.c.o[0m
[43.130s] [ 94%] [32m[1mLinking C shared module rosidl_generator_py/turtlesim/turtlesim_s__rosidl_typesupport_fastrtps_c.so[0m
[43.448s] [ 94%] Built target turtlesim_s__rosidl_typesupport_fastrtps_c
[43.879s] [ 95%] [32m[1mLinking C shared module rosidl_generator_py/turtlesim/turtlesim_s__rosidl_typesupport_introspection_c.so[0m
[44.010s] [ 96%] [32m[1mLinking C shared module rosidl_generator_py/turtlesim/turtlesim_s__rosidl_typesupport_c.so[0m
[44.135s] [ 96%] Built target turtlesim_s__rosidl_typesupport_introspection_c
[44.164s] [ 96%] Built target turtlesim_s__rosidl_typesupport_c
[45.206s] [ 97%] [32m[1mLinking CXX executable turtle_teleop_key[0m
[46.185s] [ 97%] Built target turtle_teleop_key
[59.725s] [ 98%] [32m[1mLinking CXX executable draw_square[0m
[60.706s] [ 99%] [32m[1mLinking CXX executable mimic[0m
[60.828s] [ 99%] Built target draw_square
[62.006s] [ 99%] Built target mimic
[69.328s] [100%] [32m[1mLinking CXX executable turtlesim_node[0m
[72.930s] [100%] Built target turtlesim_node
[72.953s] Invoked command in '/home/agusb/Desktop/ROS2-Teleoperacion-Wifi/sample_ws/build/turtlesim' returned '0': CMAKE_PREFIX_PATH=${CMAKE_PREFIX_PATH}:/home/agusb/Desktop/ROS2-Teleoperacion-Wifi/ros2_ws/install/launch_testing_examples:/home/agusb/Desktop/ROS2-Teleoperacion-Wifi/ros2_ws/install/examples_rclpy_pointcloud_publisher:/home/agusb/Desktop/ROS2-Teleoperacion-Wifi/ros2_ws/install/examples_rclpy_minimal_subscriber:/home/agusb/Desktop/ROS2-Teleoperacion-Wifi/ros2_ws/install/examples_rclpy_minimal_service:/home/agusb/Desktop/ROS2-Teleoperacion-Wifi/ros2_ws/install/examples_rclpy_minimal_publisher:/home/agusb/Desktop/ROS2-Teleoperacion-Wifi/ros2_ws/install/examples_rclpy_minimal_client:/home/agusb/Desktop/ROS2-Teleoperacion-Wifi/ros2_ws/install/examples_rclpy_minimal_action_server:/home/agusb/Desktop/ROS2-Teleoperacion-Wifi/ros2_ws/install/examples_rclpy_minimal_action_client:/home/agusb/Desktop/ROS2-Teleoperacion-Wifi/ros2_ws/install/examples_rclpy_guard_conditions:/home/agusb/Desktop/ROS2-Teleoperacion-Wifi/ros2_ws/install/examples_rclpy_executors:/opt/ros/jazzy /usr/bin/cmake --build /home/agusb/Desktop/ROS2-Teleoperacion-Wifi/sample_ws/build/turtlesim -- -j8 -l8
[73.329s] Invoking command in '/home/agusb/Desktop/ROS2-Teleoperacion-Wifi/sample_ws/build/turtlesim': CMAKE_PREFIX_PATH=${CMAKE_PREFIX_PATH}:/home/agusb/Desktop/ROS2-Teleoperacion-Wifi/ros2_ws/install/launch_testing_examples:/home/agusb/Desktop/ROS2-Teleoperacion-Wifi/ros2_ws/install/examples_rclpy_pointcloud_publisher:/home/agusb/Desktop/ROS2-Teleoperacion-Wifi/ros2_ws/install/examples_rclpy_minimal_subscriber:/home/agusb/Desktop/ROS2-Teleoperacion-Wifi/ros2_ws/install/examples_rclpy_minimal_service:/home/agusb/Desktop/ROS2-Teleoperacion-Wifi/ros2_ws/install/examples_rclpy_minimal_publisher:/home/agusb/Desktop/ROS2-Teleoperacion-Wifi/ros2_ws/install/examples_rclpy_minimal_client:/home/agusb/Desktop/ROS2-Teleoperacion-Wifi/ros2_ws/install/examples_rclpy_minimal_action_server:/home/agusb/Desktop/ROS2-Teleoperacion-Wifi/ros2_ws/install/examples_rclpy_minimal_action_client:/home/agusb/Desktop/ROS2-Teleoperacion-Wifi/ros2_ws/install/examples_rclpy_guard_conditions:/home/agusb/Desktop/ROS2-Teleoperacion-Wifi/ros2_ws/install/examples_rclpy_executors:/opt/ros/jazzy /usr/bin/cmake --install /home/agusb/Desktop/ROS2-Teleoperacion-Wifi/sample_ws/build/turtlesim
[73.346s] -- Install configuration: ""
[73.347s] -- Installing: /home/agusb/Desktop/ROS2-Teleoperacion-Wifi/sample_ws/install/turtlesim/share/ament_index/resource_index/rosidl_interfaces/turtlesim
[73.347s] -- Installing: /home/agusb/Desktop/ROS2-Teleoperacion-Wifi/sample_ws/install/turtlesim/share/turtlesim/action/RotateAbsolute.json
[73.347s] -- Installing: /home/agusb/Desktop/ROS2-Teleoperacion-Wifi/sample_ws/install/turtlesim/share/turtlesim/msg/Color.json
[73.348s] -- Installing: /home/agusb/Desktop/ROS2-Teleoperacion-Wifi/sample_ws/install/turtlesim/share/turtlesim/msg/Pose.json
[73.348s] -- Installing: /home/agusb/Desktop/ROS2-Teleoperacion-Wifi/sample_ws/install/turtlesim/share/turtlesim/srv/Kill.json
[73.349s] -- Installing: /home/agusb/Desktop/ROS2-Teleoperacion-Wifi/sample_ws/install/turtlesim/share/turtlesim/srv/SetPen.json
[73.349s] -- Installing: /home/agusb/Desktop/ROS2-Teleoperacion-Wifi/sample_ws/install/turtlesim/share/turtlesim/srv/Spawn.json
[73.349s] -- Installing: /home/agusb/Desktop/ROS2-Teleoperacion-Wifi/sample_ws/install/turtlesim/share/turtlesim/srv/TeleportAbsolute.json
[73.350s] -- Installing: /home/agusb/Desktop/ROS2-Teleoperacion-Wifi/sample_ws/install/turtlesim/share/turtlesim/srv/TeleportRelative.json
[73.350s] -- Installing: /home/agusb/Desktop/ROS2-Teleoperacion-Wifi/sample_ws/install/turtlesim/include/turtlesim/turtlesim
[73.350s] -- Installing: /home/agusb/Desktop/ROS2-Teleoperacion-Wifi/sample_ws/install/turtlesim/include/turtlesim/turtlesim/srv
[73.351s] -- Installing: /home/agusb/Desktop/ROS2-Teleoperacion-Wifi/sample_ws/install/turtlesim/include/turtlesim/turtlesim/srv/detail
[73.351s] -- Installing: /home/agusb/Desktop/ROS2-Teleoperacion-Wifi/sample_ws/install/turtlesim/include/turtlesim/turtlesim/srv/detail/spawn__type_support.c
[73.351s] -- Installing: /home/agusb/Desktop/ROS2-Teleoperacion-Wifi/sample_ws/install/turtlesim/include/turtlesim/turtlesim/srv/detail/kill__description.c
[73.351s] -- Installing: /home/agusb/Desktop/ROS2-Teleoperacion-Wifi/sample_ws/install/turtlesim/include/turtlesim/turtlesim/srv/detail/teleport_relative__type_support.h
[73.352s] -- Installing: /home/agusb/Desktop/ROS2-Teleoperacion-Wifi/sample_ws/install/turtlesim/include/turtlesim/turtlesim/srv/detail/spawn__functions.h
[73.352s] -- Installing: /home/agusb/Desktop/ROS2-Teleoperacion-Wifi/sample_ws/install/turtlesim/include/turtlesim/turtlesim/srv/detail/teleport_absolute__functions.h
[73.352s] -- Installing: /home/agusb/Desktop/ROS2-Teleoperacion-Wifi/sample_ws/install/turtlesim/include/turtlesim/turtlesim/srv/detail/kill__type_support.h
[73.353s] -- Installing: /home/agusb/Desktop/ROS2-Teleoperacion-Wifi/sample_ws/install/turtlesim/include/turtlesim/turtlesim/srv/detail/kill__functions.h
[73.353s] -- Installing: /home/agusb/Desktop/ROS2-Teleoperacion-Wifi/sample_ws/install/turtlesim/include/turtlesim/turtlesim/srv/detail/teleport_absolute__description.c
[73.353s] -- Installing: /home/agusb/Desktop/ROS2-Teleoperacion-Wifi/sample_ws/install/turtlesim/include/turtlesim/turtlesim/srv/detail/spawn__functions.c
[73.354s] -- Installing: /home/agusb/Desktop/ROS2-Teleoperacion-Wifi/sample_ws/install/turtlesim/include/turtlesim/turtlesim/srv/detail/teleport_relative__struct.h
[73.354s] -- Installing: /home/agusb/Desktop/ROS2-Teleoperacion-Wifi/sample_ws/install/turtlesim/include/turtlesim/turtlesim/srv/detail/kill__struct.h
[73.354s] -- Installing: /home/agusb/Desktop/ROS2-Teleoperacion-Wifi/sample_ws/install/turtlesim/include/turtlesim/turtlesim/srv/detail/spawn__struct.h
[73.355s] -- Installing: /home/agusb/Desktop/ROS2-Teleoperacion-Wifi/sample_ws/install/turtlesim/include/turtlesim/turtlesim/srv/detail/set_pen__type_support.h
[73.355s] -- Installing: /home/agusb/Desktop/ROS2-Teleoperacion-Wifi/sample_ws/install/turtlesim/include/turtlesim/turtlesim/srv/detail/teleport_relative__type_support.c
[73.355s] -- Installing: /home/agusb/Desktop/ROS2-Teleoperacion-Wifi/sample_ws/install/turtlesim/include/turtlesim/turtlesim/srv/detail/teleport_absolute__functions.c
[73.355s] -- Installing: /home/agusb/Desktop/ROS2-Teleoperacion-Wifi/sample_ws/install/turtlesim/include/turtlesim/turtlesim/srv/detail/set_pen__struct.h
[73.356s] -- Installing: /home/agusb/Desktop/ROS2-Teleoperacion-Wifi/sample_ws/install/turtlesim/include/turtlesim/turtlesim/srv/detail/teleport_relative__functions.c
[73.356s] -- Installing: /home/agusb/Desktop/ROS2-Teleoperacion-Wifi/sample_ws/install/turtlesim/include/turtlesim/turtlesim/srv/detail/set_pen__type_support.c
[73.356s] -- Installing: /home/agusb/Desktop/ROS2-Teleoperacion-Wifi/sample_ws/install/turtlesim/include/turtlesim/turtlesim/srv/detail/set_pen__functions.c
[73.357s] -- Installing: /home/agusb/Desktop/ROS2-Teleoperacion-Wifi/sample_ws/install/turtlesim/include/turtlesim/turtlesim/srv/detail/kill__type_support.c
[73.357s] -- Installing: /home/agusb/Desktop/ROS2-Teleoperacion-Wifi/sample_ws/install/turtlesim/include/turtlesim/turtlesim/srv/detail/teleport_absolute__type_support.h
[73.358s] -- Installing: /home/agusb/Desktop/ROS2-Teleoperacion-Wifi/sample_ws/install/turtlesim/include/turtlesim/turtlesim/srv/detail/teleport_absolute__struct.h
[73.358s] -- Installing: /home/agusb/Desktop/ROS2-Teleoperacion-Wifi/sample_ws/install/turtlesim/include/turtlesim/turtlesim/srv/detail/spawn__description.c
[73.358s] -- Installing: /home/agusb/Desktop/ROS2-Teleoperacion-Wifi/sample_ws/install/turtlesim/include/turtlesim/turtlesim/srv/detail/teleport_relative__description.c
[73.359s] -- Installing: /home/agusb/Desktop/ROS2-Teleoperacion-Wifi/sample_ws/install/turtlesim/include/turtlesim/turtlesim/srv/detail/kill__functions.c
[73.359s] -- Installing: /home/agusb/Desktop/ROS2-Teleoperacion-Wifi/sample_ws/install/turtlesim/include/turtlesim/turtlesim/srv/detail/set_pen__description.c
[73.360s] -- Installing: /home/agusb/Desktop/ROS2-Teleoperacion-Wifi/sample_ws/install/turtlesim/include/turtlesim/turtlesim/srv/detail/set_pen__functions.h
[73.360s] -- Installing: /home/agusb/Desktop/ROS2-Teleoperacion-Wifi/sample_ws/install/turtlesim/include/turtlesim/turtlesim/srv/detail/spawn__type_support.h
[73.360s] -- Installing: /home/agusb/Desktop/ROS2-Teleoperacion-Wifi/sample_ws/install/turtlesim/include/turtlesim/turtlesim/srv/detail/teleport_absolute__type_support.c
[73.361s] -- Installing: /home/agusb/Desktop/ROS2-Teleoperacion-Wifi/sample_ws/install/turtlesim/include/turtlesim/turtlesim/srv/detail/teleport_relative__functions.h
[73.361s] -- Installing: /home/agusb/Desktop/ROS2-Teleoperacion-Wifi/sample_ws/install/turtlesim/include/turtlesim/turtlesim/srv/teleport_relative.h
[73.361s] -- Installing: /home/agusb/Desktop/ROS2-Teleoperacion-Wifi/sample_ws/install/turtlesim/include/turtlesim/turtlesim/srv/teleport_absolute.h
[73.361s] -- Installing: /home/agusb/Desktop/ROS2-Teleoperacion-Wifi/sample_ws/install/turtlesim/include/turtlesim/turtlesim/srv/kill.h
[73.361s] -- Installing: /home/agusb/Desktop/ROS2-Teleoperacion-Wifi/sample_ws/install/turtlesim/include/turtlesim/turtlesim/srv/spawn.h
[73.362s] -- Installing: /home/agusb/Desktop/ROS2-Teleoperacion-Wifi/sample_ws/install/turtlesim/include/turtlesim/turtlesim/srv/set_pen.h
[73.362s] -- Installing: /home/agusb/Desktop/ROS2-Teleoperacion-Wifi/sample_ws/install/turtlesim/include/turtlesim/turtlesim/action
[73.362s] -- Installing: /home/agusb/Desktop/ROS2-Teleoperacion-Wifi/sample_ws/install/turtlesim/include/turtlesim/turtlesim/action/detail
[73.362s] -- Installing: /home/agusb/Desktop/ROS2-Teleoperacion-Wifi/sample_ws/install/turtlesim/include/turtlesim/turtlesim/action/detail/rotate_absolute__struct.h
[73.363s] -- Installing: /home/agusb/Desktop/ROS2-Teleoperacion-Wifi/sample_ws/install/turtlesim/include/turtlesim/turtlesim/action/detail/rotate_absolute__functions.h
[73.363s] -- Installing: /home/agusb/Desktop/ROS2-Teleoperacion-Wifi/sample_ws/install/turtlesim/include/turtlesim/turtlesim/action/detail/rotate_absolute__type_support.h
[73.363s] -- Installing: /home/agusb/Desktop/ROS2-Teleoperacion-Wifi/sample_ws/install/turtlesim/include/turtlesim/turtlesim/action/detail/rotate_absolute__type_support.c
[73.363s] -- Installing: /home/agusb/Desktop/ROS2-Teleoperacion-Wifi/sample_ws/install/turtlesim/include/turtlesim/turtlesim/action/detail/rotate_absolute__functions.c
[73.364s] -- Installing: /home/agusb/Desktop/ROS2-Teleoperacion-Wifi/sample_ws/install/turtlesim/include/turtlesim/turtlesim/action/detail/rotate_absolute__description.c
[73.364s] -- Installing: /home/agusb/Desktop/ROS2-Teleoperacion-Wifi/sample_ws/install/turtlesim/include/turtlesim/turtlesim/action/rotate_absolute.h
[73.364s] -- Installing: /home/agusb/Desktop/ROS2-Teleoperacion-Wifi/sample_ws/install/turtlesim/include/turtlesim/turtlesim/msg
[73.365s] -- Installing: /home/agusb/Desktop/ROS2-Teleoperacion-Wifi/sample_ws/install/turtlesim/include/turtlesim/turtlesim/msg/color.h
[73.365s] -- Installing: /home/agusb/Desktop/ROS2-Teleoperacion-Wifi/sample_ws/install/turtlesim/include/turtlesim/turtlesim/msg/detail
[73.365s] -- Installing: /home/agusb/Desktop/ROS2-Teleoperacion-Wifi/sample_ws/install/turtlesim/include/turtlesim/turtlesim/msg/detail/color__struct.h
[73.366s] -- Installing: /home/agusb/Desktop/ROS2-Teleoperacion-Wifi/sample_ws/install/turtlesim/include/turtlesim/turtlesim/msg/detail/pose__description.c
[73.366s] -- Installing: /home/agusb/Desktop/ROS2-Teleoperacion-Wifi/sample_ws/install/turtlesim/include/turtlesim/turtlesim/msg/detail/pose__type_support.h
[73.366s] -- Installing: /home/agusb/Desktop/ROS2-Teleoperacion-Wifi/sample_ws/install/turtlesim/include/turtlesim/turtlesim/msg/detail/color__functions.h
[73.366s] -- Installing: /home/agusb/Desktop/ROS2-Teleoperacion-Wifi/sample_ws/install/turtlesim/include/turtlesim/turtlesim/msg/detail/pose__functions.c
[73.366s] -- Installing: /home/agusb/Desktop/ROS2-Teleoperacion-Wifi/sample_ws/install/turtlesim/include/turtlesim/turtlesim/msg/detail/color__description.c
[73.367s] -- Installing: /home/agusb/Desktop/ROS2-Teleoperacion-Wifi/sample_ws/install/turtlesim/include/turtlesim/turtlesim/msg/detail/color__type_support.h
[73.367s] -- Installing: /home/agusb/Desktop/ROS2-Teleoperacion-Wifi/sample_ws/install/turtlesim/include/turtlesim/turtlesim/msg/detail/color__type_support.c
[73.367s] -- Installing: /home/agusb/Desktop/ROS2-Teleoperacion-Wifi/sample_ws/install/turtlesim/include/turtlesim/turtlesim/msg/detail/pose__functions.h
[73.368s] -- Installing: /home/agusb/Desktop/ROS2-Teleoperacion-Wifi/sample_ws/install/turtlesim/include/turtlesim/turtlesim/msg/detail/pose__struct.h
[73.368s] -- Installing: /home/agusb/Desktop/ROS2-Teleoperacion-Wifi/sample_ws/install/turtlesim/include/turtlesim/turtlesim/msg/detail/color__functions.c
[73.368s] -- Installing: /home/agusb/Desktop/ROS2-Teleoperacion-Wifi/sample_ws/install/turtlesim/include/turtlesim/turtlesim/msg/detail/pose__type_support.c
[73.369s] -- Installing: /home/agusb/Desktop/ROS2-Teleoperacion-Wifi/sample_ws/install/turtlesim/include/turtlesim/turtlesim/msg/rosidl_generator_c__visibility_control.h
[73.369s] -- Installing: /home/agusb/Desktop/ROS2-Teleoperacion-Wifi/sample_ws/install/turtlesim/include/turtlesim/turtlesim/msg/pose.h
[73.370s] -- Installing: /home/agusb/Desktop/ROS2-Teleoperacion-Wifi/sample_ws/install/turtlesim/share/turtlesim/environment/library_path.sh
[73.371s] -- Installing: /home/agusb/Desktop/ROS2-Teleoperacion-Wifi/sample_ws/install/turtlesim/share/turtlesim/environment/library_path.dsv
[73.372s] -- Installing: /home/agusb/Desktop/ROS2-Teleoperacion-Wifi/sample_ws/install/turtlesim/lib/libturtlesim__rosidl_generator_c.so
[73.373s] -- Set non-toolchain portion of runtime path of "/home/agusb/Desktop/ROS2-Teleoperacion-Wifi/sample_ws/install/turtlesim/lib/libturtlesim__rosidl_generator_c.so" to ""
[73.374s] -- Up-to-date: /home/agusb/Desktop/ROS2-Teleoperacion-Wifi/sample_ws/install/turtlesim/include/turtlesim/turtlesim
[73.374s] -- Up-to-date: /home/agusb/Desktop/ROS2-Teleoperacion-Wifi/sample_ws/install/turtlesim/include/turtlesim/turtlesim/srv
[73.374s] -- Up-to-date: /home/agusb/Desktop/ROS2-Teleoperacion-Wifi/sample_ws/install/turtlesim/include/turtlesim/turtlesim/srv/detail
[73.374s] -- Installing: /home/agusb/Desktop/ROS2-Teleoperacion-Wifi/sample_ws/install/turtlesim/include/turtlesim/turtlesim/srv/detail/spawn__rosidl_typesupport_fastrtps_c.h
[73.375s] -- Installing: /home/agusb/Desktop/ROS2-Teleoperacion-Wifi/sample_ws/install/turtlesim/include/turtlesim/turtlesim/srv/detail/teleport_absolute__rosidl_typesupport_fastrtps_c.h
[73.375s] -- Installing: /home/agusb/Desktop/ROS2-Teleoperacion-Wifi/sample_ws/install/turtlesim/include/turtlesim/turtlesim/srv/detail/set_pen__rosidl_typesupport_fastrtps_c.h
[73.375s] -- Installing: /home/agusb/Desktop/ROS2-Teleoperacion-Wifi/sample_ws/install/turtlesim/include/turtlesim/turtlesim/srv/detail/teleport_relative__rosidl_typesupport_fastrtps_c.h
[73.376s] -- Installing: /home/agusb/Desktop/ROS2-Teleoperacion-Wifi/sample_ws/install/turtlesim/include/turtlesim/turtlesim/srv/detail/kill__rosidl_typesupport_fastrtps_c.h
[73.376s] -- Up-to-date: /home/agusb/Desktop/ROS2-Teleoperacion-Wifi/sample_ws/install/turtlesim/include/turtlesim/turtlesim/action
[73.376s] -- Up-to-date: /home/agusb/Desktop/ROS2-Teleoperacion-Wifi/sample_ws/install/turtlesim/include/turtlesim/turtlesim/action/detail
[73.376s] -- Installing: /home/agusb/Desktop/ROS2-Teleoperacion-Wifi/sample_ws/install/turtlesim/include/turtlesim/turtlesim/action/detail/rotate_absolute__rosidl_typesupport_fastrtps_c.h
[73.377s] -- Up-to-date: /home/agusb/Desktop/ROS2-Teleoperacion-Wifi/sample_ws/install/turtlesim/include/turtlesim/turtlesim/msg
[73.377s] -- Up-to-date: /home/agusb/Desktop/ROS2-Teleoperacion-Wifi/sample_ws/install/turtlesim/include/turtlesim/turtlesim/msg/detail
[73.377s] -- Installing: /home/agusb/Desktop/ROS2-Teleoperacion-Wifi/sample_ws/install/turtlesim/include/turtlesim/turtlesim/msg/detail/pose__rosidl_typesupport_fastrtps_c.h
[73.377s] -- Installing: /home/agusb/Desktop/ROS2-Teleoperacion-Wifi/sample_ws/install/turtlesim/include/turtlesim/turtlesim/msg/detail/color__rosidl_typesupport_fastrtps_c.h
[73.378s] -- Installing: /home/agusb/Desktop/ROS2-Teleoperacion-Wifi/sample_ws/install/turtlesim/include/turtlesim/turtlesim/msg/rosidl_typesupport_fastrtps_c__visibility_control.h
[73.378s] -- Installing: /home/agusb/Desktop/ROS2-Teleoperacion-Wifi/sample_ws/install/turtlesim/lib/libturtlesim__rosidl_typesupport_fastrtps_c.so
[73.380s] -- Set non-toolchain portion of runtime path of "/home/agusb/Desktop/ROS2-Teleoperacion-Wifi/sample_ws/install/turtlesim/lib/libturtlesim__rosidl_typesupport_fastrtps_c.so" to ""
[73.380s] -- Up-to-date: /home/agusb/Desktop/ROS2-Teleoperacion-Wifi/sample_ws/install/turtlesim/include/turtlesim/turtlesim
[73.380s] -- Up-to-date: /home/agusb/Desktop/ROS2-Teleoperacion-Wifi/sample_ws/install/turtlesim/include/turtlesim/turtlesim/srv
[73.380s] -- Up-to-date: /home/agusb/Desktop/ROS2-Teleoperacion-Wifi/sample_ws/install/turtlesim/include/turtlesim/turtlesim/srv/detail
[73.381s] -- Installing: /home/agusb/Desktop/ROS2-Teleoperacion-Wifi/sample_ws/install/turtlesim/include/turtlesim/turtlesim/srv/detail/kill__traits.hpp
[73.381s] -- Installing: /home/agusb/Desktop/ROS2-Teleoperacion-Wifi/sample_ws/install/turtlesim/include/turtlesim/turtlesim/srv/detail/teleport_relative__type_support.hpp
[73.381s] -- Installing: /home/agusb/Desktop/ROS2-Teleoperacion-Wifi/sample_ws/install/turtlesim/include/turtlesim/turtlesim/srv/detail/kill__builder.hpp
[73.381s] -- Installing: /home/agusb/Desktop/ROS2-Teleoperacion-Wifi/sample_ws/install/turtlesim/include/turtlesim/turtlesim/srv/detail/set_pen__type_support.hpp
[73.381s] -- Installing: /home/agusb/Desktop/ROS2-Teleoperacion-Wifi/sample_ws/install/turtlesim/include/turtlesim/turtlesim/srv/detail/teleport_relative__builder.hpp
[73.382s] -- Installing: /home/agusb/Desktop/ROS2-Teleoperacion-Wifi/sample_ws/install/turtlesim/include/turtlesim/turtlesim/srv/detail/spawn__struct.hpp
[73.382s] -- Installing: /home/agusb/Desktop/ROS2-Teleoperacion-Wifi/sample_ws/install/turtlesim/include/turtlesim/turtlesim/srv/detail/spawn__type_support.hpp
[73.382s] -- Installing: /home/agusb/Desktop/ROS2-Teleoperacion-Wifi/sample_ws/install/turtlesim/include/turtlesim/turtlesim/srv/detail/teleport_absolute__builder.hpp
[73.383s] -- Installing: /home/agusb/Desktop/ROS2-Teleoperacion-Wifi/sample_ws/install/turtlesim/include/turtlesim/turtlesim/srv/detail/kill__type_support.hpp
[73.383s] -- Installing: /home/agusb/Desktop/ROS2-Teleoperacion-Wifi/sample_ws/install/turtlesim/include/turtlesim/turtlesim/srv/detail/teleport_relative__traits.hpp
[73.383s] -- Installing: /home/agusb/Desktop/ROS2-Teleoperacion-Wifi/sample_ws/install/turtlesim/include/turtlesim/turtlesim/srv/detail/teleport_absolute__type_support.hpp
[73.384s] -- Installing: /home/agusb/Desktop/ROS2-Teleoperacion-Wifi/sample_ws/install/turtlesim/include/turtlesim/turtlesim/srv/detail/set_pen__traits.hpp
[73.384s] -- Installing: /home/agusb/Desktop/ROS2-Teleoperacion-Wifi/sample_ws/install/turtlesim/include/turtlesim/turtlesim/srv/detail/teleport_relative__struct.hpp
[73.385s] -- Installing: /home/agusb/Desktop/ROS2-Teleoperacion-Wifi/sample_ws/install/turtlesim/include/turtlesim/turtlesim/srv/detail/set_pen__builder.hpp
[73.385s] -- Installing: /home/agusb/Desktop/ROS2-Teleoperacion-Wifi/sample_ws/install/turtlesim/include/turtlesim/turtlesim/srv/detail/spawn__builder.hpp
[73.385s] -- Installing: /home/agusb/Desktop/ROS2-Teleoperacion-Wifi/sample_ws/install/turtlesim/include/turtlesim/turtlesim/srv/detail/kill__struct.hpp
[73.386s] -- Installing: /home/agusb/Desktop/ROS2-Teleoperacion-Wifi/sample_ws/install/turtlesim/include/turtlesim/turtlesim/srv/detail/teleport_absolute__traits.hpp
[73.386s] -- Installing: /home/agusb/Desktop/ROS2-Teleoperacion-Wifi/sample_ws/install/turtlesim/include/turtlesim/turtlesim/srv/detail/spawn__traits.hpp
[73.387s] -- Installing: /home/agusb/Desktop/ROS2-Teleoperacion-Wifi/sample_ws/install/turtlesim/include/turtlesim/turtlesim/srv/detail/teleport_absolute__struct.hpp
[73.387s] -- Installing: /home/agusb/Desktop/ROS2-Teleoperacion-Wifi/sample_ws/install/turtlesim/include/turtlesim/turtlesim/srv/detail/set_pen__struct.hpp
[73.388s] -- Installing: /home/agusb/Desktop/ROS2-Teleoperacion-Wifi/sample_ws/install/turtlesim/include/turtlesim/turtlesim/srv/set_pen.hpp
[73.388s] -- Installing: /home/agusb/Desktop/ROS2-Teleoperacion-Wifi/sample_ws/install/turtlesim/include/turtlesim/turtlesim/srv/spawn.hpp
[73.388s] -- Installing: /home/agusb/Desktop/ROS2-Teleoperacion-Wifi/sample_ws/install/turtlesim/include/turtlesim/turtlesim/srv/teleport_relative.hpp
[73.388s] -- Installing: /home/agusb/Desktop/ROS2-Teleoperacion-Wifi/sample_ws/install/turtlesim/include/turtlesim/turtlesim/srv/kill.hpp
[73.389s] -- Installing: /home/agusb/Desktop/ROS2-Teleoperacion-Wifi/sample_ws/install/turtlesim/include/turtlesim/turtlesim/srv/teleport_absolute.hpp
[73.389s] -- Up-to-date: /home/agusb/Desktop/ROS2-Teleoperacion-Wifi/sample_ws/install/turtlesim/include/turtlesim/turtlesim/action
[73.390s] -- Up-to-date: /home/agusb/Desktop/ROS2-Teleoperacion-Wifi/sample_ws/install/turtlesim/include/turtlesim/turtlesim/action/detail
[73.390s] -- Installing: /home/agusb/Desktop/ROS2-Teleoperacion-Wifi/sample_ws/install/turtlesim/include/turtlesim/turtlesim/action/detail/rotate_absolute__traits.hpp
[73.390s] -- Installing: /home/agusb/Desktop/ROS2-Teleoperacion-Wifi/sample_ws/install/turtlesim/include/turtlesim/turtlesim/action/detail/rotate_absolute__type_support.hpp
[73.390s] -- Installing: /home/agusb/Desktop/ROS2-Teleoperacion-Wifi/sample_ws/install/turtlesim/include/turtlesim/turtlesim/action/detail/rotate_absolute__builder.hpp
[73.391s] -- Installing: /home/agusb/Desktop/ROS2-Teleoperacion-Wifi/sample_ws/install/turtlesim/include/turtlesim/turtlesim/action/detail/rotate_absolute__struct.hpp
[73.391s] -- Installing: /home/agusb/Desktop/ROS2-Teleoperacion-Wifi/sample_ws/install/turtlesim/include/turtlesim/turtlesim/action/rotate_absolute.hpp
[73.391s] -- Up-to-date: /home/agusb/Desktop/ROS2-Teleoperacion-Wifi/sample_ws/install/turtlesim/include/turtlesim/turtlesim/msg
[73.392s] -- Installing: /home/agusb/Desktop/ROS2-Teleoperacion-Wifi/sample_ws/install/turtlesim/include/turtlesim/turtlesim/msg/pose.hpp
[73.392s] -- Up-to-date: /home/agusb/Desktop/ROS2-Teleoperacion-Wifi/sample_ws/install/turtlesim/include/turtlesim/turtlesim/msg/detail
[73.392s] -- Installing: /home/agusb/Desktop/ROS2-Teleoperacion-Wifi/sample_ws/install/turtlesim/include/turtlesim/turtlesim/msg/detail/pose__builder.hpp
[73.393s] -- Installing: /home/agusb/Desktop/ROS2-Teleoperacion-Wifi/sample_ws/install/turtlesim/include/turtlesim/turtlesim/msg/detail/color__builder.hpp
[73.393s] -- Installing: /home/agusb/Desktop/ROS2-Teleoperacion-Wifi/sample_ws/install/turtlesim/include/turtlesim/turtlesim/msg/detail/color__struct.hpp
[73.393s] -- Installing: /home/agusb/Desktop/ROS2-Teleoperacion-Wifi/sample_ws/install/turtlesim/include/turtlesim/turtlesim/msg/detail/pose__struct.hpp
[73.393s] -- Installing: /home/agusb/Desktop/ROS2-Teleoperacion-Wifi/sample_ws/install/turtlesim/include/turtlesim/turtlesim/msg/detail/pose__type_support.hpp
[73.393s] -- Installing: /home/agusb/Desktop/ROS2-Teleoperacion-Wifi/sample_ws/install/turtlesim/include/turtlesim/turtlesim/msg/detail/color__type_support.hpp
[73.394s] -- Installing: /home/agusb/Desktop/ROS2-Teleoperacion-Wifi/sample_ws/install/turtlesim/include/turtlesim/turtlesim/msg/detail/pose__traits.hpp
[73.394s] -- Installing: /home/agusb/Desktop/ROS2-Teleoperacion-Wifi/sample_ws/install/turtlesim/include/turtlesim/turtlesim/msg/detail/color__traits.hpp
[73.394s] -- Installing: /home/agusb/Desktop/ROS2-Teleoperacion-Wifi/sample_ws/install/turtlesim/include/turtlesim/turtlesim/msg/rosidl_generator_cpp__visibility_control.hpp
[73.394s] -- Installing: /home/agusb/Desktop/ROS2-Teleoperacion-Wifi/sample_ws/install/turtlesim/include/turtlesim/turtlesim/msg/color.hpp
[73.395s] -- Up-to-date: /home/agusb/Desktop/ROS2-Teleoperacion-Wifi/sample_ws/install/turtlesim/include/turtlesim/turtlesim
[73.395s] -- Up-to-date: /home/agusb/Desktop/ROS2-Teleoperacion-Wifi/sample_ws/install/turtlesim/include/turtlesim/turtlesim/srv
[73.395s] -- Up-to-date: /home/agusb/Desktop/ROS2-Teleoperacion-Wifi/sample_ws/install/turtlesim/include/turtlesim/turtlesim/srv/detail
[73.395s] -- Installing: /home/agusb/Desktop/ROS2-Teleoperacion-Wifi/sample_ws/install/turtlesim/include/turtlesim/turtlesim/srv/detail/dds_fastrtps
[73.395s] -- Installing: /home/agusb/Desktop/ROS2-Teleoperacion-Wifi/sample_ws/install/turtlesim/include/turtlesim/turtlesim/srv/detail/set_pen__rosidl_typesupport_fastrtps_cpp.hpp
[73.396s] -- Installing: /home/agusb/Desktop/ROS2-Teleoperacion-Wifi/sample_ws/install/turtlesim/include/turtlesim/turtlesim/srv/detail/kill__rosidl_typesupport_fastrtps_cpp.hpp
[73.396s] -- Installing: /home/agusb/Desktop/ROS2-Teleoperacion-Wifi/sample_ws/install/turtlesim/include/turtlesim/turtlesim/srv/detail/teleport_absolute__rosidl_typesupport_fastrtps_cpp.hpp
[73.397s] -- Installing: /home/agusb/Desktop/ROS2-Teleoperacion-Wifi/sample_ws/install/turtlesim/include/turtlesim/turtlesim/srv/detail/teleport_relative__rosidl_typesupport_fastrtps_cpp.hpp
[73.397s] -- Installing: /home/agusb/Desktop/ROS2-Teleoperacion-Wifi/sample_ws/install/turtlesim/include/turtlesim/turtlesim/srv/detail/spawn__rosidl_typesupport_fastrtps_cpp.hpp
[73.397s] -- Up-to-date: /home/agusb/Desktop/ROS2-Teleoperacion-Wifi/sample_ws/install/turtlesim/include/turtlesim/turtlesim/action
[73.397s] -- Up-to-date: /home/agusb/Desktop/ROS2-Teleoperacion-Wifi/sample_ws/install/turtlesim/include/turtlesim/turtlesim/action/detail
[73.397s] -- Installing: /home/agusb/Desktop/ROS2-Teleoperacion-Wifi/sample_ws/install/turtlesim/include/turtlesim/turtlesim/action/detail/dds_fastrtps
[73.398s] -- Installing: /home/agusb/Desktop/ROS2-Teleoperacion-Wifi/sample_ws/install/turtlesim/include/turtlesim/turtlesim/action/detail/rotate_absolute__rosidl_typesupport_fastrtps_cpp.hpp
[73.398s] -- Up-to-date: /home/agusb/Desktop/ROS2-Teleoperacion-Wifi/sample_ws/install/turtlesim/include/turtlesim/turtlesim/msg
[73.398s] -- Up-to-date: /home/agusb/Desktop/ROS2-Teleoperacion-Wifi/sample_ws/install/turtlesim/include/turtlesim/turtlesim/msg/detail
[73.398s] -- Installing: /home/agusb/Desktop/ROS2-Teleoperacion-Wifi/sample_ws/install/turtlesim/include/turtlesim/turtlesim/msg/detail/dds_fastrtps
[73.399s] -- Installing: /home/agusb/Desktop/ROS2-Teleoperacion-Wifi/sample_ws/install/turtlesim/include/turtlesim/turtlesim/msg/detail/color__rosidl_typesupport_fastrtps_cpp.hpp
[73.399s] -- Installing: /home/agusb/Desktop/ROS2-Teleoperacion-Wifi/sample_ws/install/turtlesim/include/turtlesim/turtlesim/msg/detail/pose__rosidl_typesupport_fastrtps_cpp.hpp
[73.399s] -- Installing: /home/agusb/Desktop/ROS2-Teleoperacion-Wifi/sample_ws/install/turtlesim/include/turtlesim/turtlesim/msg/rosidl_typesupport_fastrtps_cpp__visibility_control.h
[73.400s] -- Installing: /home/agusb/Desktop/ROS2-Teleoperacion-Wifi/sample_ws/install/turtlesim/lib/libturtlesim__rosidl_typesupport_fastrtps_cpp.so
[73.403s] -- Set non-toolchain portion of runtime path of "/home/agusb/Desktop/ROS2-Teleoperacion-Wifi/sample_ws/install/turtlesim/lib/libturtlesim__rosidl_typesupport_fastrtps_cpp.so" to ""
[73.403s] -- Up-to-date: /home/agusb/Desktop/ROS2-Teleoperacion-Wifi/sample_ws/install/turtlesim/include/turtlesim/turtlesim
[73.403s] -- Up-to-date: /home/agusb/Desktop/ROS2-Teleoperacion-Wifi/sample_ws/install/turtlesim/include/turtlesim/turtlesim/srv
[73.403s] -- Up-to-date: /home/agusb/Desktop/ROS2-Teleoperacion-Wifi/sample_ws/install/turtlesim/include/turtlesim/turtlesim/srv/detail
[73.404s] -- Installing: /home/agusb/Desktop/ROS2-Teleoperacion-Wifi/sample_ws/install/turtlesim/include/turtlesim/turtlesim/srv/detail/spawn__type_support.c
[73.404s] -- Installing: /home/agusb/Desktop/ROS2-Teleoperacion-Wifi/sample_ws/install/turtlesim/include/turtlesim/turtlesim/srv/detail/teleport_relative__rosidl_typesupport_introspection_c.h
[73.404s] -- Installing: /home/agusb/Desktop/ROS2-Teleoperacion-Wifi/sample_ws/install/turtlesim/include/turtlesim/turtlesim/srv/detail/teleport_relative__type_support.c
[73.404s] -- Installing: /home/agusb/Desktop/ROS2-Teleoperacion-Wifi/sample_ws/install/turtlesim/include/turtlesim/turtlesim/srv/detail/set_pen__rosidl_typesupport_introspection_c.h
[73.405s] -- Installing: /home/agusb/Desktop/ROS2-Teleoperacion-Wifi/sample_ws/install/turtlesim/include/turtlesim/turtlesim/srv/detail/set_pen__type_support.c
[73.406s] -- Installing: /home/agusb/Desktop/ROS2-Teleoperacion-Wifi/sample_ws/install/turtlesim/include/turtlesim/turtlesim/srv/detail/kill__type_support.c
[73.406s] -- Installing: /home/agusb/Desktop/ROS2-Teleoperacion-Wifi/sample_ws/install/turtlesim/include/turtlesim/turtlesim/srv/detail/spawn__rosidl_typesupport_introspection_c.h
[73.406s] -- Installing: /home/agusb/Desktop/ROS2-Teleoperacion-Wifi/sample_ws/install/turtlesim/include/turtlesim/turtlesim/srv/detail/teleport_absolute__rosidl_typesupport_introspection_c.h
[73.407s] -- Installing: /home/agusb/Desktop/ROS2-Teleoperacion-Wifi/sample_ws/install/turtlesim/include/turtlesim/turtlesim/srv/detail/kill__rosidl_typesupport_introspection_c.h
[73.407s] -- Installing: /home/agusb/Desktop/ROS2-Teleoperacion-Wifi/sample_ws/install/turtlesim/include/turtlesim/turtlesim/srv/detail/teleport_absolute__type_support.c
[73.408s] -- Up-to-date: /home/agusb/Desktop/ROS2-Teleoperacion-Wifi/sample_ws/install/turtlesim/include/turtlesim/turtlesim/action
[73.408s] -- Up-to-date: /home/agusb/Desktop/ROS2-Teleoperacion-Wifi/sample_ws/install/turtlesim/include/turtlesim/turtlesim/action/detail
[73.408s] -- Installing: /home/agusb/Desktop/ROS2-Teleoperacion-Wifi/sample_ws/install/turtlesim/include/turtlesim/turtlesim/action/detail/rotate_absolute__rosidl_typesupport_introspection_c.h
[73.408s] -- Installing: /home/agusb/Desktop/ROS2-Teleoperacion-Wifi/sample_ws/install/turtlesim/include/turtlesim/turtlesim/action/detail/rotate_absolute__type_support.c
[73.409s] -- Up-to-date: /home/agusb/Desktop/ROS2-Teleoperacion-Wifi/sample_ws/install/turtlesim/include/turtlesim/turtlesim/msg
[73.409s] -- Up-to-date: /home/agusb/Desktop/ROS2-Teleoperacion-Wifi/sample_ws/install/turtlesim/include/turtlesim/turtlesim/msg/detail
[73.410s] -- Installing: /home/agusb/Desktop/ROS2-Teleoperacion-Wifi/sample_ws/install/turtlesim/include/turtlesim/turtlesim/msg/detail/pose__rosidl_typesupport_introspection_c.h
[73.410s] -- Installing: /home/agusb/Desktop/ROS2-Teleoperacion-Wifi/sample_ws/install/turtlesim/include/turtlesim/turtlesim/msg/detail/color__type_support.c
[73.410s] -- Installing: /home/agusb/Desktop/ROS2-Teleoperacion-Wifi/sample_ws/install/turtlesim/include/turtlesim/turtlesim/msg/detail/color__rosidl_typesupport_introspection_c.h
[73.410s] -- Installing: /home/agusb/Desktop/ROS2-Teleoperacion-Wifi/sample_ws/install/turtlesim/include/turtlesim/turtlesim/msg/detail/pose__type_support.c
[73.411s] -- Installing: /home/agusb/Desktop/ROS2-Teleoperacion-Wifi/sample_ws/install/turtlesim/include/turtlesim/turtlesim/msg/rosidl_typesupport_introspection_c__visibility_control.h
[73.411s] -- Installing: /home/agusb/Desktop/ROS2-Teleoperacion-Wifi/sample_ws/install/turtlesim/lib/libturtlesim__rosidl_typesupport_introspection_c.so
[73.412s] -- Set non-toolchain portion of runtime path of "/home/agusb/Desktop/ROS2-Teleoperacion-Wifi/sample_ws/install/turtlesim/lib/libturtlesim__rosidl_typesupport_introspection_c.so" to ""
[73.413s] -- Installing: /home/agusb/Desktop/ROS2-Teleoperacion-Wifi/sample_ws/install/turtlesim/lib/libturtlesim__rosidl_typesupport_c.so
[73.413s] -- Set non-toolchain portion of runtime path of "/home/agusb/Desktop/ROS2-Teleoperacion-Wifi/sample_ws/install/turtlesim/lib/libturtlesim__rosidl_typesupport_c.so" to ""
[73.413s] -- Up-to-date: /home/agusb/Desktop/ROS2-Teleoperacion-Wifi/sample_ws/install/turtlesim/include/turtlesim/turtlesim
[73.414s] -- Up-to-date: /home/agusb/Desktop/ROS2-Teleoperacion-Wifi/sample_ws/install/turtlesim/include/turtlesim/turtlesim/srv
[73.414s] -- Up-to-date: /home/agusb/Desktop/ROS2-Teleoperacion-Wifi/sample_ws/install/turtlesim/include/turtlesim/turtlesim/srv/detail
[73.414s] -- Installing: /home/agusb/Desktop/ROS2-Teleoperacion-Wifi/sample_ws/install/turtlesim/include/turtlesim/turtlesim/srv/detail/teleport_absolute__rosidl_typesupport_introspection_cpp.hpp
[73.414s] -- Installing: /home/agusb/Desktop/ROS2-Teleoperacion-Wifi/sample_ws/install/turtlesim/include/turtlesim/turtlesim/srv/detail/teleport_relative__type_support.cpp
[73.414s] -- Installing: /home/agusb/Desktop/ROS2-Teleoperacion-Wifi/sample_ws/install/turtlesim/include/turtlesim/turtlesim/srv/detail/spawn__type_support.cpp
[73.415s] -- Installing: /home/agusb/Desktop/ROS2-Teleoperacion-Wifi/sample_ws/install/turtlesim/include/turtlesim/turtlesim/srv/detail/kill__rosidl_typesupport_introspection_cpp.hpp
[73.415s] -- Installing: /home/agusb/Desktop/ROS2-Teleoperacion-Wifi/sample_ws/install/turtlesim/include/turtlesim/turtlesim/srv/detail/set_pen__rosidl_typesupport_introspection_cpp.hpp
[73.415s] -- Installing: /home/agusb/Desktop/ROS2-Teleoperacion-Wifi/sample_ws/install/turtlesim/include/turtlesim/turtlesim/srv/detail/set_pen__type_support.cpp
[73.416s] -- Installing: /home/agusb/Desktop/ROS2-Teleoperacion-Wifi/sample_ws/install/turtlesim/include/turtlesim/turtlesim/srv/detail/kill__type_support.cpp
[73.416s] -- Installing: /home/agusb/Desktop/ROS2-Teleoperacion-Wifi/sample_ws/install/turtlesim/include/turtlesim/turtlesim/srv/detail/teleport_absolute__type_support.cpp
[73.417s] -- Installing: /home/agusb/Desktop/ROS2-Teleoperacion-Wifi/sample_ws/install/turtlesim/include/turtlesim/turtlesim/srv/detail/teleport_relative__rosidl_typesupport_introspection_cpp.hpp
[73.417s] -- Installing: /home/agusb/Desktop/ROS2-Teleoperacion-Wifi/sample_ws/install/turtlesim/include/turtlesim/turtlesim/srv/detail/spawn__rosidl_typesupport_introspection_cpp.hpp
[73.418s] -- Up-to-date: /home/agusb/Desktop/ROS2-Teleoperacion-Wifi/sample_ws/install/turtlesim/include/turtlesim/turtlesim/action
[73.418s] -- Up-to-date: /home/agusb/Desktop/ROS2-Teleoperacion-Wifi/sample_ws/install/turtlesim/include/turtlesim/turtlesim/action/detail
[73.418s] -- Installing: /home/agusb/Desktop/ROS2-Teleoperacion-Wifi/sample_ws/install/turtlesim/include/turtlesim/turtlesim/action/detail/rotate_absolute__type_support.cpp
[73.419s] -- Installing: /home/agusb/Desktop/ROS2-Teleoperacion-Wifi/sample_ws/install/turtlesim/include/turtlesim/turtlesim/action/detail/rotate_absolute__rosidl_typesupport_introspection_cpp.hpp
[73.419s] -- Up-to-date: /home/agusb/Desktop/ROS2-Teleoperacion-Wifi/sample_ws/install/turtlesim/include/turtlesim/turtlesim/msg
[73.419s] -- Up-to-date: /home/agusb/Desktop/ROS2-Teleoperacion-Wifi/sample_ws/install/turtlesim/include/turtlesim/turtlesim/msg/detail
[73.419s] -- Installing: /home/agusb/Desktop/ROS2-Teleoperacion-Wifi/sample_ws/install/turtlesim/include/turtlesim/turtlesim/msg/detail/pose__type_support.cpp
[73.420s] -- Installing: /home/agusb/Desktop/ROS2-Teleoperacion-Wifi/sample_ws/install/turtlesim/include/turtlesim/turtlesim/msg/detail/pose__rosidl_typesupport_introspection_cpp.hpp
[73.420s] -- Installing: /home/agusb/Desktop/ROS2-Teleoperacion-Wifi/sample_ws/install/turtlesim/include/turtlesim/turtlesim/msg/detail/color__rosidl_typesupport_introspection_cpp.hpp
[73.420s] -- Installing: /home/agusb/Desktop/ROS2-Teleoperacion-Wifi/sample_ws/install/turtlesim/include/turtlesim/turtlesim/msg/detail/color__type_support.cpp
[73.421s] -- Installing: /home/agusb/Desktop/ROS2-Teleoperacion-Wifi/sample_ws/install/turtlesim/lib/libturtlesim__rosidl_typesupport_introspection_cpp.so
[73.423s] -- Set non-toolchain portion of runtime path of "/home/agusb/Desktop/ROS2-Teleoperacion-Wifi/sample_ws/install/turtlesim/lib/libturtlesim__rosidl_typesupport_introspection_cpp.so" to ""
[73.424s] -- Installing: /home/agusb/Desktop/ROS2-Teleoperacion-Wifi/sample_ws/install/turtlesim/lib/libturtlesim__rosidl_typesupport_cpp.so
[73.425s] -- Set non-toolchain portion of runtime path of "/home/agusb/Desktop/ROS2-Teleoperacion-Wifi/sample_ws/install/turtlesim/lib/libturtlesim__rosidl_typesupport_cpp.so" to ""
[73.426s] -- Installing: /home/agusb/Desktop/ROS2-Teleoperacion-Wifi/sample_ws/install/turtlesim/share/turtlesim/environment/pythonpath.sh
[73.426s] -- Installing: /home/agusb/Desktop/ROS2-Teleoperacion-Wifi/sample_ws/install/turtlesim/share/turtlesim/environment/pythonpath.dsv
[73.426s] -- Installing: /home/agusb/Desktop/ROS2-Teleoperacion-Wifi/sample_ws/install/turtlesim/lib/python3.12/site-packages/turtlesim-1.8.3-py3.12.egg-info
[73.427s] -- Installing: /home/agusb/Desktop/ROS2-Teleoperacion-Wifi/sample_ws/install/turtlesim/lib/python3.12/site-packages/turtlesim-1.8.3-py3.12.egg-info/top_level.txt
[73.427s] -- Installing: /home/agusb/Desktop/ROS2-Teleoperacion-Wifi/sample_ws/install/turtlesim/lib/python3.12/site-packages/turtlesim-1.8.3-py3.12.egg-info/PKG-INFO
[73.427s] -- Installing: /home/agusb/Desktop/ROS2-Teleoperacion-Wifi/sample_ws/install/turtlesim/lib/python3.12/site-packages/turtlesim-1.8.3-py3.12.egg-info/dependency_links.txt
[73.428s] -- Installing: /home/agusb/Desktop/ROS2-Teleoperacion-Wifi/sample_ws/install/turtlesim/lib/python3.12/site-packages/turtlesim-1.8.3-py3.12.egg-info/SOURCES.txt
[73.428s] -- Installing: /home/agusb/Desktop/ROS2-Teleoperacion-Wifi/sample_ws/install/turtlesim/lib/python3.12/site-packages/turtlesim
[73.428s] -- Installing: /home/agusb/Desktop/ROS2-Teleoperacion-Wifi/sample_ws/install/turtlesim/lib/python3.12/site-packages/turtlesim/_turtlesim_s.ep.rosidl_typesupport_introspection_c.c
[73.429s] -- Installing: /home/agusb/Desktop/ROS2-Teleoperacion-Wifi/sample_ws/install/turtlesim/lib/python3.12/site-packages/turtlesim/turtlesim_s__rosidl_typesupport_c.so
[73.429s] -- Installing: /home/agusb/Desktop/ROS2-Teleoperacion-Wifi/sample_ws/install/turtlesim/lib/python3.12/site-packages/turtlesim/srv
[73.430s] -- Installing: /home/agusb/Desktop/ROS2-Teleoperacion-Wifi/sample_ws/install/turtlesim/lib/python3.12/site-packages/turtlesim/srv/_kill.py
[73.430s] -- Installing: /home/agusb/Desktop/ROS2-Teleoperacion-Wifi/sample_ws/install/turtlesim/lib/python3.12/site-packages/turtlesim/srv/_teleport_relative.py
[73.430s] -- Installing: /home/agusb/Desktop/ROS2-Teleoperacion-Wifi/sample_ws/install/turtlesim/lib/python3.12/site-packages/turtlesim/srv/_kill_s.c
[73.430s] -- Installing: /home/agusb/Desktop/ROS2-Teleoperacion-Wifi/sample_ws/install/turtlesim/lib/python3.12/site-packages/turtlesim/srv/_teleport_absolute_s.c
[73.431s] -- Installing: /home/agusb/Desktop/ROS2-Teleoperacion-Wifi/sample_ws/install/turtlesim/lib/python3.12/site-packages/turtlesim/srv/_spawn_s.c
[73.431s] -- Installing: /home/agusb/Desktop/ROS2-Teleoperacion-Wifi/sample_ws/install/turtlesim/lib/python3.12/site-packages/turtlesim/srv/_teleport_absolute.py
[73.431s] -- Installing: /home/agusb/Desktop/ROS2-Teleoperacion-Wifi/sample_ws/install/turtlesim/lib/python3.12/site-packages/turtlesim/srv/_spawn.py
[73.431s] -- Installing: /home/agusb/Desktop/ROS2-Teleoperacion-Wifi/sample_ws/install/turtlesim/lib/python3.12/site-packages/turtlesim/srv/_set_pen_s.c
[73.432s] -- Installing: /home/agusb/Desktop/ROS2-Teleoperacion-Wifi/sample_ws/install/turtlesim/lib/python3.12/site-packages/turtlesim/srv/_set_pen.py
[73.432s] -- Installing: /home/agusb/Desktop/ROS2-Teleoperacion-Wifi/sample_ws/install/turtlesim/lib/python3.12/site-packages/turtlesim/srv/_teleport_relative_s.c
[73.433s] -- Installing: /home/agusb/Desktop/ROS2-Teleoperacion-Wifi/sample_ws/install/turtlesim/lib/python3.12/site-packages/turtlesim/srv/__init__.py
[73.433s] -- Installing: /home/agusb/Desktop/ROS2-Teleoperacion-Wifi/sample_ws/install/turtlesim/lib/python3.12/site-packages/turtlesim/_turtlesim_s.ep.rosidl_typesupport_fastrtps_c.c
[73.434s] -- Installing: /home/agusb/Desktop/ROS2-Teleoperacion-Wifi/sample_ws/install/turtlesim/lib/python3.12/site-packages/turtlesim/action
[73.434s] -- Installing: /home/agusb/Desktop/ROS2-Teleoperacion-Wifi/sample_ws/install/turtlesim/lib/python3.12/site-packages/turtlesim/action/_rotate_absolute.py
[73.434s] -- Installing: /home/agusb/Desktop/ROS2-Teleoperacion-Wifi/sample_ws/install/turtlesim/lib/python3.12/site-packages/turtlesim/action/_rotate_absolute_s.c
[73.435s] -- Installing: /home/agusb/Desktop/ROS2-Teleoperacion-Wifi/sample_ws/install/turtlesim/lib/python3.12/site-packages/turtlesim/action/__init__.py
[73.435s] -- Installing: /home/agusb/Desktop/ROS2-Teleoperacion-Wifi/sample_ws/install/turtlesim/lib/python3.12/site-packages/turtlesim/turtlesim_s__rosidl_typesupport_introspection_c.so
[73.436s] -- Installing: /home/agusb/Desktop/ROS2-Teleoperacion-Wifi/sample_ws/install/turtlesim/lib/python3.12/site-packages/turtlesim/msg
[73.436s] -- Installing: /home/agusb/Desktop/ROS2-Teleoperacion-Wifi/sample_ws/install/turtlesim/lib/python3.12/site-packages/turtlesim/msg/_pose.py
[73.436s] -- Installing: /home/agusb/Desktop/ROS2-Teleoperacion-Wifi/sample_ws/install/turtlesim/lib/python3.12/site-packages/turtlesim/msg/_color.py
[73.437s] -- Installing: /home/agusb/Desktop/ROS2-Teleoperacion-Wifi/sample_ws/install/turtlesim/lib/python3.12/site-packages/turtlesim/msg/_color_s.c
[73.437s] -- Installing: /home/agusb/Desktop/ROS2-Teleoperacion-Wifi/sample_ws/install/turtlesim/lib/python3.12/site-packages/turtlesim/msg/_pose_s.c
[73.437s] -- Installing: /home/agusb/Desktop/ROS2-Teleoperacion-Wifi/sample_ws/install/turtlesim/lib/python3.12/site-packages/turtlesim/msg/__init__.py
[73.438s] -- Installing: /home/agusb/Desktop/ROS2-Teleoperacion-Wifi/sample_ws/install/turtlesim/lib/python3.12/site-packages/turtlesim/turtlesim_s__rosidl_typesupport_fastrtps_c.so
[73.438s] -- Installing: /home/agusb/Desktop/ROS2-Teleoperacion-Wifi/sample_ws/install/turtlesim/lib/python3.12/site-packages/turtlesim/_turtlesim_s.ep.rosidl_typesupport_c.c
[73.439s] -- Installing: /home/agusb/Desktop/ROS2-Teleoperacion-Wifi/sample_ws/install/turtlesim/lib/python3.12/site-packages/turtlesim/__init__.py
[73.633s] Listing '/home/agusb/Desktop/ROS2-Teleoperacion-Wifi/sample_ws/install/turtlesim/lib/python3.12/site-packages/turtlesim'...
[73.634s] Compiling '/home/agusb/Desktop/ROS2-Teleoperacion-Wifi/sample_ws/install/turtlesim/lib/python3.12/site-packages/turtlesim/__init__.py'...
[73.634s] Listing '/home/agusb/Desktop/ROS2-Teleoperacion-Wifi/sample_ws/install/turtlesim/lib/python3.12/site-packages/turtlesim/action'...
[73.634s] Compiling '/home/agusb/Desktop/ROS2-Teleoperacion-Wifi/sample_ws/install/turtlesim/lib/python3.12/site-packages/turtlesim/action/__init__.py'...
[73.635s] Compiling '/home/agusb/Desktop/ROS2-Teleoperacion-Wifi/sample_ws/install/turtlesim/lib/python3.12/site-packages/turtlesim/action/_rotate_absolute.py'...
[73.635s] Listing '/home/agusb/Desktop/ROS2-Teleoperacion-Wifi/sample_ws/install/turtlesim/lib/python3.12/site-packages/turtlesim/msg'...
[73.635s] Compiling '/home/agusb/Desktop/ROS2-Teleoperacion-Wifi/sample_ws/install/turtlesim/lib/python3.12/site-packages/turtlesim/msg/__init__.py'...
[73.636s] Compiling '/home/agusb/Desktop/ROS2-Teleoperacion-Wifi/sample_ws/install/turtlesim/lib/python3.12/site-packages/turtlesim/msg/_color.py'...
[73.636s] Compiling '/home/agusb/Desktop/ROS2-Teleoperacion-Wifi/sample_ws/install/turtlesim/lib/python3.12/site-packages/turtlesim/msg/_pose.py'...
[73.636s] Listing '/home/agusb/Desktop/ROS2-Teleoperacion-Wifi/sample_ws/install/turtlesim/lib/python3.12/site-packages/turtlesim/srv'...
[73.636s] Compiling '/home/agusb/Desktop/ROS2-Teleoperacion-Wifi/sample_ws/install/turtlesim/lib/python3.12/site-packages/turtlesim/srv/__init__.py'...
[73.637s] Compiling '/home/agusb/Desktop/ROS2-Teleoperacion-Wifi/sample_ws/install/turtlesim/lib/python3.12/site-packages/turtlesim/srv/_kill.py'...
[73.637s] Compiling '/home/agusb/Desktop/ROS2-Teleoperacion-Wifi/sample_ws/install/turtlesim/lib/python3.12/site-packages/turtlesim/srv/_set_pen.py'...
[73.637s] Compiling '/home/agusb/Desktop/ROS2-Teleoperacion-Wifi/sample_ws/install/turtlesim/lib/python3.12/site-packages/turtlesim/srv/_spawn.py'...
[73.637s] Compiling '/home/agusb/Desktop/ROS2-Teleoperacion-Wifi/sample_ws/install/turtlesim/lib/python3.12/site-packages/turtlesim/srv/_teleport_absolute.py'...
[73.637s] Compiling '/home/agusb/Desktop/ROS2-Teleoperacion-Wifi/sample_ws/install/turtlesim/lib/python3.12/site-packages/turtlesim/srv/_teleport_relative.py'...
[73.647s] -- Installing: /home/agusb/Desktop/ROS2-Teleoperacion-Wifi/sample_ws/install/turtlesim/lib/python3.12/site-packages/turtlesim/turtlesim_s__rosidl_typesupport_fastrtps_c.so
[73.648s] -- Set non-toolchain portion of runtime path of "/home/agusb/Desktop/ROS2-Teleoperacion-Wifi/sample_ws/install/turtlesim/lib/python3.12/site-packages/turtlesim/turtlesim_s__rosidl_typesupport_fastrtps_c.so" to ""
[73.648s] -- Installing: /home/agusb/Desktop/ROS2-Teleoperacion-Wifi/sample_ws/install/turtlesim/lib/python3.12/site-packages/turtlesim/turtlesim_s__rosidl_typesupport_introspection_c.so
[73.649s] -- Set non-toolchain portion of runtime path of "/home/agusb/Desktop/ROS2-Teleoperacion-Wifi/sample_ws/install/turtlesim/lib/python3.12/site-packages/turtlesim/turtlesim_s__rosidl_typesupport_introspection_c.so" to ""
[73.649s] -- Installing: /home/agusb/Desktop/ROS2-Teleoperacion-Wifi/sample_ws/install/turtlesim/lib/python3.12/site-packages/turtlesim/turtlesim_s__rosidl_typesupport_c.so
[73.650s] -- Set non-toolchain portion of runtime path of "/home/agusb/Desktop/ROS2-Teleoperacion-Wifi/sample_ws/install/turtlesim/lib/python3.12/site-packages/turtlesim/turtlesim_s__rosidl_typesupport_c.so" to ""
[73.650s] -- Installing: /home/agusb/Desktop/ROS2-Teleoperacion-Wifi/sample_ws/install/turtlesim/lib/libturtlesim__rosidl_generator_py.so
[73.651s] -- Set non-toolchain portion of runtime path of "/home/agusb/Desktop/ROS2-Teleoperacion-Wifi/sample_ws/install/turtlesim/lib/libturtlesim__rosidl_generator_py.so" to ""
[73.652s] -- Installing: /home/agusb/Desktop/ROS2-Teleoperacion-Wifi/sample_ws/install/turtlesim/share/turtlesim/action/RotateAbsolute.idl
[73.652s] -- Installing: /home/agusb/Desktop/ROS2-Teleoperacion-Wifi/sample_ws/install/turtlesim/share/turtlesim/msg/Color.idl
[73.653s] -- Installing: /home/agusb/Desktop/ROS2-Teleoperacion-Wifi/sample_ws/install/turtlesim/share/turtlesim/msg/Pose.idl
[73.653s] -- Installing: /home/agusb/Desktop/ROS2-Teleoperacion-Wifi/sample_ws/install/turtlesim/share/turtlesim/srv/Kill.idl
[73.654s] -- Installing: /home/agusb/Desktop/ROS2-Teleoperacion-Wifi/sample_ws/install/turtlesim/share/turtlesim/srv/SetPen.idl
[73.654s] -- Installing: /home/agusb/Desktop/ROS2-Teleoperacion-Wifi/sample_ws/install/turtlesim/share/turtlesim/srv/Spawn.idl
[73.655s] -- Installing: /home/agusb/Desktop/ROS2-Teleoperacion-Wifi/sample_ws/install/turtlesim/share/turtlesim/srv/TeleportAbsolute.idl
[73.656s] -- Installing: /home/agusb/Desktop/ROS2-Teleoperacion-Wifi/sample_ws/install/turtlesim/share/turtlesim/srv/TeleportRelative.idl
[73.656s] -- Installing: /home/agusb/Desktop/ROS2-Teleoperacion-Wifi/sample_ws/install/turtlesim/share/turtlesim/action/RotateAbsolute.action
[73.656s] -- Installing: /home/agusb/Desktop/ROS2-Teleoperacion-Wifi/sample_ws/install/turtlesim/share/turtlesim/msg/Color.msg
[73.657s] -- Installing: /home/agusb/Desktop/ROS2-Teleoperacion-Wifi/sample_ws/install/turtlesim/share/turtlesim/msg/Pose.msg
[73.658s] -- Installing: /home/agusb/Desktop/ROS2-Teleoperacion-Wifi/sample_ws/install/turtlesim/share/turtlesim/srv/Kill.srv
[73.658s] -- Installing: /home/agusb/Desktop/ROS2-Teleoperacion-Wifi/sample_ws/install/turtlesim/share/turtlesim/srv/SetPen.srv
[73.659s] -- Installing: /home/agusb/Desktop/ROS2-Teleoperacion-Wifi/sample_ws/install/turtlesim/share/turtlesim/srv/Spawn.srv
[73.659s] -- Installing: /home/agusb/Desktop/ROS2-Teleoperacion-Wifi/sample_ws/install/turtlesim/share/turtlesim/srv/TeleportAbsolute.srv
[73.660s] -- Installing: /home/agusb/Desktop/ROS2-Teleoperacion-Wifi/sample_ws/install/turtlesim/share/turtlesim/srv/TeleportRelative.srv
[73.660s] -- Installing: /home/agusb/Desktop/ROS2-Teleoperacion-Wifi/sample_ws/install/turtlesim/lib/turtlesim/turtlesim_node
[73.677s] -- Set non-toolchain portion of runtime path of "/home/agusb/Desktop/ROS2-Teleoperacion-Wifi/sample_ws/install/turtlesim/lib/turtlesim/turtlesim_node" to ""
[73.678s] -- Installing: /home/agusb/Desktop/ROS2-Teleoperacion-Wifi/sample_ws/install/turtlesim/lib/turtlesim/turtle_teleop_key
[73.680s] -- Set non-toolchain portion of runtime path of "/home/agusb/Desktop/ROS2-Teleoperacion-Wifi/sample_ws/install/turtlesim/lib/turtlesim/turtle_teleop_key" to ""
[73.681s] -- Installing: /home/agusb/Desktop/ROS2-Teleoperacion-Wifi/sample_ws/install/turtlesim/lib/turtlesim/draw_square
[73.690s] -- Set non-toolchain portion of runtime path of "/home/agusb/Desktop/ROS2-Teleoperacion-Wifi/sample_ws/install/turtlesim/lib/turtlesim/draw_square" to ""
[73.690s] -- Installing: /home/agusb/Desktop/ROS2-Teleoperacion-Wifi/sample_ws/install/turtlesim/lib/turtlesim/mimic
[73.698s] -- Set non-toolchain portion of runtime path of "/home/agusb/Desktop/ROS2-Teleoperacion-Wifi/sample_ws/install/turtlesim/lib/turtlesim/mimic" to ""
[73.698s] -- Installing: /home/agusb/Desktop/ROS2-Teleoperacion-Wifi/sample_ws/install/turtlesim/share/turtlesim/images
[73.699s] -- Installing: /home/agusb/Desktop/ROS2-Teleoperacion-Wifi/sample_ws/install/turtlesim/share/turtlesim/images/dashing.png
[73.699s] -- Installing: /home/agusb/Desktop/ROS2-Teleoperacion-Wifi/sample_ws/install/turtlesim/share/turtlesim/images/ardent.png
[73.700s] -- Installing: /home/agusb/Desktop/ROS2-Teleoperacion-Wifi/sample_ws/install/turtlesim/share/turtlesim/images/jazzy.png
[73.700s] -- Installing: /home/agusb/Desktop/ROS2-Teleoperacion-Wifi/sample_ws/install/turtlesim/share/turtlesim/images/bouncy.png
[73.700s] -- Installing: /home/agusb/Desktop/ROS2-Teleoperacion-Wifi/sample_ws/install/turtlesim/share/turtlesim/images/rolling.png
[73.701s] -- Installing: /home/agusb/Desktop/ROS2-Teleoperacion-Wifi/sample_ws/install/turtlesim/share/turtlesim/images/galactic.png
[73.701s] -- Installing: /home/agusb/Desktop/ROS2-Teleoperacion-Wifi/sample_ws/install/turtlesim/share/turtlesim/images/humble.png
[73.701s] -- Installing: /home/agusb/Desktop/ROS2-Teleoperacion-Wifi/sample_ws/install/turtlesim/share/turtlesim/images/iron.png
[73.702s] -- Installing: /home/agusb/Desktop/ROS2-Teleoperacion-Wifi/sample_ws/install/turtlesim/share/turtlesim/images/crystal.png
[73.702s] -- Installing: /home/agusb/Desktop/ROS2-Teleoperacion-Wifi/sample_ws/install/turtlesim/share/turtlesim/images/eloquent.png
[73.702s] -- Installing: /home/agusb/Desktop/ROS2-Teleoperacion-Wifi/sample_ws/install/turtlesim/share/turtlesim/images/foxy.png
[73.703s] -- Installing: /home/agusb/Desktop/ROS2-Teleoperacion-Wifi/sample_ws/install/turtlesim/share/turtlesim/launch
[73.703s] -- Installing: /home/agusb/Desktop/ROS2-Teleoperacion-Wifi/sample_ws/install/turtlesim/share/turtlesim/launch/multisim.launch.py
[73.703s] -- Installing: /home/agusb/Desktop/ROS2-Teleoperacion-Wifi/sample_ws/install/turtlesim/share/ament_index/resource_index/package_run_dependencies/turtlesim
[73.704s] -- Installing: /home/agusb/Desktop/ROS2-Teleoperacion-Wifi/sample_ws/install/turtlesim/share/ament_index/resource_index/parent_prefix_path/turtlesim
[73.705s] -- Installing: /home/agusb/Desktop/ROS2-Teleoperacion-Wifi/sample_ws/install/turtlesim/share/turtlesim/environment/ament_prefix_path.sh
[73.705s] -- Installing: /home/agusb/Desktop/ROS2-Teleoperacion-Wifi/sample_ws/install/turtlesim/share/turtlesim/environment/ament_prefix_path.dsv
[73.706s] -- Installing: /home/agusb/Desktop/ROS2-Teleoperacion-Wifi/sample_ws/install/turtlesim/share/turtlesim/environment/path.sh
[73.706s] -- Installing: /home/agusb/Desktop/ROS2-Teleoperacion-Wifi/sample_ws/install/turtlesim/share/turtlesim/environment/path.dsv
[73.707s] -- Installing: /home/agusb/Desktop/ROS2-Teleoperacion-Wifi/sample_ws/install/turtlesim/share/turtlesim/local_setup.bash
[73.707s] -- Installing: /home/agusb/Desktop/ROS2-Teleoperacion-Wifi/sample_ws/install/turtlesim/share/turtlesim/local_setup.sh
[73.708s] -- Installing: /home/agusb/Desktop/ROS2-Teleoperacion-Wifi/sample_ws/install/turtlesim/share/turtlesim/local_setup.zsh
[73.708s] -- Installing: /home/agusb/Desktop/ROS2-Teleoperacion-Wifi/sample_ws/install/turtlesim/share/turtlesim/local_setup.dsv
[73.709s] -- Installing: /home/agusb/Desktop/ROS2-Teleoperacion-Wifi/sample_ws/install/turtlesim/share/turtlesim/package.dsv
[73.709s] -- Installing: /home/agusb/Desktop/ROS2-Teleoperacion-Wifi/sample_ws/install/turtlesim/share/ament_index/resource_index/packages/turtlesim
[73.710s] -- Installing: /home/agusb/Desktop/ROS2-Teleoperacion-Wifi/sample_ws/install/turtlesim/share/turtlesim/cmake/export_turtlesim__rosidl_generator_cExport.cmake
[73.710s] -- Installing: /home/agusb/Desktop/ROS2-Teleoperacion-Wifi/sample_ws/install/turtlesim/share/turtlesim/cmake/export_turtlesim__rosidl_generator_cExport-noconfig.cmake
[73.711s] -- Installing: /home/agusb/Desktop/ROS2-Teleoperacion-Wifi/sample_ws/install/turtlesim/share/turtlesim/cmake/export_turtlesim__rosidl_typesupport_fastrtps_cExport.cmake
[73.711s] -- Installing: /home/agusb/Desktop/ROS2-Teleoperacion-Wifi/sample_ws/install/turtlesim/share/turtlesim/cmake/export_turtlesim__rosidl_typesupport_fastrtps_cExport-noconfig.cmake
[73.711s] -- Installing: /home/agusb/Desktop/ROS2-Teleoperacion-Wifi/sample_ws/install/turtlesim/share/turtlesim/cmake/export_turtlesim__rosidl_generator_cppExport.cmake
[73.712s] -- Installing: /home/agusb/Desktop/ROS2-Teleoperacion-Wifi/sample_ws/install/turtlesim/share/turtlesim/cmake/export_turtlesim__rosidl_typesupport_fastrtps_cppExport.cmake
[73.712s] -- Installing: /home/agusb/Desktop/ROS2-Teleoperacion-Wifi/sample_ws/install/turtlesim/share/turtlesim/cmake/export_turtlesim__rosidl_typesupport_fastrtps_cppExport-noconfig.cmake
[73.712s] -- Installing: /home/agusb/Desktop/ROS2-Teleoperacion-Wifi/sample_ws/install/turtlesim/share/turtlesim/cmake/turtlesim__rosidl_typesupport_introspection_cExport.cmake
[73.713s] -- Installing: /home/agusb/Desktop/ROS2-Teleoperacion-Wifi/sample_ws/install/turtlesim/share/turtlesim/cmake/turtlesim__rosidl_typesupport_introspection_cExport-noconfig.cmake
[73.713s] -- Installing: /home/agusb/Desktop/ROS2-Teleoperacion-Wifi/sample_ws/install/turtlesim/share/turtlesim/cmake/turtlesim__rosidl_typesupport_cExport.cmake
[73.713s] -- Installing: /home/agusb/Desktop/ROS2-Teleoperacion-Wifi/sample_ws/install/turtlesim/share/turtlesim/cmake/turtlesim__rosidl_typesupport_cExport-noconfig.cmake
[73.714s] -- Installing: /home/agusb/Desktop/ROS2-Teleoperacion-Wifi/sample_ws/install/turtlesim/share/turtlesim/cmake/turtlesim__rosidl_typesupport_introspection_cppExport.cmake
[73.714s] -- Installing: /home/agusb/Desktop/ROS2-Teleoperacion-Wifi/sample_ws/install/turtlesim/share/turtlesim/cmake/turtlesim__rosidl_typesupport_introspection_cppExport-noconfig.cmake
[73.715s] -- Installing: /home/agusb/Desktop/ROS2-Teleoperacion-Wifi/sample_ws/install/turtlesim/share/turtlesim/cmake/turtlesim__rosidl_typesupport_cppExport.cmake
[73.715s] -- Installing: /home/agusb/Desktop/ROS2-Teleoperacion-Wifi/sample_ws/install/turtlesim/share/turtlesim/cmake/turtlesim__rosidl_typesupport_cppExport-noconfig.cmake
[73.715s] -- Installing: /home/agusb/Desktop/ROS2-Teleoperacion-Wifi/sample_ws/install/turtlesim/share/turtlesim/cmake/export_turtlesim__rosidl_generator_pyExport.cmake
[73.716s] -- Installing: /home/agusb/Desktop/ROS2-Teleoperacion-Wifi/sample_ws/install/turtlesim/share/turtlesim/cmake/export_turtlesim__rosidl_generator_pyExport-noconfig.cmake
[73.716s] -- Installing: /home/agusb/Desktop/ROS2-Teleoperacion-Wifi/sample_ws/install/turtlesim/share/turtlesim/cmake/rosidl_cmake-extras.cmake
[73.717s] -- Installing: /home/agusb/Desktop/ROS2-Teleoperacion-Wifi/sample_ws/install/turtlesim/share/turtlesim/cmake/ament_cmake_export_dependencies-extras.cmake
[73.717s] -- Installing: /home/agusb/Desktop/ROS2-Teleoperacion-Wifi/sample_ws/install/turtlesim/share/turtlesim/cmake/ament_cmake_export_include_directories-extras.cmake
[73.718s] -- Installing: /home/agusb/Desktop/ROS2-Teleoperacion-Wifi/sample_ws/install/turtlesim/share/turtlesim/cmake/ament_cmake_export_libraries-extras.cmake
[73.718s] -- Installing: /home/agusb/Desktop/ROS2-Teleoperacion-Wifi/sample_ws/install/turtlesim/share/turtlesim/cmake/ament_cmake_export_targets-extras.cmake
[73.719s] -- Installing: /home/agusb/Desktop/ROS2-Teleoperacion-Wifi/sample_ws/install/turtlesim/share/turtlesim/cmake/rosidl_cmake_export_typesupport_targets-extras.cmake
[73.719s] -- Installing: /home/agusb/Desktop/ROS2-Teleoperacion-Wifi/sample_ws/install/turtlesim/share/turtlesim/cmake/rosidl_cmake_export_typesupport_libraries-extras.cmake
[73.720s] -- Installing: /home/agusb/Desktop/ROS2-Teleoperacion-Wifi/sample_ws/install/turtlesim/share/turtlesim/cmake/turtlesimConfig.cmake
[73.720s] -- Installing: /home/agusb/Desktop/ROS2-Teleoperacion-Wifi/sample_ws/install/turtlesim/share/turtlesim/cmake/turtlesimConfig-version.cmake
[73.720s] -- Installing: /home/agusb/Desktop/ROS2-Teleoperacion-Wifi/sample_ws/install/turtlesim/share/turtlesim/package.xml
[73.725s] Invoked command in '/home/agusb/Desktop/ROS2-Teleoperacion-Wifi/sample_ws/build/turtlesim' returned '0': CMAKE_PREFIX_PATH=${CMAKE_PREFIX_PATH}:/home/agusb/Desktop/ROS2-Teleoperacion-Wifi/ros2_ws/install/launch_testing_examples:/home/agusb/Desktop/ROS2-Teleoperacion-Wifi/ros2_ws/install/examples_rclpy_pointcloud_publisher:/home/agusb/Desktop/ROS2-Teleoperacion-Wifi/ros2_ws/install/examples_rclpy_minimal_subscriber:/home/agusb/Desktop/ROS2-Teleoperacion-Wifi/ros2_ws/install/examples_rclpy_minimal_service:/home/agusb/Desktop/ROS2-Teleoperacion-Wifi/ros2_ws/install/examples_rclpy_minimal_publisher:/home/agusb/Desktop/ROS2-Teleoperacion-Wifi/ros2_ws/install/examples_rclpy_minimal_client:/home/agusb/Desktop/ROS2-Teleoperacion-Wifi/ros2_ws/install/examples_rclpy_minimal_action_server:/home/agusb/Desktop/ROS2-Teleoperacion-Wifi/ros2_ws/install/examples_rclpy_minimal_action_client:/home/agusb/Desktop/ROS2-Teleoperacion-Wifi/ros2_ws/install/examples_rclpy_guard_conditions:/home/agusb/Desktop/ROS2-Teleoperacion-Wifi/ros2_ws/install/examples_rclpy_executors:/opt/ros/jazzy /usr/bin/cmake --install /home/agusb/Desktop/ROS2-Teleoperacion-Wifi/sample_ws/build/turtlesim
