[5.102s] Invoking command in '/home/agusb/Desktop/ROS2-Teleoperacion-Wifi/ros2_ws/build/examples_rclpy_minimal_action_server': PYTHONPATH=/home/agusb/Desktop/ROS2-Teleoperacion-Wifi/ros2_ws/build/examples_rclpy_minimal_action_server/prefix_override:/usr/lib/python3/dist-packages/colcon_core/task/python/colcon_distutils_commands:/home/agusb/Desktop/ROS2-Teleoperacion-Wifi/ros2_ws/install/examples_rclpy_minimal_action_server/lib/python3.12/site-packages:${PYTHONPATH} /usr/bin/python3 -W ignore:setup.py install is deprecated setup.py develop --editable --build-directory /home/agusb/Desktop/ROS2-Teleoperacion-Wifi/ros2_ws/build/examples_rclpy_minimal_action_server/build --no-deps symlink_data
[5.912s] running develop
[5.942s] /usr/lib/python3/dist-packages/setuptools/command/develop.py:40: EasyInstallDeprecationWarning: easy_install command is deprecated.
[5.942s] !!
[5.942s] 
[5.942s]         ********************************************************************************
[5.943s]         Please avoid running ``setup.py`` and ``easy_install``.
[5.943s]         Instead, use pypa/build, pypa/installer or other
[5.943s]         standards-based tools.
[5.943s] 
[5.943s]         See https://github.com/pypa/setuptools/issues/917 for details.
[5.943s]         ********************************************************************************
[5.944s] 
[5.944s] !!
[5.944s]   easy_install.initialize_options(self)
[6.380s] running egg_info
[6.382s] creating examples_rclpy_minimal_action_server.egg-info
[6.425s] writing examples_rclpy_minimal_action_server.egg-info/PKG-INFO
[6.426s] writing dependency_links to examples_rclpy_minimal_action_server.egg-info/dependency_links.txt
[6.429s] writing entry points to examples_rclpy_minimal_action_server.egg-info/entry_points.txt
[6.429s] writing requirements to examples_rclpy_minimal_action_server.egg-info/requires.txt
[6.429s] writing top-level names to examples_rclpy_minimal_action_server.egg-info/top_level.txt
[6.429s] writing manifest file 'examples_rclpy_minimal_action_server.egg-info/SOURCES.txt'
[6.529s] reading manifest file 'examples_rclpy_minimal_action_server.egg-info/SOURCES.txt'
[6.531s] writing manifest file 'examples_rclpy_minimal_action_server.egg-info/SOURCES.txt'
[6.582s] running build_ext
[6.582s] Creating /home/agusb/Desktop/ROS2-Teleoperacion-Wifi/ros2_ws/install/examples_rclpy_minimal_action_server/lib/python3.12/site-packages/examples-rclpy-minimal-action-server.egg-link (link to .)
[6.583s] Installing server script to /home/agusb/Desktop/ROS2-Teleoperacion-Wifi/ros2_ws/install/examples_rclpy_minimal_action_server/lib/examples_rclpy_minimal_action_server
[6.583s] Installing server_defer script to /home/agusb/Desktop/ROS2-Teleoperacion-Wifi/ros2_ws/install/examples_rclpy_minimal_action_server/lib/examples_rclpy_minimal_action_server
[6.583s] Installing server_not_composable script to /home/agusb/Desktop/ROS2-Teleoperacion-Wifi/ros2_ws/install/examples_rclpy_minimal_action_server/lib/examples_rclpy_minimal_action_server
[6.583s] Installing server_queue_goals script to /home/agusb/Desktop/ROS2-Teleoperacion-Wifi/ros2_ws/install/examples_rclpy_minimal_action_server/lib/examples_rclpy_minimal_action_server
[6.584s] Installing server_single_goal script to /home/agusb/Desktop/ROS2-Teleoperacion-Wifi/ros2_ws/install/examples_rclpy_minimal_action_server/lib/examples_rclpy_minimal_action_server
[6.585s] 
[6.585s] Installed /home/agusb/Desktop/ROS2-Teleoperacion-Wifi/ros2_ws/build/examples_rclpy_minimal_action_server
[6.585s] running symlink_data
[6.585s] creating /home/agusb/Desktop/ROS2-Teleoperacion-Wifi/ros2_ws/install/examples_rclpy_minimal_action_server/share/ament_index
[6.586s] creating /home/agusb/Desktop/ROS2-Teleoperacion-Wifi/ros2_ws/install/examples_rclpy_minimal_action_server/share/ament_index/resource_index
[6.586s] creating /home/agusb/Desktop/ROS2-Teleoperacion-Wifi/ros2_ws/install/examples_rclpy_minimal_action_server/share/ament_index/resource_index/packages
[6.586s] symbolically linking /home/agusb/Desktop/ROS2-Teleoperacion-Wifi/ros2_ws/build/examples_rclpy_minimal_action_server/resource/examples_rclpy_minimal_action_server -> /home/agusb/Desktop/ROS2-Teleoperacion-Wifi/ros2_ws/install/examples_rclpy_minimal_action_server/share/ament_index/resource_index/packages
[6.589s] symbolically linking /home/agusb/Desktop/ROS2-Teleoperacion-Wifi/ros2_ws/build/examples_rclpy_minimal_action_server/package.xml -> /home/agusb/Desktop/ROS2-Teleoperacion-Wifi/ros2_ws/install/examples_rclpy_minimal_action_server/share/examples_rclpy_minimal_action_server
[6.742s] Invoked command in '/home/agusb/Desktop/ROS2-Teleoperacion-Wifi/ros2_ws/build/examples_rclpy_minimal_action_server' returned '0': PYTHONPATH=/home/agusb/Desktop/ROS2-Teleoperacion-Wifi/ros2_ws/build/examples_rclpy_minimal_action_server/prefix_override:/usr/lib/python3/dist-packages/colcon_core/task/python/colcon_distutils_commands:/home/agusb/Desktop/ROS2-Teleoperacion-Wifi/ros2_ws/install/examples_rclpy_minimal_action_server/lib/python3.12/site-packages:${PYTHONPATH} /usr/bin/python3 -W ignore:setup.py install is deprecated setup.py develop --editable --build-directory /home/agusb/Desktop/ROS2-Teleoperacion-Wifi/ros2_ws/build/examples_rclpy_minimal_action_server/build --no-deps symlink_data
