[0.107s] DEBUG:colcon:Command line arguments: ['/usr/bin/colcon', 'build']
[0.107s] DEBUG:colcon:Parsed command line arguments: Namespace(log_base=None, log_level=None, verb_name='build', build_base='build', install_base='install', merge_install=False, symlink_install=False, test_result_base=None, continue_on_error=False, executor='parallel', parallel_workers=8, event_handlers=None, ignore_user_meta=False, metas=['./colcon.meta'], base_paths=['.'], packages_ignore=None, packages_ignore_regex=None, paths=None, packages_up_to=None, packages_up_to_regex=None, packages_above=None, packages_above_and_dependencies=None, packages_above_depth=None, packages_select_by_dep=None, packages_skip_by_dep=None, packages_skip_up_to=None, packages_select_build_failed=False, packages_skip_build_finished=False, packages_select_test_failures=False, packages_skip_test_passed=False, packages_select=None, packages_skip=None, packages_select_regex=None, packages_skip_regex=None, packages_start=None, packages_end=None, allow_overriding=[], cmake_args=None, cmake_target=None, cmake_target_skip_unavailable=False, cmake_clean_cache=False, cmake_clean_first=False, cmake_force_configure=False, ament_cmake_args=None, catkin_cmake_args=None, catkin_skip_building_tests=False, verb_parser=<colcon_defaults.argument_parser.defaults.DefaultArgumentsDecorator object at 0x72db02979e20>, verb_extension=<colcon_core.verb.build.BuildVerb object at 0x72db02979b50>, main=<bound method BuildVerb.main of <colcon_core.verb.build.BuildVerb object at 0x72db02979b50>>)
[0.142s] Level 1:colcon.colcon_core.package_discovery:discover_packages(colcon_meta) check parameters
[0.142s] Level 1:colcon.colcon_core.package_discovery:discover_packages(recursive) check parameters
[0.142s] Level 1:colcon.colcon_core.package_discovery:discover_packages(ignore) check parameters
[0.142s] Level 1:colcon.colcon_core.package_discovery:discover_packages(path) check parameters
[0.142s] Level 1:colcon.colcon_core.package_discovery:discover_packages(colcon_meta) discover
[0.142s] Level 1:colcon.colcon_core.package_discovery:discover_packages(recursive) discover
[0.142s] INFO:colcon.colcon_core.package_discovery:Crawling recursively for packages in '/home/agusb/Desktop/ROS2-Teleoperacion-Wifi/terrenator_ws'
[0.142s] Level 1:colcon.colcon_core.package_identification:_identify(.) by extensions ['ignore', 'ignore_ament_install']
[0.142s] Level 1:colcon.colcon_core.package_identification:_identify(.) by extension 'ignore'
[0.142s] Level 1:colcon.colcon_core.package_identification:_identify(.) by extension 'ignore_ament_install'
[0.143s] Level 1:colcon.colcon_core.package_identification:_identify(.) by extensions ['colcon_pkg']
[0.143s] Level 1:colcon.colcon_core.package_identification:_identify(.) by extension 'colcon_pkg'
[0.143s] Level 1:colcon.colcon_core.package_identification:_identify(.) by extensions ['colcon_meta']
[0.143s] Level 1:colcon.colcon_core.package_identification:_identify(.) by extension 'colcon_meta'
[0.143s] Level 1:colcon.colcon_core.package_identification:_identify(.) by extensions ['ros']
[0.143s] Level 1:colcon.colcon_core.package_identification:_identify(.) by extension 'ros'
[0.167s] Level 1:colcon.colcon_core.package_identification:_identify(.) by extensions ['cmake', 'python']
[0.167s] Level 1:colcon.colcon_core.package_identification:_identify(.) by extension 'cmake'
[0.167s] Level 1:colcon.colcon_core.package_identification:_identify(.) by extension 'python'
[0.167s] Level 1:colcon.colcon_core.package_identification:_identify(.) by extensions ['python_setup_py']
[0.167s] Level 1:colcon.colcon_core.package_identification:_identify(.) by extension 'python_setup_py'
[0.167s] Level 1:colcon.colcon_core.package_identification:_identify(build) by extensions ['ignore', 'ignore_ament_install']
[0.167s] Level 1:colcon.colcon_core.package_identification:_identify(build) by extension 'ignore'
[0.168s] Level 1:colcon.colcon_core.package_identification:_identify(build) ignored
[0.168s] Level 1:colcon.colcon_core.package_identification:_identify(install) by extensions ['ignore', 'ignore_ament_install']
[0.168s] Level 1:colcon.colcon_core.package_identification:_identify(install) by extension 'ignore'
[0.168s] Level 1:colcon.colcon_core.package_identification:_identify(install) ignored
[0.168s] Level 1:colcon.colcon_core.package_identification:_identify(log) by extensions ['ignore', 'ignore_ament_install']
[0.168s] Level 1:colcon.colcon_core.package_identification:_identify(log) by extension 'ignore'
[0.168s] Level 1:colcon.colcon_core.package_identification:_identify(log) ignored
[0.168s] Level 1:colcon.colcon_core.package_identification:_identify(src) by extensions ['ignore', 'ignore_ament_install']
[0.169s] Level 1:colcon.colcon_core.package_identification:_identify(src) by extension 'ignore'
[0.169s] Level 1:colcon.colcon_core.package_identification:_identify(src) by extension 'ignore_ament_install'
[0.169s] Level 1:colcon.colcon_core.package_identification:_identify(src) by extensions ['colcon_pkg']
[0.169s] Level 1:colcon.colcon_core.package_identification:_identify(src) by extension 'colcon_pkg'
[0.169s] Level 1:colcon.colcon_core.package_identification:_identify(src) by extensions ['colcon_meta']
[0.169s] Level 1:colcon.colcon_core.package_identification:_identify(src) by extension 'colcon_meta'
[0.169s] Level 1:colcon.colcon_core.package_identification:_identify(src) by extensions ['ros']
[0.169s] Level 1:colcon.colcon_core.package_identification:_identify(src) by extension 'ros'
[0.169s] Level 1:colcon.colcon_core.package_identification:_identify(src) by extensions ['cmake', 'python']
[0.169s] Level 1:colcon.colcon_core.package_identification:_identify(src) by extension 'cmake'
[0.169s] Level 1:colcon.colcon_core.package_identification:_identify(src) by extension 'python'
[0.169s] Level 1:colcon.colcon_core.package_identification:_identify(src) by extensions ['python_setup_py']
[0.169s] Level 1:colcon.colcon_core.package_identification:_identify(src) by extension 'python_setup_py'
[0.169s] Level 1:colcon.colcon_core.package_identification:_identify(src/cameras) by extensions ['ignore', 'ignore_ament_install']
[0.170s] Level 1:colcon.colcon_core.package_identification:_identify(src/cameras) by extension 'ignore'
[0.170s] Level 1:colcon.colcon_core.package_identification:_identify(src/cameras) by extension 'ignore_ament_install'
[0.170s] Level 1:colcon.colcon_core.package_identification:_identify(src/cameras) by extensions ['colcon_pkg']
[0.170s] Level 1:colcon.colcon_core.package_identification:_identify(src/cameras) by extension 'colcon_pkg'
[0.170s] Level 1:colcon.colcon_core.package_identification:_identify(src/cameras) by extensions ['colcon_meta']
[0.170s] Level 1:colcon.colcon_core.package_identification:_identify(src/cameras) by extension 'colcon_meta'
[0.170s] Level 1:colcon.colcon_core.package_identification:_identify(src/cameras) by extensions ['ros']
[0.170s] Level 1:colcon.colcon_core.package_identification:_identify(src/cameras) by extension 'ros'
[0.173s] DEBUG:colcon.colcon_core.package_identification:Package 'src/cameras' with type 'ros.ament_cmake' and name 'cameras'
[0.173s] Level 1:colcon.colcon_core.package_identification:_identify(src/robot_control) by extensions ['ignore', 'ignore_ament_install']
[0.173s] Level 1:colcon.colcon_core.package_identification:_identify(src/robot_control) by extension 'ignore'
[0.173s] Level 1:colcon.colcon_core.package_identification:_identify(src/robot_control) by extension 'ignore_ament_install'
[0.173s] Level 1:colcon.colcon_core.package_identification:_identify(src/robot_control) by extensions ['colcon_pkg']
[0.173s] Level 1:colcon.colcon_core.package_identification:_identify(src/robot_control) by extension 'colcon_pkg'
[0.173s] Level 1:colcon.colcon_core.package_identification:_identify(src/robot_control) by extensions ['colcon_meta']
[0.173s] Level 1:colcon.colcon_core.package_identification:_identify(src/robot_control) by extension 'colcon_meta'
[0.173s] Level 1:colcon.colcon_core.package_identification:_identify(src/robot_control) by extensions ['ros']
[0.173s] Level 1:colcon.colcon_core.package_identification:_identify(src/robot_control) by extension 'ros'
[0.174s] DEBUG:colcon.colcon_core.package_identification:Package 'src/robot_control' with type 'ros.ament_cmake' and name 'robot_control'
[0.174s] Level 1:colcon.colcon_core.package_discovery:discover_packages(recursive) using defaults
[0.174s] Level 1:colcon.colcon_core.package_discovery:discover_packages(ignore) discover
[0.174s] Level 1:colcon.colcon_core.package_discovery:discover_packages(ignore) using defaults
[0.174s] Level 1:colcon.colcon_core.package_discovery:discover_packages(path) discover
[0.174s] Level 1:colcon.colcon_core.package_discovery:discover_packages(path) using defaults
[0.192s] Level 1:colcon.colcon_core.package_discovery:discover_packages(prefix_path) check parameters
[0.192s] Level 1:colcon.colcon_core.package_discovery:discover_packages(prefix_path) discover
[0.194s] DEBUG:colcon.colcon_installed_package_information.package_discovery:Found 3 installed packages in /home/agusb/Desktop/ROS2-Teleoperacion-Wifi/sample_ws/install
[0.195s] DEBUG:colcon.colcon_installed_package_information.package_discovery:Found 307 installed packages in /opt/ros/jazzy
[0.196s] Level 1:colcon.colcon_core.package_discovery:discover_packages(prefix_path) using defaults
[0.244s] Level 5:colcon.colcon_core.verb:set package 'cameras' build argument 'cmake_args' from command line to 'None'
[0.244s] Level 5:colcon.colcon_core.verb:set package 'cameras' build argument 'cmake_target' from command line to 'None'
[0.244s] Level 5:colcon.colcon_core.verb:set package 'cameras' build argument 'cmake_target_skip_unavailable' from command line to 'False'
[0.244s] Level 5:colcon.colcon_core.verb:set package 'cameras' build argument 'cmake_clean_cache' from command line to 'False'
[0.244s] Level 5:colcon.colcon_core.verb:set package 'cameras' build argument 'cmake_clean_first' from command line to 'False'
[0.244s] Level 5:colcon.colcon_core.verb:set package 'cameras' build argument 'cmake_force_configure' from command line to 'False'
[0.244s] Level 5:colcon.colcon_core.verb:set package 'cameras' build argument 'ament_cmake_args' from command line to 'None'
[0.244s] Level 5:colcon.colcon_core.verb:set package 'cameras' build argument 'catkin_cmake_args' from command line to 'None'
[0.245s] Level 5:colcon.colcon_core.verb:set package 'cameras' build argument 'catkin_skip_building_tests' from command line to 'False'
[0.245s] DEBUG:colcon.colcon_core.verb:Building package 'cameras' with the following arguments: {'ament_cmake_args': None, 'build_base': '/home/agusb/Desktop/ROS2-Teleoperacion-Wifi/terrenator_ws/build/cameras', 'catkin_cmake_args': None, 'catkin_skip_building_tests': False, 'cmake_args': None, 'cmake_clean_cache': False, 'cmake_clean_first': False, 'cmake_force_configure': False, 'cmake_target': None, 'cmake_target_skip_unavailable': False, 'install_base': '/home/agusb/Desktop/ROS2-Teleoperacion-Wifi/terrenator_ws/install/cameras', 'merge_install': False, 'path': '/home/agusb/Desktop/ROS2-Teleoperacion-Wifi/terrenator_ws/src/cameras', 'symlink_install': False, 'test_result_base': None}
[0.245s] Level 5:colcon.colcon_core.verb:set package 'robot_control' build argument 'cmake_args' from command line to 'None'
[0.245s] Level 5:colcon.colcon_core.verb:set package 'robot_control' build argument 'cmake_target' from command line to 'None'
[0.245s] Level 5:colcon.colcon_core.verb:set package 'robot_control' build argument 'cmake_target_skip_unavailable' from command line to 'False'
[0.245s] Level 5:colcon.colcon_core.verb:set package 'robot_control' build argument 'cmake_clean_cache' from command line to 'False'
[0.245s] Level 5:colcon.colcon_core.verb:set package 'robot_control' build argument 'cmake_clean_first' from command line to 'False'
[0.245s] Level 5:colcon.colcon_core.verb:set package 'robot_control' build argument 'cmake_force_configure' from command line to 'False'
[0.245s] Level 5:colcon.colcon_core.verb:set package 'robot_control' build argument 'ament_cmake_args' from command line to 'None'
[0.245s] Level 5:colcon.colcon_core.verb:set package 'robot_control' build argument 'catkin_cmake_args' from command line to 'None'
[0.245s] Level 5:colcon.colcon_core.verb:set package 'robot_control' build argument 'catkin_skip_building_tests' from command line to 'False'
[0.245s] DEBUG:colcon.colcon_core.verb:Building package 'robot_control' with the following arguments: {'ament_cmake_args': None, 'build_base': '/home/agusb/Desktop/ROS2-Teleoperacion-Wifi/terrenator_ws/build/robot_control', 'catkin_cmake_args': None, 'catkin_skip_building_tests': False, 'cmake_args': None, 'cmake_clean_cache': False, 'cmake_clean_first': False, 'cmake_force_configure': False, 'cmake_target': None, 'cmake_target_skip_unavailable': False, 'install_base': '/home/agusb/Desktop/ROS2-Teleoperacion-Wifi/terrenator_ws/install/robot_control', 'merge_install': False, 'path': '/home/agusb/Desktop/ROS2-Teleoperacion-Wifi/terrenator_ws/src/robot_control', 'symlink_install': False, 'test_result_base': None}
[0.245s] INFO:colcon.colcon_core.executor:Executing jobs using 'parallel' executor
[0.246s] DEBUG:colcon.colcon_parallel_executor.executor.parallel:run_until_complete
[0.246s] INFO:colcon.colcon_ros.task.ament_cmake.build:Building ROS package in '/home/agusb/Desktop/ROS2-Teleoperacion-Wifi/terrenator_ws/src/cameras' with build type 'ament_cmake'
[0.247s] INFO:colcon.colcon_cmake.task.cmake.build:Building CMake package in '/home/agusb/Desktop/ROS2-Teleoperacion-Wifi/terrenator_ws/src/cameras'
[0.248s] INFO:colcon.colcon_core.plugin_system:Skipping extension 'colcon_core.shell.bat': Not used on non-Windows systems
[0.249s] INFO:colcon.colcon_core.shell:Skip shell extension 'powershell' for command environment: Not usable outside of PowerShell
[0.249s] DEBUG:colcon.colcon_core.shell:Skip shell extension 'dsv' for command environment
[0.256s] INFO:colcon.colcon_ros.task.ament_cmake.build:Building ROS package in '/home/agusb/Desktop/ROS2-Teleoperacion-Wifi/terrenator_ws/src/robot_control' with build type 'ament_cmake'
[0.256s] INFO:colcon.colcon_cmake.task.cmake.build:Building CMake package in '/home/agusb/Desktop/ROS2-Teleoperacion-Wifi/terrenator_ws/src/robot_control'
[0.256s] INFO:colcon.colcon_core.shell:Skip shell extension 'powershell' for command environment: Not usable outside of PowerShell
[0.257s] DEBUG:colcon.colcon_core.shell:Skip shell extension 'dsv' for command environment
[0.264s] DEBUG:colcon.colcon_core.event_handler.log_command:Invoking command in '/home/agusb/Desktop/ROS2-Teleoperacion-Wifi/terrenator_ws/build/cameras': CMAKE_PREFIX_PATH=${CMAKE_PREFIX_PATH}:/opt/ros/jazzy /usr/bin/cmake --build /home/agusb/Desktop/ROS2-Teleoperacion-Wifi/terrenator_ws/build/cameras -- -j8 -l8
[0.270s] DEBUG:colcon.colcon_core.event_handler.log_command:Invoking command in '/home/agusb/Desktop/ROS2-Teleoperacion-Wifi/terrenator_ws/build/robot_control': CMAKE_PREFIX_PATH=${CMAKE_PREFIX_PATH}:/opt/ros/jazzy /usr/bin/cmake --build /home/agusb/Desktop/ROS2-Teleoperacion-Wifi/terrenator_ws/build/robot_control -- -j8 -l8
[0.333s] DEBUG:colcon.colcon_core.event_handler.log_command:Invoked command in '/home/agusb/Desktop/ROS2-Teleoperacion-Wifi/terrenator_ws/build/cameras' returned '0': CMAKE_PREFIX_PATH=${CMAKE_PREFIX_PATH}:/opt/ros/jazzy /usr/bin/cmake --build /home/agusb/Desktop/ROS2-Teleoperacion-Wifi/terrenator_ws/build/cameras -- -j8 -l8
[0.374s] DEBUG:colcon.colcon_core.event_handler.log_command:Invoking command in '/home/agusb/Desktop/ROS2-Teleoperacion-Wifi/terrenator_ws/build/cameras': CMAKE_PREFIX_PATH=${CMAKE_PREFIX_PATH}:/opt/ros/jazzy /usr/bin/cmake --install /home/agusb/Desktop/ROS2-Teleoperacion-Wifi/terrenator_ws/build/cameras
[0.388s] Level 1:colcon.colcon_core.environment:create_environment_scripts_only(cameras)
[0.389s] DEBUG:colcon.colcon_core.event_handler.log_command:Invoked command in '/home/agusb/Desktop/ROS2-Teleoperacion-Wifi/terrenator_ws/build/cameras' returned '0': CMAKE_PREFIX_PATH=${CMAKE_PREFIX_PATH}:/opt/ros/jazzy /usr/bin/cmake --install /home/agusb/Desktop/ROS2-Teleoperacion-Wifi/terrenator_ws/build/cameras
[0.392s] Level 1:colcon.colcon_core.environment:checking '/home/agusb/Desktop/ROS2-Teleoperacion-Wifi/terrenator_ws/install/cameras' for CMake module files
[0.393s] Level 1:colcon.colcon_core.environment:checking '/home/agusb/Desktop/ROS2-Teleoperacion-Wifi/terrenator_ws/install/cameras' for CMake config files
[0.393s] Level 1:colcon.colcon_core.shell:create_environment_hook('cameras', 'cmake_prefix_path')
[0.393s] INFO:colcon.colcon_core.shell:Creating environment hook '/home/agusb/Desktop/ROS2-Teleoperacion-Wifi/terrenator_ws/install/cameras/share/cameras/hook/cmake_prefix_path.ps1'
[0.394s] INFO:colcon.colcon_core.shell:Creating environment descriptor '/home/agusb/Desktop/ROS2-Teleoperacion-Wifi/terrenator_ws/install/cameras/share/cameras/hook/cmake_prefix_path.dsv'
[0.394s] INFO:colcon.colcon_core.shell:Creating environment hook '/home/agusb/Desktop/ROS2-Teleoperacion-Wifi/terrenator_ws/install/cameras/share/cameras/hook/cmake_prefix_path.sh'
[0.395s] Level 1:colcon.colcon_core.environment:checking '/home/agusb/Desktop/ROS2-Teleoperacion-Wifi/terrenator_ws/install/cameras/lib'
[0.395s] Level 1:colcon.colcon_core.environment:checking '/home/agusb/Desktop/ROS2-Teleoperacion-Wifi/terrenator_ws/install/cameras/bin'
[0.395s] Level 1:colcon.colcon_core.environment:checking '/home/agusb/Desktop/ROS2-Teleoperacion-Wifi/terrenator_ws/install/cameras/lib/pkgconfig/cameras.pc'
[0.396s] Level 1:colcon.colcon_core.environment:checking '/home/agusb/Desktop/ROS2-Teleoperacion-Wifi/terrenator_ws/install/cameras/lib/python3.12/site-packages'
[0.396s] Level 1:colcon.colcon_core.environment:checking '/home/agusb/Desktop/ROS2-Teleoperacion-Wifi/terrenator_ws/install/cameras/bin'
[0.396s] INFO:colcon.colcon_core.shell:Creating package script '/home/agusb/Desktop/ROS2-Teleoperacion-Wifi/terrenator_ws/install/cameras/share/cameras/package.ps1'
[0.397s] INFO:colcon.colcon_core.shell:Creating package descriptor '/home/agusb/Desktop/ROS2-Teleoperacion-Wifi/terrenator_ws/install/cameras/share/cameras/package.dsv'
[0.398s] INFO:colcon.colcon_core.shell:Creating package script '/home/agusb/Desktop/ROS2-Teleoperacion-Wifi/terrenator_ws/install/cameras/share/cameras/package.sh'
[0.398s] INFO:colcon.colcon_core.shell:Creating package script '/home/agusb/Desktop/ROS2-Teleoperacion-Wifi/terrenator_ws/install/cameras/share/cameras/package.bash'
[0.399s] INFO:colcon.colcon_core.shell:Creating package script '/home/agusb/Desktop/ROS2-Teleoperacion-Wifi/terrenator_ws/install/cameras/share/cameras/package.zsh'
[0.400s] Level 1:colcon.colcon_core.environment:create_file_with_runtime_dependencies(/home/agusb/Desktop/ROS2-Teleoperacion-Wifi/terrenator_ws/install/cameras/share/colcon-core/packages/cameras)
[0.422s] Level 1:colcon.colcon_core.environment:create_environment_scripts_only(cameras)
[0.422s] Level 1:colcon.colcon_core.environment:checking '/home/agusb/Desktop/ROS2-Teleoperacion-Wifi/terrenator_ws/install/cameras' for CMake module files
[0.423s] Level 1:colcon.colcon_core.environment:checking '/home/agusb/Desktop/ROS2-Teleoperacion-Wifi/terrenator_ws/install/cameras' for CMake config files
[0.423s] Level 1:colcon.colcon_core.shell:create_environment_hook('cameras', 'cmake_prefix_path')
[0.423s] INFO:colcon.colcon_core.shell:Creating environment hook '/home/agusb/Desktop/ROS2-Teleoperacion-Wifi/terrenator_ws/install/cameras/share/cameras/hook/cmake_prefix_path.ps1'
[0.423s] INFO:colcon.colcon_core.shell:Creating environment descriptor '/home/agusb/Desktop/ROS2-Teleoperacion-Wifi/terrenator_ws/install/cameras/share/cameras/hook/cmake_prefix_path.dsv'
[0.424s] INFO:colcon.colcon_core.shell:Creating environment hook '/home/agusb/Desktop/ROS2-Teleoperacion-Wifi/terrenator_ws/install/cameras/share/cameras/hook/cmake_prefix_path.sh'
[0.424s] Level 1:colcon.colcon_core.environment:checking '/home/agusb/Desktop/ROS2-Teleoperacion-Wifi/terrenator_ws/install/cameras/lib'
[0.424s] Level 1:colcon.colcon_core.environment:checking '/home/agusb/Desktop/ROS2-Teleoperacion-Wifi/terrenator_ws/install/cameras/bin'
[0.424s] Level 1:colcon.colcon_core.environment:checking '/home/agusb/Desktop/ROS2-Teleoperacion-Wifi/terrenator_ws/install/cameras/lib/pkgconfig/cameras.pc'
[0.425s] Level 1:colcon.colcon_core.environment:checking '/home/agusb/Desktop/ROS2-Teleoperacion-Wifi/terrenator_ws/install/cameras/lib/python3.12/site-packages'
[0.425s] Level 1:colcon.colcon_core.environment:checking '/home/agusb/Desktop/ROS2-Teleoperacion-Wifi/terrenator_ws/install/cameras/bin'
[0.425s] INFO:colcon.colcon_core.shell:Creating package script '/home/agusb/Desktop/ROS2-Teleoperacion-Wifi/terrenator_ws/install/cameras/share/cameras/package.ps1'
[0.426s] INFO:colcon.colcon_core.shell:Creating package descriptor '/home/agusb/Desktop/ROS2-Teleoperacion-Wifi/terrenator_ws/install/cameras/share/cameras/package.dsv'
[0.426s] INFO:colcon.colcon_core.shell:Creating package script '/home/agusb/Desktop/ROS2-Teleoperacion-Wifi/terrenator_ws/install/cameras/share/cameras/package.sh'
[0.427s] INFO:colcon.colcon_core.shell:Creating package script '/home/agusb/Desktop/ROS2-Teleoperacion-Wifi/terrenator_ws/install/cameras/share/cameras/package.bash'
[0.427s] INFO:colcon.colcon_core.shell:Creating package script '/home/agusb/Desktop/ROS2-Teleoperacion-Wifi/terrenator_ws/install/cameras/share/cameras/package.zsh'
[0.427s] Level 1:colcon.colcon_core.environment:create_file_with_runtime_dependencies(/home/agusb/Desktop/ROS2-Teleoperacion-Wifi/terrenator_ws/install/cameras/share/colcon-core/packages/cameras)
[2.259s] DEBUG:colcon.colcon_core.event_handler.log_command:Invoked command in '/home/agusb/Desktop/ROS2-Teleoperacion-Wifi/terrenator_ws/build/robot_control' returned '2': CMAKE_PREFIX_PATH=${CMAKE_PREFIX_PATH}:/opt/ros/jazzy /usr/bin/cmake --build /home/agusb/Desktop/ROS2-Teleoperacion-Wifi/terrenator_ws/build/robot_control -- -j8 -l8
[2.322s] Level 1:colcon.colcon_core.environment:create_environment_scripts_only(robot_control)
[2.322s] Level 1:colcon.colcon_core.environment:checking '/home/agusb/Desktop/ROS2-Teleoperacion-Wifi/terrenator_ws/install/robot_control' for CMake module files
[2.322s] Level 1:colcon.colcon_core.environment:checking '/home/agusb/Desktop/ROS2-Teleoperacion-Wifi/terrenator_ws/install/robot_control' for CMake config files
[2.323s] Level 1:colcon.colcon_core.environment:checking '/home/agusb/Desktop/ROS2-Teleoperacion-Wifi/terrenator_ws/install/robot_control/bin'
[2.323s] Level 1:colcon.colcon_core.environment:checking '/home/agusb/Desktop/ROS2-Teleoperacion-Wifi/terrenator_ws/install/robot_control/lib/pkgconfig/robot_control.pc'
[2.323s] Level 1:colcon.colcon_core.environment:checking '/home/agusb/Desktop/ROS2-Teleoperacion-Wifi/terrenator_ws/install/robot_control/lib/python3.12/site-packages'
[2.324s] Level 1:colcon.colcon_core.environment:checking '/home/agusb/Desktop/ROS2-Teleoperacion-Wifi/terrenator_ws/install/robot_control/bin'
[2.324s] INFO:colcon.colcon_core.shell:Creating package script '/home/agusb/Desktop/ROS2-Teleoperacion-Wifi/terrenator_ws/install/robot_control/share/robot_control/package.ps1'
[2.324s] INFO:colcon.colcon_core.shell:Creating package descriptor '/home/agusb/Desktop/ROS2-Teleoperacion-Wifi/terrenator_ws/install/robot_control/share/robot_control/package.dsv'
[2.325s] INFO:colcon.colcon_core.shell:Creating package script '/home/agusb/Desktop/ROS2-Teleoperacion-Wifi/terrenator_ws/install/robot_control/share/robot_control/package.sh'
[2.325s] INFO:colcon.colcon_core.shell:Creating package script '/home/agusb/Desktop/ROS2-Teleoperacion-Wifi/terrenator_ws/install/robot_control/share/robot_control/package.bash'
[2.326s] INFO:colcon.colcon_core.shell:Creating package script '/home/agusb/Desktop/ROS2-Teleoperacion-Wifi/terrenator_ws/install/robot_control/share/robot_control/package.zsh'
[2.326s] Level 1:colcon.colcon_core.environment:create_file_with_runtime_dependencies(/home/agusb/Desktop/ROS2-Teleoperacion-Wifi/terrenator_ws/install/robot_control/share/colcon-core/packages/robot_control)
[2.337s] DEBUG:colcon.colcon_parallel_executor.executor.parallel:closing loop
[2.337s] DEBUG:colcon.colcon_parallel_executor.executor.parallel:loop closed
[2.338s] DEBUG:colcon.colcon_parallel_executor.executor.parallel:run_until_complete finished with '2'
[2.338s] DEBUG:colcon.colcon_core.event_reactor:joining thread
[2.360s] INFO:colcon.colcon_core.plugin_system:Skipping extension 'colcon_notification.desktop_notification.terminal_notifier': Not used on non-Darwin systems
[2.361s] INFO:colcon.colcon_core.plugin_system:Skipping extension 'colcon_notification.desktop_notification.win32': Not used on non-Windows systems
[2.361s] INFO:colcon.colcon_notification.desktop_notification:Sending desktop notification using 'notify2'
[2.370s] DEBUG:colcon.colcon_core.event_reactor:joined thread
[2.371s] INFO:colcon.colcon_core.shell:Creating prefix script '/home/agusb/Desktop/ROS2-Teleoperacion-Wifi/terrenator_ws/install/local_setup.ps1'
[2.373s] INFO:colcon.colcon_core.shell:Creating prefix util module '/home/agusb/Desktop/ROS2-Teleoperacion-Wifi/terrenator_ws/install/_local_setup_util_ps1.py'
[2.375s] INFO:colcon.colcon_core.shell:Creating prefix chain script '/home/agusb/Desktop/ROS2-Teleoperacion-Wifi/terrenator_ws/install/setup.ps1'
[2.378s] INFO:colcon.colcon_core.shell:Creating prefix script '/home/agusb/Desktop/ROS2-Teleoperacion-Wifi/terrenator_ws/install/local_setup.sh'
[2.379s] INFO:colcon.colcon_core.shell:Creating prefix util module '/home/agusb/Desktop/ROS2-Teleoperacion-Wifi/terrenator_ws/install/_local_setup_util_sh.py'
[2.380s] INFO:colcon.colcon_core.shell:Creating prefix chain script '/home/agusb/Desktop/ROS2-Teleoperacion-Wifi/terrenator_ws/install/setup.sh'
[2.382s] INFO:colcon.colcon_core.shell:Creating prefix script '/home/agusb/Desktop/ROS2-Teleoperacion-Wifi/terrenator_ws/install/local_setup.bash'
[2.383s] INFO:colcon.colcon_core.shell:Creating prefix chain script '/home/agusb/Desktop/ROS2-Teleoperacion-Wifi/terrenator_ws/install/setup.bash'
[2.384s] INFO:colcon.colcon_core.shell:Creating prefix script '/home/agusb/Desktop/ROS2-Teleoperacion-Wifi/terrenator_ws/install/local_setup.zsh'
[2.385s] INFO:colcon.colcon_core.shell:Creating prefix chain script '/home/agusb/Desktop/ROS2-Teleoperacion-Wifi/terrenator_ws/install/setup.zsh'
