[17.387s] Invoking command in '/home/agusb/Desktop/ROS2-Teleoperacion-Wifi/ros2_ws/build/examples_rclpy_minimal_client': PYTHONPATH=/home/agusb/Desktop/ROS2-Teleoperacion-Wifi/ros2_ws/build/examples_rclpy_minimal_client/prefix_override:/usr/lib/python3/dist-packages/colcon_core/task/python/colcon_distutils_commands:/home/agusb/Desktop/ROS2-Teleoperacion-Wifi/ros2_ws/install/examples_rclpy_minimal_client/lib/python3.12/site-packages:${PYTHONPATH} /usr/bin/python3 -W ignore:setup.py install is deprecated setup.py develop --editable --build-directory /home/agusb/Desktop/ROS2-Teleoperacion-Wifi/ros2_ws/build/examples_rclpy_minimal_client/build --no-deps symlink_data
[19.094s] running develop
[19.095s] /usr/lib/python3/dist-packages/setuptools/command/develop.py:40: EasyInstallDeprecationWarning: easy_install command is deprecated.
[19.096s] !!
[19.096s] 
[19.097s]         ********************************************************************************
[19.097s]         Please avoid running ``setup.py`` and ``easy_install``.
[19.097s]         Instead, use pypa/build, pypa/installer or other
[19.098s]         standards-based tools.
[19.101s] 
[19.102s]         See https://github.com/pypa/setuptools/issues/917 for details.
[19.102s]         ********************************************************************************
[19.102s] 
[19.103s] !!
[19.103s]   easy_install.initialize_options(self)
[20.290s] running egg_info
[20.291s] creating examples_rclpy_minimal_client.egg-info
[20.410s] writing examples_rclpy_minimal_client.egg-info/PKG-INFO
[20.411s] writing dependency_links to examples_rclpy_minimal_client.egg-info/dependency_links.txt
[20.415s] writing entry points to examples_rclpy_minimal_client.egg-info/entry_points.txt
[20.415s] writing requirements to examples_rclpy_minimal_client.egg-info/requires.txt
[20.416s] writing top-level names to examples_rclpy_minimal_client.egg-info/top_level.txt
[20.420s] writing manifest file 'examples_rclpy_minimal_client.egg-info/SOURCES.txt'
[20.661s] reading manifest file 'examples_rclpy_minimal_client.egg-info/SOURCES.txt'
[20.663s] writing manifest file 'examples_rclpy_minimal_client.egg-info/SOURCES.txt'
[20.786s] running build_ext
[20.787s] Creating /home/agusb/Desktop/ROS2-Teleoperacion-Wifi/ros2_ws/install/examples_rclpy_minimal_client/lib/python3.12/site-packages/examples-rclpy-minimal-client.egg-link (link to .)
[20.787s] Installing client script to /home/agusb/Desktop/ROS2-Teleoperacion-Wifi/ros2_ws/install/examples_rclpy_minimal_client/lib/examples_rclpy_minimal_client
[20.788s] Installing client_async script to /home/agusb/Desktop/ROS2-Teleoperacion-Wifi/ros2_ws/install/examples_rclpy_minimal_client/lib/examples_rclpy_minimal_client
[20.789s] Installing client_async_callback script to /home/agusb/Desktop/ROS2-Teleoperacion-Wifi/ros2_ws/install/examples_rclpy_minimal_client/lib/examples_rclpy_minimal_client
[20.789s] Installing client_async_member_function script to /home/agusb/Desktop/ROS2-Teleoperacion-Wifi/ros2_ws/install/examples_rclpy_minimal_client/lib/examples_rclpy_minimal_client
[20.793s] 
[20.794s] Installed /home/agusb/Desktop/ROS2-Teleoperacion-Wifi/ros2_ws/build/examples_rclpy_minimal_client
[20.794s] running symlink_data
[20.795s] creating /home/agusb/Desktop/ROS2-Teleoperacion-Wifi/ros2_ws/install/examples_rclpy_minimal_client/share/ament_index
[20.795s] creating /home/agusb/Desktop/ROS2-Teleoperacion-Wifi/ros2_ws/install/examples_rclpy_minimal_client/share/ament_index/resource_index
[20.796s] creating /home/agusb/Desktop/ROS2-Teleoperacion-Wifi/ros2_ws/install/examples_rclpy_minimal_client/share/ament_index/resource_index/packages
[20.796s] symbolically linking /home/agusb/Desktop/ROS2-Teleoperacion-Wifi/ros2_ws/build/examples_rclpy_minimal_client/resource/examples_rclpy_minimal_client -> /home/agusb/Desktop/ROS2-Teleoperacion-Wifi/ros2_ws/install/examples_rclpy_minimal_client/share/ament_index/resource_index/packages
[20.797s] symbolically linking /home/agusb/Desktop/ROS2-Teleoperacion-Wifi/ros2_ws/build/examples_rclpy_minimal_client/package.xml -> /home/agusb/Desktop/ROS2-Teleoperacion-Wifi/ros2_ws/install/examples_rclpy_minimal_client/share/examples_rclpy_minimal_client
[20.932s] Invoked command in '/home/agusb/Desktop/ROS2-Teleoperacion-Wifi/ros2_ws/build/examples_rclpy_minimal_client' returned '0': PYTHONPATH=/home/agusb/Desktop/ROS2-Teleoperacion-Wifi/ros2_ws/build/examples_rclpy_minimal_client/prefix_override:/usr/lib/python3/dist-packages/colcon_core/task/python/colcon_distutils_commands:/home/agusb/Desktop/ROS2-Teleoperacion-Wifi/ros2_ws/install/examples_rclpy_minimal_client/lib/python3.12/site-packages:${PYTHONPATH} /usr/bin/python3 -W ignore:setup.py install is deprecated setup.py develop --editable --build-directory /home/agusb/Desktop/ROS2-Teleoperacion-Wifi/ros2_ws/build/examples_rclpy_minimal_client/build --no-deps symlink_data
