[0.141s] DEBUG:colcon:Command line arguments: ['/usr/bin/colcon', 'build']
[0.142s] DEBUG:colcon:Parsed command line arguments: Namespace(log_base=None, log_level=None, verb_name='build', build_base='build', install_base='install', merge_install=False, symlink_install=False, test_result_base=None, continue_on_error=False, executor='parallel', parallel_workers=8, event_handlers=None, ignore_user_meta=False, metas=['./colcon.meta'], base_paths=['.'], packages_ignore=None, packages_ignore_regex=None, paths=None, packages_up_to=None, packages_up_to_regex=None, packages_above=None, packages_above_and_dependencies=None, packages_above_depth=None, packages_select_by_dep=None, packages_skip_by_dep=None, packages_skip_up_to=None, packages_select_build_failed=False, packages_skip_build_finished=False, packages_select_test_failures=False, packages_skip_test_passed=False, packages_select=None, packages_skip=None, packages_select_regex=None, packages_skip_regex=None, packages_start=None, packages_end=None, allow_overriding=[], cmake_args=None, cmake_target=None, cmake_target_skip_unavailable=False, cmake_clean_cache=False, cmake_clean_first=False, cmake_force_configure=False, ament_cmake_args=None, catkin_cmake_args=None, catkin_skip_building_tests=False, verb_parser=<colcon_defaults.argument_parser.defaults.DefaultArgumentsDecorator object at 0x7d98b7a71e50>, verb_extension=<colcon_core.verb.build.BuildVerb object at 0x7d98b7a71d00>, main=<bound method BuildVerb.main of <colcon_core.verb.build.BuildVerb object at 0x7d98b7a71d00>>)
[0.192s] Level 1:colcon.colcon_core.package_discovery:discover_packages(colcon_meta) check parameters
[0.193s] Level 1:colcon.colcon_core.package_discovery:discover_packages(recursive) check parameters
[0.193s] Level 1:colcon.colcon_core.package_discovery:discover_packages(ignore) check parameters
[0.193s] Level 1:colcon.colcon_core.package_discovery:discover_packages(path) check parameters
[0.193s] Level 1:colcon.colcon_core.package_discovery:discover_packages(colcon_meta) discover
[0.193s] Level 1:colcon.colcon_core.package_discovery:discover_packages(recursive) discover
[0.193s] INFO:colcon.colcon_core.package_discovery:Crawling recursively for packages in '/home/agusb/Desktop/ROS2-Teleoperacion-Wifi/terrenator_ws'
[0.193s] Level 1:colcon.colcon_core.package_identification:_identify(.) by extensions ['ignore', 'ignore_ament_install']
[0.194s] Level 1:colcon.colcon_core.package_identification:_identify(.) by extension 'ignore'
[0.194s] Level 1:colcon.colcon_core.package_identification:_identify(.) by extension 'ignore_ament_install'
[0.194s] Level 1:colcon.colcon_core.package_identification:_identify(.) by extensions ['colcon_pkg']
[0.194s] Level 1:colcon.colcon_core.package_identification:_identify(.) by extension 'colcon_pkg'
[0.194s] Level 1:colcon.colcon_core.package_identification:_identify(.) by extensions ['colcon_meta']
[0.194s] Level 1:colcon.colcon_core.package_identification:_identify(.) by extension 'colcon_meta'
[0.194s] Level 1:colcon.colcon_core.package_identification:_identify(.) by extensions ['ros']
[0.194s] Level 1:colcon.colcon_core.package_identification:_identify(.) by extension 'ros'
[0.229s] Level 1:colcon.colcon_core.package_identification:_identify(.) by extensions ['cmake', 'python']
[0.229s] Level 1:colcon.colcon_core.package_identification:_identify(.) by extension 'cmake'
[0.229s] Level 1:colcon.colcon_core.package_identification:_identify(.) by extension 'python'
[0.229s] Level 1:colcon.colcon_core.package_identification:_identify(.) by extensions ['python_setup_py']
[0.230s] Level 1:colcon.colcon_core.package_identification:_identify(.) by extension 'python_setup_py'
[0.230s] Level 1:colcon.colcon_core.package_identification:_identify(build) by extensions ['ignore', 'ignore_ament_install']
[0.230s] Level 1:colcon.colcon_core.package_identification:_identify(build) by extension 'ignore'
[0.230s] Level 1:colcon.colcon_core.package_identification:_identify(build) ignored
[0.230s] Level 1:colcon.colcon_core.package_identification:_identify(install) by extensions ['ignore', 'ignore_ament_install']
[0.230s] Level 1:colcon.colcon_core.package_identification:_identify(install) by extension 'ignore'
[0.230s] Level 1:colcon.colcon_core.package_identification:_identify(install) ignored
[0.230s] Level 1:colcon.colcon_core.package_identification:_identify(log) by extensions ['ignore', 'ignore_ament_install']
[0.230s] Level 1:colcon.colcon_core.package_identification:_identify(log) by extension 'ignore'
[0.230s] Level 1:colcon.colcon_core.package_identification:_identify(log) ignored
[0.230s] Level 1:colcon.colcon_core.package_identification:_identify(src) by extensions ['ignore', 'ignore_ament_install']
[0.231s] Level 1:colcon.colcon_core.package_identification:_identify(src) by extension 'ignore'
[0.231s] Level 1:colcon.colcon_core.package_identification:_identify(src) by extension 'ignore_ament_install'
[0.231s] Level 1:colcon.colcon_core.package_identification:_identify(src) by extensions ['colcon_pkg']
[0.231s] Level 1:colcon.colcon_core.package_identification:_identify(src) by extension 'colcon_pkg'
[0.231s] Level 1:colcon.colcon_core.package_identification:_identify(src) by extensions ['colcon_meta']
[0.231s] Level 1:colcon.colcon_core.package_identification:_identify(src) by extension 'colcon_meta'
[0.231s] Level 1:colcon.colcon_core.package_identification:_identify(src) by extensions ['ros']
[0.231s] Level 1:colcon.colcon_core.package_identification:_identify(src) by extension 'ros'
[0.231s] Level 1:colcon.colcon_core.package_identification:_identify(src) by extensions ['cmake', 'python']
[0.231s] Level 1:colcon.colcon_core.package_identification:_identify(src) by extension 'cmake'
[0.231s] Level 1:colcon.colcon_core.package_identification:_identify(src) by extension 'python'
[0.231s] Level 1:colcon.colcon_core.package_identification:_identify(src) by extensions ['python_setup_py']
[0.231s] Level 1:colcon.colcon_core.package_identification:_identify(src) by extension 'python_setup_py'
[0.231s] Level 1:colcon.colcon_core.package_identification:_identify(src/cameras) by extensions ['ignore', 'ignore_ament_install']
[0.231s] Level 1:colcon.colcon_core.package_identification:_identify(src/cameras) by extension 'ignore'
[0.231s] Level 1:colcon.colcon_core.package_identification:_identify(src/cameras) by extension 'ignore_ament_install'
[0.231s] Level 1:colcon.colcon_core.package_identification:_identify(src/cameras) by extensions ['colcon_pkg']
[0.231s] Level 1:colcon.colcon_core.package_identification:_identify(src/cameras) by extension 'colcon_pkg'
[0.231s] Level 1:colcon.colcon_core.package_identification:_identify(src/cameras) by extensions ['colcon_meta']
[0.232s] Level 1:colcon.colcon_core.package_identification:_identify(src/cameras) by extension 'colcon_meta'
[0.232s] Level 1:colcon.colcon_core.package_identification:_identify(src/cameras) by extensions ['ros']
[0.232s] Level 1:colcon.colcon_core.package_identification:_identify(src/cameras) by extension 'ros'
[0.235s] DEBUG:colcon.colcon_core.package_identification:Package 'src/cameras' with type 'ros.ament_cmake' and name 'cameras'
[0.235s] Level 1:colcon.colcon_core.package_identification:_identify(src/robot_control) by extensions ['ignore', 'ignore_ament_install']
[0.235s] Level 1:colcon.colcon_core.package_identification:_identify(src/robot_control) by extension 'ignore'
[0.235s] Level 1:colcon.colcon_core.package_identification:_identify(src/robot_control) by extension 'ignore_ament_install'
[0.235s] Level 1:colcon.colcon_core.package_identification:_identify(src/robot_control) by extensions ['colcon_pkg']
[0.235s] Level 1:colcon.colcon_core.package_identification:_identify(src/robot_control) by extension 'colcon_pkg'
[0.235s] Level 1:colcon.colcon_core.package_identification:_identify(src/robot_control) by extensions ['colcon_meta']
[0.235s] Level 1:colcon.colcon_core.package_identification:_identify(src/robot_control) by extension 'colcon_meta'
[0.235s] Level 1:colcon.colcon_core.package_identification:_identify(src/robot_control) by extensions ['ros']
[0.235s] Level 1:colcon.colcon_core.package_identification:_identify(src/robot_control) by extension 'ros'
[0.236s] DEBUG:colcon.colcon_core.package_identification:Package 'src/robot_control' with type 'ros.ament_cmake' and name 'robot_control'
[0.236s] Level 1:colcon.colcon_core.package_discovery:discover_packages(recursive) using defaults
[0.236s] Level 1:colcon.colcon_core.package_discovery:discover_packages(ignore) discover
[0.236s] Level 1:colcon.colcon_core.package_discovery:discover_packages(ignore) using defaults
[0.236s] Level 1:colcon.colcon_core.package_discovery:discover_packages(path) discover
[0.236s] Level 1:colcon.colcon_core.package_discovery:discover_packages(path) using defaults
[0.259s] Level 1:colcon.colcon_core.package_discovery:discover_packages(prefix_path) check parameters
[0.259s] Level 1:colcon.colcon_core.package_discovery:discover_packages(prefix_path) discover
[0.263s] DEBUG:colcon.colcon_installed_package_information.package_discovery:Found 3 installed packages in /home/agusb/Desktop/ROS2-Teleoperacion-Wifi/sample_ws/install
[0.265s] DEBUG:colcon.colcon_installed_package_information.package_discovery:Found 307 installed packages in /opt/ros/jazzy
[0.267s] Level 1:colcon.colcon_core.package_discovery:discover_packages(prefix_path) using defaults
[0.324s] Level 5:colcon.colcon_core.verb:set package 'cameras' build argument 'cmake_args' from command line to 'None'
[0.324s] Level 5:colcon.colcon_core.verb:set package 'cameras' build argument 'cmake_target' from command line to 'None'
[0.324s] Level 5:colcon.colcon_core.verb:set package 'cameras' build argument 'cmake_target_skip_unavailable' from command line to 'False'
[0.324s] Level 5:colcon.colcon_core.verb:set package 'cameras' build argument 'cmake_clean_cache' from command line to 'False'
[0.324s] Level 5:colcon.colcon_core.verb:set package 'cameras' build argument 'cmake_clean_first' from command line to 'False'
[0.324s] Level 5:colcon.colcon_core.verb:set package 'cameras' build argument 'cmake_force_configure' from command line to 'False'
[0.324s] Level 5:colcon.colcon_core.verb:set package 'cameras' build argument 'ament_cmake_args' from command line to 'None'
[0.324s] Level 5:colcon.colcon_core.verb:set package 'cameras' build argument 'catkin_cmake_args' from command line to 'None'
[0.324s] Level 5:colcon.colcon_core.verb:set package 'cameras' build argument 'catkin_skip_building_tests' from command line to 'False'
[0.324s] DEBUG:colcon.colcon_core.verb:Building package 'cameras' with the following arguments: {'ament_cmake_args': None, 'build_base': '/home/agusb/Desktop/ROS2-Teleoperacion-Wifi/terrenator_ws/build/cameras', 'catkin_cmake_args': None, 'catkin_skip_building_tests': False, 'cmake_args': None, 'cmake_clean_cache': False, 'cmake_clean_first': False, 'cmake_force_configure': False, 'cmake_target': None, 'cmake_target_skip_unavailable': False, 'install_base': '/home/agusb/Desktop/ROS2-Teleoperacion-Wifi/terrenator_ws/install/cameras', 'merge_install': False, 'path': '/home/agusb/Desktop/ROS2-Teleoperacion-Wifi/terrenator_ws/src/cameras', 'symlink_install': False, 'test_result_base': None}
[0.325s] Level 5:colcon.colcon_core.verb:set package 'robot_control' build argument 'cmake_args' from command line to 'None'
[0.325s] Level 5:colcon.colcon_core.verb:set package 'robot_control' build argument 'cmake_target' from command line to 'None'
[0.325s] Level 5:colcon.colcon_core.verb:set package 'robot_control' build argument 'cmake_target_skip_unavailable' from command line to 'False'
[0.325s] Level 5:colcon.colcon_core.verb:set package 'robot_control' build argument 'cmake_clean_cache' from command line to 'False'
[0.325s] Level 5:colcon.colcon_core.verb:set package 'robot_control' build argument 'cmake_clean_first' from command line to 'False'
[0.325s] Level 5:colcon.colcon_core.verb:set package 'robot_control' build argument 'cmake_force_configure' from command line to 'False'
[0.325s] Level 5:colcon.colcon_core.verb:set package 'robot_control' build argument 'ament_cmake_args' from command line to 'None'
[0.325s] Level 5:colcon.colcon_core.verb:set package 'robot_control' build argument 'catkin_cmake_args' from command line to 'None'
[0.325s] Level 5:colcon.colcon_core.verb:set package 'robot_control' build argument 'catkin_skip_building_tests' from command line to 'False'
[0.325s] DEBUG:colcon.colcon_core.verb:Building package 'robot_control' with the following arguments: {'ament_cmake_args': None, 'build_base': '/home/agusb/Desktop/ROS2-Teleoperacion-Wifi/terrenator_ws/build/robot_control', 'catkin_cmake_args': None, 'catkin_skip_building_tests': False, 'cmake_args': None, 'cmake_clean_cache': False, 'cmake_clean_first': False, 'cmake_force_configure': False, 'cmake_target': None, 'cmake_target_skip_unavailable': False, 'install_base': '/home/agusb/Desktop/ROS2-Teleoperacion-Wifi/terrenator_ws/install/robot_control', 'merge_install': False, 'path': '/home/agusb/Desktop/ROS2-Teleoperacion-Wifi/terrenator_ws/src/robot_control', 'symlink_install': False, 'test_result_base': None}
[0.325s] INFO:colcon.colcon_core.executor:Executing jobs using 'parallel' executor
[0.326s] DEBUG:colcon.colcon_parallel_executor.executor.parallel:run_until_complete
[0.326s] INFO:colcon.colcon_ros.task.ament_cmake.build:Building ROS package in '/home/agusb/Desktop/ROS2-Teleoperacion-Wifi/terrenator_ws/src/cameras' with build type 'ament_cmake'
[0.326s] INFO:colcon.colcon_cmake.task.cmake.build:Building CMake package in '/home/agusb/Desktop/ROS2-Teleoperacion-Wifi/terrenator_ws/src/cameras'
[0.329s] INFO:colcon.colcon_core.plugin_system:Skipping extension 'colcon_core.shell.bat': Not used on non-Windows systems
[0.329s] INFO:colcon.colcon_core.shell:Skip shell extension 'powershell' for command environment: Not usable outside of PowerShell
[0.329s] DEBUG:colcon.colcon_core.shell:Skip shell extension 'dsv' for command environment
[0.337s] INFO:colcon.colcon_ros.task.ament_cmake.build:Building ROS package in '/home/agusb/Desktop/ROS2-Teleoperacion-Wifi/terrenator_ws/src/robot_control' with build type 'ament_cmake'
[0.337s] INFO:colcon.colcon_cmake.task.cmake.build:Building CMake package in '/home/agusb/Desktop/ROS2-Teleoperacion-Wifi/terrenator_ws/src/robot_control'
[0.339s] INFO:colcon.colcon_core.shell:Skip shell extension 'powershell' for command environment: Not usable outside of PowerShell
[0.339s] DEBUG:colcon.colcon_core.shell:Skip shell extension 'dsv' for command environment
[0.349s] DEBUG:colcon.colcon_core.event_handler.log_command:Invoking command in '/home/agusb/Desktop/ROS2-Teleoperacion-Wifi/terrenator_ws/build/cameras': CMAKE_PREFIX_PATH=${CMAKE_PREFIX_PATH}:/opt/ros/jazzy /usr/bin/cmake --build /home/agusb/Desktop/ROS2-Teleoperacion-Wifi/terrenator_ws/build/cameras -- -j8 -l8
[0.354s] DEBUG:colcon.colcon_core.event_handler.log_command:Invoking command in '/home/agusb/Desktop/ROS2-Teleoperacion-Wifi/terrenator_ws/build/robot_control': CMAKE_PREFIX_PATH=${CMAKE_PREFIX_PATH}:/opt/ros/jazzy /usr/bin/cmake --build /home/agusb/Desktop/ROS2-Teleoperacion-Wifi/terrenator_ws/build/robot_control -- -j8 -l8
[0.482s] DEBUG:colcon.colcon_core.event_handler.log_command:Invoked command in '/home/agusb/Desktop/ROS2-Teleoperacion-Wifi/terrenator_ws/build/cameras' returned '0': CMAKE_PREFIX_PATH=${CMAKE_PREFIX_PATH}:/opt/ros/jazzy /usr/bin/cmake --build /home/agusb/Desktop/ROS2-Teleoperacion-Wifi/terrenator_ws/build/cameras -- -j8 -l8
[0.579s] DEBUG:colcon.colcon_core.event_handler.log_command:Invoking command in '/home/agusb/Desktop/ROS2-Teleoperacion-Wifi/terrenator_ws/build/cameras': CMAKE_PREFIX_PATH=${CMAKE_PREFIX_PATH}:/opt/ros/jazzy /usr/bin/cmake --install /home/agusb/Desktop/ROS2-Teleoperacion-Wifi/terrenator_ws/build/cameras
[0.631s] Level 1:colcon.colcon_core.environment:create_environment_scripts_only(cameras)
[0.638s] DEBUG:colcon.colcon_core.event_handler.log_command:Invoked command in '/home/agusb/Desktop/ROS2-Teleoperacion-Wifi/terrenator_ws/build/cameras' returned '0': CMAKE_PREFIX_PATH=${CMAKE_PREFIX_PATH}:/opt/ros/jazzy /usr/bin/cmake --install /home/agusb/Desktop/ROS2-Teleoperacion-Wifi/terrenator_ws/build/cameras
[0.643s] Level 1:colcon.colcon_core.environment:checking '/home/agusb/Desktop/ROS2-Teleoperacion-Wifi/terrenator_ws/install/cameras' for CMake module files
[0.646s] Level 1:colcon.colcon_core.environment:checking '/home/agusb/Desktop/ROS2-Teleoperacion-Wifi/terrenator_ws/install/cameras' for CMake config files
[0.647s] Level 1:colcon.colcon_core.shell:create_environment_hook('cameras', 'cmake_prefix_path')
[0.648s] INFO:colcon.colcon_core.shell:Creating environment hook '/home/agusb/Desktop/ROS2-Teleoperacion-Wifi/terrenator_ws/install/cameras/share/cameras/hook/cmake_prefix_path.ps1'
[0.650s] INFO:colcon.colcon_core.shell:Creating environment descriptor '/home/agusb/Desktop/ROS2-Teleoperacion-Wifi/terrenator_ws/install/cameras/share/cameras/hook/cmake_prefix_path.dsv'
[0.652s] INFO:colcon.colcon_core.shell:Creating environment hook '/home/agusb/Desktop/ROS2-Teleoperacion-Wifi/terrenator_ws/install/cameras/share/cameras/hook/cmake_prefix_path.sh'
[0.656s] Level 1:colcon.colcon_core.environment:checking '/home/agusb/Desktop/ROS2-Teleoperacion-Wifi/terrenator_ws/install/cameras/lib'
[0.657s] Level 1:colcon.colcon_core.environment:checking '/home/agusb/Desktop/ROS2-Teleoperacion-Wifi/terrenator_ws/install/cameras/bin'
[0.657s] Level 1:colcon.colcon_core.environment:checking '/home/agusb/Desktop/ROS2-Teleoperacion-Wifi/terrenator_ws/install/cameras/lib/pkgconfig/cameras.pc'
[0.659s] Level 1:colcon.colcon_core.environment:checking '/home/agusb/Desktop/ROS2-Teleoperacion-Wifi/terrenator_ws/install/cameras/lib/python3.12/site-packages'
[0.661s] Level 1:colcon.colcon_core.environment:checking '/home/agusb/Desktop/ROS2-Teleoperacion-Wifi/terrenator_ws/install/cameras/bin'
[0.661s] INFO:colcon.colcon_core.shell:Creating package script '/home/agusb/Desktop/ROS2-Teleoperacion-Wifi/terrenator_ws/install/cameras/share/cameras/package.ps1'
[0.663s] INFO:colcon.colcon_core.shell:Creating package descriptor '/home/agusb/Desktop/ROS2-Teleoperacion-Wifi/terrenator_ws/install/cameras/share/cameras/package.dsv'
[0.665s] INFO:colcon.colcon_core.shell:Creating package script '/home/agusb/Desktop/ROS2-Teleoperacion-Wifi/terrenator_ws/install/cameras/share/cameras/package.sh'
[0.666s] INFO:colcon.colcon_core.shell:Creating package script '/home/agusb/Desktop/ROS2-Teleoperacion-Wifi/terrenator_ws/install/cameras/share/cameras/package.bash'
[0.668s] INFO:colcon.colcon_core.shell:Creating package script '/home/agusb/Desktop/ROS2-Teleoperacion-Wifi/terrenator_ws/install/cameras/share/cameras/package.zsh'
[0.670s] Level 1:colcon.colcon_core.environment:create_file_with_runtime_dependencies(/home/agusb/Desktop/ROS2-Teleoperacion-Wifi/terrenator_ws/install/cameras/share/colcon-core/packages/cameras)
[0.729s] Level 1:colcon.colcon_core.environment:create_environment_scripts_only(cameras)
[0.730s] Level 1:colcon.colcon_core.environment:checking '/home/agusb/Desktop/ROS2-Teleoperacion-Wifi/terrenator_ws/install/cameras' for CMake module files
[0.732s] Level 1:colcon.colcon_core.environment:checking '/home/agusb/Desktop/ROS2-Teleoperacion-Wifi/terrenator_ws/install/cameras' for CMake config files
[0.733s] Level 1:colcon.colcon_core.shell:create_environment_hook('cameras', 'cmake_prefix_path')
[0.734s] INFO:colcon.colcon_core.shell:Creating environment hook '/home/agusb/Desktop/ROS2-Teleoperacion-Wifi/terrenator_ws/install/cameras/share/cameras/hook/cmake_prefix_path.ps1'
[0.735s] INFO:colcon.colcon_core.shell:Creating environment descriptor '/home/agusb/Desktop/ROS2-Teleoperacion-Wifi/terrenator_ws/install/cameras/share/cameras/hook/cmake_prefix_path.dsv'
[0.736s] INFO:colcon.colcon_core.shell:Creating environment hook '/home/agusb/Desktop/ROS2-Teleoperacion-Wifi/terrenator_ws/install/cameras/share/cameras/hook/cmake_prefix_path.sh'
[0.738s] Level 1:colcon.colcon_core.environment:checking '/home/agusb/Desktop/ROS2-Teleoperacion-Wifi/terrenator_ws/install/cameras/lib'
[0.738s] Level 1:colcon.colcon_core.environment:checking '/home/agusb/Desktop/ROS2-Teleoperacion-Wifi/terrenator_ws/install/cameras/bin'
[0.739s] Level 1:colcon.colcon_core.environment:checking '/home/agusb/Desktop/ROS2-Teleoperacion-Wifi/terrenator_ws/install/cameras/lib/pkgconfig/cameras.pc'
[0.739s] Level 1:colcon.colcon_core.environment:checking '/home/agusb/Desktop/ROS2-Teleoperacion-Wifi/terrenator_ws/install/cameras/lib/python3.12/site-packages'
[0.740s] Level 1:colcon.colcon_core.environment:checking '/home/agusb/Desktop/ROS2-Teleoperacion-Wifi/terrenator_ws/install/cameras/bin'
[0.741s] INFO:colcon.colcon_core.shell:Creating package script '/home/agusb/Desktop/ROS2-Teleoperacion-Wifi/terrenator_ws/install/cameras/share/cameras/package.ps1'
[0.743s] INFO:colcon.colcon_core.shell:Creating package descriptor '/home/agusb/Desktop/ROS2-Teleoperacion-Wifi/terrenator_ws/install/cameras/share/cameras/package.dsv'
[0.745s] INFO:colcon.colcon_core.shell:Creating package script '/home/agusb/Desktop/ROS2-Teleoperacion-Wifi/terrenator_ws/install/cameras/share/cameras/package.sh'
[0.748s] INFO:colcon.colcon_core.shell:Creating package script '/home/agusb/Desktop/ROS2-Teleoperacion-Wifi/terrenator_ws/install/cameras/share/cameras/package.bash'
[0.753s] INFO:colcon.colcon_core.shell:Creating package script '/home/agusb/Desktop/ROS2-Teleoperacion-Wifi/terrenator_ws/install/cameras/share/cameras/package.zsh'
[0.755s] Level 1:colcon.colcon_core.environment:create_file_with_runtime_dependencies(/home/agusb/Desktop/ROS2-Teleoperacion-Wifi/terrenator_ws/install/cameras/share/colcon-core/packages/cameras)
[10.818s] DEBUG:colcon.colcon_core.event_handler.log_command:Invoked command in '/home/agusb/Desktop/ROS2-Teleoperacion-Wifi/terrenator_ws/build/robot_control' returned '2': CMAKE_PREFIX_PATH=${CMAKE_PREFIX_PATH}:/opt/ros/jazzy /usr/bin/cmake --build /home/agusb/Desktop/ROS2-Teleoperacion-Wifi/terrenator_ws/build/robot_control -- -j8 -l8
[10.871s] Level 1:colcon.colcon_core.environment:create_environment_scripts_only(robot_control)
[10.871s] Level 1:colcon.colcon_core.environment:checking '/home/agusb/Desktop/ROS2-Teleoperacion-Wifi/terrenator_ws/install/robot_control' for CMake module files
[10.871s] Level 1:colcon.colcon_core.environment:checking '/home/agusb/Desktop/ROS2-Teleoperacion-Wifi/terrenator_ws/install/robot_control' for CMake config files
[10.872s] Level 1:colcon.colcon_core.environment:checking '/home/agusb/Desktop/ROS2-Teleoperacion-Wifi/terrenator_ws/install/robot_control/bin'
[10.872s] Level 1:colcon.colcon_core.environment:checking '/home/agusb/Desktop/ROS2-Teleoperacion-Wifi/terrenator_ws/install/robot_control/lib/pkgconfig/robot_control.pc'
[10.872s] Level 1:colcon.colcon_core.environment:checking '/home/agusb/Desktop/ROS2-Teleoperacion-Wifi/terrenator_ws/install/robot_control/lib/python3.12/site-packages'
[10.872s] Level 1:colcon.colcon_core.environment:checking '/home/agusb/Desktop/ROS2-Teleoperacion-Wifi/terrenator_ws/install/robot_control/bin'
[10.872s] INFO:colcon.colcon_core.shell:Creating package script '/home/agusb/Desktop/ROS2-Teleoperacion-Wifi/terrenator_ws/install/robot_control/share/robot_control/package.ps1'
[10.873s] INFO:colcon.colcon_core.shell:Creating package descriptor '/home/agusb/Desktop/ROS2-Teleoperacion-Wifi/terrenator_ws/install/robot_control/share/robot_control/package.dsv'
[10.873s] INFO:colcon.colcon_core.shell:Creating package script '/home/agusb/Desktop/ROS2-Teleoperacion-Wifi/terrenator_ws/install/robot_control/share/robot_control/package.sh'
[10.874s] INFO:colcon.colcon_core.shell:Creating package script '/home/agusb/Desktop/ROS2-Teleoperacion-Wifi/terrenator_ws/install/robot_control/share/robot_control/package.bash'
[10.874s] INFO:colcon.colcon_core.shell:Creating package script '/home/agusb/Desktop/ROS2-Teleoperacion-Wifi/terrenator_ws/install/robot_control/share/robot_control/package.zsh'
[10.874s] Level 1:colcon.colcon_core.environment:create_file_with_runtime_dependencies(/home/agusb/Desktop/ROS2-Teleoperacion-Wifi/terrenator_ws/install/robot_control/share/colcon-core/packages/robot_control)
[10.885s] DEBUG:colcon.colcon_parallel_executor.executor.parallel:closing loop
[10.885s] DEBUG:colcon.colcon_parallel_executor.executor.parallel:loop closed
[10.886s] DEBUG:colcon.colcon_parallel_executor.executor.parallel:run_until_complete finished with '2'
[10.886s] DEBUG:colcon.colcon_core.event_reactor:joining thread
[10.906s] INFO:colcon.colcon_core.plugin_system:Skipping extension 'colcon_notification.desktop_notification.terminal_notifier': Not used on non-Darwin systems
[10.907s] INFO:colcon.colcon_core.plugin_system:Skipping extension 'colcon_notification.desktop_notification.win32': Not used on non-Windows systems
[10.907s] INFO:colcon.colcon_notification.desktop_notification:Sending desktop notification using 'notify2'
[10.921s] DEBUG:colcon.colcon_core.event_reactor:joined thread
[10.922s] INFO:colcon.colcon_core.shell:Creating prefix script '/home/agusb/Desktop/ROS2-Teleoperacion-Wifi/terrenator_ws/install/local_setup.ps1'
[10.925s] INFO:colcon.colcon_core.shell:Creating prefix util module '/home/agusb/Desktop/ROS2-Teleoperacion-Wifi/terrenator_ws/install/_local_setup_util_ps1.py'
[10.930s] INFO:colcon.colcon_core.shell:Creating prefix chain script '/home/agusb/Desktop/ROS2-Teleoperacion-Wifi/terrenator_ws/install/setup.ps1'
[10.933s] INFO:colcon.colcon_core.shell:Creating prefix script '/home/agusb/Desktop/ROS2-Teleoperacion-Wifi/terrenator_ws/install/local_setup.sh'
[10.934s] INFO:colcon.colcon_core.shell:Creating prefix util module '/home/agusb/Desktop/ROS2-Teleoperacion-Wifi/terrenator_ws/install/_local_setup_util_sh.py'
[10.936s] INFO:colcon.colcon_core.shell:Creating prefix chain script '/home/agusb/Desktop/ROS2-Teleoperacion-Wifi/terrenator_ws/install/setup.sh'
[10.938s] INFO:colcon.colcon_core.shell:Creating prefix script '/home/agusb/Desktop/ROS2-Teleoperacion-Wifi/terrenator_ws/install/local_setup.bash'
[10.939s] INFO:colcon.colcon_core.shell:Creating prefix chain script '/home/agusb/Desktop/ROS2-Teleoperacion-Wifi/terrenator_ws/install/setup.bash'
[10.941s] INFO:colcon.colcon_core.shell:Creating prefix script '/home/agusb/Desktop/ROS2-Teleoperacion-Wifi/terrenator_ws/install/local_setup.zsh'
[10.941s] INFO:colcon.colcon_core.shell:Creating prefix chain script '/home/agusb/Desktop/ROS2-Teleoperacion-Wifi/terrenator_ws/install/setup.zsh'
