[0.018s] Invoking command in '/home/agusb/Desktop/ROS2-Teleoperacion-Wifi/terrenator_ws/build/robot_control': AMENT_PREFIX_PATH=/home/agusb/Desktop/ROS2-Teleoperacion-Wifi/terrenator_ws/install/interfaces:${AMENT_PREFIX_PATH} CMAKE_PREFIX_PATH=/home/agusb/Desktop/ROS2-Teleoperacion-Wifi/terrenator_ws/install/interfaces:/home/agusb/Desktop/ROS2-Teleoperacion-Wifi/sample_ws/install/turtlesim:/opt/ros/jazzy/opt/gz_math_vendor:/opt/ros/jazzy/opt/gz_utils_vendor:/opt/ros/jazzy/opt/gz_cmake_vendor:/opt/ros/jazzy LD_LIBRARY_PATH=/home/agusb/Desktop/ROS2-Teleoperacion-Wifi/terrenator_ws/install/interfaces/lib:${LD_LIBRARY_PATH} PYTHONPATH=/home/agusb/Desktop/ROS2-Teleoperacion-Wifi/terrenator_ws/install/interfaces/lib/python3.12/site-packages:${PYTHONPATH} /usr/bin/cmake --build /home/agusb/Desktop/ROS2-Teleoperacion-Wifi/terrenator_ws/build/robot_control -- -j8 -l8
[0.100s] [ 50%] [32mBuilding CXX object CMakeFiles/robot_uart_controller.dir/src/robot_uart_controller.cpp.o[0m
[6.711s] [01m[K/home/agusb/Desktop/ROS2-Teleoperacion-Wifi/terrenator_ws/src/robot_control/src/robot_uart_controller.cpp:[m[K In function ‘[01m[Kvoid[01;32m[K generarRampaVelocidad[m[K(Vel_espacial*, Vel_espacial*, std::vector<float>&, std::vector<float>&, std::vector<float>&)[m[K’:
[6.711s] [01m[K/home/agusb/Desktop/ROS2-Teleoperacion-Wifi/terrenator_ws/src/robot_control/src/robot_uart_controller.cpp:55:42:[m[K [01;35m[Kwarning: [m[Kunused parameter ‘[01m[Kvel_inicial[m[K’ [[01;35m[K]8;;https://gcc.gnu.org/onlinedocs/gcc/Warning-Options.html#index-Wunused-parameter-Wunused-parameter]8;;[m[K]
[6.711s]    55 | void generarRampaVelocidad([01;35m[KVel_espacial* vel_inicial[m[K, Vel_espacial* vel_final,
[6.711s]       |                            [01;35m[K~~~~~~~~~~~~~~^~~~~~~~~~~[m[K
[6.735s] [01m[K/home/agusb/Desktop/ROS2-Teleoperacion-Wifi/terrenator_ws/src/robot_control/src/robot_uart_controller.cpp:[m[K In function ‘[01m[Kvoid[01;32m[K joy_callback[m[K(sensor_msgs::msg::Joy_<std::allocator<void> >::SharedPtr)[m[K’:
[6.735s] [01m[K/home/agusb/Desktop/ROS2-Teleoperacion-Wifi/terrenator_ws/src/robot_control/src/robot_uart_controller.cpp:152:5:[m[K [01;31m[Kerror: [m[K‘[01m[Krobot_info_publisher[m[K’ was not declared in this scope; did you mean ‘[01m[Krmw_get_gid_for_publisher[m[K’?
[6.735s]   152 |     [01;31m[Krobot_info_publisher[m[K->publish(msgInfo);
[6.735s]       |     [01;31m[K^~~~~~~~~~~~~~~~~~~~[m[K
[6.736s]       |     [32m[Krmw_get_gid_for_publisher[m[K
[6.791s] [01m[K/home/agusb/Desktop/ROS2-Teleoperacion-Wifi/terrenator_ws/src/robot_control/src/robot_uart_controller.cpp:[m[K In function ‘[01m[Kint[01;32m[K main[m[K(int, char**)[m[K’:
[6.792s] [01m[K/home/agusb/Desktop/ROS2-Teleoperacion-Wifi/terrenator_ws/src/robot_control/src/robot_uart_controller.cpp:169:73:[m[K [01;31m[Kerror: [m[K‘[01m[Kmsg[m[K’ is not a member of ‘[01m[Kinterfaces::msg[m[K’
[6.792s]   169 |     auto robot_info_publisher = node->create_publisher<interfaces::msg::[01;31m[Kmsg[m[K::TramaDatos>(
[6.793s]       |                                                                         [01;31m[K^~~[m[K
[6.793s] [01m[K/home/agusb/Desktop/ROS2-Teleoperacion-Wifi/terrenator_ws/src/robot_control/src/robot_uart_controller.cpp:169:73:[m[K [01;36m[Knote: [m[Ksuggested alternatives:
[6.793s] In file included from [01m[K/opt/ros/jazzy/include/rcl_interfaces/rcl_interfaces/srv/detail/list_parameters__struct.hpp:156[m[K,
[6.793s]                  from [01m[K/opt/ros/jazzy/include/rcl_interfaces/rcl_interfaces/srv/list_parameters.hpp:7[m[K,
[6.793s]                  from [01m[K/opt/ros/jazzy/include/rclcpp/rclcpp/copy_all_parameter_values.hpp:21[m[K,
[6.793s]                  from [01m[K/opt/ros/jazzy/include/rclcpp/rclcpp/rclcpp.hpp:171[m[K,
[6.794s]                  from [01m[K/home/agusb/Desktop/ROS2-Teleoperacion-Wifi/terrenator_ws/src/robot_control/src/robot_uart_controller.cpp:2[m[K:
[6.794s] [01m[K/opt/ros/jazzy/include/rcl_interfaces/rcl_interfaces/msg/detail/list_parameters_result__struct.hpp:30:11:[m[K [01;36m[Knote: [m[K  ‘[01m[Krcl_interfaces::msg[m[K’
[6.794s]    30 | namespace [01;36m[Kmsg[m[K
[6.794s]       |           [01;36m[K^~~[m[K
[6.794s] In file included from [01m[K/opt/ros/jazzy/include/service_msgs/service_msgs/msg/detail/service_event_info__struct.hpp:23[m[K,
[6.795s]                  from [01m[K/opt/ros/jazzy/include/rcl_interfaces/rcl_interfaces/srv/detail/list_parameters__struct.hpp:267[m[K:
[6.795s] [01m[K/opt/ros/jazzy/include/builtin_interfaces/builtin_interfaces/msg/detail/time__struct.hpp:30:11:[m[K [01;36m[Knote: [m[K  ‘[01m[Kbuiltin_interfaces::msg[m[K’
[6.795s]    30 | namespace [01;36m[Kmsg[m[K
[6.795s]       |           [01;36m[K^~~[m[K
[6.795s] [01m[K/opt/ros/jazzy/include/service_msgs/service_msgs/msg/detail/service_event_info__struct.hpp:34:11:[m[K [01;36m[Knote: [m[K  ‘[01m[Kservice_msgs::msg[m[K’
[6.795s]    34 | namespace [01;36m[Kmsg[m[K
[6.795s]       |           [01;36m[K^~~[m[K
[6.796s] In file included from [01m[K/opt/ros/jazzy/include/statistics_msgs/statistics_msgs/msg/detail/metrics_message__struct.hpp:26[m[K,
[6.796s]                  from [01m[K/opt/ros/jazzy/include/statistics_msgs/statistics_msgs/msg/metrics_message.hpp:7[m[K,
[6.796s]                  from [01m[K/opt/ros/jazzy/include/libstatistics_collector/libstatistics_collector/collector/generate_statistics_message.hpp:21[m[K,
[6.796s]                  from [01m[K/opt/ros/jazzy/include/rclcpp/rclcpp/topic_statistics/subscription_topic_statistics.hpp:23[m[K,
[6.796s]                  from [01m[K/opt/ros/jazzy/include/rclcpp/rclcpp/subscription.hpp:50[m[K,
[6.797s]                  from [01m[K/opt/ros/jazzy/include/rclcpp/rclcpp/any_executable.hpp:25[m[K,
[6.797s]                  from [01m[K/opt/ros/jazzy/include/rclcpp/rclcpp/memory_strategy.hpp:25[m[K,
[6.797s]                  from [01m[K/opt/ros/jazzy/include/rclcpp/rclcpp/memory_strategies.hpp:18[m[K,
[6.797s]                  from [01m[K/opt/ros/jazzy/include/rclcpp/rclcpp/executor_options.hpp:22[m[K,
[6.797s]                  from [01m[K/opt/ros/jazzy/include/rclcpp/rclcpp/executor.hpp:38[m[K,
[6.797s]                  from [01m[K/opt/ros/jazzy/include/rclcpp/rclcpp/executors/multi_threaded_executor.hpp:25[m[K,
[6.798s]                  from [01m[K/opt/ros/jazzy/include/rclcpp/rclcpp/executors.hpp:21[m[K,
[6.798s]                  from [01m[K/opt/ros/jazzy/include/rclcpp/rclcpp/rclcpp.hpp:172[m[K:
[6.798s] [01m[K/opt/ros/jazzy/include/statistics_msgs/statistics_msgs/msg/detail/statistic_data_point__struct.hpp:30:11:[m[K [01;36m[Knote: [m[K  ‘[01m[Kstatistics_msgs::msg[m[K’
[6.798s]    30 | namespace [01;36m[Kmsg[m[K
[6.799s]       |           [01;36m[K^~~[m[K
[6.799s] In file included from [01m[K/opt/ros/jazzy/include/std_msgs/std_msgs/msg/string.hpp:7[m[K,
[6.800s]                  from [01m[K/home/agusb/Desktop/ROS2-Teleoperacion-Wifi/terrenator_ws/src/robot_control/src/robot_uart_controller.cpp:3[m[K:
[6.800s] [01m[K/opt/ros/jazzy/include/std_msgs/std_msgs/msg/detail/string__struct.hpp:30:11:[m[K [01;36m[Knote: [m[K  ‘[01m[Kstd_msgs::msg[m[K’
[6.800s]    30 | namespace [01;36m[Kmsg[m[K
[6.801s]       |           [01;36m[K^~~[m[K
[6.801s] In file included from [01m[K/opt/ros/jazzy/include/sensor_msgs/sensor_msgs/msg/joy.hpp:7[m[K,
[6.801s]                  from [01m[K/home/agusb/Desktop/ROS2-Teleoperacion-Wifi/terrenator_ws/src/robot_control/src/robot_uart_controller.cpp:4[m[K:
[6.802s] [01m[K/opt/ros/jazzy/include/sensor_msgs/sensor_msgs/msg/detail/joy__struct.hpp:34:11:[m[K [01;36m[Knote: [m[K  ‘[01m[Ksensor_msgs::msg[m[K’
[6.802s]    34 | namespace [01;36m[Kmsg[m[K
[6.802s]       |           [01;36m[K^~~[m[K
[6.802s] In file included from [01m[K/home/agusb/Desktop/ROS2-Teleoperacion-Wifi/terrenator_ws/install/interfaces/include/interfaces/interfaces/msg/trama_datos.hpp:7[m[K,
[6.803s]                  from [01m[K/home/agusb/Desktop/ROS2-Teleoperacion-Wifi/terrenator_ws/src/robot_control/src/robot_uart_controller.cpp:5[m[K:
[6.803s] [01m[K/home/agusb/Desktop/ROS2-Teleoperacion-Wifi/terrenator_ws/install/interfaces/include/interfaces/interfaces/msg/detail/trama_datos__struct.hpp:30:11:[m[K [01;36m[Knote: [m[K  ‘[01m[Kinterfaces::msg[m[K’
[6.803s]    30 | namespace [01;36m[Kmsg[m[K
[6.803s]       |           [01;36m[K^~~[m[K
[6.803s] [01m[K/home/agusb/Desktop/ROS2-Teleoperacion-Wifi/terrenator_ws/src/robot_control/src/robot_uart_controller.cpp:169:39:[m[K [01;31m[Kerror: [m[Kparse error in template argument list
[6.803s]   169 |     auto robot_info_publisher = node->[01;31m[Kcreate_publisher<interfaces::msg::msg::TramaDatos>[m[K(
[6.804s]       |                                       [01;31m[K^~~~~~~~~~~~~~~~~~~~~~~~~~~~~~~~~~~~~~~~~~~~~~~~~~[m[K
[6.804s] [01m[K/home/agusb/Desktop/ROS2-Teleoperacion-Wifi/terrenator_ws/src/robot_control/src/robot_uart_controller.cpp:169:89:[m[K [01;31m[Kerror: [m[Kno matching function for call to ‘[01m[Krclcpp::Node::create_publisher<<expression error> >(const char [11], int)[m[K’
[6.804s]   169 |     auto robot_info_publisher = [01;31m[Knode->create_publisher<interfaces::msg::msg::TramaDatos>([m[K
[6.804s]       |                                 [01;31m[K~~~~~~~~~~~~~~~~~~~~~~~~~~~~~~~~~~~~~~~~~~~~~~~~~~~~~~~~^[m[K
[6.805s]   170 | [01;31m[K                            "robot_info", 10)[m[K;
[6.805s]       |                             [01;31m[K~~~~~~~~~~~~~~~~~[m[K                                            
[6.805s] In file included from [01m[K/opt/ros/jazzy/include/rclcpp/rclcpp/executors/single_threaded_executor.hpp:28[m[K,
[6.805s]                  from [01m[K/opt/ros/jazzy/include/rclcpp/rclcpp/executors.hpp:22[m[K:
[6.805s] [01m[K/opt/ros/jazzy/include/rclcpp/rclcpp/node.hpp:197:3:[m[K [01;36m[Knote: [m[Kcandidate: ‘[01m[Ktemplate<class MessageT, class AllocatorT, class PublisherT> std::shared_ptr<PublisherT> rclcpp::Node::[01;32m[Kcreate_publisher[m[K(const std::string&, const rclcpp::QoS&, const rclcpp::PublisherOptionsWithAllocator<AllocatorT>&)[m[K’
[6.806s]   197 |   [01;36m[Kcreate_publisher[m[K(
[6.806s]       |   [01;36m[K^~~~~~~~~~~~~~~~[m[K
[6.806s] [01m[K/opt/ros/jazzy/include/rclcpp/rclcpp/node.hpp:197:3:[m[K [01;36m[Knote: [m[K  template argument deduction/substitution failed:
[6.807s] [01m[K/home/agusb/Desktop/ROS2-Teleoperacion-Wifi/terrenator_ws/src/robot_control/src/robot_uart_controller.cpp:169:89:[m[K [01;31m[Kerror: [m[Ktemplate argument 1 is invalid
[6.807s]   169 |     auto robot_info_publisher = [01;31m[Knode->create_publisher<interfaces::msg::msg::TramaDatos>([m[K
[6.807s]       |                                 [01;31m[K~~~~~~~~~~~~~~~~~~~~~~~~~~~~~~~~~~~~~~~~~~~~~~~~~~~~~~~~^[m[K
[6.808s]   170 | [01;31m[K                            "robot_info", 10)[m[K;
[6.808s]       |                             [01;31m[K~~~~~~~~~~~~~~~~~[m[K                                            
[15.176s] gmake[2]: *** [CMakeFiles/robot_uart_controller.dir/build.make:76: CMakeFiles/robot_uart_controller.dir/src/robot_uart_controller.cpp.o] Error 1
[15.176s] gmake[1]: *** [CMakeFiles/Makefile2:137: CMakeFiles/robot_uart_controller.dir/all] Error 2
[15.177s] gmake: *** [Makefile:146: all] Error 2
[15.180s] Invoked command in '/home/agusb/Desktop/ROS2-Teleoperacion-Wifi/terrenator_ws/build/robot_control' returned '2': AMENT_PREFIX_PATH=/home/agusb/Desktop/ROS2-Teleoperacion-Wifi/terrenator_ws/install/interfaces:${AMENT_PREFIX_PATH} CMAKE_PREFIX_PATH=/home/agusb/Desktop/ROS2-Teleoperacion-Wifi/terrenator_ws/install/interfaces:/home/agusb/Desktop/ROS2-Teleoperacion-Wifi/sample_ws/install/turtlesim:/opt/ros/jazzy/opt/gz_math_vendor:/opt/ros/jazzy/opt/gz_utils_vendor:/opt/ros/jazzy/opt/gz_cmake_vendor:/opt/ros/jazzy LD_LIBRARY_PATH=/home/agusb/Desktop/ROS2-Teleoperacion-Wifi/terrenator_ws/install/interfaces/lib:${LD_LIBRARY_PATH} PYTHONPATH=/home/agusb/Desktop/ROS2-Teleoperacion-Wifi/terrenator_ws/install/interfaces/lib/python3.12/site-packages:${PYTHONPATH} /usr/bin/cmake --build /home/agusb/Desktop/ROS2-Teleoperacion-Wifi/terrenator_ws/build/robot_control -- -j8 -l8
