[  0%] Built target turtlesim__rosidl_generator_type_description
[  0%] Built target ament_cmake_python_copy_turtlesim
[  1%] Built target turtlesim__cpp
[ 24%] Built target turtlesim__rosidl_generator_c
[ 33%] Built target turtlesim__rosidl_typesupport_introspection_c
[ 58%] Built target turtlesim__rosidl_typesupport_cpp
[ 58%] Built target turtlesim__rosidl_typesupport_fastrtps_c
[ 59%] Built target turtlesim__rosidl_typesupport_c
[ 68%] Built target turtlesim__rosidl_typesupport_fastrtps_cpp
[ 76%] Built target turtlesim__rosidl_typesupport_introspection_cpp
[ 76%] Built target turtlesim
[ 77%] Built target draw_square
[ 79%] Built target turtle_teleop_key
[ 81%] Built target mimic
[ 82%] [32mBuilding CXX object CMakeFiles/turtlesim_node.dir/src/turtle_frame.cpp.o[0m
[ 82%] Built target turtlesim__py
[ 90%] Built target turtlesim__rosidl_generator_py
[ 92%] Built target turtlesim_s__rosidl_typesupport_fastrtps_c
[ 94%] Built target turtlesim_s__rosidl_typesupport_introspection_c
[ 96%] Built target turtlesim_s__rosidl_typesupport_c
running egg_info
writing turtlesim.egg-info/PKG-INFO
writing dependency_links to turtlesim.egg-info/dependency_links.txt
writing top-level names to turtlesim.egg-info/top_level.txt
reading manifest file 'turtlesim.egg-info/SOURCES.txt'
writing manifest file 'turtlesim.egg-info/SOURCES.txt'
[ 96%] Built target ament_cmake_python_build_turtlesim_egg
gmake[2]: *** Deleting file 'CMakeFiles/turtlesim_node.dir/src/turtle_frame.cpp.o'
gmake[2]: *** [CMakeFiles/turtlesim_node.dir/build.make:108: CMakeFiles/turtlesim_node.dir/src/turtle_frame.cpp.o] Interrupt
gmake[1]: *** [CMakeFiles/Makefile2:631: CMakeFiles/turtlesim_node.dir/all] Interrupt
gmake: *** [Makefile:146: all] Interrupt
