[  2%] Built target robot_control__rosidl_generator_type_description
[  2%] Built target ament_cmake_python_copy_robot_control
[  5%] [32mBuilding CXX object CMakeFiles/robot_uart_controller.dir/src/robot_uart_controller.cpp.o[0m
[  8%] Built target robot_control__cpp
[ 22%] Built target robot_control__rosidl_generator_c
[ 30%] Built target robot_control__rosidl_typesupport_fastrtps_c
[ 47%] Built target robot_control__rosidl_typesupport_introspection_cpp
[ 47%] Built target robot_control__rosidl_typesupport_c
[ 55%] Built target robot_control__rosidl_typesupport_cpp
[ 66%] Built target robot_control__rosidl_typesupport_introspection_c
[ 72%] Built target robot_control__rosidl_typesupport_fastrtps_cpp
[ 72%] Built target robot_control
[ 75%] Built target robot_control__py
[ 80%] Built target robot_control__rosidl_generator_py
[ 83%] [32mBuilding C object CMakeFiles/robot_control_s__rosidl_typesupport_c.dir/rosidl_generator_py/robot_control/_robot_control_s.ep.rosidl_typesupport_c.c.o[0m
[ 86%] [32mBuilding C object CMakeFiles/robot_control_s__rosidl_typesupport_fastrtps_c.dir/rosidl_generator_py/robot_control/_robot_control_s.ep.rosidl_typesupport_fastrtps_c.c.o[0m
[ 88%] [32mBuilding C object CMakeFiles/robot_control_s__rosidl_typesupport_introspection_c.dir/rosidl_generator_py/robot_control/_robot_control_s.ep.rosidl_typesupport_introspection_c.c.o[0m
running egg_info
[ 91%] [32m[1mLinking C shared module rosidl_generator_py/robot_control/robot_control_s__rosidl_typesupport_c.so[0m
[ 94%] [32m[1mLinking C shared module rosidl_generator_py/robot_control/robot_control_s__rosidl_typesupport_introspection_c.so[0m
[ 97%] [32m[1mLinking C shared module rosidl_generator_py/robot_control/robot_control_s__rosidl_typesupport_fastrtps_c.so[0m
writing robot_control.egg-info/PKG-INFO
writing dependency_links to robot_control.egg-info/dependency_links.txt
writing top-level names to robot_control.egg-info/top_level.txt
[ 97%] Built target robot_control_s__rosidl_typesupport_c
[ 97%] Built target robot_control_s__rosidl_typesupport_introspection_c
[ 97%] Built target robot_control_s__rosidl_typesupport_fastrtps_c
reading manifest file 'robot_control.egg-info/SOURCES.txt'
writing manifest file 'robot_control.egg-info/SOURCES.txt'
[ 97%] Built target ament_cmake_python_build_robot_control_egg
