[0.130s] DEBUG:colcon:Command line arguments: ['/usr/bin/colcon', 'build']
[0.130s] DEBUG:colcon:Parsed command line arguments: Namespace(log_base=None, log_level=None, verb_name='build', build_base='build', install_base='install', merge_install=False, symlink_install=False, test_result_base=None, continue_on_error=False, executor='parallel', parallel_workers=8, event_handlers=None, ignore_user_meta=False, metas=['./colcon.meta'], base_paths=['.'], packages_ignore=None, packages_ignore_regex=None, paths=None, packages_up_to=None, packages_up_to_regex=None, packages_above=None, packages_above_and_dependencies=None, packages_above_depth=None, packages_select_by_dep=None, packages_skip_by_dep=None, packages_skip_up_to=None, packages_select_build_failed=False, packages_skip_build_finished=False, packages_select_test_failures=False, packages_skip_test_passed=False, packages_select=None, packages_skip=None, packages_select_regex=None, packages_skip_regex=None, packages_start=None, packages_end=None, allow_overriding=[], cmake_args=None, cmake_target=None, cmake_target_skip_unavailable=False, cmake_clean_cache=False, cmake_clean_first=False, cmake_force_configure=False, ament_cmake_args=None, catkin_cmake_args=None, catkin_skip_building_tests=False, verb_parser=<colcon_defaults.argument_parser.defaults.DefaultArgumentsDecorator object at 0x7a56c1179e50>, verb_extension=<colcon_core.verb.build.BuildVerb object at 0x7a56c1179b80>, main=<bound method BuildVerb.main of <colcon_core.verb.build.BuildVerb object at 0x7a56c1179b80>>)
[0.177s] Level 1:colcon.colcon_core.package_discovery:discover_packages(colcon_meta) check parameters
[0.177s] Level 1:colcon.colcon_core.package_discovery:discover_packages(recursive) check parameters
[0.177s] Level 1:colcon.colcon_core.package_discovery:discover_packages(ignore) check parameters
[0.177s] Level 1:colcon.colcon_core.package_discovery:discover_packages(path) check parameters
[0.177s] Level 1:colcon.colcon_core.package_discovery:discover_packages(colcon_meta) discover
[0.177s] Level 1:colcon.colcon_core.package_discovery:discover_packages(recursive) discover
[0.177s] INFO:colcon.colcon_core.package_discovery:Crawling recursively for packages in '/home/agusb/Desktop/ROS2-Teleoperacion-Wifi/terrenator_ws'
[0.177s] Level 1:colcon.colcon_core.package_identification:_identify(.) by extensions ['ignore', 'ignore_ament_install']
[0.177s] Level 1:colcon.colcon_core.package_identification:_identify(.) by extension 'ignore'
[0.177s] Level 1:colcon.colcon_core.package_identification:_identify(.) by extension 'ignore_ament_install'
[0.177s] Level 1:colcon.colcon_core.package_identification:_identify(.) by extensions ['colcon_pkg']
[0.178s] Level 1:colcon.colcon_core.package_identification:_identify(.) by extension 'colcon_pkg'
[0.178s] Level 1:colcon.colcon_core.package_identification:_identify(.) by extensions ['colcon_meta']
[0.178s] Level 1:colcon.colcon_core.package_identification:_identify(.) by extension 'colcon_meta'
[0.178s] Level 1:colcon.colcon_core.package_identification:_identify(.) by extensions ['ros']
[0.178s] Level 1:colcon.colcon_core.package_identification:_identify(.) by extension 'ros'
[0.228s] Level 1:colcon.colcon_core.package_identification:_identify(.) by extensions ['cmake', 'python']
[0.228s] Level 1:colcon.colcon_core.package_identification:_identify(.) by extension 'cmake'
[0.228s] Level 1:colcon.colcon_core.package_identification:_identify(.) by extension 'python'
[0.228s] Level 1:colcon.colcon_core.package_identification:_identify(.) by extensions ['python_setup_py']
[0.228s] Level 1:colcon.colcon_core.package_identification:_identify(.) by extension 'python_setup_py'
[0.228s] Level 1:colcon.colcon_core.package_identification:_identify(build) by extensions ['ignore', 'ignore_ament_install']
[0.229s] Level 1:colcon.colcon_core.package_identification:_identify(build) by extension 'ignore'
[0.229s] Level 1:colcon.colcon_core.package_identification:_identify(build) ignored
[0.229s] Level 1:colcon.colcon_core.package_identification:_identify(install) by extensions ['ignore', 'ignore_ament_install']
[0.229s] Level 1:colcon.colcon_core.package_identification:_identify(install) by extension 'ignore'
[0.229s] Level 1:colcon.colcon_core.package_identification:_identify(install) ignored
[0.229s] Level 1:colcon.colcon_core.package_identification:_identify(log) by extensions ['ignore', 'ignore_ament_install']
[0.230s] Level 1:colcon.colcon_core.package_identification:_identify(log) by extension 'ignore'
[0.230s] Level 1:colcon.colcon_core.package_identification:_identify(log) ignored
[0.230s] Level 1:colcon.colcon_core.package_identification:_identify(src) by extensions ['ignore', 'ignore_ament_install']
[0.230s] Level 1:colcon.colcon_core.package_identification:_identify(src) by extension 'ignore'
[0.230s] Level 1:colcon.colcon_core.package_identification:_identify(src) by extension 'ignore_ament_install'
[0.230s] Level 1:colcon.colcon_core.package_identification:_identify(src) by extensions ['colcon_pkg']
[0.230s] Level 1:colcon.colcon_core.package_identification:_identify(src) by extension 'colcon_pkg'
[0.230s] Level 1:colcon.colcon_core.package_identification:_identify(src) by extensions ['colcon_meta']
[0.230s] Level 1:colcon.colcon_core.package_identification:_identify(src) by extension 'colcon_meta'
[0.230s] Level 1:colcon.colcon_core.package_identification:_identify(src) by extensions ['ros']
[0.231s] Level 1:colcon.colcon_core.package_identification:_identify(src) by extension 'ros'
[0.231s] Level 1:colcon.colcon_core.package_identification:_identify(src) by extensions ['cmake', 'python']
[0.231s] Level 1:colcon.colcon_core.package_identification:_identify(src) by extension 'cmake'
[0.231s] Level 1:colcon.colcon_core.package_identification:_identify(src) by extension 'python'
[0.231s] Level 1:colcon.colcon_core.package_identification:_identify(src) by extensions ['python_setup_py']
[0.231s] Level 1:colcon.colcon_core.package_identification:_identify(src) by extension 'python_setup_py'
[0.231s] Level 1:colcon.colcon_core.package_identification:_identify(src/cameras) by extensions ['ignore', 'ignore_ament_install']
[0.231s] Level 1:colcon.colcon_core.package_identification:_identify(src/cameras) by extension 'ignore'
[0.232s] Level 1:colcon.colcon_core.package_identification:_identify(src/cameras) by extension 'ignore_ament_install'
[0.232s] Level 1:colcon.colcon_core.package_identification:_identify(src/cameras) by extensions ['colcon_pkg']
[0.232s] Level 1:colcon.colcon_core.package_identification:_identify(src/cameras) by extension 'colcon_pkg'
[0.232s] Level 1:colcon.colcon_core.package_identification:_identify(src/cameras) by extensions ['colcon_meta']
[0.232s] Level 1:colcon.colcon_core.package_identification:_identify(src/cameras) by extension 'colcon_meta'
[0.232s] Level 1:colcon.colcon_core.package_identification:_identify(src/cameras) by extensions ['ros']
[0.232s] Level 1:colcon.colcon_core.package_identification:_identify(src/cameras) by extension 'ros'
[0.240s] DEBUG:colcon.colcon_core.package_identification:Package 'src/cameras' with type 'ros.ament_cmake' and name 'cameras'
[0.241s] Level 1:colcon.colcon_core.package_identification:_identify(src/robot_control) by extensions ['ignore', 'ignore_ament_install']
[0.241s] Level 1:colcon.colcon_core.package_identification:_identify(src/robot_control) by extension 'ignore'
[0.241s] Level 1:colcon.colcon_core.package_identification:_identify(src/robot_control) by extension 'ignore_ament_install'
[0.241s] Level 1:colcon.colcon_core.package_identification:_identify(src/robot_control) by extensions ['colcon_pkg']
[0.241s] Level 1:colcon.colcon_core.package_identification:_identify(src/robot_control) by extension 'colcon_pkg'
[0.241s] Level 1:colcon.colcon_core.package_identification:_identify(src/robot_control) by extensions ['colcon_meta']
[0.241s] Level 1:colcon.colcon_core.package_identification:_identify(src/robot_control) by extension 'colcon_meta'
[0.242s] Level 1:colcon.colcon_core.package_identification:_identify(src/robot_control) by extensions ['ros']
[0.242s] Level 1:colcon.colcon_core.package_identification:_identify(src/robot_control) by extension 'ros'
[0.243s] DEBUG:colcon.colcon_core.package_identification:Package 'src/robot_control' with type 'ros.ament_cmake' and name 'robot_control'
[0.243s] Level 1:colcon.colcon_core.package_discovery:discover_packages(recursive) using defaults
[0.243s] Level 1:colcon.colcon_core.package_discovery:discover_packages(ignore) discover
[0.243s] Level 1:colcon.colcon_core.package_discovery:discover_packages(ignore) using defaults
[0.243s] Level 1:colcon.colcon_core.package_discovery:discover_packages(path) discover
[0.243s] Level 1:colcon.colcon_core.package_discovery:discover_packages(path) using defaults
[0.287s] Level 1:colcon.colcon_core.package_discovery:discover_packages(prefix_path) check parameters
[0.287s] Level 1:colcon.colcon_core.package_discovery:discover_packages(prefix_path) discover
[0.290s] DEBUG:colcon.colcon_installed_package_information.package_discovery:Found 3 installed packages in /home/agusb/Desktop/ROS2-Teleoperacion-Wifi/sample_ws/install
[0.294s] DEBUG:colcon.colcon_installed_package_information.package_discovery:Found 307 installed packages in /opt/ros/jazzy
[0.297s] Level 1:colcon.colcon_core.package_discovery:discover_packages(prefix_path) using defaults
[0.377s] Level 5:colcon.colcon_core.verb:set package 'cameras' build argument 'cmake_args' from command line to 'None'
[0.377s] Level 5:colcon.colcon_core.verb:set package 'cameras' build argument 'cmake_target' from command line to 'None'
[0.377s] Level 5:colcon.colcon_core.verb:set package 'cameras' build argument 'cmake_target_skip_unavailable' from command line to 'False'
[0.377s] Level 5:colcon.colcon_core.verb:set package 'cameras' build argument 'cmake_clean_cache' from command line to 'False'
[0.377s] Level 5:colcon.colcon_core.verb:set package 'cameras' build argument 'cmake_clean_first' from command line to 'False'
[0.377s] Level 5:colcon.colcon_core.verb:set package 'cameras' build argument 'cmake_force_configure' from command line to 'False'
[0.377s] Level 5:colcon.colcon_core.verb:set package 'cameras' build argument 'ament_cmake_args' from command line to 'None'
[0.377s] Level 5:colcon.colcon_core.verb:set package 'cameras' build argument 'catkin_cmake_args' from command line to 'None'
[0.377s] Level 5:colcon.colcon_core.verb:set package 'cameras' build argument 'catkin_skip_building_tests' from command line to 'False'
[0.377s] DEBUG:colcon.colcon_core.verb:Building package 'cameras' with the following arguments: {'ament_cmake_args': None, 'build_base': '/home/agusb/Desktop/ROS2-Teleoperacion-Wifi/terrenator_ws/build/cameras', 'catkin_cmake_args': None, 'catkin_skip_building_tests': False, 'cmake_args': None, 'cmake_clean_cache': False, 'cmake_clean_first': False, 'cmake_force_configure': False, 'cmake_target': None, 'cmake_target_skip_unavailable': False, 'install_base': '/home/agusb/Desktop/ROS2-Teleoperacion-Wifi/terrenator_ws/install/cameras', 'merge_install': False, 'path': '/home/agusb/Desktop/ROS2-Teleoperacion-Wifi/terrenator_ws/src/cameras', 'symlink_install': False, 'test_result_base': None}
[0.378s] Level 5:colcon.colcon_core.verb:set package 'robot_control' build argument 'cmake_args' from command line to 'None'
[0.378s] Level 5:colcon.colcon_core.verb:set package 'robot_control' build argument 'cmake_target' from command line to 'None'
[0.378s] Level 5:colcon.colcon_core.verb:set package 'robot_control' build argument 'cmake_target_skip_unavailable' from command line to 'False'
[0.378s] Level 5:colcon.colcon_core.verb:set package 'robot_control' build argument 'cmake_clean_cache' from command line to 'False'
[0.378s] Level 5:colcon.colcon_core.verb:set package 'robot_control' build argument 'cmake_clean_first' from command line to 'False'
[0.378s] Level 5:colcon.colcon_core.verb:set package 'robot_control' build argument 'cmake_force_configure' from command line to 'False'
[0.378s] Level 5:colcon.colcon_core.verb:set package 'robot_control' build argument 'ament_cmake_args' from command line to 'None'
[0.378s] Level 5:colcon.colcon_core.verb:set package 'robot_control' build argument 'catkin_cmake_args' from command line to 'None'
[0.378s] Level 5:colcon.colcon_core.verb:set package 'robot_control' build argument 'catkin_skip_building_tests' from command line to 'False'
[0.378s] DEBUG:colcon.colcon_core.verb:Building package 'robot_control' with the following arguments: {'ament_cmake_args': None, 'build_base': '/home/agusb/Desktop/ROS2-Teleoperacion-Wifi/terrenator_ws/build/robot_control', 'catkin_cmake_args': None, 'catkin_skip_building_tests': False, 'cmake_args': None, 'cmake_clean_cache': False, 'cmake_clean_first': False, 'cmake_force_configure': False, 'cmake_target': None, 'cmake_target_skip_unavailable': False, 'install_base': '/home/agusb/Desktop/ROS2-Teleoperacion-Wifi/terrenator_ws/install/robot_control', 'merge_install': False, 'path': '/home/agusb/Desktop/ROS2-Teleoperacion-Wifi/terrenator_ws/src/robot_control', 'symlink_install': False, 'test_result_base': None}
[0.378s] INFO:colcon.colcon_core.executor:Executing jobs using 'parallel' executor
[0.379s] DEBUG:colcon.colcon_parallel_executor.executor.parallel:run_until_complete
[0.379s] INFO:colcon.colcon_ros.task.ament_cmake.build:Building ROS package in '/home/agusb/Desktop/ROS2-Teleoperacion-Wifi/terrenator_ws/src/cameras' with build type 'ament_cmake'
[0.379s] INFO:colcon.colcon_cmake.task.cmake.build:Building CMake package in '/home/agusb/Desktop/ROS2-Teleoperacion-Wifi/terrenator_ws/src/cameras'
[0.381s] INFO:colcon.colcon_core.plugin_system:Skipping extension 'colcon_core.shell.bat': Not used on non-Windows systems
[0.381s] INFO:colcon.colcon_core.shell:Skip shell extension 'powershell' for command environment: Not usable outside of PowerShell
[0.381s] DEBUG:colcon.colcon_core.shell:Skip shell extension 'dsv' for command environment
[0.388s] INFO:colcon.colcon_ros.task.ament_cmake.build:Building ROS package in '/home/agusb/Desktop/ROS2-Teleoperacion-Wifi/terrenator_ws/src/robot_control' with build type 'ament_cmake'
[0.388s] INFO:colcon.colcon_cmake.task.cmake.build:Building CMake package in '/home/agusb/Desktop/ROS2-Teleoperacion-Wifi/terrenator_ws/src/robot_control'
[0.389s] INFO:colcon.colcon_core.shell:Skip shell extension 'powershell' for command environment: Not usable outside of PowerShell
[0.389s] DEBUG:colcon.colcon_core.shell:Skip shell extension 'dsv' for command environment
[0.398s] DEBUG:colcon.colcon_core.event_handler.log_command:Invoking command in '/home/agusb/Desktop/ROS2-Teleoperacion-Wifi/terrenator_ws/build/cameras': CMAKE_PREFIX_PATH=${CMAKE_PREFIX_PATH}:/opt/ros/jazzy /usr/bin/cmake --build /home/agusb/Desktop/ROS2-Teleoperacion-Wifi/terrenator_ws/build/cameras -- -j8 -l8
[0.403s] DEBUG:colcon.colcon_core.event_handler.log_command:Invoking command in '/home/agusb/Desktop/ROS2-Teleoperacion-Wifi/terrenator_ws/build/robot_control': CMAKE_PREFIX_PATH=${CMAKE_PREFIX_PATH}:/opt/ros/jazzy /usr/bin/cmake --build /home/agusb/Desktop/ROS2-Teleoperacion-Wifi/terrenator_ws/build/robot_control -- -j8 -l8
[0.510s] DEBUG:colcon.colcon_core.event_handler.log_command:Invoked command in '/home/agusb/Desktop/ROS2-Teleoperacion-Wifi/terrenator_ws/build/cameras' returned '0': CMAKE_PREFIX_PATH=${CMAKE_PREFIX_PATH}:/opt/ros/jazzy /usr/bin/cmake --build /home/agusb/Desktop/ROS2-Teleoperacion-Wifi/terrenator_ws/build/cameras -- -j8 -l8
[0.624s] DEBUG:colcon.colcon_core.event_handler.log_command:Invoking command in '/home/agusb/Desktop/ROS2-Teleoperacion-Wifi/terrenator_ws/build/cameras': CMAKE_PREFIX_PATH=${CMAKE_PREFIX_PATH}:/opt/ros/jazzy /usr/bin/cmake --install /home/agusb/Desktop/ROS2-Teleoperacion-Wifi/terrenator_ws/build/cameras
[0.672s] Level 1:colcon.colcon_core.environment:create_environment_scripts_only(cameras)
[0.674s] DEBUG:colcon.colcon_core.event_handler.log_command:Invoked command in '/home/agusb/Desktop/ROS2-Teleoperacion-Wifi/terrenator_ws/build/cameras' returned '0': CMAKE_PREFIX_PATH=${CMAKE_PREFIX_PATH}:/opt/ros/jazzy /usr/bin/cmake --install /home/agusb/Desktop/ROS2-Teleoperacion-Wifi/terrenator_ws/build/cameras
[0.680s] Level 1:colcon.colcon_core.environment:checking '/home/agusb/Desktop/ROS2-Teleoperacion-Wifi/terrenator_ws/install/cameras' for CMake module files
[0.682s] Level 1:colcon.colcon_core.environment:checking '/home/agusb/Desktop/ROS2-Teleoperacion-Wifi/terrenator_ws/install/cameras' for CMake config files
[0.682s] Level 1:colcon.colcon_core.shell:create_environment_hook('cameras', 'cmake_prefix_path')
[0.682s] INFO:colcon.colcon_core.shell:Creating environment hook '/home/agusb/Desktop/ROS2-Teleoperacion-Wifi/terrenator_ws/install/cameras/share/cameras/hook/cmake_prefix_path.ps1'
[0.683s] INFO:colcon.colcon_core.shell:Creating environment descriptor '/home/agusb/Desktop/ROS2-Teleoperacion-Wifi/terrenator_ws/install/cameras/share/cameras/hook/cmake_prefix_path.dsv'
[0.684s] INFO:colcon.colcon_core.shell:Creating environment hook '/home/agusb/Desktop/ROS2-Teleoperacion-Wifi/terrenator_ws/install/cameras/share/cameras/hook/cmake_prefix_path.sh'
[0.686s] Level 1:colcon.colcon_core.environment:checking '/home/agusb/Desktop/ROS2-Teleoperacion-Wifi/terrenator_ws/install/cameras/lib'
[0.686s] Level 1:colcon.colcon_core.environment:checking '/home/agusb/Desktop/ROS2-Teleoperacion-Wifi/terrenator_ws/install/cameras/bin'
[0.686s] Level 1:colcon.colcon_core.environment:checking '/home/agusb/Desktop/ROS2-Teleoperacion-Wifi/terrenator_ws/install/cameras/lib/pkgconfig/cameras.pc'
[0.687s] Level 1:colcon.colcon_core.environment:checking '/home/agusb/Desktop/ROS2-Teleoperacion-Wifi/terrenator_ws/install/cameras/lib/python3.12/site-packages'
[0.688s] Level 1:colcon.colcon_core.environment:checking '/home/agusb/Desktop/ROS2-Teleoperacion-Wifi/terrenator_ws/install/cameras/bin'
[0.688s] INFO:colcon.colcon_core.shell:Creating package script '/home/agusb/Desktop/ROS2-Teleoperacion-Wifi/terrenator_ws/install/cameras/share/cameras/package.ps1'
[0.689s] INFO:colcon.colcon_core.shell:Creating package descriptor '/home/agusb/Desktop/ROS2-Teleoperacion-Wifi/terrenator_ws/install/cameras/share/cameras/package.dsv'
[0.690s] INFO:colcon.colcon_core.shell:Creating package script '/home/agusb/Desktop/ROS2-Teleoperacion-Wifi/terrenator_ws/install/cameras/share/cameras/package.sh'
[0.692s] INFO:colcon.colcon_core.shell:Creating package script '/home/agusb/Desktop/ROS2-Teleoperacion-Wifi/terrenator_ws/install/cameras/share/cameras/package.bash'
[0.693s] INFO:colcon.colcon_core.shell:Creating package script '/home/agusb/Desktop/ROS2-Teleoperacion-Wifi/terrenator_ws/install/cameras/share/cameras/package.zsh'
[0.694s] Level 1:colcon.colcon_core.environment:create_file_with_runtime_dependencies(/home/agusb/Desktop/ROS2-Teleoperacion-Wifi/terrenator_ws/install/cameras/share/colcon-core/packages/cameras)
[0.751s] Level 1:colcon.colcon_core.environment:create_environment_scripts_only(cameras)
[0.752s] Level 1:colcon.colcon_core.environment:checking '/home/agusb/Desktop/ROS2-Teleoperacion-Wifi/terrenator_ws/install/cameras' for CMake module files
[0.754s] Level 1:colcon.colcon_core.environment:checking '/home/agusb/Desktop/ROS2-Teleoperacion-Wifi/terrenator_ws/install/cameras' for CMake config files
[0.755s] Level 1:colcon.colcon_core.shell:create_environment_hook('cameras', 'cmake_prefix_path')
[0.755s] INFO:colcon.colcon_core.shell:Creating environment hook '/home/agusb/Desktop/ROS2-Teleoperacion-Wifi/terrenator_ws/install/cameras/share/cameras/hook/cmake_prefix_path.ps1'
[0.757s] INFO:colcon.colcon_core.shell:Creating environment descriptor '/home/agusb/Desktop/ROS2-Teleoperacion-Wifi/terrenator_ws/install/cameras/share/cameras/hook/cmake_prefix_path.dsv'
[0.758s] INFO:colcon.colcon_core.shell:Creating environment hook '/home/agusb/Desktop/ROS2-Teleoperacion-Wifi/terrenator_ws/install/cameras/share/cameras/hook/cmake_prefix_path.sh'
[0.759s] Level 1:colcon.colcon_core.environment:checking '/home/agusb/Desktop/ROS2-Teleoperacion-Wifi/terrenator_ws/install/cameras/lib'
[0.760s] Level 1:colcon.colcon_core.environment:checking '/home/agusb/Desktop/ROS2-Teleoperacion-Wifi/terrenator_ws/install/cameras/bin'
[0.760s] Level 1:colcon.colcon_core.environment:checking '/home/agusb/Desktop/ROS2-Teleoperacion-Wifi/terrenator_ws/install/cameras/lib/pkgconfig/cameras.pc'
[0.761s] Level 1:colcon.colcon_core.environment:checking '/home/agusb/Desktop/ROS2-Teleoperacion-Wifi/terrenator_ws/install/cameras/lib/python3.12/site-packages'
[0.761s] Level 1:colcon.colcon_core.environment:checking '/home/agusb/Desktop/ROS2-Teleoperacion-Wifi/terrenator_ws/install/cameras/bin'
[0.763s] INFO:colcon.colcon_core.shell:Creating package script '/home/agusb/Desktop/ROS2-Teleoperacion-Wifi/terrenator_ws/install/cameras/share/cameras/package.ps1'
[0.766s] INFO:colcon.colcon_core.shell:Creating package descriptor '/home/agusb/Desktop/ROS2-Teleoperacion-Wifi/terrenator_ws/install/cameras/share/cameras/package.dsv'
[0.769s] INFO:colcon.colcon_core.shell:Creating package script '/home/agusb/Desktop/ROS2-Teleoperacion-Wifi/terrenator_ws/install/cameras/share/cameras/package.sh'
[0.772s] INFO:colcon.colcon_core.shell:Creating package script '/home/agusb/Desktop/ROS2-Teleoperacion-Wifi/terrenator_ws/install/cameras/share/cameras/package.bash'
[0.773s] INFO:colcon.colcon_core.shell:Creating package script '/home/agusb/Desktop/ROS2-Teleoperacion-Wifi/terrenator_ws/install/cameras/share/cameras/package.zsh'
[0.775s] Level 1:colcon.colcon_core.environment:create_file_with_runtime_dependencies(/home/agusb/Desktop/ROS2-Teleoperacion-Wifi/terrenator_ws/install/cameras/share/colcon-core/packages/cameras)
[10.773s] DEBUG:colcon.colcon_core.event_handler.log_command:Invoked command in '/home/agusb/Desktop/ROS2-Teleoperacion-Wifi/terrenator_ws/build/robot_control' returned '2': CMAKE_PREFIX_PATH=${CMAKE_PREFIX_PATH}:/opt/ros/jazzy /usr/bin/cmake --build /home/agusb/Desktop/ROS2-Teleoperacion-Wifi/terrenator_ws/build/robot_control -- -j8 -l8
[10.832s] Level 1:colcon.colcon_core.environment:create_environment_scripts_only(robot_control)
[10.833s] Level 1:colcon.colcon_core.environment:checking '/home/agusb/Desktop/ROS2-Teleoperacion-Wifi/terrenator_ws/install/robot_control' for CMake module files
[10.833s] Level 1:colcon.colcon_core.environment:checking '/home/agusb/Desktop/ROS2-Teleoperacion-Wifi/terrenator_ws/install/robot_control' for CMake config files
[10.834s] Level 1:colcon.colcon_core.environment:checking '/home/agusb/Desktop/ROS2-Teleoperacion-Wifi/terrenator_ws/install/robot_control/bin'
[10.834s] Level 1:colcon.colcon_core.environment:checking '/home/agusb/Desktop/ROS2-Teleoperacion-Wifi/terrenator_ws/install/robot_control/lib/pkgconfig/robot_control.pc'
[10.834s] Level 1:colcon.colcon_core.environment:checking '/home/agusb/Desktop/ROS2-Teleoperacion-Wifi/terrenator_ws/install/robot_control/lib/python3.12/site-packages'
[10.834s] Level 1:colcon.colcon_core.environment:checking '/home/agusb/Desktop/ROS2-Teleoperacion-Wifi/terrenator_ws/install/robot_control/bin'
[10.834s] INFO:colcon.colcon_core.shell:Creating package script '/home/agusb/Desktop/ROS2-Teleoperacion-Wifi/terrenator_ws/install/robot_control/share/robot_control/package.ps1'
[10.835s] INFO:colcon.colcon_core.shell:Creating package descriptor '/home/agusb/Desktop/ROS2-Teleoperacion-Wifi/terrenator_ws/install/robot_control/share/robot_control/package.dsv'
[10.835s] INFO:colcon.colcon_core.shell:Creating package script '/home/agusb/Desktop/ROS2-Teleoperacion-Wifi/terrenator_ws/install/robot_control/share/robot_control/package.sh'
[10.836s] INFO:colcon.colcon_core.shell:Creating package script '/home/agusb/Desktop/ROS2-Teleoperacion-Wifi/terrenator_ws/install/robot_control/share/robot_control/package.bash'
[10.837s] INFO:colcon.colcon_core.shell:Creating package script '/home/agusb/Desktop/ROS2-Teleoperacion-Wifi/terrenator_ws/install/robot_control/share/robot_control/package.zsh'
[10.837s] Level 1:colcon.colcon_core.environment:create_file_with_runtime_dependencies(/home/agusb/Desktop/ROS2-Teleoperacion-Wifi/terrenator_ws/install/robot_control/share/colcon-core/packages/robot_control)
[10.848s] DEBUG:colcon.colcon_parallel_executor.executor.parallel:closing loop
[10.849s] DEBUG:colcon.colcon_parallel_executor.executor.parallel:loop closed
[10.849s] DEBUG:colcon.colcon_parallel_executor.executor.parallel:run_until_complete finished with '2'
[10.849s] DEBUG:colcon.colcon_core.event_reactor:joining thread
[10.857s] INFO:colcon.colcon_core.plugin_system:Skipping extension 'colcon_notification.desktop_notification.terminal_notifier': Not used on non-Darwin systems
[10.857s] INFO:colcon.colcon_core.plugin_system:Skipping extension 'colcon_notification.desktop_notification.win32': Not used on non-Windows systems
[10.857s] INFO:colcon.colcon_notification.desktop_notification:Sending desktop notification using 'notify2'
[10.865s] DEBUG:colcon.colcon_core.event_reactor:joined thread
[10.866s] INFO:colcon.colcon_core.shell:Creating prefix script '/home/agusb/Desktop/ROS2-Teleoperacion-Wifi/terrenator_ws/install/local_setup.ps1'
[10.867s] INFO:colcon.colcon_core.shell:Creating prefix util module '/home/agusb/Desktop/ROS2-Teleoperacion-Wifi/terrenator_ws/install/_local_setup_util_ps1.py'
[10.869s] INFO:colcon.colcon_core.shell:Creating prefix chain script '/home/agusb/Desktop/ROS2-Teleoperacion-Wifi/terrenator_ws/install/setup.ps1'
[10.871s] INFO:colcon.colcon_core.shell:Creating prefix script '/home/agusb/Desktop/ROS2-Teleoperacion-Wifi/terrenator_ws/install/local_setup.sh'
[10.872s] INFO:colcon.colcon_core.shell:Creating prefix util module '/home/agusb/Desktop/ROS2-Teleoperacion-Wifi/terrenator_ws/install/_local_setup_util_sh.py'
[10.872s] INFO:colcon.colcon_core.shell:Creating prefix chain script '/home/agusb/Desktop/ROS2-Teleoperacion-Wifi/terrenator_ws/install/setup.sh'
[10.874s] INFO:colcon.colcon_core.shell:Creating prefix script '/home/agusb/Desktop/ROS2-Teleoperacion-Wifi/terrenator_ws/install/local_setup.bash'
[10.875s] INFO:colcon.colcon_core.shell:Creating prefix chain script '/home/agusb/Desktop/ROS2-Teleoperacion-Wifi/terrenator_ws/install/setup.bash'
[10.877s] INFO:colcon.colcon_core.shell:Creating prefix script '/home/agusb/Desktop/ROS2-Teleoperacion-Wifi/terrenator_ws/install/local_setup.zsh'
[10.878s] INFO:colcon.colcon_core.shell:Creating prefix chain script '/home/agusb/Desktop/ROS2-Teleoperacion-Wifi/terrenator_ws/install/setup.zsh'
