-- The C compiler identification is GNU 13.2.0
-- The CXX compiler identification is GNU 13.2.0
-- Detecting C compiler ABI info
-- Detecting C compiler ABI info - done
-- Check for working C compiler: /usr/bin/cc - skipped
-- Detecting C compile features
-- Detecting C compile features - done
-- Detecting CXX compiler ABI info
-- Detecting CXX compiler ABI info - done
-- Check for working CXX compiler: /usr/bin/c++ - skipped
-- Detecting CXX compile features
-- Detecting CXX compile features - done
-- Found ament_cmake: 2.5.2 (/opt/ros/jazzy/share/ament_cmake/cmake)
-- Found Python3: /usr/bin/python3 (found version "3.12.3") found components: Interpreter 
-- Found ament_lint_auto: 0.17.1 (/opt/ros/jazzy/share/ament_lint_auto/cmake)
-- Added test 'cppcheck' to perform static code analysis on C / C++ code
-- Configured cppcheck include dirs: $<BUILD_INTERFACE:/home/agusb/Desktop/ROS2-Teleoperacion-Wifi/sample_ws/src/helloWorld/include>
-- Configured cppcheck exclude dirs and/or files: 
-- Added test 'lint_cmake' to check CMake code style
-- Added test 'uncrustify' to check C / C++ code style
-- Configured uncrustify additional arguments: 
-- Added test 'xmllint' to check XML markup files
-- Configuring done (0.8s)
-- Generating done (0.0s)
-- Build files have been written to: /home/agusb/Desktop/ROS2-Teleoperacion-Wifi/sample_ws/build/helloWorld
[ 50%] [32mBuilding CXX object CMakeFiles/hello_node.dir/src/hello_node.cpp.o[0m
[100%] [32m[1mLinking CXX executable hello_node[0m
[100%] Built target hello_node
-- Install configuration: ""
-- Installing: /home/agusb/Desktop/ROS2-Teleoperacion-Wifi/sample_ws/install/helloWorld/lib/helloWorld/hello_node
-- Installing: /home/agusb/Desktop/ROS2-Teleoperacion-Wifi/sample_ws/install/helloWorld/share/ament_index/resource_index/package_run_dependencies/helloWorld
-- Installing: /home/agusb/Desktop/ROS2-Teleoperacion-Wifi/sample_ws/install/helloWorld/share/ament_index/resource_index/parent_prefix_path/helloWorld
-- Installing: /home/agusb/Desktop/ROS2-Teleoperacion-Wifi/sample_ws/install/helloWorld/share/helloWorld/environment/ament_prefix_path.sh
-- Installing: /home/agusb/Desktop/ROS2-Teleoperacion-Wifi/sample_ws/install/helloWorld/share/helloWorld/environment/ament_prefix_path.dsv
-- Installing: /home/agusb/Desktop/ROS2-Teleoperacion-Wifi/sample_ws/install/helloWorld/share/helloWorld/environment/path.sh
-- Installing: /home/agusb/Desktop/ROS2-Teleoperacion-Wifi/sample_ws/install/helloWorld/share/helloWorld/environment/path.dsv
-- Installing: /home/agusb/Desktop/ROS2-Teleoperacion-Wifi/sample_ws/install/helloWorld/share/helloWorld/local_setup.bash
-- Installing: /home/agusb/Desktop/ROS2-Teleoperacion-Wifi/sample_ws/install/helloWorld/share/helloWorld/local_setup.sh
-- Installing: /home/agusb/Desktop/ROS2-Teleoperacion-Wifi/sample_ws/install/helloWorld/share/helloWorld/local_setup.zsh
-- Installing: /home/agusb/Desktop/ROS2-Teleoperacion-Wifi/sample_ws/install/helloWorld/share/helloWorld/local_setup.dsv
-- Installing: /home/agusb/Desktop/ROS2-Teleoperacion-Wifi/sample_ws/install/helloWorld/share/helloWorld/package.dsv
-- Installing: /home/agusb/Desktop/ROS2-Teleoperacion-Wifi/sample_ws/install/helloWorld/share/ament_index/resource_index/packages/helloWorld
-- Installing: /home/agusb/Desktop/ROS2-Teleoperacion-Wifi/sample_ws/install/helloWorld/share/helloWorld/cmake/helloWorldConfig.cmake
-- Installing: /home/agusb/Desktop/ROS2-Teleoperacion-Wifi/sample_ws/install/helloWorld/share/helloWorld/cmake/helloWorldConfig-version.cmake
-- Installing: /home/agusb/Desktop/ROS2-Teleoperacion-Wifi/sample_ws/install/helloWorld/share/helloWorld/package.xml
