[4.795s] Invoking command in '/home/agusb/Desktop/ROS2-Teleoperacion-Wifi/ros2_ws/build/examples_rclpy_pointcloud_publisher': PYTHONPATH=/home/agusb/Desktop/ROS2-Teleoperacion-Wifi/ros2_ws/build/examples_rclpy_pointcloud_publisher/prefix_override:/usr/lib/python3/dist-packages/colcon_core/task/python/colcon_distutils_commands:/home/agusb/Desktop/ROS2-Teleoperacion-Wifi/ros2_ws/install/examples_rclpy_pointcloud_publisher/lib/python3.12/site-packages:${PYTHONPATH} /usr/bin/python3 -W ignore:setup.py install is deprecated setup.py develop --editable --build-directory /home/agusb/Desktop/ROS2-Teleoperacion-Wifi/ros2_ws/build/examples_rclpy_pointcloud_publisher/build --no-deps symlink_data
[6.150s] running develop
[6.150s] /usr/lib/python3/dist-packages/setuptools/command/develop.py:40: EasyInstallDeprecationWarning: easy_install command is deprecated.
[6.151s] !!
[6.151s] 
[6.152s]         ********************************************************************************
[6.152s]         Please avoid running ``setup.py`` and ``easy_install``.
[6.152s]         Instead, use pypa/build, pypa/installer or other
[6.153s]         standards-based tools.
[6.153s] 
[6.153s]         See https://github.com/pypa/setuptools/issues/917 for details.
[6.154s]         ********************************************************************************
[6.154s] 
[6.155s] !!
[6.155s]   easy_install.initialize_options(self)
[6.761s] running egg_info
[6.762s] creating examples_rclpy_pointcloud_publisher.egg-info
[6.820s] writing examples_rclpy_pointcloud_publisher.egg-info/PKG-INFO
[6.821s] writing dependency_links to examples_rclpy_pointcloud_publisher.egg-info/dependency_links.txt
[6.821s] writing entry points to examples_rclpy_pointcloud_publisher.egg-info/entry_points.txt
[6.822s] writing requirements to examples_rclpy_pointcloud_publisher.egg-info/requires.txt
[6.823s] writing top-level names to examples_rclpy_pointcloud_publisher.egg-info/top_level.txt
[6.823s] writing manifest file 'examples_rclpy_pointcloud_publisher.egg-info/SOURCES.txt'
[6.952s] reading manifest file 'examples_rclpy_pointcloud_publisher.egg-info/SOURCES.txt'
[6.954s] writing manifest file 'examples_rclpy_pointcloud_publisher.egg-info/SOURCES.txt'
[7.017s] running build_ext
[7.017s] Creating /home/agusb/Desktop/ROS2-Teleoperacion-Wifi/ros2_ws/install/examples_rclpy_pointcloud_publisher/lib/python3.12/site-packages/examples-rclpy-pointcloud-publisher.egg-link (link to .)
[7.019s] Installing pointcloud_publisher script to /home/agusb/Desktop/ROS2-Teleoperacion-Wifi/ros2_ws/install/examples_rclpy_pointcloud_publisher/lib/examples_rclpy_pointcloud_publisher
[7.020s] 
[7.020s] Installed /home/agusb/Desktop/ROS2-Teleoperacion-Wifi/ros2_ws/build/examples_rclpy_pointcloud_publisher
[7.021s] running symlink_data
[7.021s] creating /home/agusb/Desktop/ROS2-Teleoperacion-Wifi/ros2_ws/install/examples_rclpy_pointcloud_publisher/share/ament_index
[7.021s] creating /home/agusb/Desktop/ROS2-Teleoperacion-Wifi/ros2_ws/install/examples_rclpy_pointcloud_publisher/share/ament_index/resource_index
[7.022s] creating /home/agusb/Desktop/ROS2-Teleoperacion-Wifi/ros2_ws/install/examples_rclpy_pointcloud_publisher/share/ament_index/resource_index/packages
[7.022s] symbolically linking /home/agusb/Desktop/ROS2-Teleoperacion-Wifi/ros2_ws/build/examples_rclpy_pointcloud_publisher/resource/examples_rclpy_pointcloud_publisher -> /home/agusb/Desktop/ROS2-Teleoperacion-Wifi/ros2_ws/install/examples_rclpy_pointcloud_publisher/share/ament_index/resource_index/packages
[7.023s] symbolically linking /home/agusb/Desktop/ROS2-Teleoperacion-Wifi/ros2_ws/build/examples_rclpy_pointcloud_publisher/package.xml -> /home/agusb/Desktop/ROS2-Teleoperacion-Wifi/ros2_ws/install/examples_rclpy_pointcloud_publisher/share/examples_rclpy_pointcloud_publisher
[7.113s] Invoked command in '/home/agusb/Desktop/ROS2-Teleoperacion-Wifi/ros2_ws/build/examples_rclpy_pointcloud_publisher' returned '0': PYTHONPATH=/home/agusb/Desktop/ROS2-Teleoperacion-Wifi/ros2_ws/build/examples_rclpy_pointcloud_publisher/prefix_override:/usr/lib/python3/dist-packages/colcon_core/task/python/colcon_distutils_commands:/home/agusb/Desktop/ROS2-Teleoperacion-Wifi/ros2_ws/install/examples_rclpy_pointcloud_publisher/lib/python3.12/site-packages:${PYTHONPATH} /usr/bin/python3 -W ignore:setup.py install is deprecated setup.py develop --editable --build-directory /home/agusb/Desktop/ROS2-Teleoperacion-Wifi/ros2_ws/build/examples_rclpy_pointcloud_publisher/build --no-deps symlink_data
