-- Found ament_cmake: 2.5.2 (/opt/ros/jazzy/share/ament_cmake/cmake)
-- Found Python3: /usr/bin/python3 (found version "3.12.3") found components: Interpreter 
-- Found rclcpp: 28.1.3 (/opt/ros/jazzy/share/rclcpp/cmake)
-- Found rosidl_generator_c: 4.6.3 (/opt/ros/jazzy/share/rosidl_generator_c/cmake)
-- Found rosidl_generator_cpp: 4.6.3 (/opt/ros/jazzy/share/rosidl_generator_cpp/cmake)
-- Using all available rosidl_typesupport_c: rosidl_typesupport_fastrtps_c;rosidl_typesupport_introspection_c
-- Using all available rosidl_typesupport_cpp: rosidl_typesupport_fastrtps_cpp;rosidl_typesupport_introspection_cpp
-- Found rmw_implementation_cmake: 7.3.1 (/opt/ros/jazzy/share/rmw_implementation_cmake/cmake)
-- Found rmw_fastrtps_cpp: 8.4.1 (/opt/ros/jazzy/share/rmw_fastrtps_cpp/cmake)
-- Using RMW implementation 'rmw_fastrtps_cpp' as default
-- Found sensor_msgs: 5.3.5 (/opt/ros/jazzy/share/sensor_msgs/cmake)
-- Found rosidl_default_generators: 1.6.0 (/opt/ros/jazzy/share/rosidl_default_generators/cmake)
-- Found rosidl_adapter: 4.6.3 (/opt/ros/jazzy/share/rosidl_adapter/cmake)
-- project name: robot_control
-- Found ament_cmake_ros: 0.12.0 (/opt/ros/jazzy/share/ament_cmake_ros/cmake)
-- Using all available rosidl_typesupport_c: rosidl_typesupport_fastrtps_c;rosidl_typesupport_introspection_c
-- Using all available rosidl_typesupport_cpp: rosidl_typesupport_fastrtps_cpp;rosidl_typesupport_introspection_cpp
-- Found python_cmake_module: 0.11.1 (/opt/ros/jazzy/share/python_cmake_module/cmake)
-- Found Python3: /usr/bin/python3 (found version "3.12.3") found components: Interpreter Development NumPy Development.Module Development.Embed 
-- Configuring done (2.0s)
-- Generating done (0.0s)
-- Build files have been written to: /home/agusb/Desktop/ROS2-Teleoperacion-Wifi/terrenator_ws/build/robot_control
[  2%] Built target robot_control__rosidl_generator_type_description
[  2%] Built target ament_cmake_python_copy_robot_control
[  5%] [32mBuilding CXX object CMakeFiles/robot_uart_controller.dir/src/robot_uart_controller.cpp.o[0m
[  8%] Built target robot_control__cpp
[ 16%] [32mBuilding C object CMakeFiles/robot_control__rosidl_generator_c.dir/rosidl_generator_c/robot_control/msg/detail/trama_datos__type_support.c.o[0m
[ 16%] [32mBuilding C object CMakeFiles/robot_control__rosidl_generator_c.dir/rosidl_generator_c/robot_control/msg/detail/trama_datos__functions.c.o[0m
[ 16%] [32mBuilding C object CMakeFiles/robot_control__rosidl_generator_c.dir/rosidl_generator_c/robot_control/msg/detail/trama_datos__description.c.o[0m
[ 19%] [32m[1mLinking C shared library librobot_control__rosidl_generator_c.so[0m
[ 22%] Built target robot_control__rosidl_generator_c
[ 25%] [32mBuilding C object CMakeFiles/robot_control__rosidl_typesupport_introspection_c.dir/rosidl_typesupport_introspection_c/robot_control/msg/detail/trama_datos__type_support.c.o[0m
[ 27%] [32mBuilding CXX object CMakeFiles/robot_control__rosidl_typesupport_fastrtps_c.dir/rosidl_typesupport_fastrtps_c/robot_control/msg/detail/trama_datos__type_support_c.cpp.o[0m
[ 30%] [32mBuilding CXX object CMakeFiles/robot_control__rosidl_typesupport_cpp.dir/rosidl_typesupport_cpp/robot_control/msg/trama_datos__type_support.cpp.o[0m
[ 33%] [32mBuilding CXX object CMakeFiles/robot_control__rosidl_typesupport_fastrtps_cpp.dir/rosidl_typesupport_fastrtps_cpp/robot_control/msg/detail/dds_fastrtps/trama_datos__type_support.cpp.o[0m
[ 36%] [32mBuilding CXX object CMakeFiles/robot_control__rosidl_typesupport_c.dir/rosidl_typesupport_c/robot_control/msg/trama_datos__type_support.cpp.o[0m
[ 38%] [32mBuilding CXX object CMakeFiles/robot_control__rosidl_typesupport_introspection_cpp.dir/rosidl_typesupport_introspection_cpp/robot_control/msg/detail/trama_datos__type_support.cpp.o[0m
[ 41%] [32m[1mLinking C shared library librobot_control__rosidl_typesupport_introspection_c.so[0m
[ 44%] [32m[1mLinking CXX shared library librobot_control__rosidl_typesupport_c.so[0m
[ 47%] Built target robot_control__rosidl_typesupport_introspection_c
[ 50%] Built target robot_control__rosidl_typesupport_c
running egg_info
writing robot_control.egg-info/PKG-INFO
writing dependency_links to robot_control.egg-info/dependency_links.txt
writing top-level names to robot_control.egg-info/top_level.txt
reading manifest file 'robot_control.egg-info/SOURCES.txt'
writing manifest file 'robot_control.egg-info/SOURCES.txt'
[ 50%] Built target ament_cmake_python_build_robot_control_egg
[ 52%] [32m[1mLinking CXX shared library librobot_control__rosidl_typesupport_cpp.so[0m
[ 55%] [32m[1mLinking CXX shared library librobot_control__rosidl_typesupport_introspection_cpp.so[0m
[ 58%] Built target robot_control__rosidl_typesupport_cpp
[ 61%] Built target robot_control__rosidl_typesupport_introspection_cpp
[ 63%] [32m[1mLinking CXX shared library librobot_control__rosidl_typesupport_fastrtps_c.so[0m
[ 66%] Built target robot_control__rosidl_typesupport_fastrtps_c
[ 69%] [32m[1mLinking CXX shared library librobot_control__rosidl_typesupport_fastrtps_cpp.so[0m
[ 72%] Built target robot_control__rosidl_typesupport_fastrtps_cpp
