[0.030s] Invoking command in '/home/agusb/Desktop/ROS2-Teleoperacion-Wifi/terrenator_ws/build/robot_control': CMAKE_PREFIX_PATH=${CMAKE_PREFIX_PATH}:/opt/ros/jazzy /usr/bin/cmake --build /home/agusb/Desktop/ROS2-Teleoperacion-Wifi/terrenator_ws/build/robot_control -- -j8 -l8
[0.086s] -- Found ament_cmake: 2.5.2 (/opt/ros/jazzy/share/ament_cmake/cmake)
[0.149s] -- Found Python3: /usr/bin/python3 (found version "3.12.3") found components: Interpreter 
[0.368s] -- Found rclcpp: 28.1.3 (/opt/ros/jazzy/share/rclcpp/cmake)
[0.438s] -- Found rosidl_generator_c: 4.6.3 (/opt/ros/jazzy/share/rosidl_generator_c/cmake)
[0.457s] -- Found rosidl_generator_cpp: 4.6.3 (/opt/ros/jazzy/share/rosidl_generator_cpp/cmake)
[0.472s] -- Using all available rosidl_typesupport_c: rosidl_typesupport_fastrtps_c;rosidl_typesupport_introspection_c
[0.488s] -- Using all available rosidl_typesupport_cpp: rosidl_typesupport_fastrtps_cpp;rosidl_typesupport_introspection_cpp
[0.576s] -- Found rmw_implementation_cmake: 7.3.1 (/opt/ros/jazzy/share/rmw_implementation_cmake/cmake)
[0.578s] -- Found rmw_fastrtps_cpp: 8.4.1 (/opt/ros/jazzy/share/rmw_fastrtps_cpp/cmake)
[0.662s] -- Using RMW implementation 'rmw_fastrtps_cpp' as default
[0.765s] -- Found sensor_msgs: 5.3.5 (/opt/ros/jazzy/share/sensor_msgs/cmake)
[0.848s] -- Found rosidl_default_generators: 1.6.0 (/opt/ros/jazzy/share/rosidl_default_generators/cmake)
[0.864s] -- Found rosidl_adapter: 4.6.3 (/opt/ros/jazzy/share/rosidl_adapter/cmake)
[0.871s] -- project name: robot_control
[1.327s] -- Found ament_cmake_ros: 0.12.0 (/opt/ros/jazzy/share/ament_cmake_ros/cmake)
[1.617s] -- Using all available rosidl_typesupport_c: rosidl_typesupport_fastrtps_c;rosidl_typesupport_introspection_c
[1.727s] -- Using all available rosidl_typesupport_cpp: rosidl_typesupport_fastrtps_cpp;rosidl_typesupport_introspection_cpp
[1.728s] -- Found python_cmake_module: 0.11.1 (/opt/ros/jazzy/share/python_cmake_module/cmake)
[2.079s] -- Found Python3: /usr/bin/python3 (found version "3.12.3") found components: Interpreter Development NumPy Development.Module Development.Embed 
[2.123s] -- Configuring done (2.0s)
[2.174s] -- Generating done (0.0s)
[2.178s] -- Build files have been written to: /home/agusb/Desktop/ROS2-Teleoperacion-Wifi/terrenator_ws/build/robot_control
[2.230s] [  2%] Built target robot_control__rosidl_generator_type_description
[2.243s] [  2%] Built target ament_cmake_python_copy_robot_control
[2.256s] [  5%] [32mBuilding CXX object CMakeFiles/robot_uart_controller.dir/src/robot_uart_controller.cpp.o[0m
[2.260s] [  8%] Built target robot_control__cpp
[2.266s] [ 16%] [32mBuilding C object CMakeFiles/robot_control__rosidl_generator_c.dir/rosidl_generator_c/robot_control/msg/detail/trama_datos__type_support.c.o[0m
[2.266s] [ 16%] [32mBuilding C object CMakeFiles/robot_control__rosidl_generator_c.dir/rosidl_generator_c/robot_control/msg/detail/trama_datos__functions.c.o[0m
[2.268s] [ 16%] [32mBuilding C object CMakeFiles/robot_control__rosidl_generator_c.dir/rosidl_generator_c/robot_control/msg/detail/trama_datos__description.c.o[0m
[2.358s] [ 19%] [32m[1mLinking C shared library librobot_control__rosidl_generator_c.so[0m
[2.414s] [ 22%] Built target robot_control__rosidl_generator_c
[2.471s] [ 25%] [32mBuilding C object CMakeFiles/robot_control__rosidl_typesupport_introspection_c.dir/rosidl_typesupport_introspection_c/robot_control/msg/detail/trama_datos__type_support.c.o[0m
[2.478s] [ 27%] [32mBuilding CXX object CMakeFiles/robot_control__rosidl_typesupport_fastrtps_c.dir/rosidl_typesupport_fastrtps_c/robot_control/msg/detail/trama_datos__type_support_c.cpp.o[0m
[2.480s] [ 30%] [32mBuilding CXX object CMakeFiles/robot_control__rosidl_typesupport_cpp.dir/rosidl_typesupport_cpp/robot_control/msg/trama_datos__type_support.cpp.o[0m
[2.483s] [ 33%] [32mBuilding CXX object CMakeFiles/robot_control__rosidl_typesupport_fastrtps_cpp.dir/rosidl_typesupport_fastrtps_cpp/robot_control/msg/detail/dds_fastrtps/trama_datos__type_support.cpp.o[0m
[2.491s] [ 36%] [32mBuilding CXX object CMakeFiles/robot_control__rosidl_typesupport_c.dir/rosidl_typesupport_c/robot_control/msg/trama_datos__type_support.cpp.o[0m
[2.500s] [ 38%] [32mBuilding CXX object CMakeFiles/robot_control__rosidl_typesupport_introspection_cpp.dir/rosidl_typesupport_introspection_cpp/robot_control/msg/detail/trama_datos__type_support.cpp.o[0m
[2.595s] [ 41%] [32m[1mLinking C shared library librobot_control__rosidl_typesupport_introspection_c.so[0m
[2.678s] [ 44%] [32m[1mLinking CXX shared library librobot_control__rosidl_typesupport_c.so[0m
[2.696s] [ 47%] Built target robot_control__rosidl_typesupport_introspection_c
[2.783s] [ 50%] Built target robot_control__rosidl_typesupport_c
[2.822s] [01m[K/home/agusb/Desktop/ROS2-Teleoperacion-Wifi/terrenator_ws/src/robot_control/src/robot_uart_controller.cpp:5:10:[m[K [01;31m[Kfatal error: [m[Krobot_control/msg/trama_datos.hpp: No such file or directory
[2.822s]     5 | #include [01;31m[K"robot_control/msg/trama_datos.hpp"[m[K
[2.822s]       |          [01;31m[K^~~~~~~~~~~~~~~~~~~~~~~~~~~~~~~~~~~[m[K
[2.823s] compilation terminated.
[2.834s] gmake[2]: *** [CMakeFiles/robot_uart_controller.dir/build.make:76: CMakeFiles/robot_uart_controller.dir/src/robot_uart_controller.cpp.o] Error 1
[2.836s] gmake[1]: *** [CMakeFiles/Makefile2:183: CMakeFiles/robot_uart_controller.dir/all] Error 2
[2.837s] gmake[1]: *** Waiting for unfinished jobs....
[2.882s] running egg_info
[2.973s] writing robot_control.egg-info/PKG-INFO
[2.973s] writing dependency_links to robot_control.egg-info/dependency_links.txt
[2.974s] writing top-level names to robot_control.egg-info/top_level.txt
[3.232s] reading manifest file 'robot_control.egg-info/SOURCES.txt'
[3.236s] writing manifest file 'robot_control.egg-info/SOURCES.txt'
[3.398s] [ 50%] Built target ament_cmake_python_build_robot_control_egg
[3.656s] [ 52%] [32m[1mLinking CXX shared library librobot_control__rosidl_typesupport_cpp.so[0m
[3.687s] [ 55%] [32m[1mLinking CXX shared library librobot_control__rosidl_typesupport_introspection_cpp.so[0m
[3.803s] [ 58%] Built target robot_control__rosidl_typesupport_cpp
[3.891s] [ 61%] Built target robot_control__rosidl_typesupport_introspection_cpp
[4.106s] [ 63%] [32m[1mLinking CXX shared library librobot_control__rosidl_typesupport_fastrtps_c.so[0m
[4.180s] [ 66%] Built target robot_control__rosidl_typesupport_fastrtps_c
[4.202s] [ 69%] [32m[1mLinking CXX shared library librobot_control__rosidl_typesupport_fastrtps_cpp.so[0m
[4.349s] [ 72%] Built target robot_control__rosidl_typesupport_fastrtps_cpp
[4.351s] gmake: *** [Makefile:146: all] Error 2
[4.357s] Invoked command in '/home/agusb/Desktop/ROS2-Teleoperacion-Wifi/terrenator_ws/build/robot_control' returned '2': CMAKE_PREFIX_PATH=${CMAKE_PREFIX_PATH}:/opt/ros/jazzy /usr/bin/cmake --build /home/agusb/Desktop/ROS2-Teleoperacion-Wifi/terrenator_ws/build/robot_control -- -j8 -l8
