[5.334s] Invoking command in '/home/agusb/Desktop/ROS2-Teleoperacion-Wifi/ros2_ws/build/examples_rclpy_guard_conditions': PYTHONPATH=/home/agusb/Desktop/ROS2-Teleoperacion-Wifi/ros2_ws/build/examples_rclpy_guard_conditions/prefix_override:/usr/lib/python3/dist-packages/colcon_core/task/python/colcon_distutils_commands:/home/agusb/Desktop/ROS2-Teleoperacion-Wifi/ros2_ws/install/examples_rclpy_guard_conditions/lib/python3.12/site-packages:${PYTHONPATH} /usr/bin/python3 -W ignore:setup.py install is deprecated setup.py develop --editable --build-directory /home/agusb/Desktop/ROS2-Teleoperacion-Wifi/ros2_ws/build/examples_rclpy_guard_conditions/build --no-deps symlink_data
[7.186s] /usr/lib/python3/dist-packages/setuptools/command/develop.py:40: EasyInstallDeprecationWarning: easy_install command is deprecated.
[7.187s] !!
[7.187s] 
[7.188s]         ********************************************************************************
[7.188s]         Please avoid running ``setup.py`` and ``easy_install``.
[7.188s]         Instead, use pypa/build, pypa/installer or other
[7.188s]         standards-based tools.
[7.188s] 
[7.188s]         See https://github.com/pypa/setuptools/issues/917 for details.
[7.189s]         ********************************************************************************
[7.189s] 
[7.189s] !!
[7.189s]   easy_install.initialize_options(self)
[7.190s] running develop
[7.190s] running egg_info
[7.190s] creating examples_rclpy_guard_conditions.egg-info
[7.190s] writing examples_rclpy_guard_conditions.egg-info/PKG-INFO
[7.190s] writing dependency_links to examples_rclpy_guard_conditions.egg-info/dependency_links.txt
[7.190s] writing entry points to examples_rclpy_guard_conditions.egg-info/entry_points.txt
[7.191s] writing requirements to examples_rclpy_guard_conditions.egg-info/requires.txt
[7.191s] writing top-level names to examples_rclpy_guard_conditions.egg-info/top_level.txt
[7.191s] writing manifest file 'examples_rclpy_guard_conditions.egg-info/SOURCES.txt'
[7.191s] reading manifest file 'examples_rclpy_guard_conditions.egg-info/SOURCES.txt'
[7.191s] writing manifest file 'examples_rclpy_guard_conditions.egg-info/SOURCES.txt'
[7.191s] running build_ext
[7.192s] Creating /home/agusb/Desktop/ROS2-Teleoperacion-Wifi/ros2_ws/install/examples_rclpy_guard_conditions/lib/python3.12/site-packages/examples-rclpy-guard-conditions.egg-link (link to .)
[7.192s] Installing trigger_guard_condition script to /home/agusb/Desktop/ROS2-Teleoperacion-Wifi/ros2_ws/install/examples_rclpy_guard_conditions/lib/examples_rclpy_guard_conditions
[7.192s] 
[7.192s] Installed /home/agusb/Desktop/ROS2-Teleoperacion-Wifi/ros2_ws/build/examples_rclpy_guard_conditions
[7.192s] running symlink_data
[7.192s] creating /home/agusb/Desktop/ROS2-Teleoperacion-Wifi/ros2_ws/install/examples_rclpy_guard_conditions/share/ament_index
[7.193s] creating /home/agusb/Desktop/ROS2-Teleoperacion-Wifi/ros2_ws/install/examples_rclpy_guard_conditions/share/ament_index/resource_index
[7.193s] creating /home/agusb/Desktop/ROS2-Teleoperacion-Wifi/ros2_ws/install/examples_rclpy_guard_conditions/share/ament_index/resource_index/packages
[7.193s] symbolically linking /home/agusb/Desktop/ROS2-Teleoperacion-Wifi/ros2_ws/build/examples_rclpy_guard_conditions/resource/examples_rclpy_guard_conditions -> /home/agusb/Desktop/ROS2-Teleoperacion-Wifi/ros2_ws/install/examples_rclpy_guard_conditions/share/ament_index/resource_index/packages
[7.193s] symbolically linking /home/agusb/Desktop/ROS2-Teleoperacion-Wifi/ros2_ws/build/examples_rclpy_guard_conditions/package.xml -> /home/agusb/Desktop/ROS2-Teleoperacion-Wifi/ros2_ws/install/examples_rclpy_guard_conditions/share/examples_rclpy_guard_conditions
[7.296s] Invoked command in '/home/agusb/Desktop/ROS2-Teleoperacion-Wifi/ros2_ws/build/examples_rclpy_guard_conditions' returned '0': PYTHONPATH=/home/agusb/Desktop/ROS2-Teleoperacion-Wifi/ros2_ws/build/examples_rclpy_guard_conditions/prefix_override:/usr/lib/python3/dist-packages/colcon_core/task/python/colcon_distutils_commands:/home/agusb/Desktop/ROS2-Teleoperacion-Wifi/ros2_ws/install/examples_rclpy_guard_conditions/lib/python3.12/site-packages:${PYTHONPATH} /usr/bin/python3 -W ignore:setup.py install is deprecated setup.py develop --editable --build-directory /home/agusb/Desktop/ROS2-Teleoperacion-Wifi/ros2_ws/build/examples_rclpy_guard_conditions/build --no-deps symlink_data
