[0.014s] Invoking command in '/home/agusb/Desktop/ROS2-Teleoperacion-Wifi/terrenator_ws/build/interfaces': CMAKE_PREFIX_PATH=${CMAKE_PREFIX_PATH}:/opt/ros/jazzy /usr/bin/cmake --build /home/agusb/Desktop/ROS2-Teleoperacion-Wifi/terrenator_ws/build/interfaces -- -j8 -l8
[0.065s] [  2%] Built target interfaces__rosidl_generator_type_description
[0.074s] [  2%] Built target ament_cmake_python_copy_interfaces
[0.085s] [  5%] Built target interfaces__cpp
[0.087s] [ 20%] Built target interfaces__rosidl_generator_c
[0.126s] [ 29%] Built target interfaces__rosidl_typesupport_introspection_c
[0.126s] [ 55%] Built target interfaces__rosidl_typesupport_introspection_cpp
[0.127s] [ 55%] Built target interfaces__rosidl_typesupport_c
[0.127s] [ 55%] Built target interfaces__rosidl_typesupport_fastrtps_cpp
[0.128s] [ 64%] Built target interfaces__rosidl_typesupport_cpp
[0.132s] [ 73%] Built target interfaces__rosidl_typesupport_fastrtps_c
[0.152s] [ 73%] Built target interfaces
[0.172s] [ 76%] Built target interfaces__py
[0.193s] [ 82%] Built target interfaces__rosidl_generator_py
[0.221s] [ 88%] Built target interfaces_s__rosidl_typesupport_c
[0.222s] [ 94%] Built target interfaces_s__rosidl_typesupport_introspection_c
[0.230s] [100%] Built target interfaces_s__rosidl_typesupport_fastrtps_c
[0.348s] running egg_info
[0.370s] writing interfaces.egg-info/PKG-INFO
[0.370s] writing dependency_links to interfaces.egg-info/dependency_links.txt
[0.370s] writing top-level names to interfaces.egg-info/top_level.txt
[0.454s] reading manifest file 'interfaces.egg-info/SOURCES.txt'
[0.455s] writing manifest file 'interfaces.egg-info/SOURCES.txt'
[0.523s] [100%] Built target ament_cmake_python_build_interfaces_egg
[0.539s] Invoked command in '/home/agusb/Desktop/ROS2-Teleoperacion-Wifi/terrenator_ws/build/interfaces' returned '0': CMAKE_PREFIX_PATH=${CMAKE_PREFIX_PATH}:/opt/ros/jazzy /usr/bin/cmake --build /home/agusb/Desktop/ROS2-Teleoperacion-Wifi/terrenator_ws/build/interfaces -- -j8 -l8
[0.595s] Invoking command in '/home/agusb/Desktop/ROS2-Teleoperacion-Wifi/terrenator_ws/build/interfaces': CMAKE_PREFIX_PATH=${CMAKE_PREFIX_PATH}:/opt/ros/jazzy /usr/bin/cmake --install /home/agusb/Desktop/ROS2-Teleoperacion-Wifi/terrenator_ws/build/interfaces
[0.604s] -- Install configuration: ""
[0.604s] -- Up-to-date: /home/agusb/Desktop/ROS2-Teleoperacion-Wifi/terrenator_ws/install/interfaces/share/ament_index/resource_index/rosidl_interfaces/interfaces
[0.605s] -- Up-to-date: /home/agusb/Desktop/ROS2-Teleoperacion-Wifi/terrenator_ws/install/interfaces/share/interfaces/msg/TramaDatos.json
[0.605s] -- Up-to-date: /home/agusb/Desktop/ROS2-Teleoperacion-Wifi/terrenator_ws/install/interfaces/include/interfaces/interfaces
[0.606s] -- Up-to-date: /home/agusb/Desktop/ROS2-Teleoperacion-Wifi/terrenator_ws/install/interfaces/include/interfaces/interfaces/msg
[0.606s] -- Up-to-date: /home/agusb/Desktop/ROS2-Teleoperacion-Wifi/terrenator_ws/install/interfaces/include/interfaces/interfaces/msg/detail
[0.606s] -- Up-to-date: /home/agusb/Desktop/ROS2-Teleoperacion-Wifi/terrenator_ws/install/interfaces/include/interfaces/interfaces/msg/detail/trama_datos__type_support.h
[0.606s] -- Up-to-date: /home/agusb/Desktop/ROS2-Teleoperacion-Wifi/terrenator_ws/install/interfaces/include/interfaces/interfaces/msg/detail/trama_datos__functions.h
[0.607s] -- Up-to-date: /home/agusb/Desktop/ROS2-Teleoperacion-Wifi/terrenator_ws/install/interfaces/include/interfaces/interfaces/msg/detail/trama_datos__functions.c
[0.607s] -- Up-to-date: /home/agusb/Desktop/ROS2-Teleoperacion-Wifi/terrenator_ws/install/interfaces/include/interfaces/interfaces/msg/detail/trama_datos__type_support.c
[0.607s] -- Up-to-date: /home/agusb/Desktop/ROS2-Teleoperacion-Wifi/terrenator_ws/install/interfaces/include/interfaces/interfaces/msg/detail/trama_datos__description.c
[0.607s] -- Up-to-date: /home/agusb/Desktop/ROS2-Teleoperacion-Wifi/terrenator_ws/install/interfaces/include/interfaces/interfaces/msg/detail/trama_datos__struct.h
[0.607s] -- Up-to-date: /home/agusb/Desktop/ROS2-Teleoperacion-Wifi/terrenator_ws/install/interfaces/include/interfaces/interfaces/msg/rosidl_generator_c__visibility_control.h
[0.607s] -- Up-to-date: /home/agusb/Desktop/ROS2-Teleoperacion-Wifi/terrenator_ws/install/interfaces/include/interfaces/interfaces/msg/trama_datos.h
[0.608s] -- Up-to-date: /home/agusb/Desktop/ROS2-Teleoperacion-Wifi/terrenator_ws/install/interfaces/share/interfaces/environment/library_path.sh
[0.608s] -- Up-to-date: /home/agusb/Desktop/ROS2-Teleoperacion-Wifi/terrenator_ws/install/interfaces/share/interfaces/environment/library_path.dsv
[0.608s] -- Up-to-date: /home/agusb/Desktop/ROS2-Teleoperacion-Wifi/terrenator_ws/install/interfaces/lib/libinterfaces__rosidl_generator_c.so
[0.608s] -- Up-to-date: /home/agusb/Desktop/ROS2-Teleoperacion-Wifi/terrenator_ws/install/interfaces/include/interfaces/interfaces
[0.608s] -- Up-to-date: /home/agusb/Desktop/ROS2-Teleoperacion-Wifi/terrenator_ws/install/interfaces/include/interfaces/interfaces/msg
[0.608s] -- Up-to-date: /home/agusb/Desktop/ROS2-Teleoperacion-Wifi/terrenator_ws/install/interfaces/include/interfaces/interfaces/msg/detail
[0.609s] -- Up-to-date: /home/agusb/Desktop/ROS2-Teleoperacion-Wifi/terrenator_ws/install/interfaces/include/interfaces/interfaces/msg/detail/trama_datos__rosidl_typesupport_fastrtps_c.h
[0.609s] -- Up-to-date: /home/agusb/Desktop/ROS2-Teleoperacion-Wifi/terrenator_ws/install/interfaces/include/interfaces/interfaces/msg/rosidl_typesupport_fastrtps_c__visibility_control.h
[0.609s] -- Up-to-date: /home/agusb/Desktop/ROS2-Teleoperacion-Wifi/terrenator_ws/install/interfaces/lib/libinterfaces__rosidl_typesupport_fastrtps_c.so
[0.609s] -- Up-to-date: /home/agusb/Desktop/ROS2-Teleoperacion-Wifi/terrenator_ws/install/interfaces/include/interfaces/interfaces
[0.610s] -- Up-to-date: /home/agusb/Desktop/ROS2-Teleoperacion-Wifi/terrenator_ws/install/interfaces/include/interfaces/interfaces/msg
[0.610s] -- Up-to-date: /home/agusb/Desktop/ROS2-Teleoperacion-Wifi/terrenator_ws/install/interfaces/include/interfaces/interfaces/msg/detail
[0.610s] -- Up-to-date: /home/agusb/Desktop/ROS2-Teleoperacion-Wifi/terrenator_ws/install/interfaces/include/interfaces/interfaces/msg/detail/trama_datos__type_support.c
[0.610s] -- Up-to-date: /home/agusb/Desktop/ROS2-Teleoperacion-Wifi/terrenator_ws/install/interfaces/include/interfaces/interfaces/msg/detail/trama_datos__rosidl_typesupport_introspection_c.h
[0.610s] -- Up-to-date: /home/agusb/Desktop/ROS2-Teleoperacion-Wifi/terrenator_ws/install/interfaces/include/interfaces/interfaces/msg/rosidl_typesupport_introspection_c__visibility_control.h
[0.611s] -- Up-to-date: /home/agusb/Desktop/ROS2-Teleoperacion-Wifi/terrenator_ws/install/interfaces/lib/libinterfaces__rosidl_typesupport_introspection_c.so
[0.611s] -- Up-to-date: /home/agusb/Desktop/ROS2-Teleoperacion-Wifi/terrenator_ws/install/interfaces/lib/libinterfaces__rosidl_typesupport_c.so
[0.611s] -- Up-to-date: /home/agusb/Desktop/ROS2-Teleoperacion-Wifi/terrenator_ws/install/interfaces/include/interfaces/interfaces
[0.611s] -- Up-to-date: /home/agusb/Desktop/ROS2-Teleoperacion-Wifi/terrenator_ws/install/interfaces/include/interfaces/interfaces/msg
[0.611s] -- Up-to-date: /home/agusb/Desktop/ROS2-Teleoperacion-Wifi/terrenator_ws/install/interfaces/include/interfaces/interfaces/msg/detail
[0.611s] -- Up-to-date: /home/agusb/Desktop/ROS2-Teleoperacion-Wifi/terrenator_ws/install/interfaces/include/interfaces/interfaces/msg/detail/trama_datos__type_support.hpp
[0.611s] -- Up-to-date: /home/agusb/Desktop/ROS2-Teleoperacion-Wifi/terrenator_ws/install/interfaces/include/interfaces/interfaces/msg/detail/trama_datos__struct.hpp
[0.611s] -- Up-to-date: /home/agusb/Desktop/ROS2-Teleoperacion-Wifi/terrenator_ws/install/interfaces/include/interfaces/interfaces/msg/detail/trama_datos__builder.hpp
[0.611s] -- Up-to-date: /home/agusb/Desktop/ROS2-Teleoperacion-Wifi/terrenator_ws/install/interfaces/include/interfaces/interfaces/msg/detail/trama_datos__traits.hpp
[0.611s] -- Up-to-date: /home/agusb/Desktop/ROS2-Teleoperacion-Wifi/terrenator_ws/install/interfaces/include/interfaces/interfaces/msg/rosidl_generator_cpp__visibility_control.hpp
[0.611s] -- Up-to-date: /home/agusb/Desktop/ROS2-Teleoperacion-Wifi/terrenator_ws/install/interfaces/include/interfaces/interfaces/msg/trama_datos.hpp
[0.612s] -- Up-to-date: /home/agusb/Desktop/ROS2-Teleoperacion-Wifi/terrenator_ws/install/interfaces/include/interfaces/interfaces
[0.612s] -- Up-to-date: /home/agusb/Desktop/ROS2-Teleoperacion-Wifi/terrenator_ws/install/interfaces/include/interfaces/interfaces/msg
[0.612s] -- Up-to-date: /home/agusb/Desktop/ROS2-Teleoperacion-Wifi/terrenator_ws/install/interfaces/include/interfaces/interfaces/msg/detail
[0.612s] -- Up-to-date: /home/agusb/Desktop/ROS2-Teleoperacion-Wifi/terrenator_ws/install/interfaces/include/interfaces/interfaces/msg/detail/dds_fastrtps
[0.612s] -- Up-to-date: /home/agusb/Desktop/ROS2-Teleoperacion-Wifi/terrenator_ws/install/interfaces/include/interfaces/interfaces/msg/detail/trama_datos__rosidl_typesupport_fastrtps_cpp.hpp
[0.612s] -- Up-to-date: /home/agusb/Desktop/ROS2-Teleoperacion-Wifi/terrenator_ws/install/interfaces/include/interfaces/interfaces/msg/rosidl_typesupport_fastrtps_cpp__visibility_control.h
[0.612s] -- Up-to-date: /home/agusb/Desktop/ROS2-Teleoperacion-Wifi/terrenator_ws/install/interfaces/lib/libinterfaces__rosidl_typesupport_fastrtps_cpp.so
[0.612s] -- Up-to-date: /home/agusb/Desktop/ROS2-Teleoperacion-Wifi/terrenator_ws/install/interfaces/include/interfaces/interfaces
[0.612s] -- Up-to-date: /home/agusb/Desktop/ROS2-Teleoperacion-Wifi/terrenator_ws/install/interfaces/include/interfaces/interfaces/msg
[0.612s] -- Up-to-date: /home/agusb/Desktop/ROS2-Teleoperacion-Wifi/terrenator_ws/install/interfaces/include/interfaces/interfaces/msg/detail
[0.612s] -- Up-to-date: /home/agusb/Desktop/ROS2-Teleoperacion-Wifi/terrenator_ws/install/interfaces/include/interfaces/interfaces/msg/detail/trama_datos__rosidl_typesupport_introspection_cpp.hpp
[0.612s] -- Up-to-date: /home/agusb/Desktop/ROS2-Teleoperacion-Wifi/terrenator_ws/install/interfaces/include/interfaces/interfaces/msg/detail/trama_datos__type_support.cpp
[0.612s] -- Up-to-date: /home/agusb/Desktop/ROS2-Teleoperacion-Wifi/terrenator_ws/install/interfaces/lib/libinterfaces__rosidl_typesupport_introspection_cpp.so
[0.612s] -- Up-to-date: /home/agusb/Desktop/ROS2-Teleoperacion-Wifi/terrenator_ws/install/interfaces/lib/libinterfaces__rosidl_typesupport_cpp.so
[0.613s] -- Up-to-date: /home/agusb/Desktop/ROS2-Teleoperacion-Wifi/terrenator_ws/install/interfaces/share/interfaces/environment/pythonpath.sh
[0.613s] -- Up-to-date: /home/agusb/Desktop/ROS2-Teleoperacion-Wifi/terrenator_ws/install/interfaces/share/interfaces/environment/pythonpath.dsv
[0.613s] -- Up-to-date: /home/agusb/Desktop/ROS2-Teleoperacion-Wifi/terrenator_ws/install/interfaces/lib/python3.12/site-packages/interfaces-0.0.0-py3.12.egg-info
[0.613s] -- Installing: /home/agusb/Desktop/ROS2-Teleoperacion-Wifi/terrenator_ws/install/interfaces/lib/python3.12/site-packages/interfaces-0.0.0-py3.12.egg-info/top_level.txt
[0.613s] -- Installing: /home/agusb/Desktop/ROS2-Teleoperacion-Wifi/terrenator_ws/install/interfaces/lib/python3.12/site-packages/interfaces-0.0.0-py3.12.egg-info/PKG-INFO
[0.613s] -- Installing: /home/agusb/Desktop/ROS2-Teleoperacion-Wifi/terrenator_ws/install/interfaces/lib/python3.12/site-packages/interfaces-0.0.0-py3.12.egg-info/dependency_links.txt
[0.613s] -- Installing: /home/agusb/Desktop/ROS2-Teleoperacion-Wifi/terrenator_ws/install/interfaces/lib/python3.12/site-packages/interfaces-0.0.0-py3.12.egg-info/SOURCES.txt
[0.613s] -- Up-to-date: /home/agusb/Desktop/ROS2-Teleoperacion-Wifi/terrenator_ws/install/interfaces/lib/python3.12/site-packages/interfaces
[0.613s] -- Up-to-date: /home/agusb/Desktop/ROS2-Teleoperacion-Wifi/terrenator_ws/install/interfaces/lib/python3.12/site-packages/interfaces/interfaces_s__rosidl_typesupport_fastrtps_c.so
[0.613s] -- Up-to-date: /home/agusb/Desktop/ROS2-Teleoperacion-Wifi/terrenator_ws/install/interfaces/lib/python3.12/site-packages/interfaces/_interfaces_s.ep.rosidl_typesupport_fastrtps_c.c
[0.613s] -- Up-to-date: /home/agusb/Desktop/ROS2-Teleoperacion-Wifi/terrenator_ws/install/interfaces/lib/python3.12/site-packages/interfaces/_interfaces_s.ep.rosidl_typesupport_introspection_c.c
[0.613s] -- Up-to-date: /home/agusb/Desktop/ROS2-Teleoperacion-Wifi/terrenator_ws/install/interfaces/lib/python3.12/site-packages/interfaces/interfaces_s__rosidl_typesupport_introspection_c.so
[0.613s] -- Up-to-date: /home/agusb/Desktop/ROS2-Teleoperacion-Wifi/terrenator_ws/install/interfaces/lib/python3.12/site-packages/interfaces/_interfaces_s.ep.rosidl_typesupport_c.c
[0.614s] -- Up-to-date: /home/agusb/Desktop/ROS2-Teleoperacion-Wifi/terrenator_ws/install/interfaces/lib/python3.12/site-packages/interfaces/msg
[0.614s] -- Up-to-date: /home/agusb/Desktop/ROS2-Teleoperacion-Wifi/terrenator_ws/install/interfaces/lib/python3.12/site-packages/interfaces/msg/_trama_datos_s.c
[0.614s] -- Up-to-date: /home/agusb/Desktop/ROS2-Teleoperacion-Wifi/terrenator_ws/install/interfaces/lib/python3.12/site-packages/interfaces/msg/_trama_datos.py
[0.614s] -- Up-to-date: /home/agusb/Desktop/ROS2-Teleoperacion-Wifi/terrenator_ws/install/interfaces/lib/python3.12/site-packages/interfaces/msg/__init__.py
[0.614s] -- Up-to-date: /home/agusb/Desktop/ROS2-Teleoperacion-Wifi/terrenator_ws/install/interfaces/lib/python3.12/site-packages/interfaces/__init__.py
[0.614s] -- Up-to-date: /home/agusb/Desktop/ROS2-Teleoperacion-Wifi/terrenator_ws/install/interfaces/lib/python3.12/site-packages/interfaces/interfaces_s__rosidl_typesupport_c.so
[0.644s] Listing '/home/agusb/Desktop/ROS2-Teleoperacion-Wifi/terrenator_ws/install/interfaces/lib/python3.12/site-packages/interfaces'...
[0.644s] Listing '/home/agusb/Desktop/ROS2-Teleoperacion-Wifi/terrenator_ws/install/interfaces/lib/python3.12/site-packages/interfaces/msg'...
[0.649s] -- Up-to-date: /home/agusb/Desktop/ROS2-Teleoperacion-Wifi/terrenator_ws/install/interfaces/lib/python3.12/site-packages/interfaces/interfaces_s__rosidl_typesupport_fastrtps_c.so
[0.649s] -- Up-to-date: /home/agusb/Desktop/ROS2-Teleoperacion-Wifi/terrenator_ws/install/interfaces/lib/python3.12/site-packages/interfaces/interfaces_s__rosidl_typesupport_introspection_c.so
[0.649s] -- Up-to-date: /home/agusb/Desktop/ROS2-Teleoperacion-Wifi/terrenator_ws/install/interfaces/lib/python3.12/site-packages/interfaces/interfaces_s__rosidl_typesupport_c.so
[0.650s] -- Up-to-date: /home/agusb/Desktop/ROS2-Teleoperacion-Wifi/terrenator_ws/install/interfaces/lib/libinterfaces__rosidl_generator_py.so
[0.650s] -- Up-to-date: /home/agusb/Desktop/ROS2-Teleoperacion-Wifi/terrenator_ws/install/interfaces/share/interfaces/msg/TramaDatos.idl
[0.650s] -- Up-to-date: /home/agusb/Desktop/ROS2-Teleoperacion-Wifi/terrenator_ws/install/interfaces/share/interfaces/msg/TramaDatos.msg
[0.650s] -- Up-to-date: /home/agusb/Desktop/ROS2-Teleoperacion-Wifi/terrenator_ws/install/interfaces/share/ament_index/resource_index/package_run_dependencies/interfaces
[0.650s] -- Up-to-date: /home/agusb/Desktop/ROS2-Teleoperacion-Wifi/terrenator_ws/install/interfaces/share/ament_index/resource_index/parent_prefix_path/interfaces
[0.650s] -- Up-to-date: /home/agusb/Desktop/ROS2-Teleoperacion-Wifi/terrenator_ws/install/interfaces/share/interfaces/environment/ament_prefix_path.sh
[0.650s] -- Up-to-date: /home/agusb/Desktop/ROS2-Teleoperacion-Wifi/terrenator_ws/install/interfaces/share/interfaces/environment/ament_prefix_path.dsv
[0.650s] -- Up-to-date: /home/agusb/Desktop/ROS2-Teleoperacion-Wifi/terrenator_ws/install/interfaces/share/interfaces/environment/path.sh
[0.651s] -- Up-to-date: /home/agusb/Desktop/ROS2-Teleoperacion-Wifi/terrenator_ws/install/interfaces/share/interfaces/environment/path.dsv
[0.651s] -- Up-to-date: /home/agusb/Desktop/ROS2-Teleoperacion-Wifi/terrenator_ws/install/interfaces/share/interfaces/local_setup.bash
[0.651s] -- Up-to-date: /home/agusb/Desktop/ROS2-Teleoperacion-Wifi/terrenator_ws/install/interfaces/share/interfaces/local_setup.sh
[0.651s] -- Up-to-date: /home/agusb/Desktop/ROS2-Teleoperacion-Wifi/terrenator_ws/install/interfaces/share/interfaces/local_setup.zsh
[0.651s] -- Up-to-date: /home/agusb/Desktop/ROS2-Teleoperacion-Wifi/terrenator_ws/install/interfaces/share/interfaces/local_setup.dsv
[0.651s] -- Installing: /home/agusb/Desktop/ROS2-Teleoperacion-Wifi/terrenator_ws/install/interfaces/share/interfaces/package.dsv
[0.651s] -- Up-to-date: /home/agusb/Desktop/ROS2-Teleoperacion-Wifi/terrenator_ws/install/interfaces/share/ament_index/resource_index/packages/interfaces
[0.651s] -- Up-to-date: /home/agusb/Desktop/ROS2-Teleoperacion-Wifi/terrenator_ws/install/interfaces/share/interfaces/cmake/export_interfaces__rosidl_generator_cExport.cmake
[0.651s] -- Up-to-date: /home/agusb/Desktop/ROS2-Teleoperacion-Wifi/terrenator_ws/install/interfaces/share/interfaces/cmake/export_interfaces__rosidl_generator_cExport-noconfig.cmake
[0.651s] -- Up-to-date: /home/agusb/Desktop/ROS2-Teleoperacion-Wifi/terrenator_ws/install/interfaces/share/interfaces/cmake/export_interfaces__rosidl_typesupport_fastrtps_cExport.cmake
[0.652s] -- Up-to-date: /home/agusb/Desktop/ROS2-Teleoperacion-Wifi/terrenator_ws/install/interfaces/share/interfaces/cmake/export_interfaces__rosidl_typesupport_fastrtps_cExport-noconfig.cmake
[0.652s] -- Up-to-date: /home/agusb/Desktop/ROS2-Teleoperacion-Wifi/terrenator_ws/install/interfaces/share/interfaces/cmake/interfaces__rosidl_typesupport_introspection_cExport.cmake
[0.652s] -- Up-to-date: /home/agusb/Desktop/ROS2-Teleoperacion-Wifi/terrenator_ws/install/interfaces/share/interfaces/cmake/interfaces__rosidl_typesupport_introspection_cExport-noconfig.cmake
[0.652s] -- Up-to-date: /home/agusb/Desktop/ROS2-Teleoperacion-Wifi/terrenator_ws/install/interfaces/share/interfaces/cmake/interfaces__rosidl_typesupport_cExport.cmake
[0.652s] -- Up-to-date: /home/agusb/Desktop/ROS2-Teleoperacion-Wifi/terrenator_ws/install/interfaces/share/interfaces/cmake/interfaces__rosidl_typesupport_cExport-noconfig.cmake
[0.652s] -- Up-to-date: /home/agusb/Desktop/ROS2-Teleoperacion-Wifi/terrenator_ws/install/interfaces/share/interfaces/cmake/export_interfaces__rosidl_generator_cppExport.cmake
[0.652s] -- Up-to-date: /home/agusb/Desktop/ROS2-Teleoperacion-Wifi/terrenator_ws/install/interfaces/share/interfaces/cmake/export_interfaces__rosidl_typesupport_fastrtps_cppExport.cmake
[0.652s] -- Up-to-date: /home/agusb/Desktop/ROS2-Teleoperacion-Wifi/terrenator_ws/install/interfaces/share/interfaces/cmake/export_interfaces__rosidl_typesupport_fastrtps_cppExport-noconfig.cmake
[0.652s] -- Up-to-date: /home/agusb/Desktop/ROS2-Teleoperacion-Wifi/terrenator_ws/install/interfaces/share/interfaces/cmake/interfaces__rosidl_typesupport_introspection_cppExport.cmake
[0.653s] -- Up-to-date: /home/agusb/Desktop/ROS2-Teleoperacion-Wifi/terrenator_ws/install/interfaces/share/interfaces/cmake/interfaces__rosidl_typesupport_introspection_cppExport-noconfig.cmake
[0.653s] -- Up-to-date: /home/agusb/Desktop/ROS2-Teleoperacion-Wifi/terrenator_ws/install/interfaces/share/interfaces/cmake/interfaces__rosidl_typesupport_cppExport.cmake
[0.653s] -- Up-to-date: /home/agusb/Desktop/ROS2-Teleoperacion-Wifi/terrenator_ws/install/interfaces/share/interfaces/cmake/interfaces__rosidl_typesupport_cppExport-noconfig.cmake
[0.653s] -- Up-to-date: /home/agusb/Desktop/ROS2-Teleoperacion-Wifi/terrenator_ws/install/interfaces/share/interfaces/cmake/export_interfaces__rosidl_generator_pyExport.cmake
[0.653s] -- Up-to-date: /home/agusb/Desktop/ROS2-Teleoperacion-Wifi/terrenator_ws/install/interfaces/share/interfaces/cmake/export_interfaces__rosidl_generator_pyExport-noconfig.cmake
[0.653s] -- Up-to-date: /home/agusb/Desktop/ROS2-Teleoperacion-Wifi/terrenator_ws/install/interfaces/share/interfaces/cmake/rosidl_cmake-extras.cmake
[0.653s] -- Up-to-date: /home/agusb/Desktop/ROS2-Teleoperacion-Wifi/terrenator_ws/install/interfaces/share/interfaces/cmake/ament_cmake_export_include_directories-extras.cmake
[0.653s] -- Up-to-date: /home/agusb/Desktop/ROS2-Teleoperacion-Wifi/terrenator_ws/install/interfaces/share/interfaces/cmake/ament_cmake_export_libraries-extras.cmake
[0.653s] -- Up-to-date: /home/agusb/Desktop/ROS2-Teleoperacion-Wifi/terrenator_ws/install/interfaces/share/interfaces/cmake/ament_cmake_export_targets-extras.cmake
[0.653s] -- Up-to-date: /home/agusb/Desktop/ROS2-Teleoperacion-Wifi/terrenator_ws/install/interfaces/share/interfaces/cmake/rosidl_cmake_export_typesupport_targets-extras.cmake
[0.653s] -- Up-to-date: /home/agusb/Desktop/ROS2-Teleoperacion-Wifi/terrenator_ws/install/interfaces/share/interfaces/cmake/ament_cmake_export_dependencies-extras.cmake
[0.653s] -- Up-to-date: /home/agusb/Desktop/ROS2-Teleoperacion-Wifi/terrenator_ws/install/interfaces/share/interfaces/cmake/rosidl_cmake_export_typesupport_libraries-extras.cmake
[0.653s] -- Up-to-date: /home/agusb/Desktop/ROS2-Teleoperacion-Wifi/terrenator_ws/install/interfaces/share/interfaces/cmake/interfacesConfig.cmake
[0.653s] -- Up-to-date: /home/agusb/Desktop/ROS2-Teleoperacion-Wifi/terrenator_ws/install/interfaces/share/interfaces/cmake/interfacesConfig-version.cmake
[0.654s] -- Up-to-date: /home/agusb/Desktop/ROS2-Teleoperacion-Wifi/terrenator_ws/install/interfaces/share/interfaces/package.xml
[0.654s] Invoked command in '/home/agusb/Desktop/ROS2-Teleoperacion-Wifi/terrenator_ws/build/interfaces' returned '0': CMAKE_PREFIX_PATH=${CMAKE_PREFIX_PATH}:/opt/ros/jazzy /usr/bin/cmake --install /home/agusb/Desktop/ROS2-Teleoperacion-Wifi/terrenator_ws/build/interfaces
