[17.146s] Invoking command in '/home/agusb/Desktop/ROS2-Teleoperacion-Wifi/ros2_ws/build/examples_rclpy_minimal_publisher': PYTHONPATH=/home/agusb/Desktop/ROS2-Teleoperacion-Wifi/ros2_ws/build/examples_rclpy_minimal_publisher/prefix_override:/usr/lib/python3/dist-packages/colcon_core/task/python/colcon_distutils_commands:/home/agusb/Desktop/ROS2-Teleoperacion-Wifi/ros2_ws/install/examples_rclpy_minimal_publisher/lib/python3.12/site-packages:${PYTHONPATH} /usr/bin/python3 -W ignore:setup.py install is deprecated setup.py develop --editable --build-directory /home/agusb/Desktop/ROS2-Teleoperacion-Wifi/ros2_ws/build/examples_rclpy_minimal_publisher/build --no-deps symlink_data
[18.937s] running develop
[18.938s] /usr/lib/python3/dist-packages/setuptools/command/develop.py:40: EasyInstallDeprecationWarning: easy_install command is deprecated.
[18.938s] !!
[18.939s] 
[18.939s]         ********************************************************************************
[18.940s]         Please avoid running ``setup.py`` and ``easy_install``.
[18.941s]         Instead, use pypa/build, pypa/installer or other
[18.941s]         standards-based tools.
[18.945s] 
[18.946s]         See https://github.com/pypa/setuptools/issues/917 for details.
[18.946s]         ********************************************************************************
[18.947s] 
[18.947s] !!
[18.948s]   easy_install.initialize_options(self)
[20.192s] running egg_info
[20.193s] creating examples_rclpy_minimal_publisher.egg-info
[20.306s] writing examples_rclpy_minimal_publisher.egg-info/PKG-INFO
[20.310s] writing dependency_links to examples_rclpy_minimal_publisher.egg-info/dependency_links.txt
[20.311s] writing entry points to examples_rclpy_minimal_publisher.egg-info/entry_points.txt
[20.311s] writing requirements to examples_rclpy_minimal_publisher.egg-info/requires.txt
[20.312s] writing top-level names to examples_rclpy_minimal_publisher.egg-info/top_level.txt
[20.312s] writing manifest file 'examples_rclpy_minimal_publisher.egg-info/SOURCES.txt'
[20.557s] reading manifest file 'examples_rclpy_minimal_publisher.egg-info/SOURCES.txt'
[20.563s] writing manifest file 'examples_rclpy_minimal_publisher.egg-info/SOURCES.txt'
[20.695s] running build_ext
[20.696s] Creating /home/agusb/Desktop/ROS2-Teleoperacion-Wifi/ros2_ws/install/examples_rclpy_minimal_publisher/lib/python3.12/site-packages/examples-rclpy-minimal-publisher.egg-link (link to .)
[20.697s] Installing publisher_local_function script to /home/agusb/Desktop/ROS2-Teleoperacion-Wifi/ros2_ws/install/examples_rclpy_minimal_publisher/lib/examples_rclpy_minimal_publisher
[20.697s] Installing publisher_member_function script to /home/agusb/Desktop/ROS2-Teleoperacion-Wifi/ros2_ws/install/examples_rclpy_minimal_publisher/lib/examples_rclpy_minimal_publisher
[20.698s] Installing publisher_old_school script to /home/agusb/Desktop/ROS2-Teleoperacion-Wifi/ros2_ws/install/examples_rclpy_minimal_publisher/lib/examples_rclpy_minimal_publisher
[20.698s] 
[20.699s] Installed /home/agusb/Desktop/ROS2-Teleoperacion-Wifi/ros2_ws/build/examples_rclpy_minimal_publisher
[20.699s] running symlink_data
[20.700s] creating /home/agusb/Desktop/ROS2-Teleoperacion-Wifi/ros2_ws/install/examples_rclpy_minimal_publisher/share/ament_index
[20.700s] creating /home/agusb/Desktop/ROS2-Teleoperacion-Wifi/ros2_ws/install/examples_rclpy_minimal_publisher/share/ament_index/resource_index
[20.700s] creating /home/agusb/Desktop/ROS2-Teleoperacion-Wifi/ros2_ws/install/examples_rclpy_minimal_publisher/share/ament_index/resource_index/packages
[20.700s] symbolically linking /home/agusb/Desktop/ROS2-Teleoperacion-Wifi/ros2_ws/build/examples_rclpy_minimal_publisher/resource/examples_rclpy_minimal_publisher -> /home/agusb/Desktop/ROS2-Teleoperacion-Wifi/ros2_ws/install/examples_rclpy_minimal_publisher/share/ament_index/resource_index/packages
[20.701s] symbolically linking /home/agusb/Desktop/ROS2-Teleoperacion-Wifi/ros2_ws/build/examples_rclpy_minimal_publisher/package.xml -> /home/agusb/Desktop/ROS2-Teleoperacion-Wifi/ros2_ws/install/examples_rclpy_minimal_publisher/share/examples_rclpy_minimal_publisher
[20.826s] Invoked command in '/home/agusb/Desktop/ROS2-Teleoperacion-Wifi/ros2_ws/build/examples_rclpy_minimal_publisher' returned '0': PYTHONPATH=/home/agusb/Desktop/ROS2-Teleoperacion-Wifi/ros2_ws/build/examples_rclpy_minimal_publisher/prefix_override:/usr/lib/python3/dist-packages/colcon_core/task/python/colcon_distutils_commands:/home/agusb/Desktop/ROS2-Teleoperacion-Wifi/ros2_ws/install/examples_rclpy_minimal_publisher/lib/python3.12/site-packages:${PYTHONPATH} /usr/bin/python3 -W ignore:setup.py install is deprecated setup.py develop --editable --build-directory /home/agusb/Desktop/ROS2-Teleoperacion-Wifi/ros2_ws/build/examples_rclpy_minimal_publisher/build --no-deps symlink_data
