[0.010s] Invoking command in '/home/agusb/Desktop/ROS2-Teleoperacion-Wifi/terrenator_ws/build/interfaces': CMAKE_PREFIX_PATH=${CMAKE_PREFIX_PATH}:/opt/ros/jazzy /usr/bin/cmake /home/agusb/Desktop/ROS2-Teleoperacion-Wifi/terrenator_ws/src/interfaces -DCMAKE_INSTALL_PREFIX=/home/agusb/Desktop/ROS2-Teleoperacion-Wifi/terrenator_ws/install/interfaces
[0.026s] -- Found ament_cmake: 2.5.2 (/opt/ros/jazzy/share/ament_cmake/cmake)
[0.251s] -- Found rosidl_default_generators: 1.6.0 (/opt/ros/jazzy/share/rosidl_default_generators/cmake)
[0.254s] -- Using all available rosidl_typesupport_c: rosidl_typesupport_fastrtps_c;rosidl_typesupport_introspection_c
[0.290s] -- Using all available rosidl_typesupport_cpp: rosidl_typesupport_fastrtps_cpp;rosidl_typesupport_introspection_cpp
[0.326s] -- Found rosidl_adapter: 4.6.3 (/opt/ros/jazzy/share/rosidl_adapter/cmake)
[1.027s] -- Found ament_cmake_ros: 0.12.0 (/opt/ros/jazzy/share/ament_cmake_ros/cmake)
[1.513s] -- Using all available rosidl_typesupport_c: rosidl_typesupport_fastrtps_c;rosidl_typesupport_introspection_c
[2.065s] -- Using all available rosidl_typesupport_cpp: rosidl_typesupport_fastrtps_cpp;rosidl_typesupport_introspection_cpp
[2.067s] -- Found python_cmake_module: 0.11.1 (/opt/ros/jazzy/share/python_cmake_module/cmake)
[2.208s] -- Found PythonExtra: /usr/bin/python3  
[2.724s] -- Found Python3: /usr/bin/python3 (found version "3.12.3") found components: Interpreter Development NumPy Development.Module Development.Embed 
[2.760s] -- Found ament_lint_auto: 0.17.1 (/opt/ros/jazzy/share/ament_lint_auto/cmake)
[2.766s] -- Configuring done (2.7s)
[2.794s] -- Generating done (0.0s)
[2.796s] -- Build files have been written to: /home/agusb/Desktop/ROS2-Teleoperacion-Wifi/terrenator_ws/build/interfaces
[2.802s] Invoked command in '/home/agusb/Desktop/ROS2-Teleoperacion-Wifi/terrenator_ws/build/interfaces' returned '0': CMAKE_PREFIX_PATH=${CMAKE_PREFIX_PATH}:/opt/ros/jazzy /usr/bin/cmake /home/agusb/Desktop/ROS2-Teleoperacion-Wifi/terrenator_ws/src/interfaces -DCMAKE_INSTALL_PREFIX=/home/agusb/Desktop/ROS2-Teleoperacion-Wifi/terrenator_ws/install/interfaces
[2.803s] Invoking command in '/home/agusb/Desktop/ROS2-Teleoperacion-Wifi/terrenator_ws/build/interfaces': CMAKE_PREFIX_PATH=${CMAKE_PREFIX_PATH}:/opt/ros/jazzy /usr/bin/cmake --build /home/agusb/Desktop/ROS2-Teleoperacion-Wifi/terrenator_ws/build/interfaces -- -j8 -l8
[2.851s] [  2%] [34m[1mGenerating type hashes for ROS interfaces[0m
[2.860s] [  2%] Built target ament_cmake_python_copy_interfaces
[3.052s] [  2%] Built target interfaces__rosidl_generator_type_description
[3.062s] [  5%] [34m[1mGenerating C code for ROS interfaces[0m
[3.072s] [  8%] [34m[1mGenerating C++ code for ROS interfaces[0m
[3.097s] running egg_info
[3.098s] creating interfaces.egg-info
[3.125s] writing interfaces.egg-info/PKG-INFO
[3.125s] writing dependency_links to interfaces.egg-info/dependency_links.txt
[3.125s] writing top-level names to interfaces.egg-info/top_level.txt
[3.125s] writing manifest file 'interfaces.egg-info/SOURCES.txt'
[3.190s] reading manifest file 'interfaces.egg-info/SOURCES.txt'
[3.190s] writing manifest file 'interfaces.egg-info/SOURCES.txt'
[3.227s] [  8%] Built target ament_cmake_python_build_interfaces_egg
[3.337s] [  8%] Built target interfaces__cpp
[3.367s] [ 17%] [32mBuilding C object CMakeFiles/interfaces__rosidl_generator_c.dir/rosidl_generator_c/interfaces/msg/detail/trama_datos__functions.c.o[0m
[3.367s] [ 17%] [32mBuilding C object CMakeFiles/interfaces__rosidl_generator_c.dir/rosidl_generator_c/interfaces/msg/detail/trama_datos__description.c.o[0m
[3.367s] [ 17%] [32mBuilding C object CMakeFiles/interfaces__rosidl_generator_c.dir/rosidl_generator_c/interfaces/msg/detail/trama_datos__type_support.c.o[0m
[3.423s] [ 20%] [32m[1mLinking C shared library libinterfaces__rosidl_generator_c.so[0m
[3.474s] [ 20%] Built target interfaces__rosidl_generator_c
[3.497s] [ 23%] [34m[1mGenerating C introspection for ROS interfaces[0m
[3.500s] [ 29%] [34m[1mGenerating C++ introspection for ROS interfaces[0m
[3.501s] [ 29%] [34m[1mGenerating C type support dispatch for ROS interfaces[0m
[3.501s] [ 32%] [34m[1mGenerating C++ type support for eProsima Fast-RTPS[0m
[3.501s] [ 35%] [34m[1mGenerating C++ type support dispatch for ROS interfaces[0m
[3.531s] [ 38%] [34m[1mGenerating C type support for eProsima Fast-RTPS[0m
[3.883s] [ 41%] [32mBuilding C object CMakeFiles/interfaces__rosidl_typesupport_introspection_c.dir/rosidl_typesupport_introspection_c/interfaces/msg/detail/trama_datos__type_support.c.o[0m
[3.893s] [ 44%] [32mBuilding CXX object CMakeFiles/interfaces__rosidl_typesupport_c.dir/rosidl_typesupport_c/interfaces/msg/trama_datos__type_support.cpp.o[0m
[4.021s] [ 47%] [32m[1mLinking C shared library libinterfaces__rosidl_typesupport_introspection_c.so[0m
[4.025s] [ 50%] [32m[1mLinking CXX shared library libinterfaces__rosidl_typesupport_c.so[0m
[4.082s] [ 52%] [32mBuilding CXX object CMakeFiles/interfaces__rosidl_typesupport_cpp.dir/rosidl_typesupport_cpp/interfaces/msg/trama_datos__type_support.cpp.o[0m
[4.099s] [ 52%] Built target interfaces__rosidl_typesupport_introspection_c
[4.127s] [ 55%] [32mBuilding CXX object CMakeFiles/interfaces__rosidl_typesupport_fastrtps_c.dir/rosidl_typesupport_fastrtps_c/interfaces/msg/detail/trama_datos__type_support_c.cpp.o[0m
[4.129s] [ 55%] Built target interfaces__rosidl_typesupport_c
[4.144s] [ 58%] [32mBuilding CXX object CMakeFiles/interfaces__rosidl_typesupport_introspection_cpp.dir/rosidl_typesupport_introspection_cpp/interfaces/msg/detail/trama_datos__type_support.cpp.o[0m
[4.145s] [ 61%] [32mBuilding CXX object CMakeFiles/interfaces__rosidl_typesupport_fastrtps_cpp.dir/rosidl_typesupport_fastrtps_cpp/interfaces/msg/detail/dds_fastrtps/trama_datos__type_support.cpp.o[0m
[4.585s] [ 64%] [32m[1mLinking CXX shared library libinterfaces__rosidl_typesupport_cpp.so[0m
[4.679s] [ 64%] Built target interfaces__rosidl_typesupport_cpp
[4.777s] [ 67%] [32m[1mLinking CXX shared library libinterfaces__rosidl_typesupport_introspection_cpp.so[0m
[4.885s] [ 67%] Built target interfaces__rosidl_typesupport_introspection_cpp
[4.906s] [ 70%] [32m[1mLinking CXX shared library libinterfaces__rosidl_typesupport_fastrtps_c.so[0m
[4.961s] [ 73%] [32m[1mLinking CXX shared library libinterfaces__rosidl_typesupport_fastrtps_cpp.so[0m
[4.966s] [ 73%] Built target interfaces__rosidl_typesupport_fastrtps_c
[5.061s] [ 73%] Built target interfaces__rosidl_typesupport_fastrtps_cpp
[5.083s] [ 73%] Built target interfaces
[5.107s] [ 76%] [34m[1mGenerating Python code for ROS interfaces[0m
[5.432s] [ 76%] Built target interfaces__py
[5.453s] [ 79%] [32mBuilding C object CMakeFiles/interfaces__rosidl_generator_py.dir/rosidl_generator_py/interfaces/msg/_trama_datos_s.c.o[0m
[5.615s] [ 82%] [32m[1mLinking C shared library libinterfaces__rosidl_generator_py.so[0m
[5.660s] [ 82%] Built target interfaces__rosidl_generator_py
[5.680s] [ 91%] [32mBuilding C object CMakeFiles/interfaces_s__rosidl_typesupport_c.dir/rosidl_generator_py/interfaces/_interfaces_s.ep.rosidl_typesupport_c.c.o[0m
[5.680s] [ 91%] [32mBuilding C object CMakeFiles/interfaces_s__rosidl_typesupport_introspection_c.dir/rosidl_generator_py/interfaces/_interfaces_s.ep.rosidl_typesupport_introspection_c.c.o[0m
[5.680s] [ 91%] [32mBuilding C object CMakeFiles/interfaces_s__rosidl_typesupport_fastrtps_c.dir/rosidl_generator_py/interfaces/_interfaces_s.ep.rosidl_typesupport_fastrtps_c.c.o[0m
[5.823s] [ 97%] [32m[1mLinking C shared module rosidl_generator_py/interfaces/interfaces_s__rosidl_typesupport_c.so[0m
[5.824s] [ 97%] [32m[1mLinking C shared module rosidl_generator_py/interfaces/interfaces_s__rosidl_typesupport_fastrtps_c.so[0m
[5.826s] [100%] [32m[1mLinking C shared module rosidl_generator_py/interfaces/interfaces_s__rosidl_typesupport_introspection_c.so[0m
[5.896s] [100%] Built target interfaces_s__rosidl_typesupport_introspection_c
[5.896s] [100%] Built target interfaces_s__rosidl_typesupport_fastrtps_c
[5.901s] [100%] Built target interfaces_s__rosidl_typesupport_c
[5.919s] Invoked command in '/home/agusb/Desktop/ROS2-Teleoperacion-Wifi/terrenator_ws/build/interfaces' returned '0': CMAKE_PREFIX_PATH=${CMAKE_PREFIX_PATH}:/opt/ros/jazzy /usr/bin/cmake --build /home/agusb/Desktop/ROS2-Teleoperacion-Wifi/terrenator_ws/build/interfaces -- -j8 -l8
[5.990s] Invoking command in '/home/agusb/Desktop/ROS2-Teleoperacion-Wifi/terrenator_ws/build/interfaces': CMAKE_PREFIX_PATH=${CMAKE_PREFIX_PATH}:/opt/ros/jazzy /usr/bin/cmake --install /home/agusb/Desktop/ROS2-Teleoperacion-Wifi/terrenator_ws/build/interfaces
[5.999s] -- Install configuration: ""
[5.999s] -- Installing: /home/agusb/Desktop/ROS2-Teleoperacion-Wifi/terrenator_ws/install/interfaces/share/ament_index/resource_index/rosidl_interfaces/interfaces
[5.999s] -- Installing: /home/agusb/Desktop/ROS2-Teleoperacion-Wifi/terrenator_ws/install/interfaces/share/interfaces/msg/TramaDatos.json
[6.000s] -- Installing: /home/agusb/Desktop/ROS2-Teleoperacion-Wifi/terrenator_ws/install/interfaces/include/interfaces/interfaces
[6.000s] -- Installing: /home/agusb/Desktop/ROS2-Teleoperacion-Wifi/terrenator_ws/install/interfaces/include/interfaces/interfaces/msg
[6.000s] -- Installing: /home/agusb/Desktop/ROS2-Teleoperacion-Wifi/terrenator_ws/install/interfaces/include/interfaces/interfaces/msg/detail
[6.000s] -- Installing: /home/agusb/Desktop/ROS2-Teleoperacion-Wifi/terrenator_ws/install/interfaces/include/interfaces/interfaces/msg/detail/trama_datos__type_support.h
[6.000s] -- Installing: /home/agusb/Desktop/ROS2-Teleoperacion-Wifi/terrenator_ws/install/interfaces/include/interfaces/interfaces/msg/detail/trama_datos__functions.h
[6.000s] -- Installing: /home/agusb/Desktop/ROS2-Teleoperacion-Wifi/terrenator_ws/install/interfaces/include/interfaces/interfaces/msg/detail/trama_datos__functions.c
[6.001s] -- Installing: /home/agusb/Desktop/ROS2-Teleoperacion-Wifi/terrenator_ws/install/interfaces/include/interfaces/interfaces/msg/detail/trama_datos__type_support.c
[6.001s] -- Installing: /home/agusb/Desktop/ROS2-Teleoperacion-Wifi/terrenator_ws/install/interfaces/include/interfaces/interfaces/msg/detail/trama_datos__description.c
[6.001s] -- Installing: /home/agusb/Desktop/ROS2-Teleoperacion-Wifi/terrenator_ws/install/interfaces/include/interfaces/interfaces/msg/detail/trama_datos__struct.h
[6.001s] -- Installing: /home/agusb/Desktop/ROS2-Teleoperacion-Wifi/terrenator_ws/install/interfaces/include/interfaces/interfaces/msg/rosidl_generator_c__visibility_control.h
[6.001s] -- Installing: /home/agusb/Desktop/ROS2-Teleoperacion-Wifi/terrenator_ws/install/interfaces/include/interfaces/interfaces/msg/trama_datos.h
[6.001s] -- Installing: /home/agusb/Desktop/ROS2-Teleoperacion-Wifi/terrenator_ws/install/interfaces/share/interfaces/environment/library_path.sh
[6.001s] -- Installing: /home/agusb/Desktop/ROS2-Teleoperacion-Wifi/terrenator_ws/install/interfaces/share/interfaces/environment/library_path.dsv
[6.002s] -- Installing: /home/agusb/Desktop/ROS2-Teleoperacion-Wifi/terrenator_ws/install/interfaces/lib/libinterfaces__rosidl_generator_c.so
[6.002s] -- Set non-toolchain portion of runtime path of "/home/agusb/Desktop/ROS2-Teleoperacion-Wifi/terrenator_ws/install/interfaces/lib/libinterfaces__rosidl_generator_c.so" to ""
[6.002s] -- Up-to-date: /home/agusb/Desktop/ROS2-Teleoperacion-Wifi/terrenator_ws/install/interfaces/include/interfaces/interfaces
[6.003s] -- Up-to-date: /home/agusb/Desktop/ROS2-Teleoperacion-Wifi/terrenator_ws/install/interfaces/include/interfaces/interfaces/msg
[6.003s] -- Up-to-date: /home/agusb/Desktop/ROS2-Teleoperacion-Wifi/terrenator_ws/install/interfaces/include/interfaces/interfaces/msg/detail
[6.003s] -- Installing: /home/agusb/Desktop/ROS2-Teleoperacion-Wifi/terrenator_ws/install/interfaces/include/interfaces/interfaces/msg/detail/trama_datos__rosidl_typesupport_fastrtps_c.h
[6.003s] -- Installing: /home/agusb/Desktop/ROS2-Teleoperacion-Wifi/terrenator_ws/install/interfaces/include/interfaces/interfaces/msg/rosidl_typesupport_fastrtps_c__visibility_control.h
[6.003s] -- Installing: /home/agusb/Desktop/ROS2-Teleoperacion-Wifi/terrenator_ws/install/interfaces/lib/libinterfaces__rosidl_typesupport_fastrtps_c.so
[6.003s] -- Set non-toolchain portion of runtime path of "/home/agusb/Desktop/ROS2-Teleoperacion-Wifi/terrenator_ws/install/interfaces/lib/libinterfaces__rosidl_typesupport_fastrtps_c.so" to ""
[6.003s] -- Up-to-date: /home/agusb/Desktop/ROS2-Teleoperacion-Wifi/terrenator_ws/install/interfaces/include/interfaces/interfaces
[6.004s] -- Up-to-date: /home/agusb/Desktop/ROS2-Teleoperacion-Wifi/terrenator_ws/install/interfaces/include/interfaces/interfaces/msg
[6.004s] -- Up-to-date: /home/agusb/Desktop/ROS2-Teleoperacion-Wifi/terrenator_ws/install/interfaces/include/interfaces/interfaces/msg/detail
[6.004s] -- Installing: /home/agusb/Desktop/ROS2-Teleoperacion-Wifi/terrenator_ws/install/interfaces/include/interfaces/interfaces/msg/detail/trama_datos__type_support.c
[6.004s] -- Installing: /home/agusb/Desktop/ROS2-Teleoperacion-Wifi/terrenator_ws/install/interfaces/include/interfaces/interfaces/msg/detail/trama_datos__rosidl_typesupport_introspection_c.h
[6.004s] -- Installing: /home/agusb/Desktop/ROS2-Teleoperacion-Wifi/terrenator_ws/install/interfaces/include/interfaces/interfaces/msg/rosidl_typesupport_introspection_c__visibility_control.h
[6.004s] -- Installing: /home/agusb/Desktop/ROS2-Teleoperacion-Wifi/terrenator_ws/install/interfaces/lib/libinterfaces__rosidl_typesupport_introspection_c.so
[6.005s] -- Set non-toolchain portion of runtime path of "/home/agusb/Desktop/ROS2-Teleoperacion-Wifi/terrenator_ws/install/interfaces/lib/libinterfaces__rosidl_typesupport_introspection_c.so" to ""
[6.005s] -- Installing: /home/agusb/Desktop/ROS2-Teleoperacion-Wifi/terrenator_ws/install/interfaces/lib/libinterfaces__rosidl_typesupport_c.so
[6.005s] -- Set non-toolchain portion of runtime path of "/home/agusb/Desktop/ROS2-Teleoperacion-Wifi/terrenator_ws/install/interfaces/lib/libinterfaces__rosidl_typesupport_c.so" to ""
[6.005s] -- Up-to-date: /home/agusb/Desktop/ROS2-Teleoperacion-Wifi/terrenator_ws/install/interfaces/include/interfaces/interfaces
[6.005s] -- Up-to-date: /home/agusb/Desktop/ROS2-Teleoperacion-Wifi/terrenator_ws/install/interfaces/include/interfaces/interfaces/msg
[6.005s] -- Up-to-date: /home/agusb/Desktop/ROS2-Teleoperacion-Wifi/terrenator_ws/install/interfaces/include/interfaces/interfaces/msg/detail
[6.006s] -- Installing: /home/agusb/Desktop/ROS2-Teleoperacion-Wifi/terrenator_ws/install/interfaces/include/interfaces/interfaces/msg/detail/trama_datos__type_support.hpp
[6.006s] -- Installing: /home/agusb/Desktop/ROS2-Teleoperacion-Wifi/terrenator_ws/install/interfaces/include/interfaces/interfaces/msg/detail/trama_datos__struct.hpp
[6.006s] -- Installing: /home/agusb/Desktop/ROS2-Teleoperacion-Wifi/terrenator_ws/install/interfaces/include/interfaces/interfaces/msg/detail/trama_datos__builder.hpp
[6.006s] -- Installing: /home/agusb/Desktop/ROS2-Teleoperacion-Wifi/terrenator_ws/install/interfaces/include/interfaces/interfaces/msg/detail/trama_datos__traits.hpp
[6.006s] -- Installing: /home/agusb/Desktop/ROS2-Teleoperacion-Wifi/terrenator_ws/install/interfaces/include/interfaces/interfaces/msg/rosidl_generator_cpp__visibility_control.hpp
[6.006s] -- Installing: /home/agusb/Desktop/ROS2-Teleoperacion-Wifi/terrenator_ws/install/interfaces/include/interfaces/interfaces/msg/trama_datos.hpp
[6.006s] -- Up-to-date: /home/agusb/Desktop/ROS2-Teleoperacion-Wifi/terrenator_ws/install/interfaces/include/interfaces/interfaces
[6.006s] -- Up-to-date: /home/agusb/Desktop/ROS2-Teleoperacion-Wifi/terrenator_ws/install/interfaces/include/interfaces/interfaces/msg
[6.007s] -- Up-to-date: /home/agusb/Desktop/ROS2-Teleoperacion-Wifi/terrenator_ws/install/interfaces/include/interfaces/interfaces/msg/detail
[6.007s] -- Installing: /home/agusb/Desktop/ROS2-Teleoperacion-Wifi/terrenator_ws/install/interfaces/include/interfaces/interfaces/msg/detail/dds_fastrtps
[6.007s] -- Installing: /home/agusb/Desktop/ROS2-Teleoperacion-Wifi/terrenator_ws/install/interfaces/include/interfaces/interfaces/msg/detail/trama_datos__rosidl_typesupport_fastrtps_cpp.hpp
[6.007s] -- Installing: /home/agusb/Desktop/ROS2-Teleoperacion-Wifi/terrenator_ws/install/interfaces/include/interfaces/interfaces/msg/rosidl_typesupport_fastrtps_cpp__visibility_control.h
[6.007s] -- Installing: /home/agusb/Desktop/ROS2-Teleoperacion-Wifi/terrenator_ws/install/interfaces/lib/libinterfaces__rosidl_typesupport_fastrtps_cpp.so
[6.008s] -- Set non-toolchain portion of runtime path of "/home/agusb/Desktop/ROS2-Teleoperacion-Wifi/terrenator_ws/install/interfaces/lib/libinterfaces__rosidl_typesupport_fastrtps_cpp.so" to ""
[6.008s] -- Up-to-date: /home/agusb/Desktop/ROS2-Teleoperacion-Wifi/terrenator_ws/install/interfaces/include/interfaces/interfaces
[6.008s] -- Up-to-date: /home/agusb/Desktop/ROS2-Teleoperacion-Wifi/terrenator_ws/install/interfaces/include/interfaces/interfaces/msg
[6.008s] -- Up-to-date: /home/agusb/Desktop/ROS2-Teleoperacion-Wifi/terrenator_ws/install/interfaces/include/interfaces/interfaces/msg/detail
[6.008s] -- Installing: /home/agusb/Desktop/ROS2-Teleoperacion-Wifi/terrenator_ws/install/interfaces/include/interfaces/interfaces/msg/detail/trama_datos__rosidl_typesupport_introspection_cpp.hpp
[6.008s] -- Installing: /home/agusb/Desktop/ROS2-Teleoperacion-Wifi/terrenator_ws/install/interfaces/include/interfaces/interfaces/msg/detail/trama_datos__type_support.cpp
[6.008s] -- Installing: /home/agusb/Desktop/ROS2-Teleoperacion-Wifi/terrenator_ws/install/interfaces/lib/libinterfaces__rosidl_typesupport_introspection_cpp.so
[6.009s] -- Set non-toolchain portion of runtime path of "/home/agusb/Desktop/ROS2-Teleoperacion-Wifi/terrenator_ws/install/interfaces/lib/libinterfaces__rosidl_typesupport_introspection_cpp.so" to ""
[6.009s] -- Installing: /home/agusb/Desktop/ROS2-Teleoperacion-Wifi/terrenator_ws/install/interfaces/lib/libinterfaces__rosidl_typesupport_cpp.so
[6.009s] -- Set non-toolchain portion of runtime path of "/home/agusb/Desktop/ROS2-Teleoperacion-Wifi/terrenator_ws/install/interfaces/lib/libinterfaces__rosidl_typesupport_cpp.so" to ""
[6.009s] -- Installing: /home/agusb/Desktop/ROS2-Teleoperacion-Wifi/terrenator_ws/install/interfaces/share/interfaces/environment/pythonpath.sh
[6.010s] -- Installing: /home/agusb/Desktop/ROS2-Teleoperacion-Wifi/terrenator_ws/install/interfaces/share/interfaces/environment/pythonpath.dsv
[6.010s] -- Installing: /home/agusb/Desktop/ROS2-Teleoperacion-Wifi/terrenator_ws/install/interfaces/lib/python3.12/site-packages/interfaces-0.0.0-py3.12.egg-info
[6.010s] -- Installing: /home/agusb/Desktop/ROS2-Teleoperacion-Wifi/terrenator_ws/install/interfaces/lib/python3.12/site-packages/interfaces-0.0.0-py3.12.egg-info/top_level.txt
[6.010s] -- Installing: /home/agusb/Desktop/ROS2-Teleoperacion-Wifi/terrenator_ws/install/interfaces/lib/python3.12/site-packages/interfaces-0.0.0-py3.12.egg-info/PKG-INFO
[6.010s] -- Installing: /home/agusb/Desktop/ROS2-Teleoperacion-Wifi/terrenator_ws/install/interfaces/lib/python3.12/site-packages/interfaces-0.0.0-py3.12.egg-info/dependency_links.txt
[6.010s] -- Installing: /home/agusb/Desktop/ROS2-Teleoperacion-Wifi/terrenator_ws/install/interfaces/lib/python3.12/site-packages/interfaces-0.0.0-py3.12.egg-info/SOURCES.txt
[6.010s] -- Installing: /home/agusb/Desktop/ROS2-Teleoperacion-Wifi/terrenator_ws/install/interfaces/lib/python3.12/site-packages/interfaces
[6.011s] -- Installing: /home/agusb/Desktop/ROS2-Teleoperacion-Wifi/terrenator_ws/install/interfaces/lib/python3.12/site-packages/interfaces/interfaces_s__rosidl_typesupport_fastrtps_c.so
[6.011s] -- Installing: /home/agusb/Desktop/ROS2-Teleoperacion-Wifi/terrenator_ws/install/interfaces/lib/python3.12/site-packages/interfaces/_interfaces_s.ep.rosidl_typesupport_fastrtps_c.c
[6.011s] -- Installing: /home/agusb/Desktop/ROS2-Teleoperacion-Wifi/terrenator_ws/install/interfaces/lib/python3.12/site-packages/interfaces/_interfaces_s.ep.rosidl_typesupport_introspection_c.c
[6.011s] -- Installing: /home/agusb/Desktop/ROS2-Teleoperacion-Wifi/terrenator_ws/install/interfaces/lib/python3.12/site-packages/interfaces/interfaces_s__rosidl_typesupport_introspection_c.so
[6.011s] -- Installing: /home/agusb/Desktop/ROS2-Teleoperacion-Wifi/terrenator_ws/install/interfaces/lib/python3.12/site-packages/interfaces/_interfaces_s.ep.rosidl_typesupport_c.c
[6.011s] -- Installing: /home/agusb/Desktop/ROS2-Teleoperacion-Wifi/terrenator_ws/install/interfaces/lib/python3.12/site-packages/interfaces/msg
[6.011s] -- Installing: /home/agusb/Desktop/ROS2-Teleoperacion-Wifi/terrenator_ws/install/interfaces/lib/python3.12/site-packages/interfaces/msg/_trama_datos_s.c
[6.012s] -- Installing: /home/agusb/Desktop/ROS2-Teleoperacion-Wifi/terrenator_ws/install/interfaces/lib/python3.12/site-packages/interfaces/msg/_trama_datos.py
[6.012s] -- Installing: /home/agusb/Desktop/ROS2-Teleoperacion-Wifi/terrenator_ws/install/interfaces/lib/python3.12/site-packages/interfaces/msg/__init__.py
[6.012s] -- Installing: /home/agusb/Desktop/ROS2-Teleoperacion-Wifi/terrenator_ws/install/interfaces/lib/python3.12/site-packages/interfaces/__init__.py
[6.012s] -- Installing: /home/agusb/Desktop/ROS2-Teleoperacion-Wifi/terrenator_ws/install/interfaces/lib/python3.12/site-packages/interfaces/interfaces_s__rosidl_typesupport_c.so
[6.071s] Listing '/home/agusb/Desktop/ROS2-Teleoperacion-Wifi/terrenator_ws/install/interfaces/lib/python3.12/site-packages/interfaces'...
[6.071s] Compiling '/home/agusb/Desktop/ROS2-Teleoperacion-Wifi/terrenator_ws/install/interfaces/lib/python3.12/site-packages/interfaces/__init__.py'...
[6.071s] Listing '/home/agusb/Desktop/ROS2-Teleoperacion-Wifi/terrenator_ws/install/interfaces/lib/python3.12/site-packages/interfaces/msg'...
[6.071s] Compiling '/home/agusb/Desktop/ROS2-Teleoperacion-Wifi/terrenator_ws/install/interfaces/lib/python3.12/site-packages/interfaces/msg/__init__.py'...
[6.071s] Compiling '/home/agusb/Desktop/ROS2-Teleoperacion-Wifi/terrenator_ws/install/interfaces/lib/python3.12/site-packages/interfaces/msg/_trama_datos.py'...
[6.077s] -- Installing: /home/agusb/Desktop/ROS2-Teleoperacion-Wifi/terrenator_ws/install/interfaces/lib/python3.12/site-packages/interfaces/interfaces_s__rosidl_typesupport_fastrtps_c.so
[6.077s] -- Set non-toolchain portion of runtime path of "/home/agusb/Desktop/ROS2-Teleoperacion-Wifi/terrenator_ws/install/interfaces/lib/python3.12/site-packages/interfaces/interfaces_s__rosidl_typesupport_fastrtps_c.so" to ""
[6.077s] -- Installing: /home/agusb/Desktop/ROS2-Teleoperacion-Wifi/terrenator_ws/install/interfaces/lib/python3.12/site-packages/interfaces/interfaces_s__rosidl_typesupport_introspection_c.so
[6.078s] -- Set non-toolchain portion of runtime path of "/home/agusb/Desktop/ROS2-Teleoperacion-Wifi/terrenator_ws/install/interfaces/lib/python3.12/site-packages/interfaces/interfaces_s__rosidl_typesupport_introspection_c.so" to ""
[6.078s] -- Installing: /home/agusb/Desktop/ROS2-Teleoperacion-Wifi/terrenator_ws/install/interfaces/lib/python3.12/site-packages/interfaces/interfaces_s__rosidl_typesupport_c.so
[6.079s] -- Set non-toolchain portion of runtime path of "/home/agusb/Desktop/ROS2-Teleoperacion-Wifi/terrenator_ws/install/interfaces/lib/python3.12/site-packages/interfaces/interfaces_s__rosidl_typesupport_c.so" to ""
[6.079s] -- Installing: /home/agusb/Desktop/ROS2-Teleoperacion-Wifi/terrenator_ws/install/interfaces/lib/libinterfaces__rosidl_generator_py.so
[6.079s] -- Set non-toolchain portion of runtime path of "/home/agusb/Desktop/ROS2-Teleoperacion-Wifi/terrenator_ws/install/interfaces/lib/libinterfaces__rosidl_generator_py.so" to ""
[6.079s] -- Installing: /home/agusb/Desktop/ROS2-Teleoperacion-Wifi/terrenator_ws/install/interfaces/share/interfaces/msg/TramaDatos.idl
[6.079s] -- Installing: /home/agusb/Desktop/ROS2-Teleoperacion-Wifi/terrenator_ws/install/interfaces/share/interfaces/msg/TramaDatos.msg
[6.080s] -- Installing: /home/agusb/Desktop/ROS2-Teleoperacion-Wifi/terrenator_ws/install/interfaces/share/ament_index/resource_index/package_run_dependencies/interfaces
[6.080s] -- Installing: /home/agusb/Desktop/ROS2-Teleoperacion-Wifi/terrenator_ws/install/interfaces/share/ament_index/resource_index/parent_prefix_path/interfaces
[6.080s] -- Installing: /home/agusb/Desktop/ROS2-Teleoperacion-Wifi/terrenator_ws/install/interfaces/share/interfaces/environment/ament_prefix_path.sh
[6.080s] -- Installing: /home/agusb/Desktop/ROS2-Teleoperacion-Wifi/terrenator_ws/install/interfaces/share/interfaces/environment/ament_prefix_path.dsv
[6.080s] -- Installing: /home/agusb/Desktop/ROS2-Teleoperacion-Wifi/terrenator_ws/install/interfaces/share/interfaces/environment/path.sh
[6.080s] -- Installing: /home/agusb/Desktop/ROS2-Teleoperacion-Wifi/terrenator_ws/install/interfaces/share/interfaces/environment/path.dsv
[6.080s] -- Installing: /home/agusb/Desktop/ROS2-Teleoperacion-Wifi/terrenator_ws/install/interfaces/share/interfaces/local_setup.bash
[6.081s] -- Installing: /home/agusb/Desktop/ROS2-Teleoperacion-Wifi/terrenator_ws/install/interfaces/share/interfaces/local_setup.sh
[6.081s] -- Installing: /home/agusb/Desktop/ROS2-Teleoperacion-Wifi/terrenator_ws/install/interfaces/share/interfaces/local_setup.zsh
[6.081s] -- Installing: /home/agusb/Desktop/ROS2-Teleoperacion-Wifi/terrenator_ws/install/interfaces/share/interfaces/local_setup.dsv
[6.081s] -- Installing: /home/agusb/Desktop/ROS2-Teleoperacion-Wifi/terrenator_ws/install/interfaces/share/interfaces/package.dsv
[6.081s] -- Installing: /home/agusb/Desktop/ROS2-Teleoperacion-Wifi/terrenator_ws/install/interfaces/share/ament_index/resource_index/packages/interfaces
[6.082s] -- Installing: /home/agusb/Desktop/ROS2-Teleoperacion-Wifi/terrenator_ws/install/interfaces/share/interfaces/cmake/export_interfaces__rosidl_generator_cExport.cmake
[6.082s] -- Installing: /home/agusb/Desktop/ROS2-Teleoperacion-Wifi/terrenator_ws/install/interfaces/share/interfaces/cmake/export_interfaces__rosidl_generator_cExport-noconfig.cmake
[6.082s] -- Installing: /home/agusb/Desktop/ROS2-Teleoperacion-Wifi/terrenator_ws/install/interfaces/share/interfaces/cmake/export_interfaces__rosidl_typesupport_fastrtps_cExport.cmake
[6.082s] -- Installing: /home/agusb/Desktop/ROS2-Teleoperacion-Wifi/terrenator_ws/install/interfaces/share/interfaces/cmake/export_interfaces__rosidl_typesupport_fastrtps_cExport-noconfig.cmake
[6.082s] -- Installing: /home/agusb/Desktop/ROS2-Teleoperacion-Wifi/terrenator_ws/install/interfaces/share/interfaces/cmake/interfaces__rosidl_typesupport_introspection_cExport.cmake
[6.083s] -- Installing: /home/agusb/Desktop/ROS2-Teleoperacion-Wifi/terrenator_ws/install/interfaces/share/interfaces/cmake/interfaces__rosidl_typesupport_introspection_cExport-noconfig.cmake
[6.083s] -- Installing: /home/agusb/Desktop/ROS2-Teleoperacion-Wifi/terrenator_ws/install/interfaces/share/interfaces/cmake/interfaces__rosidl_typesupport_cExport.cmake
[6.083s] -- Installing: /home/agusb/Desktop/ROS2-Teleoperacion-Wifi/terrenator_ws/install/interfaces/share/interfaces/cmake/interfaces__rosidl_typesupport_cExport-noconfig.cmake
[6.083s] -- Installing: /home/agusb/Desktop/ROS2-Teleoperacion-Wifi/terrenator_ws/install/interfaces/share/interfaces/cmake/export_interfaces__rosidl_generator_cppExport.cmake
[6.083s] -- Installing: /home/agusb/Desktop/ROS2-Teleoperacion-Wifi/terrenator_ws/install/interfaces/share/interfaces/cmake/export_interfaces__rosidl_typesupport_fastrtps_cppExport.cmake
[6.083s] -- Installing: /home/agusb/Desktop/ROS2-Teleoperacion-Wifi/terrenator_ws/install/interfaces/share/interfaces/cmake/export_interfaces__rosidl_typesupport_fastrtps_cppExport-noconfig.cmake
[6.084s] -- Installing: /home/agusb/Desktop/ROS2-Teleoperacion-Wifi/terrenator_ws/install/interfaces/share/interfaces/cmake/interfaces__rosidl_typesupport_introspection_cppExport.cmake
[6.084s] -- Installing: /home/agusb/Desktop/ROS2-Teleoperacion-Wifi/terrenator_ws/install/interfaces/share/interfaces/cmake/interfaces__rosidl_typesupport_introspection_cppExport-noconfig.cmake
[6.084s] -- Installing: /home/agusb/Desktop/ROS2-Teleoperacion-Wifi/terrenator_ws/install/interfaces/share/interfaces/cmake/interfaces__rosidl_typesupport_cppExport.cmake
[6.084s] -- Installing: /home/agusb/Desktop/ROS2-Teleoperacion-Wifi/terrenator_ws/install/interfaces/share/interfaces/cmake/interfaces__rosidl_typesupport_cppExport-noconfig.cmake
[6.084s] -- Installing: /home/agusb/Desktop/ROS2-Teleoperacion-Wifi/terrenator_ws/install/interfaces/share/interfaces/cmake/export_interfaces__rosidl_generator_pyExport.cmake
[6.085s] -- Installing: /home/agusb/Desktop/ROS2-Teleoperacion-Wifi/terrenator_ws/install/interfaces/share/interfaces/cmake/export_interfaces__rosidl_generator_pyExport-noconfig.cmake
[6.085s] -- Installing: /home/agusb/Desktop/ROS2-Teleoperacion-Wifi/terrenator_ws/install/interfaces/share/interfaces/cmake/rosidl_cmake-extras.cmake
[6.085s] -- Installing: /home/agusb/Desktop/ROS2-Teleoperacion-Wifi/terrenator_ws/install/interfaces/share/interfaces/cmake/ament_cmake_export_include_directories-extras.cmake
[6.085s] -- Installing: /home/agusb/Desktop/ROS2-Teleoperacion-Wifi/terrenator_ws/install/interfaces/share/interfaces/cmake/ament_cmake_export_libraries-extras.cmake
[6.085s] -- Installing: /home/agusb/Desktop/ROS2-Teleoperacion-Wifi/terrenator_ws/install/interfaces/share/interfaces/cmake/ament_cmake_export_targets-extras.cmake
[6.085s] -- Installing: /home/agusb/Desktop/ROS2-Teleoperacion-Wifi/terrenator_ws/install/interfaces/share/interfaces/cmake/rosidl_cmake_export_typesupport_targets-extras.cmake
[6.086s] -- Installing: /home/agusb/Desktop/ROS2-Teleoperacion-Wifi/terrenator_ws/install/interfaces/share/interfaces/cmake/ament_cmake_export_dependencies-extras.cmake
[6.086s] -- Installing: /home/agusb/Desktop/ROS2-Teleoperacion-Wifi/terrenator_ws/install/interfaces/share/interfaces/cmake/rosidl_cmake_export_typesupport_libraries-extras.cmake
[6.086s] -- Installing: /home/agusb/Desktop/ROS2-Teleoperacion-Wifi/terrenator_ws/install/interfaces/share/interfaces/cmake/interfacesConfig.cmake
[6.086s] -- Installing: /home/agusb/Desktop/ROS2-Teleoperacion-Wifi/terrenator_ws/install/interfaces/share/interfaces/cmake/interfacesConfig-version.cmake
[6.086s] -- Installing: /home/agusb/Desktop/ROS2-Teleoperacion-Wifi/terrenator_ws/install/interfaces/share/interfaces/package.xml
[6.089s] Invoked command in '/home/agusb/Desktop/ROS2-Teleoperacion-Wifi/terrenator_ws/build/interfaces' returned '0': CMAKE_PREFIX_PATH=${CMAKE_PREFIX_PATH}:/opt/ros/jazzy /usr/bin/cmake --install /home/agusb/Desktop/ROS2-Teleoperacion-Wifi/terrenator_ws/build/interfaces
