[0.019s] Invoking command in '/home/agusb/Desktop/ROS2-Teleoperacion-Wifi/sample_ws/build/turtlesim': CMAKE_PREFIX_PATH=${CMAKE_PREFIX_PATH}:/home/agusb/Desktop/ROS2-Teleoperacion-Wifi/ros2_ws/install/launch_testing_examples:/home/agusb/Desktop/ROS2-Teleoperacion-Wifi/ros2_ws/install/examples_rclpy_pointcloud_publisher:/home/agusb/Desktop/ROS2-Teleoperacion-Wifi/ros2_ws/install/examples_rclpy_minimal_subscriber:/home/agusb/Desktop/ROS2-Teleoperacion-Wifi/ros2_ws/install/examples_rclpy_minimal_service:/home/agusb/Desktop/ROS2-Teleoperacion-Wifi/ros2_ws/install/examples_rclpy_minimal_publisher:/home/agusb/Desktop/ROS2-Teleoperacion-Wifi/ros2_ws/install/examples_rclpy_minimal_client:/home/agusb/Desktop/ROS2-Teleoperacion-Wifi/ros2_ws/install/examples_rclpy_minimal_action_server:/home/agusb/Desktop/ROS2-Teleoperacion-Wifi/ros2_ws/install/examples_rclpy_minimal_action_client:/home/agusb/Desktop/ROS2-Teleoperacion-Wifi/ros2_ws/install/examples_rclpy_guard_conditions:/home/agusb/Desktop/ROS2-Teleoperacion-Wifi/ros2_ws/install/examples_rclpy_executors:/opt/ros/jazzy /usr/bin/cmake --build /home/agusb/Desktop/ROS2-Teleoperacion-Wifi/sample_ws/build/turtlesim -- -j8 -l8
[0.090s] [  0%] Built target turtlesim__rosidl_generator_type_description
[0.104s] [  0%] Built target ament_cmake_python_copy_turtlesim
[0.125s] [  1%] Built target turtlesim__cpp
[0.132s] [ 24%] Built target turtlesim__rosidl_generator_c
[0.177s] [ 41%] Built target turtlesim__rosidl_typesupport_introspection_c
[0.177s] [ 42%] Built target turtlesim__rosidl_typesupport_c
[0.186s] [ 50%] Built target turtlesim__rosidl_typesupport_introspection_cpp
[0.187s] [ 76%] Built target turtlesim__rosidl_typesupport_fastrtps_c
[0.188s] [ 76%] Built target turtlesim__rosidl_typesupport_fastrtps_cpp
[0.188s] [ 76%] Built target turtlesim__rosidl_typesupport_cpp
[0.237s] [ 76%] Built target turtlesim
[0.256s] [ 80%] Built target turtle_teleop_key
[0.257s] [ 80%] Built target mimic
[0.266s] [ 81%] Built target draw_square
[0.280s] [ 81%] Built target turtlesim__py
[0.292s] [ 82%] [32mBuilding CXX object CMakeFiles/turtlesim_node.dir/src/turtle_frame.cpp.o[0m
[0.329s] [ 90%] Built target turtlesim__rosidl_generator_py
[0.370s] [ 92%] Built target turtlesim_s__rosidl_typesupport_fastrtps_c
[0.371s] [ 94%] Built target turtlesim_s__rosidl_typesupport_introspection_c
[0.373s] [ 96%] Built target turtlesim_s__rosidl_typesupport_c
[0.526s] running egg_info
[0.552s] writing turtlesim.egg-info/PKG-INFO
[0.553s] writing dependency_links to turtlesim.egg-info/dependency_links.txt
[0.553s] writing top-level names to turtlesim.egg-info/top_level.txt
[0.630s] reading manifest file 'turtlesim.egg-info/SOURCES.txt'
[0.631s] writing manifest file 'turtlesim.egg-info/SOURCES.txt'
[0.670s] [ 96%] Built target ament_cmake_python_build_turtlesim_egg
[18.913s] [ 97%] [32m[1mLinking CXX executable turtlesim_node[0m
[22.322s] [100%] Built target turtlesim_node
[22.339s] Invoked command in '/home/agusb/Desktop/ROS2-Teleoperacion-Wifi/sample_ws/build/turtlesim' returned '0': CMAKE_PREFIX_PATH=${CMAKE_PREFIX_PATH}:/home/agusb/Desktop/ROS2-Teleoperacion-Wifi/ros2_ws/install/launch_testing_examples:/home/agusb/Desktop/ROS2-Teleoperacion-Wifi/ros2_ws/install/examples_rclpy_pointcloud_publisher:/home/agusb/Desktop/ROS2-Teleoperacion-Wifi/ros2_ws/install/examples_rclpy_minimal_subscriber:/home/agusb/Desktop/ROS2-Teleoperacion-Wifi/ros2_ws/install/examples_rclpy_minimal_service:/home/agusb/Desktop/ROS2-Teleoperacion-Wifi/ros2_ws/install/examples_rclpy_minimal_publisher:/home/agusb/Desktop/ROS2-Teleoperacion-Wifi/ros2_ws/install/examples_rclpy_minimal_client:/home/agusb/Desktop/ROS2-Teleoperacion-Wifi/ros2_ws/install/examples_rclpy_minimal_action_server:/home/agusb/Desktop/ROS2-Teleoperacion-Wifi/ros2_ws/install/examples_rclpy_minimal_action_client:/home/agusb/Desktop/ROS2-Teleoperacion-Wifi/ros2_ws/install/examples_rclpy_guard_conditions:/home/agusb/Desktop/ROS2-Teleoperacion-Wifi/ros2_ws/install/examples_rclpy_executors:/opt/ros/jazzy /usr/bin/cmake --build /home/agusb/Desktop/ROS2-Teleoperacion-Wifi/sample_ws/build/turtlesim -- -j8 -l8
[22.779s] Invoking command in '/home/agusb/Desktop/ROS2-Teleoperacion-Wifi/sample_ws/build/turtlesim': CMAKE_PREFIX_PATH=${CMAKE_PREFIX_PATH}:/home/agusb/Desktop/ROS2-Teleoperacion-Wifi/ros2_ws/install/launch_testing_examples:/home/agusb/Desktop/ROS2-Teleoperacion-Wifi/ros2_ws/install/examples_rclpy_pointcloud_publisher:/home/agusb/Desktop/ROS2-Teleoperacion-Wifi/ros2_ws/install/examples_rclpy_minimal_subscriber:/home/agusb/Desktop/ROS2-Teleoperacion-Wifi/ros2_ws/install/examples_rclpy_minimal_service:/home/agusb/Desktop/ROS2-Teleoperacion-Wifi/ros2_ws/install/examples_rclpy_minimal_publisher:/home/agusb/Desktop/ROS2-Teleoperacion-Wifi/ros2_ws/install/examples_rclpy_minimal_client:/home/agusb/Desktop/ROS2-Teleoperacion-Wifi/ros2_ws/install/examples_rclpy_minimal_action_server:/home/agusb/Desktop/ROS2-Teleoperacion-Wifi/ros2_ws/install/examples_rclpy_minimal_action_client:/home/agusb/Desktop/ROS2-Teleoperacion-Wifi/ros2_ws/install/examples_rclpy_guard_conditions:/home/agusb/Desktop/ROS2-Teleoperacion-Wifi/ros2_ws/install/examples_rclpy_executors:/opt/ros/jazzy /usr/bin/cmake --install /home/agusb/Desktop/ROS2-Teleoperacion-Wifi/sample_ws/build/turtlesim
[22.800s] -- Install configuration: ""
[22.800s] -- Up-to-date: /home/agusb/Desktop/ROS2-Teleoperacion-Wifi/sample_ws/install/turtlesim/share/ament_index/resource_index/rosidl_interfaces/turtlesim
[22.803s] -- Up-to-date: /home/agusb/Desktop/ROS2-Teleoperacion-Wifi/sample_ws/install/turtlesim/share/turtlesim/action/RotateAbsolute.json
[22.804s] -- Up-to-date: /home/agusb/Desktop/ROS2-Teleoperacion-Wifi/sample_ws/install/turtlesim/share/turtlesim/msg/Color.json
[22.805s] -- Up-to-date: /home/agusb/Desktop/ROS2-Teleoperacion-Wifi/sample_ws/install/turtlesim/share/turtlesim/msg/Pose.json
[22.805s] -- Up-to-date: /home/agusb/Desktop/ROS2-Teleoperacion-Wifi/sample_ws/install/turtlesim/share/turtlesim/srv/Kill.json
[22.806s] -- Up-to-date: /home/agusb/Desktop/ROS2-Teleoperacion-Wifi/sample_ws/install/turtlesim/share/turtlesim/srv/SetPen.json
[22.806s] -- Up-to-date: /home/agusb/Desktop/ROS2-Teleoperacion-Wifi/sample_ws/install/turtlesim/share/turtlesim/srv/Spawn.json
[22.808s] -- Up-to-date: /home/agusb/Desktop/ROS2-Teleoperacion-Wifi/sample_ws/install/turtlesim/share/turtlesim/srv/TeleportAbsolute.json
[22.809s] -- Up-to-date: /home/agusb/Desktop/ROS2-Teleoperacion-Wifi/sample_ws/install/turtlesim/share/turtlesim/srv/TeleportRelative.json
[22.811s] -- Up-to-date: /home/agusb/Desktop/ROS2-Teleoperacion-Wifi/sample_ws/install/turtlesim/include/turtlesim/turtlesim
[22.811s] -- Up-to-date: /home/agusb/Desktop/ROS2-Teleoperacion-Wifi/sample_ws/install/turtlesim/include/turtlesim/turtlesim/srv
[22.812s] -- Up-to-date: /home/agusb/Desktop/ROS2-Teleoperacion-Wifi/sample_ws/install/turtlesim/include/turtlesim/turtlesim/srv/detail
[22.814s] -- Installing: /home/agusb/Desktop/ROS2-Teleoperacion-Wifi/sample_ws/install/turtlesim/include/turtlesim/turtlesim/srv/detail/spawn__type_support.c
[22.815s] -- Up-to-date: /home/agusb/Desktop/ROS2-Teleoperacion-Wifi/sample_ws/install/turtlesim/include/turtlesim/turtlesim/srv/detail/kill__description.c
[22.815s] -- Up-to-date: /home/agusb/Desktop/ROS2-Teleoperacion-Wifi/sample_ws/install/turtlesim/include/turtlesim/turtlesim/srv/detail/teleport_relative__type_support.h
[22.815s] -- Up-to-date: /home/agusb/Desktop/ROS2-Teleoperacion-Wifi/sample_ws/install/turtlesim/include/turtlesim/turtlesim/srv/detail/spawn__functions.h
[22.816s] -- Up-to-date: /home/agusb/Desktop/ROS2-Teleoperacion-Wifi/sample_ws/install/turtlesim/include/turtlesim/turtlesim/srv/detail/teleport_absolute__functions.h
[22.816s] -- Up-to-date: /home/agusb/Desktop/ROS2-Teleoperacion-Wifi/sample_ws/install/turtlesim/include/turtlesim/turtlesim/srv/detail/kill__type_support.h
[22.816s] -- Up-to-date: /home/agusb/Desktop/ROS2-Teleoperacion-Wifi/sample_ws/install/turtlesim/include/turtlesim/turtlesim/srv/detail/kill__functions.h
[22.817s] -- Up-to-date: /home/agusb/Desktop/ROS2-Teleoperacion-Wifi/sample_ws/install/turtlesim/include/turtlesim/turtlesim/srv/detail/teleport_absolute__description.c
[22.817s] -- Up-to-date: /home/agusb/Desktop/ROS2-Teleoperacion-Wifi/sample_ws/install/turtlesim/include/turtlesim/turtlesim/srv/detail/spawn__functions.c
[22.817s] -- Up-to-date: /home/agusb/Desktop/ROS2-Teleoperacion-Wifi/sample_ws/install/turtlesim/include/turtlesim/turtlesim/srv/detail/teleport_relative__struct.h
[22.818s] -- Up-to-date: /home/agusb/Desktop/ROS2-Teleoperacion-Wifi/sample_ws/install/turtlesim/include/turtlesim/turtlesim/srv/detail/kill__struct.h
[22.818s] -- Up-to-date: /home/agusb/Desktop/ROS2-Teleoperacion-Wifi/sample_ws/install/turtlesim/include/turtlesim/turtlesim/srv/detail/spawn__struct.h
[22.818s] -- Up-to-date: /home/agusb/Desktop/ROS2-Teleoperacion-Wifi/sample_ws/install/turtlesim/include/turtlesim/turtlesim/srv/detail/set_pen__type_support.h
[22.818s] -- Installing: /home/agusb/Desktop/ROS2-Teleoperacion-Wifi/sample_ws/install/turtlesim/include/turtlesim/turtlesim/srv/detail/teleport_relative__type_support.c
[22.819s] -- Up-to-date: /home/agusb/Desktop/ROS2-Teleoperacion-Wifi/sample_ws/install/turtlesim/include/turtlesim/turtlesim/srv/detail/teleport_absolute__functions.c
[22.819s] -- Up-to-date: /home/agusb/Desktop/ROS2-Teleoperacion-Wifi/sample_ws/install/turtlesim/include/turtlesim/turtlesim/srv/detail/set_pen__struct.h
[22.819s] -- Up-to-date: /home/agusb/Desktop/ROS2-Teleoperacion-Wifi/sample_ws/install/turtlesim/include/turtlesim/turtlesim/srv/detail/teleport_relative__functions.c
[22.820s] -- Installing: /home/agusb/Desktop/ROS2-Teleoperacion-Wifi/sample_ws/install/turtlesim/include/turtlesim/turtlesim/srv/detail/set_pen__type_support.c
[22.820s] -- Up-to-date: /home/agusb/Desktop/ROS2-Teleoperacion-Wifi/sample_ws/install/turtlesim/include/turtlesim/turtlesim/srv/detail/set_pen__functions.c
[22.820s] -- Installing: /home/agusb/Desktop/ROS2-Teleoperacion-Wifi/sample_ws/install/turtlesim/include/turtlesim/turtlesim/srv/detail/kill__type_support.c
[22.821s] -- Up-to-date: /home/agusb/Desktop/ROS2-Teleoperacion-Wifi/sample_ws/install/turtlesim/include/turtlesim/turtlesim/srv/detail/teleport_absolute__type_support.h
[22.821s] -- Up-to-date: /home/agusb/Desktop/ROS2-Teleoperacion-Wifi/sample_ws/install/turtlesim/include/turtlesim/turtlesim/srv/detail/teleport_absolute__struct.h
[22.821s] -- Up-to-date: /home/agusb/Desktop/ROS2-Teleoperacion-Wifi/sample_ws/install/turtlesim/include/turtlesim/turtlesim/srv/detail/spawn__description.c
[22.822s] -- Up-to-date: /home/agusb/Desktop/ROS2-Teleoperacion-Wifi/sample_ws/install/turtlesim/include/turtlesim/turtlesim/srv/detail/teleport_relative__description.c
[22.822s] -- Up-to-date: /home/agusb/Desktop/ROS2-Teleoperacion-Wifi/sample_ws/install/turtlesim/include/turtlesim/turtlesim/srv/detail/kill__functions.c
[22.822s] -- Up-to-date: /home/agusb/Desktop/ROS2-Teleoperacion-Wifi/sample_ws/install/turtlesim/include/turtlesim/turtlesim/srv/detail/set_pen__description.c
[22.823s] -- Up-to-date: /home/agusb/Desktop/ROS2-Teleoperacion-Wifi/sample_ws/install/turtlesim/include/turtlesim/turtlesim/srv/detail/set_pen__functions.h
[22.823s] -- Up-to-date: /home/agusb/Desktop/ROS2-Teleoperacion-Wifi/sample_ws/install/turtlesim/include/turtlesim/turtlesim/srv/detail/spawn__type_support.h
[22.823s] -- Installing: /home/agusb/Desktop/ROS2-Teleoperacion-Wifi/sample_ws/install/turtlesim/include/turtlesim/turtlesim/srv/detail/teleport_absolute__type_support.c
[22.824s] -- Up-to-date: /home/agusb/Desktop/ROS2-Teleoperacion-Wifi/sample_ws/install/turtlesim/include/turtlesim/turtlesim/srv/detail/teleport_relative__functions.h
[22.824s] -- Up-to-date: /home/agusb/Desktop/ROS2-Teleoperacion-Wifi/sample_ws/install/turtlesim/include/turtlesim/turtlesim/srv/teleport_relative.h
[22.824s] -- Up-to-date: /home/agusb/Desktop/ROS2-Teleoperacion-Wifi/sample_ws/install/turtlesim/include/turtlesim/turtlesim/srv/teleport_absolute.h
[22.824s] -- Up-to-date: /home/agusb/Desktop/ROS2-Teleoperacion-Wifi/sample_ws/install/turtlesim/include/turtlesim/turtlesim/srv/kill.h
[22.825s] -- Up-to-date: /home/agusb/Desktop/ROS2-Teleoperacion-Wifi/sample_ws/install/turtlesim/include/turtlesim/turtlesim/srv/spawn.h
[22.825s] -- Up-to-date: /home/agusb/Desktop/ROS2-Teleoperacion-Wifi/sample_ws/install/turtlesim/include/turtlesim/turtlesim/srv/set_pen.h
[22.825s] -- Up-to-date: /home/agusb/Desktop/ROS2-Teleoperacion-Wifi/sample_ws/install/turtlesim/include/turtlesim/turtlesim/action
[22.826s] -- Up-to-date: /home/agusb/Desktop/ROS2-Teleoperacion-Wifi/sample_ws/install/turtlesim/include/turtlesim/turtlesim/action/detail
[22.826s] -- Up-to-date: /home/agusb/Desktop/ROS2-Teleoperacion-Wifi/sample_ws/install/turtlesim/include/turtlesim/turtlesim/action/detail/rotate_absolute__struct.h
[22.826s] -- Up-to-date: /home/agusb/Desktop/ROS2-Teleoperacion-Wifi/sample_ws/install/turtlesim/include/turtlesim/turtlesim/action/detail/rotate_absolute__functions.h
[22.826s] -- Up-to-date: /home/agusb/Desktop/ROS2-Teleoperacion-Wifi/sample_ws/install/turtlesim/include/turtlesim/turtlesim/action/detail/rotate_absolute__type_support.h
[22.827s] -- Installing: /home/agusb/Desktop/ROS2-Teleoperacion-Wifi/sample_ws/install/turtlesim/include/turtlesim/turtlesim/action/detail/rotate_absolute__type_support.c
[22.827s] -- Up-to-date: /home/agusb/Desktop/ROS2-Teleoperacion-Wifi/sample_ws/install/turtlesim/include/turtlesim/turtlesim/action/detail/rotate_absolute__functions.c
[22.827s] -- Up-to-date: /home/agusb/Desktop/ROS2-Teleoperacion-Wifi/sample_ws/install/turtlesim/include/turtlesim/turtlesim/action/detail/rotate_absolute__description.c
[22.828s] -- Up-to-date: /home/agusb/Desktop/ROS2-Teleoperacion-Wifi/sample_ws/install/turtlesim/include/turtlesim/turtlesim/action/rotate_absolute.h
[22.828s] -- Up-to-date: /home/agusb/Desktop/ROS2-Teleoperacion-Wifi/sample_ws/install/turtlesim/include/turtlesim/turtlesim/msg
[22.828s] -- Up-to-date: /home/agusb/Desktop/ROS2-Teleoperacion-Wifi/sample_ws/install/turtlesim/include/turtlesim/turtlesim/msg/color.h
[22.828s] -- Up-to-date: /home/agusb/Desktop/ROS2-Teleoperacion-Wifi/sample_ws/install/turtlesim/include/turtlesim/turtlesim/msg/detail
[22.829s] -- Up-to-date: /home/agusb/Desktop/ROS2-Teleoperacion-Wifi/sample_ws/install/turtlesim/include/turtlesim/turtlesim/msg/detail/color__struct.h
[22.829s] -- Up-to-date: /home/agusb/Desktop/ROS2-Teleoperacion-Wifi/sample_ws/install/turtlesim/include/turtlesim/turtlesim/msg/detail/pose__description.c
[22.829s] -- Up-to-date: /home/agusb/Desktop/ROS2-Teleoperacion-Wifi/sample_ws/install/turtlesim/include/turtlesim/turtlesim/msg/detail/pose__type_support.h
[22.830s] -- Up-to-date: /home/agusb/Desktop/ROS2-Teleoperacion-Wifi/sample_ws/install/turtlesim/include/turtlesim/turtlesim/msg/detail/color__functions.h
[22.830s] -- Up-to-date: /home/agusb/Desktop/ROS2-Teleoperacion-Wifi/sample_ws/install/turtlesim/include/turtlesim/turtlesim/msg/detail/pose__functions.c
[22.830s] -- Up-to-date: /home/agusb/Desktop/ROS2-Teleoperacion-Wifi/sample_ws/install/turtlesim/include/turtlesim/turtlesim/msg/detail/color__description.c
[22.830s] -- Up-to-date: /home/agusb/Desktop/ROS2-Teleoperacion-Wifi/sample_ws/install/turtlesim/include/turtlesim/turtlesim/msg/detail/color__type_support.h
[22.831s] -- Installing: /home/agusb/Desktop/ROS2-Teleoperacion-Wifi/sample_ws/install/turtlesim/include/turtlesim/turtlesim/msg/detail/color__type_support.c
[22.831s] -- Up-to-date: /home/agusb/Desktop/ROS2-Teleoperacion-Wifi/sample_ws/install/turtlesim/include/turtlesim/turtlesim/msg/detail/pose__functions.h
[22.831s] -- Up-to-date: /home/agusb/Desktop/ROS2-Teleoperacion-Wifi/sample_ws/install/turtlesim/include/turtlesim/turtlesim/msg/detail/pose__struct.h
[22.832s] -- Up-to-date: /home/agusb/Desktop/ROS2-Teleoperacion-Wifi/sample_ws/install/turtlesim/include/turtlesim/turtlesim/msg/detail/color__functions.c
[22.832s] -- Installing: /home/agusb/Desktop/ROS2-Teleoperacion-Wifi/sample_ws/install/turtlesim/include/turtlesim/turtlesim/msg/detail/pose__type_support.c
[22.832s] -- Up-to-date: /home/agusb/Desktop/ROS2-Teleoperacion-Wifi/sample_ws/install/turtlesim/include/turtlesim/turtlesim/msg/rosidl_generator_c__visibility_control.h
[22.833s] -- Up-to-date: /home/agusb/Desktop/ROS2-Teleoperacion-Wifi/sample_ws/install/turtlesim/include/turtlesim/turtlesim/msg/pose.h
[22.833s] -- Up-to-date: /home/agusb/Desktop/ROS2-Teleoperacion-Wifi/sample_ws/install/turtlesim/share/turtlesim/environment/library_path.sh
[22.833s] -- Up-to-date: /home/agusb/Desktop/ROS2-Teleoperacion-Wifi/sample_ws/install/turtlesim/share/turtlesim/environment/library_path.dsv
[22.834s] -- Up-to-date: /home/agusb/Desktop/ROS2-Teleoperacion-Wifi/sample_ws/install/turtlesim/lib/libturtlesim__rosidl_generator_c.so
[22.835s] -- Up-to-date: /home/agusb/Desktop/ROS2-Teleoperacion-Wifi/sample_ws/install/turtlesim/include/turtlesim/turtlesim
[22.836s] -- Up-to-date: /home/agusb/Desktop/ROS2-Teleoperacion-Wifi/sample_ws/install/turtlesim/include/turtlesim/turtlesim/srv
[22.837s] -- Up-to-date: /home/agusb/Desktop/ROS2-Teleoperacion-Wifi/sample_ws/install/turtlesim/include/turtlesim/turtlesim/srv/detail
[22.837s] -- Up-to-date: /home/agusb/Desktop/ROS2-Teleoperacion-Wifi/sample_ws/install/turtlesim/include/turtlesim/turtlesim/srv/detail/spawn__rosidl_typesupport_fastrtps_c.h
[22.837s] -- Up-to-date: /home/agusb/Desktop/ROS2-Teleoperacion-Wifi/sample_ws/install/turtlesim/include/turtlesim/turtlesim/srv/detail/teleport_absolute__rosidl_typesupport_fastrtps_c.h
[22.838s] -- Up-to-date: /home/agusb/Desktop/ROS2-Teleoperacion-Wifi/sample_ws/install/turtlesim/include/turtlesim/turtlesim/srv/detail/set_pen__rosidl_typesupport_fastrtps_c.h
[22.838s] -- Up-to-date: /home/agusb/Desktop/ROS2-Teleoperacion-Wifi/sample_ws/install/turtlesim/include/turtlesim/turtlesim/srv/detail/teleport_relative__rosidl_typesupport_fastrtps_c.h
[22.838s] -- Up-to-date: /home/agusb/Desktop/ROS2-Teleoperacion-Wifi/sample_ws/install/turtlesim/include/turtlesim/turtlesim/srv/detail/kill__rosidl_typesupport_fastrtps_c.h
[22.839s] -- Up-to-date: /home/agusb/Desktop/ROS2-Teleoperacion-Wifi/sample_ws/install/turtlesim/include/turtlesim/turtlesim/action
[22.839s] -- Up-to-date: /home/agusb/Desktop/ROS2-Teleoperacion-Wifi/sample_ws/install/turtlesim/include/turtlesim/turtlesim/action/detail
[22.839s] -- Up-to-date: /home/agusb/Desktop/ROS2-Teleoperacion-Wifi/sample_ws/install/turtlesim/include/turtlesim/turtlesim/action/detail/rotate_absolute__rosidl_typesupport_fastrtps_c.h
[22.840s] -- Up-to-date: /home/agusb/Desktop/ROS2-Teleoperacion-Wifi/sample_ws/install/turtlesim/include/turtlesim/turtlesim/msg
[22.840s] -- Up-to-date: /home/agusb/Desktop/ROS2-Teleoperacion-Wifi/sample_ws/install/turtlesim/include/turtlesim/turtlesim/msg/detail
[22.840s] -- Up-to-date: /home/agusb/Desktop/ROS2-Teleoperacion-Wifi/sample_ws/install/turtlesim/include/turtlesim/turtlesim/msg/detail/pose__rosidl_typesupport_fastrtps_c.h
[22.841s] -- Up-to-date: /home/agusb/Desktop/ROS2-Teleoperacion-Wifi/sample_ws/install/turtlesim/include/turtlesim/turtlesim/msg/detail/color__rosidl_typesupport_fastrtps_c.h
[22.841s] -- Up-to-date: /home/agusb/Desktop/ROS2-Teleoperacion-Wifi/sample_ws/install/turtlesim/include/turtlesim/turtlesim/msg/rosidl_typesupport_fastrtps_c__visibility_control.h
[22.841s] -- Up-to-date: /home/agusb/Desktop/ROS2-Teleoperacion-Wifi/sample_ws/install/turtlesim/lib/libturtlesim__rosidl_typesupport_fastrtps_c.so
[22.841s] -- Up-to-date: /home/agusb/Desktop/ROS2-Teleoperacion-Wifi/sample_ws/install/turtlesim/include/turtlesim/turtlesim
[22.842s] -- Up-to-date: /home/agusb/Desktop/ROS2-Teleoperacion-Wifi/sample_ws/install/turtlesim/include/turtlesim/turtlesim/srv
[22.842s] -- Up-to-date: /home/agusb/Desktop/ROS2-Teleoperacion-Wifi/sample_ws/install/turtlesim/include/turtlesim/turtlesim/srv/detail
[22.842s] -- Up-to-date: /home/agusb/Desktop/ROS2-Teleoperacion-Wifi/sample_ws/install/turtlesim/include/turtlesim/turtlesim/srv/detail/kill__traits.hpp
[22.842s] -- Up-to-date: /home/agusb/Desktop/ROS2-Teleoperacion-Wifi/sample_ws/install/turtlesim/include/turtlesim/turtlesim/srv/detail/teleport_relative__type_support.hpp
[22.842s] -- Up-to-date: /home/agusb/Desktop/ROS2-Teleoperacion-Wifi/sample_ws/install/turtlesim/include/turtlesim/turtlesim/srv/detail/kill__builder.hpp
[22.843s] -- Up-to-date: /home/agusb/Desktop/ROS2-Teleoperacion-Wifi/sample_ws/install/turtlesim/include/turtlesim/turtlesim/srv/detail/set_pen__type_support.hpp
[22.843s] -- Up-to-date: /home/agusb/Desktop/ROS2-Teleoperacion-Wifi/sample_ws/install/turtlesim/include/turtlesim/turtlesim/srv/detail/teleport_relative__builder.hpp
[22.843s] -- Up-to-date: /home/agusb/Desktop/ROS2-Teleoperacion-Wifi/sample_ws/install/turtlesim/include/turtlesim/turtlesim/srv/detail/spawn__struct.hpp
[22.843s] -- Up-to-date: /home/agusb/Desktop/ROS2-Teleoperacion-Wifi/sample_ws/install/turtlesim/include/turtlesim/turtlesim/srv/detail/spawn__type_support.hpp
[22.844s] -- Up-to-date: /home/agusb/Desktop/ROS2-Teleoperacion-Wifi/sample_ws/install/turtlesim/include/turtlesim/turtlesim/srv/detail/teleport_absolute__builder.hpp
[22.844s] -- Up-to-date: /home/agusb/Desktop/ROS2-Teleoperacion-Wifi/sample_ws/install/turtlesim/include/turtlesim/turtlesim/srv/detail/kill__type_support.hpp
[22.845s] -- Up-to-date: /home/agusb/Desktop/ROS2-Teleoperacion-Wifi/sample_ws/install/turtlesim/include/turtlesim/turtlesim/srv/detail/teleport_relative__traits.hpp
[22.845s] -- Up-to-date: /home/agusb/Desktop/ROS2-Teleoperacion-Wifi/sample_ws/install/turtlesim/include/turtlesim/turtlesim/srv/detail/teleport_absolute__type_support.hpp
[22.846s] -- Up-to-date: /home/agusb/Desktop/ROS2-Teleoperacion-Wifi/sample_ws/install/turtlesim/include/turtlesim/turtlesim/srv/detail/set_pen__traits.hpp
[22.846s] -- Up-to-date: /home/agusb/Desktop/ROS2-Teleoperacion-Wifi/sample_ws/install/turtlesim/include/turtlesim/turtlesim/srv/detail/teleport_relative__struct.hpp
[22.846s] -- Up-to-date: /home/agusb/Desktop/ROS2-Teleoperacion-Wifi/sample_ws/install/turtlesim/include/turtlesim/turtlesim/srv/detail/set_pen__builder.hpp
[22.847s] -- Up-to-date: /home/agusb/Desktop/ROS2-Teleoperacion-Wifi/sample_ws/install/turtlesim/include/turtlesim/turtlesim/srv/detail/spawn__builder.hpp
[22.847s] -- Up-to-date: /home/agusb/Desktop/ROS2-Teleoperacion-Wifi/sample_ws/install/turtlesim/include/turtlesim/turtlesim/srv/detail/kill__struct.hpp
[22.847s] -- Up-to-date: /home/agusb/Desktop/ROS2-Teleoperacion-Wifi/sample_ws/install/turtlesim/include/turtlesim/turtlesim/srv/detail/teleport_absolute__traits.hpp
[22.847s] -- Up-to-date: /home/agusb/Desktop/ROS2-Teleoperacion-Wifi/sample_ws/install/turtlesim/include/turtlesim/turtlesim/srv/detail/spawn__traits.hpp
[22.848s] -- Up-to-date: /home/agusb/Desktop/ROS2-Teleoperacion-Wifi/sample_ws/install/turtlesim/include/turtlesim/turtlesim/srv/detail/teleport_absolute__struct.hpp
[22.848s] -- Up-to-date: /home/agusb/Desktop/ROS2-Teleoperacion-Wifi/sample_ws/install/turtlesim/include/turtlesim/turtlesim/srv/detail/set_pen__struct.hpp
[22.848s] -- Up-to-date: /home/agusb/Desktop/ROS2-Teleoperacion-Wifi/sample_ws/install/turtlesim/include/turtlesim/turtlesim/srv/set_pen.hpp
[22.849s] -- Up-to-date: /home/agusb/Desktop/ROS2-Teleoperacion-Wifi/sample_ws/install/turtlesim/include/turtlesim/turtlesim/srv/spawn.hpp
[22.849s] -- Up-to-date: /home/agusb/Desktop/ROS2-Teleoperacion-Wifi/sample_ws/install/turtlesim/include/turtlesim/turtlesim/srv/teleport_relative.hpp
[22.849s] -- Up-to-date: /home/agusb/Desktop/ROS2-Teleoperacion-Wifi/sample_ws/install/turtlesim/include/turtlesim/turtlesim/srv/kill.hpp
[22.849s] -- Up-to-date: /home/agusb/Desktop/ROS2-Teleoperacion-Wifi/sample_ws/install/turtlesim/include/turtlesim/turtlesim/srv/teleport_absolute.hpp
[22.849s] -- Up-to-date: /home/agusb/Desktop/ROS2-Teleoperacion-Wifi/sample_ws/install/turtlesim/include/turtlesim/turtlesim/action
[22.849s] -- Up-to-date: /home/agusb/Desktop/ROS2-Teleoperacion-Wifi/sample_ws/install/turtlesim/include/turtlesim/turtlesim/action/detail
[22.849s] -- Up-to-date: /home/agusb/Desktop/ROS2-Teleoperacion-Wifi/sample_ws/install/turtlesim/include/turtlesim/turtlesim/action/detail/rotate_absolute__traits.hpp
[22.850s] -- Up-to-date: /home/agusb/Desktop/ROS2-Teleoperacion-Wifi/sample_ws/install/turtlesim/include/turtlesim/turtlesim/action/detail/rotate_absolute__type_support.hpp
[22.850s] -- Up-to-date: /home/agusb/Desktop/ROS2-Teleoperacion-Wifi/sample_ws/install/turtlesim/include/turtlesim/turtlesim/action/detail/rotate_absolute__builder.hpp
[22.850s] -- Up-to-date: /home/agusb/Desktop/ROS2-Teleoperacion-Wifi/sample_ws/install/turtlesim/include/turtlesim/turtlesim/action/detail/rotate_absolute__struct.hpp
[22.850s] -- Up-to-date: /home/agusb/Desktop/ROS2-Teleoperacion-Wifi/sample_ws/install/turtlesim/include/turtlesim/turtlesim/action/rotate_absolute.hpp
[22.850s] -- Up-to-date: /home/agusb/Desktop/ROS2-Teleoperacion-Wifi/sample_ws/install/turtlesim/include/turtlesim/turtlesim/msg
[22.850s] -- Up-to-date: /home/agusb/Desktop/ROS2-Teleoperacion-Wifi/sample_ws/install/turtlesim/include/turtlesim/turtlesim/msg/pose.hpp
[22.850s] -- Up-to-date: /home/agusb/Desktop/ROS2-Teleoperacion-Wifi/sample_ws/install/turtlesim/include/turtlesim/turtlesim/msg/detail
[22.851s] -- Up-to-date: /home/agusb/Desktop/ROS2-Teleoperacion-Wifi/sample_ws/install/turtlesim/include/turtlesim/turtlesim/msg/detail/pose__builder.hpp
[22.851s] -- Up-to-date: /home/agusb/Desktop/ROS2-Teleoperacion-Wifi/sample_ws/install/turtlesim/include/turtlesim/turtlesim/msg/detail/color__builder.hpp
[22.851s] -- Up-to-date: /home/agusb/Desktop/ROS2-Teleoperacion-Wifi/sample_ws/install/turtlesim/include/turtlesim/turtlesim/msg/detail/color__struct.hpp
[22.851s] -- Up-to-date: /home/agusb/Desktop/ROS2-Teleoperacion-Wifi/sample_ws/install/turtlesim/include/turtlesim/turtlesim/msg/detail/pose__struct.hpp
[22.851s] -- Up-to-date: /home/agusb/Desktop/ROS2-Teleoperacion-Wifi/sample_ws/install/turtlesim/include/turtlesim/turtlesim/msg/detail/pose__type_support.hpp
[22.851s] -- Up-to-date: /home/agusb/Desktop/ROS2-Teleoperacion-Wifi/sample_ws/install/turtlesim/include/turtlesim/turtlesim/msg/detail/color__type_support.hpp
[22.851s] -- Up-to-date: /home/agusb/Desktop/ROS2-Teleoperacion-Wifi/sample_ws/install/turtlesim/include/turtlesim/turtlesim/msg/detail/pose__traits.hpp
[22.852s] -- Up-to-date: /home/agusb/Desktop/ROS2-Teleoperacion-Wifi/sample_ws/install/turtlesim/include/turtlesim/turtlesim/msg/detail/color__traits.hpp
[22.852s] -- Up-to-date: /home/agusb/Desktop/ROS2-Teleoperacion-Wifi/sample_ws/install/turtlesim/include/turtlesim/turtlesim/msg/rosidl_generator_cpp__visibility_control.hpp
[22.852s] -- Up-to-date: /home/agusb/Desktop/ROS2-Teleoperacion-Wifi/sample_ws/install/turtlesim/include/turtlesim/turtlesim/msg/color.hpp
[22.852s] -- Up-to-date: /home/agusb/Desktop/ROS2-Teleoperacion-Wifi/sample_ws/install/turtlesim/include/turtlesim/turtlesim
[22.852s] -- Up-to-date: /home/agusb/Desktop/ROS2-Teleoperacion-Wifi/sample_ws/install/turtlesim/include/turtlesim/turtlesim/srv
[22.852s] -- Up-to-date: /home/agusb/Desktop/ROS2-Teleoperacion-Wifi/sample_ws/install/turtlesim/include/turtlesim/turtlesim/srv/detail
[22.852s] -- Up-to-date: /home/agusb/Desktop/ROS2-Teleoperacion-Wifi/sample_ws/install/turtlesim/include/turtlesim/turtlesim/srv/detail/dds_fastrtps
[22.853s] -- Up-to-date: /home/agusb/Desktop/ROS2-Teleoperacion-Wifi/sample_ws/install/turtlesim/include/turtlesim/turtlesim/srv/detail/set_pen__rosidl_typesupport_fastrtps_cpp.hpp
[22.853s] -- Up-to-date: /home/agusb/Desktop/ROS2-Teleoperacion-Wifi/sample_ws/install/turtlesim/include/turtlesim/turtlesim/srv/detail/kill__rosidl_typesupport_fastrtps_cpp.hpp
[22.853s] -- Up-to-date: /home/agusb/Desktop/ROS2-Teleoperacion-Wifi/sample_ws/install/turtlesim/include/turtlesim/turtlesim/srv/detail/teleport_absolute__rosidl_typesupport_fastrtps_cpp.hpp
[22.853s] -- Up-to-date: /home/agusb/Desktop/ROS2-Teleoperacion-Wifi/sample_ws/install/turtlesim/include/turtlesim/turtlesim/srv/detail/teleport_relative__rosidl_typesupport_fastrtps_cpp.hpp
[22.853s] -- Up-to-date: /home/agusb/Desktop/ROS2-Teleoperacion-Wifi/sample_ws/install/turtlesim/include/turtlesim/turtlesim/srv/detail/spawn__rosidl_typesupport_fastrtps_cpp.hpp
[22.853s] -- Up-to-date: /home/agusb/Desktop/ROS2-Teleoperacion-Wifi/sample_ws/install/turtlesim/include/turtlesim/turtlesim/action
[22.853s] -- Up-to-date: /home/agusb/Desktop/ROS2-Teleoperacion-Wifi/sample_ws/install/turtlesim/include/turtlesim/turtlesim/action/detail
[22.854s] -- Up-to-date: /home/agusb/Desktop/ROS2-Teleoperacion-Wifi/sample_ws/install/turtlesim/include/turtlesim/turtlesim/action/detail/dds_fastrtps
[22.854s] -- Up-to-date: /home/agusb/Desktop/ROS2-Teleoperacion-Wifi/sample_ws/install/turtlesim/include/turtlesim/turtlesim/action/detail/rotate_absolute__rosidl_typesupport_fastrtps_cpp.hpp
[22.854s] -- Up-to-date: /home/agusb/Desktop/ROS2-Teleoperacion-Wifi/sample_ws/install/turtlesim/include/turtlesim/turtlesim/msg
[22.854s] -- Up-to-date: /home/agusb/Desktop/ROS2-Teleoperacion-Wifi/sample_ws/install/turtlesim/include/turtlesim/turtlesim/msg/detail
[22.854s] -- Up-to-date: /home/agusb/Desktop/ROS2-Teleoperacion-Wifi/sample_ws/install/turtlesim/include/turtlesim/turtlesim/msg/detail/dds_fastrtps
[22.854s] -- Up-to-date: /home/agusb/Desktop/ROS2-Teleoperacion-Wifi/sample_ws/install/turtlesim/include/turtlesim/turtlesim/msg/detail/color__rosidl_typesupport_fastrtps_cpp.hpp
[22.854s] -- Up-to-date: /home/agusb/Desktop/ROS2-Teleoperacion-Wifi/sample_ws/install/turtlesim/include/turtlesim/turtlesim/msg/detail/pose__rosidl_typesupport_fastrtps_cpp.hpp
[22.854s] -- Up-to-date: /home/agusb/Desktop/ROS2-Teleoperacion-Wifi/sample_ws/install/turtlesim/include/turtlesim/turtlesim/msg/rosidl_typesupport_fastrtps_cpp__visibility_control.h
[22.855s] -- Up-to-date: /home/agusb/Desktop/ROS2-Teleoperacion-Wifi/sample_ws/install/turtlesim/lib/libturtlesim__rosidl_typesupport_fastrtps_cpp.so
[22.855s] -- Up-to-date: /home/agusb/Desktop/ROS2-Teleoperacion-Wifi/sample_ws/install/turtlesim/include/turtlesim/turtlesim
[22.855s] -- Up-to-date: /home/agusb/Desktop/ROS2-Teleoperacion-Wifi/sample_ws/install/turtlesim/include/turtlesim/turtlesim/srv
[22.855s] -- Up-to-date: /home/agusb/Desktop/ROS2-Teleoperacion-Wifi/sample_ws/install/turtlesim/include/turtlesim/turtlesim/srv/detail
[22.855s] -- Installing: /home/agusb/Desktop/ROS2-Teleoperacion-Wifi/sample_ws/install/turtlesim/include/turtlesim/turtlesim/srv/detail/spawn__type_support.c
[22.855s] -- Up-to-date: /home/agusb/Desktop/ROS2-Teleoperacion-Wifi/sample_ws/install/turtlesim/include/turtlesim/turtlesim/srv/detail/teleport_relative__rosidl_typesupport_introspection_c.h
[22.855s] -- Installing: /home/agusb/Desktop/ROS2-Teleoperacion-Wifi/sample_ws/install/turtlesim/include/turtlesim/turtlesim/srv/detail/teleport_relative__type_support.c
[22.855s] -- Up-to-date: /home/agusb/Desktop/ROS2-Teleoperacion-Wifi/sample_ws/install/turtlesim/include/turtlesim/turtlesim/srv/detail/set_pen__rosidl_typesupport_introspection_c.h
[22.856s] -- Installing: /home/agusb/Desktop/ROS2-Teleoperacion-Wifi/sample_ws/install/turtlesim/include/turtlesim/turtlesim/srv/detail/set_pen__type_support.c
[22.856s] -- Installing: /home/agusb/Desktop/ROS2-Teleoperacion-Wifi/sample_ws/install/turtlesim/include/turtlesim/turtlesim/srv/detail/kill__type_support.c
[22.856s] -- Up-to-date: /home/agusb/Desktop/ROS2-Teleoperacion-Wifi/sample_ws/install/turtlesim/include/turtlesim/turtlesim/srv/detail/spawn__rosidl_typesupport_introspection_c.h
[22.856s] -- Up-to-date: /home/agusb/Desktop/ROS2-Teleoperacion-Wifi/sample_ws/install/turtlesim/include/turtlesim/turtlesim/srv/detail/teleport_absolute__rosidl_typesupport_introspection_c.h
[22.856s] -- Up-to-date: /home/agusb/Desktop/ROS2-Teleoperacion-Wifi/sample_ws/install/turtlesim/include/turtlesim/turtlesim/srv/detail/kill__rosidl_typesupport_introspection_c.h
[22.856s] -- Installing: /home/agusb/Desktop/ROS2-Teleoperacion-Wifi/sample_ws/install/turtlesim/include/turtlesim/turtlesim/srv/detail/teleport_absolute__type_support.c
[22.856s] -- Up-to-date: /home/agusb/Desktop/ROS2-Teleoperacion-Wifi/sample_ws/install/turtlesim/include/turtlesim/turtlesim/action
[22.856s] -- Up-to-date: /home/agusb/Desktop/ROS2-Teleoperacion-Wifi/sample_ws/install/turtlesim/include/turtlesim/turtlesim/action/detail
[22.857s] -- Up-to-date: /home/agusb/Desktop/ROS2-Teleoperacion-Wifi/sample_ws/install/turtlesim/include/turtlesim/turtlesim/action/detail/rotate_absolute__rosidl_typesupport_introspection_c.h
[22.857s] -- Installing: /home/agusb/Desktop/ROS2-Teleoperacion-Wifi/sample_ws/install/turtlesim/include/turtlesim/turtlesim/action/detail/rotate_absolute__type_support.c
[22.857s] -- Up-to-date: /home/agusb/Desktop/ROS2-Teleoperacion-Wifi/sample_ws/install/turtlesim/include/turtlesim/turtlesim/msg
[22.857s] -- Up-to-date: /home/agusb/Desktop/ROS2-Teleoperacion-Wifi/sample_ws/install/turtlesim/include/turtlesim/turtlesim/msg/detail
[22.857s] -- Up-to-date: /home/agusb/Desktop/ROS2-Teleoperacion-Wifi/sample_ws/install/turtlesim/include/turtlesim/turtlesim/msg/detail/pose__rosidl_typesupport_introspection_c.h
[22.857s] -- Installing: /home/agusb/Desktop/ROS2-Teleoperacion-Wifi/sample_ws/install/turtlesim/include/turtlesim/turtlesim/msg/detail/color__type_support.c
[22.857s] -- Up-to-date: /home/agusb/Desktop/ROS2-Teleoperacion-Wifi/sample_ws/install/turtlesim/include/turtlesim/turtlesim/msg/detail/color__rosidl_typesupport_introspection_c.h
[22.857s] -- Installing: /home/agusb/Desktop/ROS2-Teleoperacion-Wifi/sample_ws/install/turtlesim/include/turtlesim/turtlesim/msg/detail/pose__type_support.c
[22.858s] -- Up-to-date: /home/agusb/Desktop/ROS2-Teleoperacion-Wifi/sample_ws/install/turtlesim/include/turtlesim/turtlesim/msg/rosidl_typesupport_introspection_c__visibility_control.h
[22.858s] -- Up-to-date: /home/agusb/Desktop/ROS2-Teleoperacion-Wifi/sample_ws/install/turtlesim/lib/libturtlesim__rosidl_typesupport_introspection_c.so
[22.858s] -- Up-to-date: /home/agusb/Desktop/ROS2-Teleoperacion-Wifi/sample_ws/install/turtlesim/lib/libturtlesim__rosidl_typesupport_c.so
[22.858s] -- Up-to-date: /home/agusb/Desktop/ROS2-Teleoperacion-Wifi/sample_ws/install/turtlesim/include/turtlesim/turtlesim
[22.858s] -- Up-to-date: /home/agusb/Desktop/ROS2-Teleoperacion-Wifi/sample_ws/install/turtlesim/include/turtlesim/turtlesim/srv
[22.858s] -- Up-to-date: /home/agusb/Desktop/ROS2-Teleoperacion-Wifi/sample_ws/install/turtlesim/include/turtlesim/turtlesim/srv/detail
[22.858s] -- Up-to-date: /home/agusb/Desktop/ROS2-Teleoperacion-Wifi/sample_ws/install/turtlesim/include/turtlesim/turtlesim/srv/detail/teleport_absolute__rosidl_typesupport_introspection_cpp.hpp
[22.859s] -- Up-to-date: /home/agusb/Desktop/ROS2-Teleoperacion-Wifi/sample_ws/install/turtlesim/include/turtlesim/turtlesim/srv/detail/teleport_relative__type_support.cpp
[22.859s] -- Up-to-date: /home/agusb/Desktop/ROS2-Teleoperacion-Wifi/sample_ws/install/turtlesim/include/turtlesim/turtlesim/srv/detail/spawn__type_support.cpp
[22.859s] -- Up-to-date: /home/agusb/Desktop/ROS2-Teleoperacion-Wifi/sample_ws/install/turtlesim/include/turtlesim/turtlesim/srv/detail/kill__rosidl_typesupport_introspection_cpp.hpp
[22.859s] -- Up-to-date: /home/agusb/Desktop/ROS2-Teleoperacion-Wifi/sample_ws/install/turtlesim/include/turtlesim/turtlesim/srv/detail/set_pen__rosidl_typesupport_introspection_cpp.hpp
[22.859s] -- Up-to-date: /home/agusb/Desktop/ROS2-Teleoperacion-Wifi/sample_ws/install/turtlesim/include/turtlesim/turtlesim/srv/detail/set_pen__type_support.cpp
[22.859s] -- Up-to-date: /home/agusb/Desktop/ROS2-Teleoperacion-Wifi/sample_ws/install/turtlesim/include/turtlesim/turtlesim/srv/detail/kill__type_support.cpp
[22.859s] -- Up-to-date: /home/agusb/Desktop/ROS2-Teleoperacion-Wifi/sample_ws/install/turtlesim/include/turtlesim/turtlesim/srv/detail/teleport_absolute__type_support.cpp
[22.860s] -- Up-to-date: /home/agusb/Desktop/ROS2-Teleoperacion-Wifi/sample_ws/install/turtlesim/include/turtlesim/turtlesim/srv/detail/teleport_relative__rosidl_typesupport_introspection_cpp.hpp
[22.860s] -- Up-to-date: /home/agusb/Desktop/ROS2-Teleoperacion-Wifi/sample_ws/install/turtlesim/include/turtlesim/turtlesim/srv/detail/spawn__rosidl_typesupport_introspection_cpp.hpp
[22.860s] -- Up-to-date: /home/agusb/Desktop/ROS2-Teleoperacion-Wifi/sample_ws/install/turtlesim/include/turtlesim/turtlesim/action
[22.860s] -- Up-to-date: /home/agusb/Desktop/ROS2-Teleoperacion-Wifi/sample_ws/install/turtlesim/include/turtlesim/turtlesim/action/detail
[22.860s] -- Up-to-date: /home/agusb/Desktop/ROS2-Teleoperacion-Wifi/sample_ws/install/turtlesim/include/turtlesim/turtlesim/action/detail/rotate_absolute__type_support.cpp
[22.860s] -- Up-to-date: /home/agusb/Desktop/ROS2-Teleoperacion-Wifi/sample_ws/install/turtlesim/include/turtlesim/turtlesim/action/detail/rotate_absolute__rosidl_typesupport_introspection_cpp.hpp
[22.860s] -- Up-to-date: /home/agusb/Desktop/ROS2-Teleoperacion-Wifi/sample_ws/install/turtlesim/include/turtlesim/turtlesim/msg
[22.860s] -- Up-to-date: /home/agusb/Desktop/ROS2-Teleoperacion-Wifi/sample_ws/install/turtlesim/include/turtlesim/turtlesim/msg/detail
[22.861s] -- Up-to-date: /home/agusb/Desktop/ROS2-Teleoperacion-Wifi/sample_ws/install/turtlesim/include/turtlesim/turtlesim/msg/detail/pose__type_support.cpp
[22.861s] -- Up-to-date: /home/agusb/Desktop/ROS2-Teleoperacion-Wifi/sample_ws/install/turtlesim/include/turtlesim/turtlesim/msg/detail/pose__rosidl_typesupport_introspection_cpp.hpp
[22.861s] -- Up-to-date: /home/agusb/Desktop/ROS2-Teleoperacion-Wifi/sample_ws/install/turtlesim/include/turtlesim/turtlesim/msg/detail/color__rosidl_typesupport_introspection_cpp.hpp
[22.861s] -- Up-to-date: /home/agusb/Desktop/ROS2-Teleoperacion-Wifi/sample_ws/install/turtlesim/include/turtlesim/turtlesim/msg/detail/color__type_support.cpp
[22.861s] -- Up-to-date: /home/agusb/Desktop/ROS2-Teleoperacion-Wifi/sample_ws/install/turtlesim/lib/libturtlesim__rosidl_typesupport_introspection_cpp.so
[22.861s] -- Up-to-date: /home/agusb/Desktop/ROS2-Teleoperacion-Wifi/sample_ws/install/turtlesim/lib/libturtlesim__rosidl_typesupport_cpp.so
[22.861s] -- Up-to-date: /home/agusb/Desktop/ROS2-Teleoperacion-Wifi/sample_ws/install/turtlesim/share/turtlesim/environment/pythonpath.sh
[22.862s] -- Up-to-date: /home/agusb/Desktop/ROS2-Teleoperacion-Wifi/sample_ws/install/turtlesim/share/turtlesim/environment/pythonpath.dsv
[22.862s] -- Up-to-date: /home/agusb/Desktop/ROS2-Teleoperacion-Wifi/sample_ws/install/turtlesim/lib/python3.12/site-packages/turtlesim-1.8.3-py3.12.egg-info
[22.862s] -- Installing: /home/agusb/Desktop/ROS2-Teleoperacion-Wifi/sample_ws/install/turtlesim/lib/python3.12/site-packages/turtlesim-1.8.3-py3.12.egg-info/top_level.txt
[22.862s] -- Installing: /home/agusb/Desktop/ROS2-Teleoperacion-Wifi/sample_ws/install/turtlesim/lib/python3.12/site-packages/turtlesim-1.8.3-py3.12.egg-info/PKG-INFO
[22.862s] -- Installing: /home/agusb/Desktop/ROS2-Teleoperacion-Wifi/sample_ws/install/turtlesim/lib/python3.12/site-packages/turtlesim-1.8.3-py3.12.egg-info/dependency_links.txt
[22.862s] -- Installing: /home/agusb/Desktop/ROS2-Teleoperacion-Wifi/sample_ws/install/turtlesim/lib/python3.12/site-packages/turtlesim-1.8.3-py3.12.egg-info/SOURCES.txt
[22.862s] -- Up-to-date: /home/agusb/Desktop/ROS2-Teleoperacion-Wifi/sample_ws/install/turtlesim/lib/python3.12/site-packages/turtlesim
[22.863s] -- Up-to-date: /home/agusb/Desktop/ROS2-Teleoperacion-Wifi/sample_ws/install/turtlesim/lib/python3.12/site-packages/turtlesim/_turtlesim_s.ep.rosidl_typesupport_introspection_c.c
[22.863s] -- Up-to-date: /home/agusb/Desktop/ROS2-Teleoperacion-Wifi/sample_ws/install/turtlesim/lib/python3.12/site-packages/turtlesim/turtlesim_s__rosidl_typesupport_c.so
[22.863s] -- Up-to-date: /home/agusb/Desktop/ROS2-Teleoperacion-Wifi/sample_ws/install/turtlesim/lib/python3.12/site-packages/turtlesim/srv
[22.863s] -- Up-to-date: /home/agusb/Desktop/ROS2-Teleoperacion-Wifi/sample_ws/install/turtlesim/lib/python3.12/site-packages/turtlesim/srv/_kill.py
[22.863s] -- Up-to-date: /home/agusb/Desktop/ROS2-Teleoperacion-Wifi/sample_ws/install/turtlesim/lib/python3.12/site-packages/turtlesim/srv/_teleport_relative.py
[22.863s] -- Up-to-date: /home/agusb/Desktop/ROS2-Teleoperacion-Wifi/sample_ws/install/turtlesim/lib/python3.12/site-packages/turtlesim/srv/_kill_s.c
[22.863s] -- Up-to-date: /home/agusb/Desktop/ROS2-Teleoperacion-Wifi/sample_ws/install/turtlesim/lib/python3.12/site-packages/turtlesim/srv/_teleport_absolute_s.c
[22.864s] -- Up-to-date: /home/agusb/Desktop/ROS2-Teleoperacion-Wifi/sample_ws/install/turtlesim/lib/python3.12/site-packages/turtlesim/srv/_spawn_s.c
[22.864s] -- Up-to-date: /home/agusb/Desktop/ROS2-Teleoperacion-Wifi/sample_ws/install/turtlesim/lib/python3.12/site-packages/turtlesim/srv/_teleport_absolute.py
[22.864s] -- Up-to-date: /home/agusb/Desktop/ROS2-Teleoperacion-Wifi/sample_ws/install/turtlesim/lib/python3.12/site-packages/turtlesim/srv/_spawn.py
[22.864s] -- Up-to-date: /home/agusb/Desktop/ROS2-Teleoperacion-Wifi/sample_ws/install/turtlesim/lib/python3.12/site-packages/turtlesim/srv/_set_pen_s.c
[22.864s] -- Up-to-date: /home/agusb/Desktop/ROS2-Teleoperacion-Wifi/sample_ws/install/turtlesim/lib/python3.12/site-packages/turtlesim/srv/_set_pen.py
[22.864s] -- Up-to-date: /home/agusb/Desktop/ROS2-Teleoperacion-Wifi/sample_ws/install/turtlesim/lib/python3.12/site-packages/turtlesim/srv/_teleport_relative_s.c
[22.865s] -- Up-to-date: /home/agusb/Desktop/ROS2-Teleoperacion-Wifi/sample_ws/install/turtlesim/lib/python3.12/site-packages/turtlesim/srv/__init__.py
[22.865s] -- Up-to-date: /home/agusb/Desktop/ROS2-Teleoperacion-Wifi/sample_ws/install/turtlesim/lib/python3.12/site-packages/turtlesim/_turtlesim_s.ep.rosidl_typesupport_fastrtps_c.c
[22.865s] -- Up-to-date: /home/agusb/Desktop/ROS2-Teleoperacion-Wifi/sample_ws/install/turtlesim/lib/python3.12/site-packages/turtlesim/action
[22.866s] -- Up-to-date: /home/agusb/Desktop/ROS2-Teleoperacion-Wifi/sample_ws/install/turtlesim/lib/python3.12/site-packages/turtlesim/action/_rotate_absolute.py
[22.867s] -- Up-to-date: /home/agusb/Desktop/ROS2-Teleoperacion-Wifi/sample_ws/install/turtlesim/lib/python3.12/site-packages/turtlesim/action/_rotate_absolute_s.c
[22.868s] -- Up-to-date: /home/agusb/Desktop/ROS2-Teleoperacion-Wifi/sample_ws/install/turtlesim/lib/python3.12/site-packages/turtlesim/action/__init__.py
[22.868s] -- Up-to-date: /home/agusb/Desktop/ROS2-Teleoperacion-Wifi/sample_ws/install/turtlesim/lib/python3.12/site-packages/turtlesim/turtlesim_s__rosidl_typesupport_introspection_c.so
[22.869s] -- Up-to-date: /home/agusb/Desktop/ROS2-Teleoperacion-Wifi/sample_ws/install/turtlesim/lib/python3.12/site-packages/turtlesim/msg
[22.870s] -- Up-to-date: /home/agusb/Desktop/ROS2-Teleoperacion-Wifi/sample_ws/install/turtlesim/lib/python3.12/site-packages/turtlesim/msg/_pose.py
[22.870s] -- Up-to-date: /home/agusb/Desktop/ROS2-Teleoperacion-Wifi/sample_ws/install/turtlesim/lib/python3.12/site-packages/turtlesim/msg/_color.py
[22.871s] -- Up-to-date: /home/agusb/Desktop/ROS2-Teleoperacion-Wifi/sample_ws/install/turtlesim/lib/python3.12/site-packages/turtlesim/msg/_color_s.c
[22.872s] -- Up-to-date: /home/agusb/Desktop/ROS2-Teleoperacion-Wifi/sample_ws/install/turtlesim/lib/python3.12/site-packages/turtlesim/msg/_pose_s.c
[22.872s] -- Up-to-date: /home/agusb/Desktop/ROS2-Teleoperacion-Wifi/sample_ws/install/turtlesim/lib/python3.12/site-packages/turtlesim/msg/__init__.py
[22.873s] -- Up-to-date: /home/agusb/Desktop/ROS2-Teleoperacion-Wifi/sample_ws/install/turtlesim/lib/python3.12/site-packages/turtlesim/turtlesim_s__rosidl_typesupport_fastrtps_c.so
[22.873s] -- Up-to-date: /home/agusb/Desktop/ROS2-Teleoperacion-Wifi/sample_ws/install/turtlesim/lib/python3.12/site-packages/turtlesim/_turtlesim_s.ep.rosidl_typesupport_c.c
[22.874s] -- Up-to-date: /home/agusb/Desktop/ROS2-Teleoperacion-Wifi/sample_ws/install/turtlesim/lib/python3.12/site-packages/turtlesim/__init__.py
[22.962s] Listing '/home/agusb/Desktop/ROS2-Teleoperacion-Wifi/sample_ws/install/turtlesim/lib/python3.12/site-packages/turtlesim'...
[22.962s] Listing '/home/agusb/Desktop/ROS2-Teleoperacion-Wifi/sample_ws/install/turtlesim/lib/python3.12/site-packages/turtlesim/action'...
[22.962s] Listing '/home/agusb/Desktop/ROS2-Teleoperacion-Wifi/sample_ws/install/turtlesim/lib/python3.12/site-packages/turtlesim/msg'...
[22.962s] Listing '/home/agusb/Desktop/ROS2-Teleoperacion-Wifi/sample_ws/install/turtlesim/lib/python3.12/site-packages/turtlesim/srv'...
[22.985s] -- Up-to-date: /home/agusb/Desktop/ROS2-Teleoperacion-Wifi/sample_ws/install/turtlesim/lib/python3.12/site-packages/turtlesim/turtlesim_s__rosidl_typesupport_fastrtps_c.so
[22.986s] -- Up-to-date: /home/agusb/Desktop/ROS2-Teleoperacion-Wifi/sample_ws/install/turtlesim/lib/python3.12/site-packages/turtlesim/turtlesim_s__rosidl_typesupport_introspection_c.so
[22.987s] -- Up-to-date: /home/agusb/Desktop/ROS2-Teleoperacion-Wifi/sample_ws/install/turtlesim/lib/python3.12/site-packages/turtlesim/turtlesim_s__rosidl_typesupport_c.so
[22.988s] -- Up-to-date: /home/agusb/Desktop/ROS2-Teleoperacion-Wifi/sample_ws/install/turtlesim/lib/libturtlesim__rosidl_generator_py.so
[22.988s] -- Up-to-date: /home/agusb/Desktop/ROS2-Teleoperacion-Wifi/sample_ws/install/turtlesim/share/turtlesim/action/RotateAbsolute.idl
[22.989s] -- Up-to-date: /home/agusb/Desktop/ROS2-Teleoperacion-Wifi/sample_ws/install/turtlesim/share/turtlesim/msg/Color.idl
[22.989s] -- Up-to-date: /home/agusb/Desktop/ROS2-Teleoperacion-Wifi/sample_ws/install/turtlesim/share/turtlesim/msg/Pose.idl
[22.990s] -- Up-to-date: /home/agusb/Desktop/ROS2-Teleoperacion-Wifi/sample_ws/install/turtlesim/share/turtlesim/srv/Kill.idl
[22.990s] -- Up-to-date: /home/agusb/Desktop/ROS2-Teleoperacion-Wifi/sample_ws/install/turtlesim/share/turtlesim/srv/SetPen.idl
[22.990s] -- Up-to-date: /home/agusb/Desktop/ROS2-Teleoperacion-Wifi/sample_ws/install/turtlesim/share/turtlesim/srv/Spawn.idl
[22.990s] -- Up-to-date: /home/agusb/Desktop/ROS2-Teleoperacion-Wifi/sample_ws/install/turtlesim/share/turtlesim/srv/TeleportAbsolute.idl
[22.991s] -- Up-to-date: /home/agusb/Desktop/ROS2-Teleoperacion-Wifi/sample_ws/install/turtlesim/share/turtlesim/srv/TeleportRelative.idl
[22.991s] -- Up-to-date: /home/agusb/Desktop/ROS2-Teleoperacion-Wifi/sample_ws/install/turtlesim/share/turtlesim/action/RotateAbsolute.action
[22.991s] -- Up-to-date: /home/agusb/Desktop/ROS2-Teleoperacion-Wifi/sample_ws/install/turtlesim/share/turtlesim/msg/Color.msg
[22.991s] -- Up-to-date: /home/agusb/Desktop/ROS2-Teleoperacion-Wifi/sample_ws/install/turtlesim/share/turtlesim/msg/Pose.msg
[22.992s] -- Up-to-date: /home/agusb/Desktop/ROS2-Teleoperacion-Wifi/sample_ws/install/turtlesim/share/turtlesim/srv/Kill.srv
[22.992s] -- Up-to-date: /home/agusb/Desktop/ROS2-Teleoperacion-Wifi/sample_ws/install/turtlesim/share/turtlesim/srv/SetPen.srv
[22.992s] -- Up-to-date: /home/agusb/Desktop/ROS2-Teleoperacion-Wifi/sample_ws/install/turtlesim/share/turtlesim/srv/Spawn.srv
[22.992s] -- Up-to-date: /home/agusb/Desktop/ROS2-Teleoperacion-Wifi/sample_ws/install/turtlesim/share/turtlesim/srv/TeleportAbsolute.srv
[22.992s] -- Up-to-date: /home/agusb/Desktop/ROS2-Teleoperacion-Wifi/sample_ws/install/turtlesim/share/turtlesim/srv/TeleportRelative.srv
[22.992s] -- Installing: /home/agusb/Desktop/ROS2-Teleoperacion-Wifi/sample_ws/install/turtlesim/lib/turtlesim/turtlesim_node
[23.014s] -- Set non-toolchain portion of runtime path of "/home/agusb/Desktop/ROS2-Teleoperacion-Wifi/sample_ws/install/turtlesim/lib/turtlesim/turtlesim_node" to ""
[23.015s] -- Up-to-date: /home/agusb/Desktop/ROS2-Teleoperacion-Wifi/sample_ws/install/turtlesim/lib/turtlesim/turtle_teleop_key
[23.015s] -- Up-to-date: /home/agusb/Desktop/ROS2-Teleoperacion-Wifi/sample_ws/install/turtlesim/lib/turtlesim/draw_square
[23.016s] -- Up-to-date: /home/agusb/Desktop/ROS2-Teleoperacion-Wifi/sample_ws/install/turtlesim/lib/turtlesim/mimic
[23.018s] -- Up-to-date: /home/agusb/Desktop/ROS2-Teleoperacion-Wifi/sample_ws/install/turtlesim/share/turtlesim/images
[23.019s] -- Up-to-date: /home/agusb/Desktop/ROS2-Teleoperacion-Wifi/sample_ws/install/turtlesim/share/turtlesim/images/dashing.png
[23.020s] -- Up-to-date: /home/agusb/Desktop/ROS2-Teleoperacion-Wifi/sample_ws/install/turtlesim/share/turtlesim/images/ardent.png
[23.021s] -- Up-to-date: /home/agusb/Desktop/ROS2-Teleoperacion-Wifi/sample_ws/install/turtlesim/share/turtlesim/images/jazzy.png
[23.021s] -- Up-to-date: /home/agusb/Desktop/ROS2-Teleoperacion-Wifi/sample_ws/install/turtlesim/share/turtlesim/images/bouncy.png
[23.021s] -- Up-to-date: /home/agusb/Desktop/ROS2-Teleoperacion-Wifi/sample_ws/install/turtlesim/share/turtlesim/images/rolling.png
[23.021s] -- Up-to-date: /home/agusb/Desktop/ROS2-Teleoperacion-Wifi/sample_ws/install/turtlesim/share/turtlesim/images/galactic.png
[23.022s] -- Up-to-date: /home/agusb/Desktop/ROS2-Teleoperacion-Wifi/sample_ws/install/turtlesim/share/turtlesim/images/humble.png
[23.022s] -- Up-to-date: /home/agusb/Desktop/ROS2-Teleoperacion-Wifi/sample_ws/install/turtlesim/share/turtlesim/images/iron.png
[23.023s] -- Up-to-date: /home/agusb/Desktop/ROS2-Teleoperacion-Wifi/sample_ws/install/turtlesim/share/turtlesim/images/crystal.png
[23.023s] -- Up-to-date: /home/agusb/Desktop/ROS2-Teleoperacion-Wifi/sample_ws/install/turtlesim/share/turtlesim/images/eloquent.png
[23.023s] -- Up-to-date: /home/agusb/Desktop/ROS2-Teleoperacion-Wifi/sample_ws/install/turtlesim/share/turtlesim/images/foxy.png
[23.024s] -- Up-to-date: /home/agusb/Desktop/ROS2-Teleoperacion-Wifi/sample_ws/install/turtlesim/share/turtlesim/launch
[23.024s] -- Up-to-date: /home/agusb/Desktop/ROS2-Teleoperacion-Wifi/sample_ws/install/turtlesim/share/turtlesim/launch/multisim.launch.py
[23.024s] -- Up-to-date: /home/agusb/Desktop/ROS2-Teleoperacion-Wifi/sample_ws/install/turtlesim/share/ament_index/resource_index/package_run_dependencies/turtlesim
[23.024s] -- Up-to-date: /home/agusb/Desktop/ROS2-Teleoperacion-Wifi/sample_ws/install/turtlesim/share/ament_index/resource_index/parent_prefix_path/turtlesim
[23.025s] -- Up-to-date: /home/agusb/Desktop/ROS2-Teleoperacion-Wifi/sample_ws/install/turtlesim/share/turtlesim/environment/ament_prefix_path.sh
[23.025s] -- Up-to-date: /home/agusb/Desktop/ROS2-Teleoperacion-Wifi/sample_ws/install/turtlesim/share/turtlesim/environment/ament_prefix_path.dsv
[23.025s] -- Up-to-date: /home/agusb/Desktop/ROS2-Teleoperacion-Wifi/sample_ws/install/turtlesim/share/turtlesim/environment/path.sh
[23.025s] -- Up-to-date: /home/agusb/Desktop/ROS2-Teleoperacion-Wifi/sample_ws/install/turtlesim/share/turtlesim/environment/path.dsv
[23.025s] -- Up-to-date: /home/agusb/Desktop/ROS2-Teleoperacion-Wifi/sample_ws/install/turtlesim/share/turtlesim/local_setup.bash
[23.025s] -- Up-to-date: /home/agusb/Desktop/ROS2-Teleoperacion-Wifi/sample_ws/install/turtlesim/share/turtlesim/local_setup.sh
[23.026s] -- Up-to-date: /home/agusb/Desktop/ROS2-Teleoperacion-Wifi/sample_ws/install/turtlesim/share/turtlesim/local_setup.zsh
[23.026s] -- Up-to-date: /home/agusb/Desktop/ROS2-Teleoperacion-Wifi/sample_ws/install/turtlesim/share/turtlesim/local_setup.dsv
[23.026s] -- Installing: /home/agusb/Desktop/ROS2-Teleoperacion-Wifi/sample_ws/install/turtlesim/share/turtlesim/package.dsv
[23.026s] -- Up-to-date: /home/agusb/Desktop/ROS2-Teleoperacion-Wifi/sample_ws/install/turtlesim/share/ament_index/resource_index/packages/turtlesim
[23.026s] -- Up-to-date: /home/agusb/Desktop/ROS2-Teleoperacion-Wifi/sample_ws/install/turtlesim/share/turtlesim/cmake/export_turtlesim__rosidl_generator_cExport.cmake
[23.027s] -- Up-to-date: /home/agusb/Desktop/ROS2-Teleoperacion-Wifi/sample_ws/install/turtlesim/share/turtlesim/cmake/export_turtlesim__rosidl_generator_cExport-noconfig.cmake
[23.027s] -- Up-to-date: /home/agusb/Desktop/ROS2-Teleoperacion-Wifi/sample_ws/install/turtlesim/share/turtlesim/cmake/export_turtlesim__rosidl_typesupport_fastrtps_cExport.cmake
[23.027s] -- Up-to-date: /home/agusb/Desktop/ROS2-Teleoperacion-Wifi/sample_ws/install/turtlesim/share/turtlesim/cmake/export_turtlesim__rosidl_typesupport_fastrtps_cExport-noconfig.cmake
[23.027s] -- Up-to-date: /home/agusb/Desktop/ROS2-Teleoperacion-Wifi/sample_ws/install/turtlesim/share/turtlesim/cmake/export_turtlesim__rosidl_generator_cppExport.cmake
[23.027s] -- Up-to-date: /home/agusb/Desktop/ROS2-Teleoperacion-Wifi/sample_ws/install/turtlesim/share/turtlesim/cmake/export_turtlesim__rosidl_typesupport_fastrtps_cppExport.cmake
[23.027s] -- Up-to-date: /home/agusb/Desktop/ROS2-Teleoperacion-Wifi/sample_ws/install/turtlesim/share/turtlesim/cmake/export_turtlesim__rosidl_typesupport_fastrtps_cppExport-noconfig.cmake
[23.027s] -- Up-to-date: /home/agusb/Desktop/ROS2-Teleoperacion-Wifi/sample_ws/install/turtlesim/share/turtlesim/cmake/turtlesim__rosidl_typesupport_introspection_cExport.cmake
[23.027s] -- Up-to-date: /home/agusb/Desktop/ROS2-Teleoperacion-Wifi/sample_ws/install/turtlesim/share/turtlesim/cmake/turtlesim__rosidl_typesupport_introspection_cExport-noconfig.cmake
[23.028s] -- Up-to-date: /home/agusb/Desktop/ROS2-Teleoperacion-Wifi/sample_ws/install/turtlesim/share/turtlesim/cmake/turtlesim__rosidl_typesupport_cExport.cmake
[23.028s] -- Up-to-date: /home/agusb/Desktop/ROS2-Teleoperacion-Wifi/sample_ws/install/turtlesim/share/turtlesim/cmake/turtlesim__rosidl_typesupport_cExport-noconfig.cmake
[23.028s] -- Up-to-date: /home/agusb/Desktop/ROS2-Teleoperacion-Wifi/sample_ws/install/turtlesim/share/turtlesim/cmake/turtlesim__rosidl_typesupport_introspection_cppExport.cmake
[23.028s] -- Up-to-date: /home/agusb/Desktop/ROS2-Teleoperacion-Wifi/sample_ws/install/turtlesim/share/turtlesim/cmake/turtlesim__rosidl_typesupport_introspection_cppExport-noconfig.cmake
[23.028s] -- Up-to-date: /home/agusb/Desktop/ROS2-Teleoperacion-Wifi/sample_ws/install/turtlesim/share/turtlesim/cmake/turtlesim__rosidl_typesupport_cppExport.cmake
[23.028s] -- Up-to-date: /home/agusb/Desktop/ROS2-Teleoperacion-Wifi/sample_ws/install/turtlesim/share/turtlesim/cmake/turtlesim__rosidl_typesupport_cppExport-noconfig.cmake
[23.028s] -- Up-to-date: /home/agusb/Desktop/ROS2-Teleoperacion-Wifi/sample_ws/install/turtlesim/share/turtlesim/cmake/export_turtlesim__rosidl_generator_pyExport.cmake
[23.029s] -- Up-to-date: /home/agusb/Desktop/ROS2-Teleoperacion-Wifi/sample_ws/install/turtlesim/share/turtlesim/cmake/export_turtlesim__rosidl_generator_pyExport-noconfig.cmake
[23.029s] -- Up-to-date: /home/agusb/Desktop/ROS2-Teleoperacion-Wifi/sample_ws/install/turtlesim/share/turtlesim/cmake/rosidl_cmake-extras.cmake
[23.029s] -- Up-to-date: /home/agusb/Desktop/ROS2-Teleoperacion-Wifi/sample_ws/install/turtlesim/share/turtlesim/cmake/ament_cmake_export_dependencies-extras.cmake
[23.029s] -- Up-to-date: /home/agusb/Desktop/ROS2-Teleoperacion-Wifi/sample_ws/install/turtlesim/share/turtlesim/cmake/ament_cmake_export_include_directories-extras.cmake
[23.029s] -- Up-to-date: /home/agusb/Desktop/ROS2-Teleoperacion-Wifi/sample_ws/install/turtlesim/share/turtlesim/cmake/ament_cmake_export_libraries-extras.cmake
[23.029s] -- Up-to-date: /home/agusb/Desktop/ROS2-Teleoperacion-Wifi/sample_ws/install/turtlesim/share/turtlesim/cmake/ament_cmake_export_targets-extras.cmake
[23.030s] -- Up-to-date: /home/agusb/Desktop/ROS2-Teleoperacion-Wifi/sample_ws/install/turtlesim/share/turtlesim/cmake/rosidl_cmake_export_typesupport_targets-extras.cmake
[23.030s] -- Up-to-date: /home/agusb/Desktop/ROS2-Teleoperacion-Wifi/sample_ws/install/turtlesim/share/turtlesim/cmake/rosidl_cmake_export_typesupport_libraries-extras.cmake
[23.030s] -- Up-to-date: /home/agusb/Desktop/ROS2-Teleoperacion-Wifi/sample_ws/install/turtlesim/share/turtlesim/cmake/turtlesimConfig.cmake
[23.030s] -- Up-to-date: /home/agusb/Desktop/ROS2-Teleoperacion-Wifi/sample_ws/install/turtlesim/share/turtlesim/cmake/turtlesimConfig-version.cmake
[23.031s] -- Up-to-date: /home/agusb/Desktop/ROS2-Teleoperacion-Wifi/sample_ws/install/turtlesim/share/turtlesim/package.xml
[23.032s] Invoked command in '/home/agusb/Desktop/ROS2-Teleoperacion-Wifi/sample_ws/build/turtlesim' returned '0': CMAKE_PREFIX_PATH=${CMAKE_PREFIX_PATH}:/home/agusb/Desktop/ROS2-Teleoperacion-Wifi/ros2_ws/install/launch_testing_examples:/home/agusb/Desktop/ROS2-Teleoperacion-Wifi/ros2_ws/install/examples_rclpy_pointcloud_publisher:/home/agusb/Desktop/ROS2-Teleoperacion-Wifi/ros2_ws/install/examples_rclpy_minimal_subscriber:/home/agusb/Desktop/ROS2-Teleoperacion-Wifi/ros2_ws/install/examples_rclpy_minimal_service:/home/agusb/Desktop/ROS2-Teleoperacion-Wifi/ros2_ws/install/examples_rclpy_minimal_publisher:/home/agusb/Desktop/ROS2-Teleoperacion-Wifi/ros2_ws/install/examples_rclpy_minimal_client:/home/agusb/Desktop/ROS2-Teleoperacion-Wifi/ros2_ws/install/examples_rclpy_minimal_action_server:/home/agusb/Desktop/ROS2-Teleoperacion-Wifi/ros2_ws/install/examples_rclpy_minimal_action_client:/home/agusb/Desktop/ROS2-Teleoperacion-Wifi/ros2_ws/install/examples_rclpy_guard_conditions:/home/agusb/Desktop/ROS2-Teleoperacion-Wifi/ros2_ws/install/examples_rclpy_executors:/opt/ros/jazzy /usr/bin/cmake --install /home/agusb/Desktop/ROS2-Teleoperacion-Wifi/sample_ws/build/turtlesim
