[0.013s] Invoking command in '/home/agusb/Desktop/ROS2-Teleoperacion-Wifi/terrenator_ws/build/robot_control': CMAKE_PREFIX_PATH=${CMAKE_PREFIX_PATH}:/opt/ros/jazzy /usr/bin/cmake --build /home/agusb/Desktop/ROS2-Teleoperacion-Wifi/terrenator_ws/build/robot_control -- -j8 -l8
[0.048s] -- Found ament_cmake: 2.5.2 (/opt/ros/jazzy/share/ament_cmake/cmake)
[0.078s] -- Found Python3: /usr/bin/python3 (found version "3.12.3") found components: Interpreter 
[0.200s] -- Found rclcpp: 28.1.3 (/opt/ros/jazzy/share/rclcpp/cmake)
[0.231s] -- Found rosidl_generator_c: 4.6.3 (/opt/ros/jazzy/share/rosidl_generator_c/cmake)
[0.240s] -- Found rosidl_generator_cpp: 4.6.3 (/opt/ros/jazzy/share/rosidl_generator_cpp/cmake)
[0.255s] -- Using all available rosidl_typesupport_c: rosidl_typesupport_fastrtps_c;rosidl_typesupport_introspection_c
[0.269s] -- Using all available rosidl_typesupport_cpp: rosidl_typesupport_fastrtps_cpp;rosidl_typesupport_introspection_cpp
[0.338s] -- Found rmw_implementation_cmake: 7.3.1 (/opt/ros/jazzy/share/rmw_implementation_cmake/cmake)
[0.339s] -- Found rmw_fastrtps_cpp: 8.4.1 (/opt/ros/jazzy/share/rmw_fastrtps_cpp/cmake)
[0.407s] -- Using RMW implementation 'rmw_fastrtps_cpp' as default
[0.487s] -- Found sensor_msgs: 5.3.5 (/opt/ros/jazzy/share/sensor_msgs/cmake)
[0.587s] -- Found rosidl_default_generators: 1.6.0 (/opt/ros/jazzy/share/rosidl_default_generators/cmake)
[0.603s] -- Found rosidl_adapter: 4.6.3 (/opt/ros/jazzy/share/rosidl_adapter/cmake)
[0.613s] -- project name: robot_control
[0.988s] -- Found ament_cmake_ros: 0.12.0 (/opt/ros/jazzy/share/ament_cmake_ros/cmake)
[1.138s] -- Using all available rosidl_typesupport_c: rosidl_typesupport_fastrtps_c;rosidl_typesupport_introspection_c
[1.191s] -- Using all available rosidl_typesupport_cpp: rosidl_typesupport_fastrtps_cpp;rosidl_typesupport_introspection_cpp
[1.192s] -- Found python_cmake_module: 0.11.1 (/opt/ros/jazzy/share/python_cmake_module/cmake)
[1.469s] -- Found Python3: /usr/bin/python3 (found version "3.12.3") found components: Interpreter Development NumPy Development.Module Development.Embed 
[1.485s] -- Configuring done (1.4s)
[1.526s] -- Generating done (0.0s)
[1.530s] -- Build files have been written to: /home/agusb/Desktop/ROS2-Teleoperacion-Wifi/terrenator_ws/build/robot_control
[1.567s] [  2%] Built target robot_control__rosidl_generator_type_description
[1.575s] [  2%] Built target ament_cmake_python_copy_robot_control
[1.588s] [ 13%] [32mBuilding CXX object CMakeFiles/robot_uart_controller.dir/src/robot_uart_controller.cpp.o[0m
[1.589s] [ 13%] Built target robot_control__cpp
[1.589s] [ 22%] Built target robot_control__rosidl_generator_c
[1.620s] [ 30%] Built target robot_control__rosidl_typesupport_introspection_c
[1.621s] [ 38%] Built target robot_control__rosidl_typesupport_c
[1.624s] [ 47%] Built target robot_control__rosidl_typesupport_introspection_cpp
[1.624s] [ 55%] Built target robot_control__rosidl_typesupport_fastrtps_c
[1.651s] [ 63%] Built target robot_control__rosidl_typesupport_fastrtps_cpp
[1.653s] [ 72%] Built target robot_control__rosidl_typesupport_cpp
[1.673s] [ 72%] Built target robot_control
[1.692s] [ 75%] Built target robot_control__py
[1.720s] [ 80%] Built target robot_control__rosidl_generator_py
[1.748s] [ 86%] Built target robot_control_s__rosidl_typesupport_c
[1.750s] [ 91%] Built target robot_control_s__rosidl_typesupport_introspection_c
[1.753s] [ 97%] Built target robot_control_s__rosidl_typesupport_fastrtps_c
[1.872s] running egg_info
[1.888s] [01m[K/home/agusb/Desktop/ROS2-Teleoperacion-Wifi/terrenator_ws/src/robot_control/src/robot_uart_controller.cpp:5:10:[m[K [01;31m[Kfatal error: [m[Krobot_control/msg/trama_datos.hpp: No such file or directory
[1.888s]     5 | #include [01;31m[K"robot_control/msg/trama_datos.hpp"[m[K
[1.888s]       |          [01;31m[K^~~~~~~~~~~~~~~~~~~~~~~~~~~~~~~~~~~[m[K
[1.888s] compilation terminated.
[1.895s] writing robot_control.egg-info/PKG-INFO
[1.896s] writing dependency_links to robot_control.egg-info/dependency_links.txt
[1.896s] writing top-level names to robot_control.egg-info/top_level.txt
[1.901s] gmake[2]: *** [CMakeFiles/robot_uart_controller.dir/build.make:76: CMakeFiles/robot_uart_controller.dir/src/robot_uart_controller.cpp.o] Error 1
[1.901s] gmake[1]: *** [CMakeFiles/Makefile2:183: CMakeFiles/robot_uart_controller.dir/all] Error 2
[1.901s] gmake[1]: *** Waiting for unfinished jobs....
[1.967s] reading manifest file 'robot_control.egg-info/SOURCES.txt'
[1.967s] writing manifest file 'robot_control.egg-info/SOURCES.txt'
[1.995s] [ 97%] Built target ament_cmake_python_build_robot_control_egg
[1.998s] gmake: *** [Makefile:146: all] Error 2
[2.002s] Invoked command in '/home/agusb/Desktop/ROS2-Teleoperacion-Wifi/terrenator_ws/build/robot_control' returned '2': CMAKE_PREFIX_PATH=${CMAKE_PREFIX_PATH}:/opt/ros/jazzy /usr/bin/cmake --build /home/agusb/Desktop/ROS2-Teleoperacion-Wifi/terrenator_ws/build/robot_control -- -j8 -l8
