[0.016s] Invoking command in '/home/agusb/Desktop/ROS2-Teleoperacion-Wifi/terrenator_ws/build/robot_control': AMENT_PREFIX_PATH=/home/agusb/Desktop/ROS2-Teleoperacion-Wifi/terrenator_ws/install/interfaces:${AMENT_PREFIX_PATH} CMAKE_PREFIX_PATH=/home/agusb/Desktop/ROS2-Teleoperacion-Wifi/terrenator_ws/install/interfaces:/home/agusb/Desktop/ROS2-Teleoperacion-Wifi/sample_ws/install/turtlesim:/opt/ros/jazzy/opt/gz_math_vendor:/opt/ros/jazzy/opt/gz_utils_vendor:/opt/ros/jazzy/opt/gz_cmake_vendor:/opt/ros/jazzy LD_LIBRARY_PATH=/home/agusb/Desktop/ROS2-Teleoperacion-Wifi/terrenator_ws/install/interfaces/lib:${LD_LIBRARY_PATH} PYTHONPATH=/home/agusb/Desktop/ROS2-Teleoperacion-Wifi/terrenator_ws/install/interfaces/lib/python3.12/site-packages:${PYTHONPATH} /usr/bin/cmake --build /home/agusb/Desktop/ROS2-Teleoperacion-Wifi/terrenator_ws/build/robot_control -- -j8 -l8
[0.044s] -- Found ament_cmake: 2.5.2 (/opt/ros/jazzy/share/ament_cmake/cmake)
[0.161s] -- Found rclcpp: 28.1.3 (/opt/ros/jazzy/share/rclcpp/cmake)
[0.187s] -- Found rosidl_generator_c: 4.6.3 (/opt/ros/jazzy/share/rosidl_generator_c/cmake)
[0.196s] -- Found rosidl_generator_cpp: 4.6.3 (/opt/ros/jazzy/share/rosidl_generator_cpp/cmake)
[0.211s] -- Using all available rosidl_typesupport_c: rosidl_typesupport_fastrtps_c;rosidl_typesupport_introspection_c
[0.225s] -- Using all available rosidl_typesupport_cpp: rosidl_typesupport_fastrtps_cpp;rosidl_typesupport_introspection_cpp
[0.292s] -- Found rmw_implementation_cmake: 7.3.1 (/opt/ros/jazzy/share/rmw_implementation_cmake/cmake)
[0.294s] -- Found rmw_fastrtps_cpp: 8.4.1 (/opt/ros/jazzy/share/rmw_fastrtps_cpp/cmake)
[0.363s] -- Using RMW implementation 'rmw_fastrtps_cpp' as default
[0.435s] -- Found sensor_msgs: 5.3.5 (/opt/ros/jazzy/share/sensor_msgs/cmake)
[0.511s] -- Found interfaces: 0.0.0 (/home/agusb/Desktop/ROS2-Teleoperacion-Wifi/terrenator_ws/install/interfaces/share/interfaces/cmake)
[0.539s] -- project name: robot_control
[0.742s] -- Configuring done (0.7s)
[0.762s] -- Generating done (0.0s)
[0.765s] -- Build files have been written to: /home/agusb/Desktop/ROS2-Teleoperacion-Wifi/terrenator_ws/build/robot_control
[0.846s] [ 50%] [32mBuilding CXX object CMakeFiles/robot_uart_controller.dir/src/robot_uart_controller.cpp.o[0m
[5.139s] [01m[K/home/agusb/Desktop/ROS2-Teleoperacion-Wifi/terrenator_ws/src/robot_control/src/robot_uart_controller.cpp:[m[K In function ‘[01m[Kvoid[01;32m[K generarRampaVelocidad[m[K(Vel_espacial*, Vel_espacial*, std::vector<float>&, std::vector<float>&, std::vector<float>&)[m[K’:
[5.139s] [01m[K/home/agusb/Desktop/ROS2-Teleoperacion-Wifi/terrenator_ws/src/robot_control/src/robot_uart_controller.cpp:55:42:[m[K [01;35m[Kwarning: [m[Kunused parameter ‘[01m[Kvel_inicial[m[K’ [[01;35m[K]8;;https://gcc.gnu.org/onlinedocs/gcc/Warning-Options.html#index-Wunused-parameter-Wunused-parameter]8;;[m[K]
[5.139s]    55 | void generarRampaVelocidad([01;35m[KVel_espacial* vel_inicial[m[K, Vel_espacial* vel_final,
[5.139s]       |                            [01;35m[K~~~~~~~~~~~~~~^~~~~~~~~~~[m[K
[5.142s] [01m[K/home/agusb/Desktop/ROS2-Teleoperacion-Wifi/terrenator_ws/src/robot_control/src/robot_uart_controller.cpp:[m[K In function ‘[01m[Kvoid[01;32m[K joy_callback[m[K(sensor_msgs::msg::Joy_<std::allocator<void> >::SharedPtr)[m[K’:
[5.142s] [01m[K/home/agusb/Desktop/ROS2-Teleoperacion-Wifi/terrenator_ws/src/robot_control/src/robot_uart_controller.cpp:149:17:[m[K [01;31m[Kerror: [m[K‘[01m[KTramaDatos[m[K’ is not a member of ‘[01m[Kinterfaces[m[K’; did you mean ‘[01m[Kinterfaces::msg::TramaDatos[m[K’?
[5.142s]   149 |     interfaces::[01;31m[KTramaDatos[m[K msgInfo;
[5.142s]       |                 [01;31m[K^~~~~~~~~~[m[K
[5.142s] In file included from [01m[K/home/agusb/Desktop/ROS2-Teleoperacion-Wifi/terrenator_ws/install/interfaces/include/interfaces/interfaces/msg/trama_datos.hpp:7[m[K,
[5.143s]                  from [01m[K/home/agusb/Desktop/ROS2-Teleoperacion-Wifi/terrenator_ws/src/robot_control/src/robot_uart_controller.cpp:5[m[K:
[5.143s] [01m[K/home/agusb/Desktop/ROS2-Teleoperacion-Wifi/terrenator_ws/install/interfaces/include/interfaces/interfaces/msg/detail/trama_datos__struct.hpp:139:7:[m[K [01;36m[Knote: [m[K‘[01m[Kinterfaces::msg::TramaDatos[m[K’ declared here
[5.143s]   139 | using [01;36m[KTramaDatos[m[K =
[5.143s]       |       [01;36m[K^~~~~~~~~~[m[K
[5.148s] [01m[K/home/agusb/Desktop/ROS2-Teleoperacion-Wifi/terrenator_ws/src/robot_control/src/robot_uart_controller.cpp:150:5:[m[K [01;31m[Kerror: [m[K‘[01m[KmsgInfo[m[K’ was not declared in this scope
[5.148s]   150 |     [01;31m[KmsgInfo[m[K.v_bat = msg->buttons[0];
[5.149s]       |     [01;31m[K^~~~~~~[m[K
[5.168s] [01m[K/home/agusb/Desktop/ROS2-Teleoperacion-Wifi/terrenator_ws/src/robot_control/src/robot_uart_controller.cpp:152:5:[m[K [01;31m[Kerror: [m[K‘[01m[Krobot_info_publisher[m[K’ was not declared in this scope; did you mean ‘[01m[Krmw_get_gid_for_publisher[m[K’?
[5.168s]   152 |     [01;31m[Krobot_info_publisher[m[K->publish(msgInfo);
[5.168s]       |     [01;31m[K^~~~~~~~~~~~~~~~~~~~[m[K
[5.168s]       |     [32m[Krmw_get_gid_for_publisher[m[K
[8.439s] gmake[2]: *** [CMakeFiles/robot_uart_controller.dir/build.make:76: CMakeFiles/robot_uart_controller.dir/src/robot_uart_controller.cpp.o] Error 1
[8.439s] gmake[1]: *** [CMakeFiles/Makefile2:137: CMakeFiles/robot_uart_controller.dir/all] Error 2
[8.439s] gmake: *** [Makefile:146: all] Error 2
[8.442s] Invoked command in '/home/agusb/Desktop/ROS2-Teleoperacion-Wifi/terrenator_ws/build/robot_control' returned '2': AMENT_PREFIX_PATH=/home/agusb/Desktop/ROS2-Teleoperacion-Wifi/terrenator_ws/install/interfaces:${AMENT_PREFIX_PATH} CMAKE_PREFIX_PATH=/home/agusb/Desktop/ROS2-Teleoperacion-Wifi/terrenator_ws/install/interfaces:/home/agusb/Desktop/ROS2-Teleoperacion-Wifi/sample_ws/install/turtlesim:/opt/ros/jazzy/opt/gz_math_vendor:/opt/ros/jazzy/opt/gz_utils_vendor:/opt/ros/jazzy/opt/gz_cmake_vendor:/opt/ros/jazzy LD_LIBRARY_PATH=/home/agusb/Desktop/ROS2-Teleoperacion-Wifi/terrenator_ws/install/interfaces/lib:${LD_LIBRARY_PATH} PYTHONPATH=/home/agusb/Desktop/ROS2-Teleoperacion-Wifi/terrenator_ws/install/interfaces/lib/python3.12/site-packages:${PYTHONPATH} /usr/bin/cmake --build /home/agusb/Desktop/ROS2-Teleoperacion-Wifi/terrenator_ws/build/robot_control -- -j8 -l8
