[0.013s] Invoking command in '/home/agusb/Desktop/ROS2-Teleoperacion-Wifi/terrenator_ws/build/robot_control': CMAKE_PREFIX_PATH=${CMAKE_PREFIX_PATH}:/opt/ros/jazzy /usr/bin/cmake --build /home/agusb/Desktop/ROS2-Teleoperacion-Wifi/terrenator_ws/build/robot_control -- -j8 -l8
[0.040s] -- Found ament_cmake: 2.5.2 (/opt/ros/jazzy/share/ament_cmake/cmake)
[0.147s] -- Found rclcpp: 28.1.3 (/opt/ros/jazzy/share/rclcpp/cmake)
[0.173s] -- Found rosidl_generator_c: 4.6.3 (/opt/ros/jazzy/share/rosidl_generator_c/cmake)
[0.182s] -- Found rosidl_generator_cpp: 4.6.3 (/opt/ros/jazzy/share/rosidl_generator_cpp/cmake)
[0.194s] -- Using all available rosidl_typesupport_c: rosidl_typesupport_fastrtps_c;rosidl_typesupport_introspection_c
[0.210s] -- Using all available rosidl_typesupport_cpp: rosidl_typesupport_fastrtps_cpp;rosidl_typesupport_introspection_cpp
[0.277s] -- Found rmw_implementation_cmake: 7.3.1 (/opt/ros/jazzy/share/rmw_implementation_cmake/cmake)
[0.278s] -- Found rmw_fastrtps_cpp: 8.4.1 (/opt/ros/jazzy/share/rmw_fastrtps_cpp/cmake)
[0.350s] -- Using RMW implementation 'rmw_fastrtps_cpp' as default
[0.420s] -- Found sensor_msgs: 5.3.5 (/opt/ros/jazzy/share/sensor_msgs/cmake)
[0.496s] -- project name: robot_control
[0.670s] -- Configuring done (0.6s)
[0.688s] -- Generating done (0.0s)
[0.691s] -- Build files have been written to: /home/agusb/Desktop/ROS2-Teleoperacion-Wifi/terrenator_ws/build/robot_control
[0.755s] [ 50%] [32mBuilding CXX object CMakeFiles/robot_uart_controller.dir/src/robot_uart_controller.cpp.o[0m
[5.446s] [01m[K/home/agusb/Desktop/ROS2-Teleoperacion-Wifi/terrenator_ws/src/robot_control/src/robot_uart_controller.cpp:[m[K In function ‘[01m[Kvoid[01;32m[K generarRampaVelocidad[m[K(Vel_espacial*, Vel_espacial*, std::vector<float>&, std::vector<float>&, std::vector<float>&)[m[K’:
[5.446s] [01m[K/home/agusb/Desktop/ROS2-Teleoperacion-Wifi/terrenator_ws/src/robot_control/src/robot_uart_controller.cpp:55:42:[m[K [01;35m[Kwarning: [m[Kunused parameter ‘[01m[Kvel_inicial[m[K’ [[01;35m[K]8;;https://gcc.gnu.org/onlinedocs/gcc/Warning-Options.html#index-Wunused-parameter-Wunused-parameter]8;;[m[K]
[5.446s]    55 | void generarRampaVelocidad([01;35m[KVel_espacial* vel_inicial[m[K, Vel_espacial* vel_final,
[5.446s]       |                            [01;35m[K~~~~~~~~~~~~~~^~~~~~~~~~~[m[K
[5.449s] [01m[K/home/agusb/Desktop/ROS2-Teleoperacion-Wifi/terrenator_ws/src/robot_control/src/robot_uart_controller.cpp:[m[K In function ‘[01m[Kvoid[01;32m[K joy_callback[m[K(sensor_msgs::msg::Joy_<std::allocator<void> >::SharedPtr)[m[K’:
[5.449s] [01m[K/home/agusb/Desktop/ROS2-Teleoperacion-Wifi/terrenator_ws/src/robot_control/src/robot_uart_controller.cpp:112:58:[m[K [01;35m[Kwarning: [m[Kunused parameter ‘[01m[Kmsg[m[K’ [[01;35m[K]8;;https://gcc.gnu.org/onlinedocs/gcc/Warning-Options.html#index-Wunused-parameter-Wunused-parameter]8;;[m[K]
[5.449s]   112 | void joy_callback([01;35m[Kconst sensor_msgs::msg::Joy::SharedPtr msg[m[K)
[5.449s]       |                   [01;35m[K~~~~~~~~~~~~~~~~~~~~~~~~~~~~~~~~~~~~~~~^~~[m[K
[12.746s] [100%] [32m[1mLinking CXX executable robot_uart_controller[0m
[13.236s] [100%] Built target robot_uart_controller
[13.249s] Invoked command in '/home/agusb/Desktop/ROS2-Teleoperacion-Wifi/terrenator_ws/build/robot_control' returned '0': CMAKE_PREFIX_PATH=${CMAKE_PREFIX_PATH}:/opt/ros/jazzy /usr/bin/cmake --build /home/agusb/Desktop/ROS2-Teleoperacion-Wifi/terrenator_ws/build/robot_control -- -j8 -l8
[13.287s] Invoking command in '/home/agusb/Desktop/ROS2-Teleoperacion-Wifi/terrenator_ws/build/robot_control': CMAKE_PREFIX_PATH=${CMAKE_PREFIX_PATH}:/opt/ros/jazzy /usr/bin/cmake --install /home/agusb/Desktop/ROS2-Teleoperacion-Wifi/terrenator_ws/build/robot_control
[13.296s] -- Install configuration: ""
[13.296s] -- Installing: /home/agusb/Desktop/ROS2-Teleoperacion-Wifi/terrenator_ws/install/robot_control/lib/robot_control/robot_uart_controller
[13.300s] -- Set non-toolchain portion of runtime path of "/home/agusb/Desktop/ROS2-Teleoperacion-Wifi/terrenator_ws/install/robot_control/lib/robot_control/robot_uart_controller" to ""
[13.300s] -- Installing: /home/agusb/Desktop/ROS2-Teleoperacion-Wifi/terrenator_ws/install/robot_control/share/ament_index/resource_index/package_run_dependencies/robot_control
[13.301s] -- Installing: /home/agusb/Desktop/ROS2-Teleoperacion-Wifi/terrenator_ws/install/robot_control/share/ament_index/resource_index/parent_prefix_path/robot_control
[13.301s] -- Installing: /home/agusb/Desktop/ROS2-Teleoperacion-Wifi/terrenator_ws/install/robot_control/share/robot_control/environment/ament_prefix_path.sh
[13.301s] -- Installing: /home/agusb/Desktop/ROS2-Teleoperacion-Wifi/terrenator_ws/install/robot_control/share/robot_control/environment/ament_prefix_path.dsv
[13.301s] -- Installing: /home/agusb/Desktop/ROS2-Teleoperacion-Wifi/terrenator_ws/install/robot_control/share/robot_control/environment/path.sh
[13.301s] -- Installing: /home/agusb/Desktop/ROS2-Teleoperacion-Wifi/terrenator_ws/install/robot_control/share/robot_control/environment/path.dsv
[13.301s] -- Installing: /home/agusb/Desktop/ROS2-Teleoperacion-Wifi/terrenator_ws/install/robot_control/share/robot_control/local_setup.bash
[13.301s] -- Installing: /home/agusb/Desktop/ROS2-Teleoperacion-Wifi/terrenator_ws/install/robot_control/share/robot_control/local_setup.sh
[13.302s] -- Installing: /home/agusb/Desktop/ROS2-Teleoperacion-Wifi/terrenator_ws/install/robot_control/share/robot_control/local_setup.zsh
[13.302s] -- Installing: /home/agusb/Desktop/ROS2-Teleoperacion-Wifi/terrenator_ws/install/robot_control/share/robot_control/local_setup.dsv
[13.302s] -- Installing: /home/agusb/Desktop/ROS2-Teleoperacion-Wifi/terrenator_ws/install/robot_control/share/robot_control/package.dsv
[13.302s] -- Installing: /home/agusb/Desktop/ROS2-Teleoperacion-Wifi/terrenator_ws/install/robot_control/share/ament_index/resource_index/packages/robot_control
[13.302s] -- Installing: /home/agusb/Desktop/ROS2-Teleoperacion-Wifi/terrenator_ws/install/robot_control/share/robot_control/cmake/robot_controlConfig.cmake
[13.302s] -- Installing: /home/agusb/Desktop/ROS2-Teleoperacion-Wifi/terrenator_ws/install/robot_control/share/robot_control/cmake/robot_controlConfig-version.cmake
[13.302s] -- Installing: /home/agusb/Desktop/ROS2-Teleoperacion-Wifi/terrenator_ws/install/robot_control/share/robot_control/package.xml
[13.304s] Invoked command in '/home/agusb/Desktop/ROS2-Teleoperacion-Wifi/terrenator_ws/build/robot_control' returned '0': CMAKE_PREFIX_PATH=${CMAKE_PREFIX_PATH}:/opt/ros/jazzy /usr/bin/cmake --install /home/agusb/Desktop/ROS2-Teleoperacion-Wifi/terrenator_ws/build/robot_control
