[1.092s] Invoking command in '/home/agusb/Desktop/ROS2-Teleoperacion-Wifi/ros2_ws/build/examples_rclcpp_multithreaded_executor': CMAKE_PREFIX_PATH=${CMAKE_PREFIX_PATH}:/opt/ros/jazzy /usr/bin/cmake /home/agusb/Desktop/ROS2-Teleoperacion-Wifi/ros2_ws/src/examples/rclcpp/executors/multithreaded_executor -DAMENT_CMAKE_SYMLINK_INSTALL=1 -DCMAKE_INSTALL_PREFIX=/home/agusb/Desktop/ROS2-Teleoperacion-Wifi/ros2_ws/install/examples_rclcpp_multithreaded_executor
[3.025s] -- The C compiler identification is GNU 13.2.0
[3.025s] -- The CXX compiler identification is GNU 13.2.0
[3.026s] -- Detecting C compiler ABI info
[3.026s] -- Detecting C compiler ABI info - done
[3.026s] -- Check for working C compiler: /usr/bin/cc - skipped
[3.027s] -- Detecting C compile features
[3.027s] -- Detecting C compile features - done
[3.033s] -- Detecting CXX compiler ABI info
[3.033s] -- Detecting CXX compiler ABI info - done
[3.033s] -- Check for working CXX compiler: /usr/bin/c++ - skipped
[3.033s] -- Detecting CXX compile features
[3.033s] -- Detecting CXX compile features - done
[3.034s] -- Found ament_cmake: 2.5.2 (/opt/ros/jazzy/share/ament_cmake/cmake)
[3.034s] -- Found Python3: /usr/bin/python3 (found version "3.12.3") found components: Interpreter 
[3.034s] -- Override CMake install command with custom implementation using symlinks instead of copying resources
[3.034s] -- Found rclcpp: 28.1.3 (/opt/ros/jazzy/share/rclcpp/cmake)
[3.035s] -- Found rosidl_generator_c: 4.6.3 (/opt/ros/jazzy/share/rosidl_generator_c/cmake)
[3.035s] -- Found rosidl_generator_cpp: 4.6.3 (/opt/ros/jazzy/share/rosidl_generator_cpp/cmake)
[3.035s] -- Using all available rosidl_typesupport_c: rosidl_typesupport_fastrtps_c;rosidl_typesupport_introspection_c
[3.035s] -- Using all available rosidl_typesupport_cpp: rosidl_typesupport_fastrtps_cpp;rosidl_typesupport_introspection_cpp
[3.035s] -- Found rmw_implementation_cmake: 7.3.1 (/opt/ros/jazzy/share/rmw_implementation_cmake/cmake)
[3.036s] -- Found rmw_fastrtps_cpp: 8.4.1 (/opt/ros/jazzy/share/rmw_fastrtps_cpp/cmake)
[3.036s] -- Found OpenSSL: /usr/lib/x86_64-linux-gnu/libcrypto.so (found version "3.0.13")  
[3.036s] -- Found FastRTPS: /opt/ros/jazzy/include (Required is at least version "2.13") 
[3.036s] -- Using RMW implementation 'rmw_fastrtps_cpp' as default
[3.036s] -- Found std_msgs: 5.3.5 (/opt/ros/jazzy/share/std_msgs/cmake)
[3.037s] -- Found ament_lint_auto: 0.17.1 (/opt/ros/jazzy/share/ament_lint_auto/cmake)
[3.037s] -- Added test 'copyright' to check source files copyright and LICENSE
[3.037s] -- Added test 'cppcheck' to perform static code analysis on C / C++ code
[3.037s] -- Configured cppcheck include dirs: 
[3.037s] -- Configured cppcheck exclude dirs and/or files: 
[3.037s] -- Added test 'cpplint' to check C / C++ code against the Google style
[3.038s] -- Configured cpplint exclude dirs and/or files: 
[3.038s] -- Added test 'lint_cmake' to check CMake code style
[3.038s] -- Added test 'uncrustify' to check C / C++ code style
[3.038s] -- Configured uncrustify additional arguments: 
[3.038s] -- Added test 'xmllint' to check XML markup files
[3.039s] -- Configuring done (1.4s)
[3.039s] -- Generating done (0.0s)
[3.039s] -- Build files have been written to: /home/agusb/Desktop/ROS2-Teleoperacion-Wifi/ros2_ws/build/examples_rclcpp_multithreaded_executor
[3.582s] Invoked command in '/home/agusb/Desktop/ROS2-Teleoperacion-Wifi/ros2_ws/build/examples_rclcpp_multithreaded_executor' returned '0': CMAKE_PREFIX_PATH=${CMAKE_PREFIX_PATH}:/opt/ros/jazzy /usr/bin/cmake /home/agusb/Desktop/ROS2-Teleoperacion-Wifi/ros2_ws/src/examples/rclcpp/executors/multithreaded_executor -DAMENT_CMAKE_SYMLINK_INSTALL=1 -DCMAKE_INSTALL_PREFIX=/home/agusb/Desktop/ROS2-Teleoperacion-Wifi/ros2_ws/install/examples_rclcpp_multithreaded_executor
[3.585s] Invoking command in '/home/agusb/Desktop/ROS2-Teleoperacion-Wifi/ros2_ws/build/examples_rclcpp_multithreaded_executor': CMAKE_PREFIX_PATH=${CMAKE_PREFIX_PATH}:/opt/ros/jazzy /usr/bin/cmake --build /home/agusb/Desktop/ROS2-Teleoperacion-Wifi/ros2_ws/build/examples_rclcpp_multithreaded_executor -- -j8 -l8
[3.839s] [ 50%] [32mBuilding CXX object CMakeFiles/multithreaded_executor.dir/multithreaded_executor.cpp.o[0m
[21.330s] [100%] [32m[1mLinking CXX executable multithreaded_executor[0m
[21.330s] [100%] Built target multithreaded_executor
[22.350s] Invoked command in '/home/agusb/Desktop/ROS2-Teleoperacion-Wifi/ros2_ws/build/examples_rclcpp_multithreaded_executor' returned '0': CMAKE_PREFIX_PATH=${CMAKE_PREFIX_PATH}:/opt/ros/jazzy /usr/bin/cmake --build /home/agusb/Desktop/ROS2-Teleoperacion-Wifi/ros2_ws/build/examples_rclcpp_multithreaded_executor -- -j8 -l8
[22.397s] Invoking command in '/home/agusb/Desktop/ROS2-Teleoperacion-Wifi/ros2_ws/build/examples_rclcpp_multithreaded_executor': CMAKE_PREFIX_PATH=${CMAKE_PREFIX_PATH}:/opt/ros/jazzy /usr/bin/cmake --install /home/agusb/Desktop/ROS2-Teleoperacion-Wifi/ros2_ws/build/examples_rclcpp_multithreaded_executor
[22.420s] -- Install configuration: ""
[22.420s] -- Execute custom install script
[22.421s] -- Symlinking: /home/agusb/Desktop/ROS2-Teleoperacion-Wifi/ros2_ws/install/examples_rclcpp_multithreaded_executor/lib/examples_rclcpp_multithreaded_executor/multithreaded_executor
[22.442s] -- Symlinking: /home/agusb/Desktop/ROS2-Teleoperacion-Wifi/ros2_ws/install/examples_rclcpp_multithreaded_executor/share/ament_index/resource_index/package_run_dependencies/examples_rclcpp_multithreaded_executor
[22.461s] -- Symlinking: /home/agusb/Desktop/ROS2-Teleoperacion-Wifi/ros2_ws/install/examples_rclcpp_multithreaded_executor/share/ament_index/resource_index/parent_prefix_path/examples_rclcpp_multithreaded_executor
[22.483s] -- Symlinking: /home/agusb/Desktop/ROS2-Teleoperacion-Wifi/ros2_ws/install/examples_rclcpp_multithreaded_executor/share/examples_rclcpp_multithreaded_executor/environment/ament_prefix_path.sh
[22.503s] -- Symlinking: /home/agusb/Desktop/ROS2-Teleoperacion-Wifi/ros2_ws/install/examples_rclcpp_multithreaded_executor/share/examples_rclcpp_multithreaded_executor/environment/ament_prefix_path.dsv
[22.527s] -- Symlinking: /home/agusb/Desktop/ROS2-Teleoperacion-Wifi/ros2_ws/install/examples_rclcpp_multithreaded_executor/share/examples_rclcpp_multithreaded_executor/environment/path.sh
[22.546s] -- Symlinking: /home/agusb/Desktop/ROS2-Teleoperacion-Wifi/ros2_ws/install/examples_rclcpp_multithreaded_executor/share/examples_rclcpp_multithreaded_executor/environment/path.dsv
[22.572s] -- Symlinking: /home/agusb/Desktop/ROS2-Teleoperacion-Wifi/ros2_ws/install/examples_rclcpp_multithreaded_executor/share/examples_rclcpp_multithreaded_executor/local_setup.bash
[22.596s] -- Symlinking: /home/agusb/Desktop/ROS2-Teleoperacion-Wifi/ros2_ws/install/examples_rclcpp_multithreaded_executor/share/examples_rclcpp_multithreaded_executor/local_setup.sh
[22.617s] -- Symlinking: /home/agusb/Desktop/ROS2-Teleoperacion-Wifi/ros2_ws/install/examples_rclcpp_multithreaded_executor/share/examples_rclcpp_multithreaded_executor/local_setup.zsh
[22.636s] -- Symlinking: /home/agusb/Desktop/ROS2-Teleoperacion-Wifi/ros2_ws/install/examples_rclcpp_multithreaded_executor/share/examples_rclcpp_multithreaded_executor/local_setup.dsv
[22.656s] -- Symlinking: /home/agusb/Desktop/ROS2-Teleoperacion-Wifi/ros2_ws/install/examples_rclcpp_multithreaded_executor/share/examples_rclcpp_multithreaded_executor/package.dsv
[22.676s] -- Symlinking: /home/agusb/Desktop/ROS2-Teleoperacion-Wifi/ros2_ws/install/examples_rclcpp_multithreaded_executor/share/ament_index/resource_index/packages/examples_rclcpp_multithreaded_executor
[22.699s] -- Symlinking: /home/agusb/Desktop/ROS2-Teleoperacion-Wifi/ros2_ws/install/examples_rclcpp_multithreaded_executor/share/examples_rclcpp_multithreaded_executor/cmake/examples_rclcpp_multithreaded_executorConfig.cmake
[22.713s] -- Symlinking: /home/agusb/Desktop/ROS2-Teleoperacion-Wifi/ros2_ws/install/examples_rclcpp_multithreaded_executor/share/examples_rclcpp_multithreaded_executor/cmake/examples_rclcpp_multithreaded_executorConfig-version.cmake
[22.733s] -- Symlinking: /home/agusb/Desktop/ROS2-Teleoperacion-Wifi/ros2_ws/install/examples_rclcpp_multithreaded_executor/share/examples_rclcpp_multithreaded_executor/package.xml
[22.759s] Invoked command in '/home/agusb/Desktop/ROS2-Teleoperacion-Wifi/ros2_ws/build/examples_rclcpp_multithreaded_executor' returned '0': CMAKE_PREFIX_PATH=${CMAKE_PREFIX_PATH}:/opt/ros/jazzy /usr/bin/cmake --install /home/agusb/Desktop/ROS2-Teleoperacion-Wifi/ros2_ws/build/examples_rclcpp_multithreaded_executor
