[0.028s] Invoking command in '/home/agusb/Desktop/ROS2-Teleoperacion-Wifi/ros2_ws/build/examples_rclcpp_minimal_client': CMAKE_PREFIX_PATH=${CMAKE_PREFIX_PATH}:/opt/ros/jazzy /usr/bin/cmake /home/agusb/Desktop/ROS2-Teleoperacion-Wifi/ros2_ws/src/examples/rclcpp/services/minimal_client -DAMENT_CMAKE_SYMLINK_INSTALL=1 -DCMAKE_INSTALL_PREFIX=/home/agusb/Desktop/ROS2-Teleoperacion-Wifi/ros2_ws/install/examples_rclcpp_minimal_client
[0.254s] -- The C compiler identification is GNU 13.2.0
[0.448s] -- The CXX compiler identification is GNU 13.2.0
[0.493s] -- Detecting C compiler ABI info
[0.687s] -- Detecting C compiler ABI info - done
[0.724s] -- Check for working C compiler: /usr/bin/cc - skipped
[0.733s] -- Detecting C compile features
[0.734s] -- Detecting C compile features - done
[0.752s] -- Detecting CXX compiler ABI info
[0.971s] -- Detecting CXX compiler ABI info - done
[0.998s] -- Check for working CXX compiler: /usr/bin/c++ - skipped
[0.999s] -- Detecting CXX compile features
[0.999s] -- Detecting CXX compile features - done
[1.005s] -- Found ament_cmake: 2.5.2 (/opt/ros/jazzy/share/ament_cmake/cmake)
[1.415s] -- Found Python3: /usr/bin/python3 (found version "3.12.3") found components: Interpreter 
[1.668s] -- Override CMake install command with custom implementation using symlinks instead of copying resources
[1.727s] -- Found example_interfaces: 0.12.0 (/opt/ros/jazzy/share/example_interfaces/cmake)
[1.810s] -- Found rosidl_generator_c: 4.6.3 (/opt/ros/jazzy/share/rosidl_generator_c/cmake)
[1.832s] -- Found rosidl_generator_cpp: 4.6.3 (/opt/ros/jazzy/share/rosidl_generator_cpp/cmake)
[1.858s] -- Using all available rosidl_typesupport_c: rosidl_typesupport_fastrtps_c;rosidl_typesupport_introspection_c
[1.892s] -- Using all available rosidl_typesupport_cpp: rosidl_typesupport_fastrtps_cpp;rosidl_typesupport_introspection_cpp
[2.061s] -- Found rclcpp: 28.1.3 (/opt/ros/jazzy/share/rclcpp/cmake)
[2.150s] -- Found rmw_implementation_cmake: 7.3.1 (/opt/ros/jazzy/share/rmw_implementation_cmake/cmake)
[2.153s] -- Found rmw_fastrtps_cpp: 8.4.1 (/opt/ros/jazzy/share/rmw_fastrtps_cpp/cmake)
[2.297s] -- Found OpenSSL: /usr/lib/x86_64-linux-gnu/libcrypto.so (found version "3.0.13")  
[2.335s] -- Found FastRTPS: /opt/ros/jazzy/include (Required is at least version "2.13") 
[2.373s] -- Using RMW implementation 'rmw_fastrtps_cpp' as default
[2.509s] -- Found ament_lint_auto: 0.17.1 (/opt/ros/jazzy/share/ament_lint_auto/cmake)
[2.801s] -- Added test 'copyright' to check source files copyright and LICENSE
[2.804s] -- Added test 'cppcheck' to perform static code analysis on C / C++ code
[2.804s] -- Configured cppcheck include dirs: 
[2.804s] -- Configured cppcheck exclude dirs and/or files: 
[2.806s] -- Added test 'cpplint' to check C / C++ code against the Google style
[2.807s] -- Configured cpplint exclude dirs and/or files: 
[2.810s] -- Added test 'lint_cmake' to check CMake code style
[2.811s] -- Added test 'uncrustify' to check C / C++ code style
[2.812s] -- Configured uncrustify additional arguments: 
[2.813s] -- Added test 'xmllint' to check XML markup files
[2.820s] -- Configuring done (2.8s)
[2.895s] -- Generating done (0.0s)
[2.895s] -- Build files have been written to: /home/agusb/Desktop/ROS2-Teleoperacion-Wifi/ros2_ws/build/examples_rclcpp_minimal_client
[2.903s] Invoked command in '/home/agusb/Desktop/ROS2-Teleoperacion-Wifi/ros2_ws/build/examples_rclcpp_minimal_client' returned '0': CMAKE_PREFIX_PATH=${CMAKE_PREFIX_PATH}:/opt/ros/jazzy /usr/bin/cmake /home/agusb/Desktop/ROS2-Teleoperacion-Wifi/ros2_ws/src/examples/rclcpp/services/minimal_client -DAMENT_CMAKE_SYMLINK_INSTALL=1 -DCMAKE_INSTALL_PREFIX=/home/agusb/Desktop/ROS2-Teleoperacion-Wifi/ros2_ws/install/examples_rclcpp_minimal_client
[2.904s] Invoking command in '/home/agusb/Desktop/ROS2-Teleoperacion-Wifi/ros2_ws/build/examples_rclcpp_minimal_client': CMAKE_PREFIX_PATH=${CMAKE_PREFIX_PATH}:/opt/ros/jazzy /usr/bin/cmake --build /home/agusb/Desktop/ROS2-Teleoperacion-Wifi/ros2_ws/build/examples_rclcpp_minimal_client -- -j8 -l8
[3.046s] [ 50%] [32mBuilding CXX object CMakeFiles/client_main.dir/main.cpp.o[0m
[183.617s] [100%] [32m[1mLinking CXX executable client_main[0m
[185.585s] [100%] Built target client_main
[210.467s] Invoked command in '/home/agusb/Desktop/ROS2-Teleoperacion-Wifi/ros2_ws/build/examples_rclcpp_minimal_client' returned '0': CMAKE_PREFIX_PATH=${CMAKE_PREFIX_PATH}:/opt/ros/jazzy /usr/bin/cmake --build /home/agusb/Desktop/ROS2-Teleoperacion-Wifi/ros2_ws/build/examples_rclcpp_minimal_client -- -j8 -l8
[215.768s] Invoking command in '/home/agusb/Desktop/ROS2-Teleoperacion-Wifi/ros2_ws/build/examples_rclcpp_minimal_client': CMAKE_PREFIX_PATH=${CMAKE_PREFIX_PATH}:/opt/ros/jazzy /usr/bin/cmake --install /home/agusb/Desktop/ROS2-Teleoperacion-Wifi/ros2_ws/build/examples_rclcpp_minimal_client
[220.327s] -- Install configuration: ""
[220.382s] -- Execute custom install script
[220.382s] -- Symlinking: /home/agusb/Desktop/ROS2-Teleoperacion-Wifi/ros2_ws/install/examples_rclcpp_minimal_client/lib/examples_rclcpp_minimal_client/client_main
[220.412s] -- Symlinking: /home/agusb/Desktop/ROS2-Teleoperacion-Wifi/ros2_ws/install/examples_rclcpp_minimal_client/share/ament_index/resource_index/package_run_dependencies/examples_rclcpp_minimal_client
[220.694s] -- Symlinking: /home/agusb/Desktop/ROS2-Teleoperacion-Wifi/ros2_ws/install/examples_rclcpp_minimal_client/share/ament_index/resource_index/parent_prefix_path/examples_rclcpp_minimal_client
[220.695s] -- Symlinking: /home/agusb/Desktop/ROS2-Teleoperacion-Wifi/ros2_ws/install/examples_rclcpp_minimal_client/share/examples_rclcpp_minimal_client/environment/ament_prefix_path.sh
[220.696s] -- Symlinking: /home/agusb/Desktop/ROS2-Teleoperacion-Wifi/ros2_ws/install/examples_rclcpp_minimal_client/share/examples_rclcpp_minimal_client/environment/ament_prefix_path.dsv
[220.741s] -- Symlinking: /home/agusb/Desktop/ROS2-Teleoperacion-Wifi/ros2_ws/install/examples_rclcpp_minimal_client/share/examples_rclcpp_minimal_client/environment/path.sh
[220.741s] -- Symlinking: /home/agusb/Desktop/ROS2-Teleoperacion-Wifi/ros2_ws/install/examples_rclcpp_minimal_client/share/examples_rclcpp_minimal_client/environment/path.dsv
[220.772s] -- Symlinking: /home/agusb/Desktop/ROS2-Teleoperacion-Wifi/ros2_ws/install/examples_rclcpp_minimal_client/share/examples_rclcpp_minimal_client/local_setup.bash
[221.213s] -- Symlinking: /home/agusb/Desktop/ROS2-Teleoperacion-Wifi/ros2_ws/install/examples_rclcpp_minimal_client/share/examples_rclcpp_minimal_client/local_setup.sh
[221.215s] -- Symlinking: /home/agusb/Desktop/ROS2-Teleoperacion-Wifi/ros2_ws/install/examples_rclcpp_minimal_client/share/examples_rclcpp_minimal_client/local_setup.zsh
[221.392s] -- Symlinking: /home/agusb/Desktop/ROS2-Teleoperacion-Wifi/ros2_ws/install/examples_rclcpp_minimal_client/share/examples_rclcpp_minimal_client/local_setup.dsv
[221.394s] -- Symlinking: /home/agusb/Desktop/ROS2-Teleoperacion-Wifi/ros2_ws/install/examples_rclcpp_minimal_client/share/examples_rclcpp_minimal_client/package.dsv
[221.395s] -- Symlinking: /home/agusb/Desktop/ROS2-Teleoperacion-Wifi/ros2_ws/install/examples_rclcpp_minimal_client/share/ament_index/resource_index/packages/examples_rclcpp_minimal_client
[221.395s] -- Symlinking: /home/agusb/Desktop/ROS2-Teleoperacion-Wifi/ros2_ws/install/examples_rclcpp_minimal_client/share/examples_rclcpp_minimal_client/cmake/examples_rclcpp_minimal_clientConfig.cmake
[221.395s] -- Symlinking: /home/agusb/Desktop/ROS2-Teleoperacion-Wifi/ros2_ws/install/examples_rclcpp_minimal_client/share/examples_rclcpp_minimal_client/cmake/examples_rclcpp_minimal_clientConfig-version.cmake
[221.396s] -- Symlinking: /home/agusb/Desktop/ROS2-Teleoperacion-Wifi/ros2_ws/install/examples_rclcpp_minimal_client/share/examples_rclcpp_minimal_client/package.xml
[229.797s] Invoked command in '/home/agusb/Desktop/ROS2-Teleoperacion-Wifi/ros2_ws/build/examples_rclcpp_minimal_client' returned '0': CMAKE_PREFIX_PATH=${CMAKE_PREFIX_PATH}:/opt/ros/jazzy /usr/bin/cmake --install /home/agusb/Desktop/ROS2-Teleoperacion-Wifi/ros2_ws/build/examples_rclcpp_minimal_client
