[0.030s] Invoking command in '/home/agusb/Desktop/ROS2-Teleoperacion-Wifi/ros2_ws/build/examples_rclcpp_minimal_composition': CMAKE_PREFIX_PATH=${CMAKE_PREFIX_PATH}:/opt/ros/jazzy /usr/bin/cmake /home/agusb/Desktop/ROS2-Teleoperacion-Wifi/ros2_ws/src/examples/rclcpp/composition/minimal_composition -DAMENT_CMAKE_SYMLINK_INSTALL=1 -DCMAKE_INSTALL_PREFIX=/home/agusb/Desktop/ROS2-Teleoperacion-Wifi/ros2_ws/install/examples_rclcpp_minimal_composition
[0.250s] -- The C compiler identification is GNU 13.2.0
[0.447s] -- The CXX compiler identification is GNU 13.2.0
[0.489s] -- Detecting C compiler ABI info
[0.689s] -- Detecting C compiler ABI info - done
[0.722s] -- Check for working C compiler: /usr/bin/cc - skipped
[0.730s] -- Detecting C compile features
[0.732s] -- Detecting C compile features - done
[0.751s] -- Detecting CXX compiler ABI info
[0.960s] -- Detecting CXX compiler ABI info - done
[0.992s] -- Check for working CXX compiler: /usr/bin/c++ - skipped
[0.993s] -- Detecting CXX compile features
[0.994s] -- Detecting CXX compile features - done
[1.005s] -- Found ament_cmake: 2.5.2 (/opt/ros/jazzy/share/ament_cmake/cmake)
[1.440s] -- Found Python3: /usr/bin/python3 (found version "3.12.3") found components: Interpreter 
[1.665s] -- Override CMake install command with custom implementation using symlinks instead of copying resources
[1.722s] -- Found rclcpp: 28.1.3 (/opt/ros/jazzy/share/rclcpp/cmake)
[1.787s] -- Found rosidl_generator_c: 4.6.3 (/opt/ros/jazzy/share/rosidl_generator_c/cmake)
[1.813s] -- Found rosidl_generator_cpp: 4.6.3 (/opt/ros/jazzy/share/rosidl_generator_cpp/cmake)
[1.844s] -- Using all available rosidl_typesupport_c: rosidl_typesupport_fastrtps_c;rosidl_typesupport_introspection_c
[1.880s] -- Using all available rosidl_typesupport_cpp: rosidl_typesupport_fastrtps_cpp;rosidl_typesupport_introspection_cpp
[2.031s] -- Found rmw_implementation_cmake: 7.3.1 (/opt/ros/jazzy/share/rmw_implementation_cmake/cmake)
[2.035s] -- Found rmw_fastrtps_cpp: 8.4.1 (/opt/ros/jazzy/share/rmw_fastrtps_cpp/cmake)
[2.175s] -- Found OpenSSL: /usr/lib/x86_64-linux-gnu/libcrypto.so (found version "3.0.13")  
[2.218s] -- Found FastRTPS: /opt/ros/jazzy/include (Required is at least version "2.13") 
[2.272s] -- Using RMW implementation 'rmw_fastrtps_cpp' as default
[2.434s] -- Found rclcpp_components: 28.1.3 (/opt/ros/jazzy/share/rclcpp_components/cmake)
[2.517s] -- Found std_msgs: 5.3.5 (/opt/ros/jazzy/share/std_msgs/cmake)
[2.568s] -- Found ament_lint_auto: 0.17.1 (/opt/ros/jazzy/share/ament_lint_auto/cmake)
[2.901s] -- Added test 'copyright' to check source files copyright and LICENSE
[2.903s] -- Added test 'cppcheck' to perform static code analysis on C / C++ code
[2.905s] -- Configured cppcheck include dirs: /home/agusb/Desktop/ROS2-Teleoperacion-Wifi/ros2_ws/src/examples/rclcpp/composition/minimal_composition/include
[2.905s] -- Configured cppcheck exclude dirs and/or files: 
[2.906s] -- Added test 'cpplint' to check C / C++ code against the Google style
[2.906s] -- Configured cpplint exclude dirs and/or files: 
[2.906s] -- Added test 'lint_cmake' to check CMake code style
[2.907s] -- Added test 'uncrustify' to check C / C++ code style
[2.907s] -- Configured uncrustify additional arguments: 
[2.930s] -- Added test 'xmllint' to check XML markup files
[2.932s] -- Configuring done (2.9s)
[2.974s] -- Generating done (0.0s)
[2.979s] -- Build files have been written to: /home/agusb/Desktop/ROS2-Teleoperacion-Wifi/ros2_ws/build/examples_rclcpp_minimal_composition
[3.018s] Invoked command in '/home/agusb/Desktop/ROS2-Teleoperacion-Wifi/ros2_ws/build/examples_rclcpp_minimal_composition' returned '0': CMAKE_PREFIX_PATH=${CMAKE_PREFIX_PATH}:/opt/ros/jazzy /usr/bin/cmake /home/agusb/Desktop/ROS2-Teleoperacion-Wifi/ros2_ws/src/examples/rclcpp/composition/minimal_composition -DAMENT_CMAKE_SYMLINK_INSTALL=1 -DCMAKE_INSTALL_PREFIX=/home/agusb/Desktop/ROS2-Teleoperacion-Wifi/ros2_ws/install/examples_rclcpp_minimal_composition
[3.023s] Invoking command in '/home/agusb/Desktop/ROS2-Teleoperacion-Wifi/ros2_ws/build/examples_rclcpp_minimal_composition': CMAKE_PREFIX_PATH=${CMAKE_PREFIX_PATH}:/opt/ros/jazzy /usr/bin/cmake --build /home/agusb/Desktop/ROS2-Teleoperacion-Wifi/ros2_ws/build/examples_rclcpp_minimal_composition -- -j8 -l8
[197.926s] [ 11%] [32mBuilding CXX object CMakeFiles/composition_nodes.dir/src/publisher_node.cpp.o[0m
[198.832s] [ 22%] [32mBuilding CXX object CMakeFiles/composition_nodes.dir/src/subscriber_node.cpp.o[0m
[199.405s] [ 33%] [32m[1mLinking CXX shared library libcomposition_nodes.so[0m
[200.435s] [ 33%] Built target composition_nodes
[200.873s] [ 44%] [32mBuilding CXX object CMakeFiles/composition_publisher.dir/src/standalone_publisher.cpp.o[0m
[201.287s] [ 55%] [32m[1mLinking CXX executable composition_publisher[0m
[201.289s] [ 55%] Built target composition_publisher
[201.289s] [ 66%] [32mBuilding CXX object CMakeFiles/composition_composed.dir/src/composed.cpp.o[0m
[201.289s] [ 77%] [32m[1mLinking CXX executable composition_composed[0m
[201.290s] [ 77%] Built target composition_composed
[201.290s] [ 88%] [32mBuilding CXX object CMakeFiles/composition_subscriber.dir/src/standalone_subscriber.cpp.o[0m
[201.291s] [100%] [32m[1mLinking CXX executable composition_subscriber[0m
[201.291s] [100%] Built target composition_subscriber
[211.764s] Invoked command in '/home/agusb/Desktop/ROS2-Teleoperacion-Wifi/ros2_ws/build/examples_rclcpp_minimal_composition' returned '0': CMAKE_PREFIX_PATH=${CMAKE_PREFIX_PATH}:/opt/ros/jazzy /usr/bin/cmake --build /home/agusb/Desktop/ROS2-Teleoperacion-Wifi/ros2_ws/build/examples_rclcpp_minimal_composition -- -j8 -l8
[215.993s] Invoking command in '/home/agusb/Desktop/ROS2-Teleoperacion-Wifi/ros2_ws/build/examples_rclcpp_minimal_composition': CMAKE_PREFIX_PATH=${CMAKE_PREFIX_PATH}:/opt/ros/jazzy /usr/bin/cmake --install /home/agusb/Desktop/ROS2-Teleoperacion-Wifi/ros2_ws/build/examples_rclcpp_minimal_composition
[222.514s] -- Install configuration: ""
[222.515s] -- Execute custom install script
[222.515s] -- Symlinking: /home/agusb/Desktop/ROS2-Teleoperacion-Wifi/ros2_ws/install/examples_rclcpp_minimal_composition/share/examples_rclcpp_minimal_composition/environment/library_path.sh
[222.515s] -- Symlinking: /home/agusb/Desktop/ROS2-Teleoperacion-Wifi/ros2_ws/install/examples_rclcpp_minimal_composition/share/examples_rclcpp_minimal_composition/environment/library_path.dsv
[222.516s] -- Symlinking: /home/agusb/Desktop/ROS2-Teleoperacion-Wifi/ros2_ws/install/examples_rclcpp_minimal_composition/lib/libcomposition_nodes.so
[222.516s] -- Symlinking: /home/agusb/Desktop/ROS2-Teleoperacion-Wifi/ros2_ws/install/examples_rclcpp_minimal_composition/lib/examples_rclcpp_minimal_composition/composition_publisher
[222.516s] -- Symlinking: /home/agusb/Desktop/ROS2-Teleoperacion-Wifi/ros2_ws/install/examples_rclcpp_minimal_composition/lib/examples_rclcpp_minimal_composition/composition_subscriber
[222.517s] -- Symlinking: /home/agusb/Desktop/ROS2-Teleoperacion-Wifi/ros2_ws/install/examples_rclcpp_minimal_composition/lib/examples_rclcpp_minimal_composition/composition_composed
[222.517s] -- Symlinking: /home/agusb/Desktop/ROS2-Teleoperacion-Wifi/ros2_ws/install/examples_rclcpp_minimal_composition/share/ament_index/resource_index/package_run_dependencies/examples_rclcpp_minimal_composition
[222.517s] -- Symlinking: /home/agusb/Desktop/ROS2-Teleoperacion-Wifi/ros2_ws/install/examples_rclcpp_minimal_composition/share/ament_index/resource_index/parent_prefix_path/examples_rclcpp_minimal_composition
[222.522s] -- Symlinking: /home/agusb/Desktop/ROS2-Teleoperacion-Wifi/ros2_ws/install/examples_rclcpp_minimal_composition/share/examples_rclcpp_minimal_composition/environment/ament_prefix_path.sh
[222.522s] -- Symlinking: /home/agusb/Desktop/ROS2-Teleoperacion-Wifi/ros2_ws/install/examples_rclcpp_minimal_composition/share/examples_rclcpp_minimal_composition/environment/ament_prefix_path.dsv
[222.523s] -- Symlinking: /home/agusb/Desktop/ROS2-Teleoperacion-Wifi/ros2_ws/install/examples_rclcpp_minimal_composition/share/examples_rclcpp_minimal_composition/environment/path.sh
[222.523s] -- Symlinking: /home/agusb/Desktop/ROS2-Teleoperacion-Wifi/ros2_ws/install/examples_rclcpp_minimal_composition/share/examples_rclcpp_minimal_composition/environment/path.dsv
[222.523s] -- Symlinking: /home/agusb/Desktop/ROS2-Teleoperacion-Wifi/ros2_ws/install/examples_rclcpp_minimal_composition/share/examples_rclcpp_minimal_composition/local_setup.bash
[222.524s] -- Symlinking: /home/agusb/Desktop/ROS2-Teleoperacion-Wifi/ros2_ws/install/examples_rclcpp_minimal_composition/share/examples_rclcpp_minimal_composition/local_setup.sh
[222.545s] -- Symlinking: /home/agusb/Desktop/ROS2-Teleoperacion-Wifi/ros2_ws/install/examples_rclcpp_minimal_composition/share/examples_rclcpp_minimal_composition/local_setup.zsh
[222.546s] -- Symlinking: /home/agusb/Desktop/ROS2-Teleoperacion-Wifi/ros2_ws/install/examples_rclcpp_minimal_composition/share/examples_rclcpp_minimal_composition/local_setup.dsv
[222.547s] -- Symlinking: /home/agusb/Desktop/ROS2-Teleoperacion-Wifi/ros2_ws/install/examples_rclcpp_minimal_composition/share/examples_rclcpp_minimal_composition/package.dsv
[222.547s] -- Symlinking: /home/agusb/Desktop/ROS2-Teleoperacion-Wifi/ros2_ws/install/examples_rclcpp_minimal_composition/share/ament_index/resource_index/packages/examples_rclcpp_minimal_composition
[222.548s] -- Symlinking: /home/agusb/Desktop/ROS2-Teleoperacion-Wifi/ros2_ws/install/examples_rclcpp_minimal_composition/share/examples_rclcpp_minimal_composition/cmake/examples_rclcpp_minimal_compositionConfig.cmake
[222.552s] -- Symlinking: /home/agusb/Desktop/ROS2-Teleoperacion-Wifi/ros2_ws/install/examples_rclcpp_minimal_composition/share/examples_rclcpp_minimal_composition/cmake/examples_rclcpp_minimal_compositionConfig-version.cmake
[222.552s] -- Symlinking: /home/agusb/Desktop/ROS2-Teleoperacion-Wifi/ros2_ws/install/examples_rclcpp_minimal_composition/share/examples_rclcpp_minimal_composition/package.xml
[231.038s] Invoked command in '/home/agusb/Desktop/ROS2-Teleoperacion-Wifi/ros2_ws/build/examples_rclcpp_minimal_composition' returned '0': CMAKE_PREFIX_PATH=${CMAKE_PREFIX_PATH}:/opt/ros/jazzy /usr/bin/cmake --install /home/agusb/Desktop/ROS2-Teleoperacion-Wifi/ros2_ws/build/examples_rclcpp_minimal_composition
