[ 50%] [32mBuilding CXX object CMakeFiles/robot_uart_controller.dir/src/robot_uart_controller.cpp.o[0m
[100%] [32m[1mLinking CXX executable robot_uart_controller[0m
[100%] Built target robot_uart_controller
-- Install configuration: ""
-- Installing: /home/agusb/Desktop/ROS2-Teleoperacion-Wifi/terrenator_ws/install/robot_control/lib/robot_control/robot_uart_controller
-- Set non-toolchain portion of runtime path of "/home/agusb/Desktop/ROS2-Teleoperacion-Wifi/terrenator_ws/install/robot_control/lib/robot_control/robot_uart_controller" to ""
-- Installing: /home/agusb/Desktop/ROS2-Teleoperacion-Wifi/terrenator_ws/install/robot_control/share/ament_index/resource_index/package_run_dependencies/robot_control
-- Installing: /home/agusb/Desktop/ROS2-Teleoperacion-Wifi/terrenator_ws/install/robot_control/share/ament_index/resource_index/parent_prefix_path/robot_control
-- Up-to-date: /home/agusb/Desktop/ROS2-Teleoperacion-Wifi/terrenator_ws/install/robot_control/share/robot_control/environment/ament_prefix_path.sh
-- Up-to-date: /home/agusb/Desktop/ROS2-Teleoperacion-Wifi/terrenator_ws/install/robot_control/share/robot_control/environment/ament_prefix_path.dsv
-- Up-to-date: /home/agusb/Desktop/ROS2-Teleoperacion-Wifi/terrenator_ws/install/robot_control/share/robot_control/environment/path.sh
-- Up-to-date: /home/agusb/Desktop/ROS2-Teleoperacion-Wifi/terrenator_ws/install/robot_control/share/robot_control/environment/path.dsv
-- Up-to-date: /home/agusb/Desktop/ROS2-Teleoperacion-Wifi/terrenator_ws/install/robot_control/share/robot_control/local_setup.bash
-- Up-to-date: /home/agusb/Desktop/ROS2-Teleoperacion-Wifi/terrenator_ws/install/robot_control/share/robot_control/local_setup.sh
-- Up-to-date: /home/agusb/Desktop/ROS2-Teleoperacion-Wifi/terrenator_ws/install/robot_control/share/robot_control/local_setup.zsh
-- Up-to-date: /home/agusb/Desktop/ROS2-Teleoperacion-Wifi/terrenator_ws/install/robot_control/share/robot_control/local_setup.dsv
-- Installing: /home/agusb/Desktop/ROS2-Teleoperacion-Wifi/terrenator_ws/install/robot_control/share/robot_control/package.dsv
-- Up-to-date: /home/agusb/Desktop/ROS2-Teleoperacion-Wifi/terrenator_ws/install/robot_control/share/ament_index/resource_index/packages/robot_control
-- Up-to-date: /home/agusb/Desktop/ROS2-Teleoperacion-Wifi/terrenator_ws/install/robot_control/share/robot_control/cmake/robot_controlConfig.cmake
-- Up-to-date: /home/agusb/Desktop/ROS2-Teleoperacion-Wifi/terrenator_ws/install/robot_control/share/robot_control/cmake/robot_controlConfig-version.cmake
-- Installing: /home/agusb/Desktop/ROS2-Teleoperacion-Wifi/terrenator_ws/install/robot_control/share/robot_control/package.xml
