[0.018s] Invoking command in '/home/agusb/Desktop/ROS2-Teleoperacion-Wifi/terrenator_ws/build/robot_control': AMENT_PREFIX_PATH=/home/agusb/Desktop/ROS2-Teleoperacion-Wifi/terrenator_ws/install/interfaces:${AMENT_PREFIX_PATH} CMAKE_PREFIX_PATH=/home/agusb/Desktop/ROS2-Teleoperacion-Wifi/terrenator_ws/install/interfaces:/home/agusb/Desktop/ROS2-Teleoperacion-Wifi/sample_ws/install/turtlesim:/opt/ros/jazzy/opt/gz_math_vendor:/opt/ros/jazzy/opt/gz_utils_vendor:/opt/ros/jazzy/opt/gz_cmake_vendor:/opt/ros/jazzy LD_LIBRARY_PATH=/home/agusb/Desktop/ROS2-Teleoperacion-Wifi/terrenator_ws/install/interfaces/lib:${LD_LIBRARY_PATH} PYTHONPATH=/home/agusb/Desktop/ROS2-Teleoperacion-Wifi/terrenator_ws/install/interfaces/lib/python3.12/site-packages:${PYTHONPATH} /usr/bin/cmake --build /home/agusb/Desktop/ROS2-Teleoperacion-Wifi/terrenator_ws/build/robot_control -- -j8 -l8
[0.097s] [ 50%] [32mBuilding CXX object CMakeFiles/robot_uart_controller.dir/src/robot_uart_controller.cpp.o[0m
[6.630s] [01m[K/home/agusb/Desktop/ROS2-Teleoperacion-Wifi/terrenator_ws/src/robot_control/src/robot_uart_controller.cpp:[m[K In function ‘[01m[Kvoid[01;32m[K generarRampaVelocidad[m[K(Vel_espacial*, Vel_espacial*, std::vector<float>&, std::vector<float>&, std::vector<float>&)[m[K’:
[6.630s] [01m[K/home/agusb/Desktop/ROS2-Teleoperacion-Wifi/terrenator_ws/src/robot_control/src/robot_uart_controller.cpp:56:42:[m[K [01;35m[Kwarning: [m[Kunused parameter ‘[01m[Kvel_inicial[m[K’ [[01;35m[K]8;;https://gcc.gnu.org/onlinedocs/gcc/Warning-Options.html#index-Wunused-parameter-Wunused-parameter]8;;[m[K]
[6.631s]    56 | void generarRampaVelocidad([01;35m[KVel_espacial* vel_inicial[m[K, Vel_espacial* vel_final,
[6.631s]       |                            [01;35m[K~~~~~~~~~~~~~~^~~~~~~~~~~[m[K
[16.959s] [100%] [32m[1mLinking CXX executable robot_uart_controller[0m
[17.747s] [100%] Built target robot_uart_controller
[17.765s] Invoked command in '/home/agusb/Desktop/ROS2-Teleoperacion-Wifi/terrenator_ws/build/robot_control' returned '0': AMENT_PREFIX_PATH=/home/agusb/Desktop/ROS2-Teleoperacion-Wifi/terrenator_ws/install/interfaces:${AMENT_PREFIX_PATH} CMAKE_PREFIX_PATH=/home/agusb/Desktop/ROS2-Teleoperacion-Wifi/terrenator_ws/install/interfaces:/home/agusb/Desktop/ROS2-Teleoperacion-Wifi/sample_ws/install/turtlesim:/opt/ros/jazzy/opt/gz_math_vendor:/opt/ros/jazzy/opt/gz_utils_vendor:/opt/ros/jazzy/opt/gz_cmake_vendor:/opt/ros/jazzy LD_LIBRARY_PATH=/home/agusb/Desktop/ROS2-Teleoperacion-Wifi/terrenator_ws/install/interfaces/lib:${LD_LIBRARY_PATH} PYTHONPATH=/home/agusb/Desktop/ROS2-Teleoperacion-Wifi/terrenator_ws/install/interfaces/lib/python3.12/site-packages:${PYTHONPATH} /usr/bin/cmake --build /home/agusb/Desktop/ROS2-Teleoperacion-Wifi/terrenator_ws/build/robot_control -- -j8 -l8
[17.809s] Invoking command in '/home/agusb/Desktop/ROS2-Teleoperacion-Wifi/terrenator_ws/build/robot_control': AMENT_PREFIX_PATH=/home/agusb/Desktop/ROS2-Teleoperacion-Wifi/terrenator_ws/install/interfaces:${AMENT_PREFIX_PATH} CMAKE_PREFIX_PATH=/home/agusb/Desktop/ROS2-Teleoperacion-Wifi/terrenator_ws/install/interfaces:/home/agusb/Desktop/ROS2-Teleoperacion-Wifi/sample_ws/install/turtlesim:/opt/ros/jazzy/opt/gz_math_vendor:/opt/ros/jazzy/opt/gz_utils_vendor:/opt/ros/jazzy/opt/gz_cmake_vendor:/opt/ros/jazzy LD_LIBRARY_PATH=/home/agusb/Desktop/ROS2-Teleoperacion-Wifi/terrenator_ws/install/interfaces/lib:${LD_LIBRARY_PATH} PYTHONPATH=/home/agusb/Desktop/ROS2-Teleoperacion-Wifi/terrenator_ws/install/interfaces/lib/python3.12/site-packages:${PYTHONPATH} /usr/bin/cmake --install /home/agusb/Desktop/ROS2-Teleoperacion-Wifi/terrenator_ws/build/robot_control
[17.819s] -- Install configuration: ""
[17.819s] -- Installing: /home/agusb/Desktop/ROS2-Teleoperacion-Wifi/terrenator_ws/install/robot_control/lib/robot_control/robot_uart_controller
[17.825s] -- Set non-toolchain portion of runtime path of "/home/agusb/Desktop/ROS2-Teleoperacion-Wifi/terrenator_ws/install/robot_control/lib/robot_control/robot_uart_controller" to ""
[17.825s] -- Installing: /home/agusb/Desktop/ROS2-Teleoperacion-Wifi/terrenator_ws/install/robot_control/share/ament_index/resource_index/package_run_dependencies/robot_control
[17.826s] -- Installing: /home/agusb/Desktop/ROS2-Teleoperacion-Wifi/terrenator_ws/install/robot_control/share/ament_index/resource_index/parent_prefix_path/robot_control
[17.826s] -- Up-to-date: /home/agusb/Desktop/ROS2-Teleoperacion-Wifi/terrenator_ws/install/robot_control/share/robot_control/environment/ament_prefix_path.sh
[17.826s] -- Up-to-date: /home/agusb/Desktop/ROS2-Teleoperacion-Wifi/terrenator_ws/install/robot_control/share/robot_control/environment/ament_prefix_path.dsv
[17.827s] -- Up-to-date: /home/agusb/Desktop/ROS2-Teleoperacion-Wifi/terrenator_ws/install/robot_control/share/robot_control/environment/path.sh
[17.827s] -- Up-to-date: /home/agusb/Desktop/ROS2-Teleoperacion-Wifi/terrenator_ws/install/robot_control/share/robot_control/environment/path.dsv
[17.827s] -- Up-to-date: /home/agusb/Desktop/ROS2-Teleoperacion-Wifi/terrenator_ws/install/robot_control/share/robot_control/local_setup.bash
[17.827s] -- Up-to-date: /home/agusb/Desktop/ROS2-Teleoperacion-Wifi/terrenator_ws/install/robot_control/share/robot_control/local_setup.sh
[17.827s] -- Up-to-date: /home/agusb/Desktop/ROS2-Teleoperacion-Wifi/terrenator_ws/install/robot_control/share/robot_control/local_setup.zsh
[17.828s] -- Up-to-date: /home/agusb/Desktop/ROS2-Teleoperacion-Wifi/terrenator_ws/install/robot_control/share/robot_control/local_setup.dsv
[17.828s] -- Installing: /home/agusb/Desktop/ROS2-Teleoperacion-Wifi/terrenator_ws/install/robot_control/share/robot_control/package.dsv
[17.828s] -- Up-to-date: /home/agusb/Desktop/ROS2-Teleoperacion-Wifi/terrenator_ws/install/robot_control/share/ament_index/resource_index/packages/robot_control
[17.828s] -- Up-to-date: /home/agusb/Desktop/ROS2-Teleoperacion-Wifi/terrenator_ws/install/robot_control/share/robot_control/cmake/robot_controlConfig.cmake
[17.828s] -- Up-to-date: /home/agusb/Desktop/ROS2-Teleoperacion-Wifi/terrenator_ws/install/robot_control/share/robot_control/cmake/robot_controlConfig-version.cmake
[17.828s] -- Installing: /home/agusb/Desktop/ROS2-Teleoperacion-Wifi/terrenator_ws/install/robot_control/share/robot_control/package.xml
[17.830s] Invoked command in '/home/agusb/Desktop/ROS2-Teleoperacion-Wifi/terrenator_ws/build/robot_control' returned '0': AMENT_PREFIX_PATH=/home/agusb/Desktop/ROS2-Teleoperacion-Wifi/terrenator_ws/install/interfaces:${AMENT_PREFIX_PATH} CMAKE_PREFIX_PATH=/home/agusb/Desktop/ROS2-Teleoperacion-Wifi/terrenator_ws/install/interfaces:/home/agusb/Desktop/ROS2-Teleoperacion-Wifi/sample_ws/install/turtlesim:/opt/ros/jazzy/opt/gz_math_vendor:/opt/ros/jazzy/opt/gz_utils_vendor:/opt/ros/jazzy/opt/gz_cmake_vendor:/opt/ros/jazzy LD_LIBRARY_PATH=/home/agusb/Desktop/ROS2-Teleoperacion-Wifi/terrenator_ws/install/interfaces/lib:${LD_LIBRARY_PATH} PYTHONPATH=/home/agusb/Desktop/ROS2-Teleoperacion-Wifi/terrenator_ws/install/interfaces/lib/python3.12/site-packages:${PYTHONPATH} /usr/bin/cmake --install /home/agusb/Desktop/ROS2-Teleoperacion-Wifi/terrenator_ws/build/robot_control
