[0.104s] DEBUG:colcon:Command line arguments: ['/usr/bin/colcon', 'build']
[0.104s] DEBUG:colcon:Parsed command line arguments: Namespace(log_base=None, log_level=None, verb_name='build', build_base='build', install_base='install', merge_install=False, symlink_install=False, test_result_base=None, continue_on_error=False, executor='parallel', parallel_workers=8, event_handlers=None, ignore_user_meta=False, metas=['./colcon.meta'], base_paths=['.'], packages_ignore=None, packages_ignore_regex=None, paths=None, packages_up_to=None, packages_up_to_regex=None, packages_above=None, packages_above_and_dependencies=None, packages_above_depth=None, packages_select_by_dep=None, packages_skip_by_dep=None, packages_skip_up_to=None, packages_select_build_failed=False, packages_skip_build_finished=False, packages_select_test_failures=False, packages_skip_test_passed=False, packages_select=None, packages_skip=None, packages_select_regex=None, packages_skip_regex=None, packages_start=None, packages_end=None, allow_overriding=[], cmake_args=None, cmake_target=None, cmake_target_skip_unavailable=False, cmake_clean_cache=False, cmake_clean_first=False, cmake_force_configure=False, ament_cmake_args=None, catkin_cmake_args=None, catkin_skip_building_tests=False, verb_parser=<colcon_defaults.argument_parser.defaults.DefaultArgumentsDecorator object at 0x778135775dc0>, verb_extension=<colcon_core.verb.build.BuildVerb object at 0x778135775b20>, main=<bound method BuildVerb.main of <colcon_core.verb.build.BuildVerb object at 0x778135775b20>>)
[0.139s] Level 1:colcon.colcon_core.package_discovery:discover_packages(colcon_meta) check parameters
[0.139s] Level 1:colcon.colcon_core.package_discovery:discover_packages(recursive) check parameters
[0.139s] Level 1:colcon.colcon_core.package_discovery:discover_packages(ignore) check parameters
[0.139s] Level 1:colcon.colcon_core.package_discovery:discover_packages(path) check parameters
[0.139s] Level 1:colcon.colcon_core.package_discovery:discover_packages(colcon_meta) discover
[0.139s] Level 1:colcon.colcon_core.package_discovery:discover_packages(recursive) discover
[0.139s] INFO:colcon.colcon_core.package_discovery:Crawling recursively for packages in '/home/agusb/Desktop/ROS2-Teleoperacion-Wifi/terrenator_ws'
[0.139s] Level 1:colcon.colcon_core.package_identification:_identify(.) by extensions ['ignore', 'ignore_ament_install']
[0.139s] Level 1:colcon.colcon_core.package_identification:_identify(.) by extension 'ignore'
[0.139s] Level 1:colcon.colcon_core.package_identification:_identify(.) by extension 'ignore_ament_install'
[0.139s] Level 1:colcon.colcon_core.package_identification:_identify(.) by extensions ['colcon_pkg']
[0.139s] Level 1:colcon.colcon_core.package_identification:_identify(.) by extension 'colcon_pkg'
[0.139s] Level 1:colcon.colcon_core.package_identification:_identify(.) by extensions ['colcon_meta']
[0.139s] Level 1:colcon.colcon_core.package_identification:_identify(.) by extension 'colcon_meta'
[0.139s] Level 1:colcon.colcon_core.package_identification:_identify(.) by extensions ['ros']
[0.139s] Level 1:colcon.colcon_core.package_identification:_identify(.) by extension 'ros'
[0.164s] Level 1:colcon.colcon_core.package_identification:_identify(.) by extensions ['cmake', 'python']
[0.164s] Level 1:colcon.colcon_core.package_identification:_identify(.) by extension 'cmake'
[0.164s] Level 1:colcon.colcon_core.package_identification:_identify(.) by extension 'python'
[0.164s] Level 1:colcon.colcon_core.package_identification:_identify(.) by extensions ['python_setup_py']
[0.164s] Level 1:colcon.colcon_core.package_identification:_identify(.) by extension 'python_setup_py'
[0.164s] Level 1:colcon.colcon_core.package_identification:_identify(build) by extensions ['ignore', 'ignore_ament_install']
[0.164s] Level 1:colcon.colcon_core.package_identification:_identify(build) by extension 'ignore'
[0.164s] Level 1:colcon.colcon_core.package_identification:_identify(build) ignored
[0.164s] Level 1:colcon.colcon_core.package_identification:_identify(install) by extensions ['ignore', 'ignore_ament_install']
[0.164s] Level 1:colcon.colcon_core.package_identification:_identify(install) by extension 'ignore'
[0.164s] Level 1:colcon.colcon_core.package_identification:_identify(install) ignored
[0.164s] Level 1:colcon.colcon_core.package_identification:_identify(log) by extensions ['ignore', 'ignore_ament_install']
[0.164s] Level 1:colcon.colcon_core.package_identification:_identify(log) by extension 'ignore'
[0.164s] Level 1:colcon.colcon_core.package_identification:_identify(log) ignored
[0.164s] Level 1:colcon.colcon_core.package_identification:_identify(src) by extensions ['ignore', 'ignore_ament_install']
[0.165s] Level 1:colcon.colcon_core.package_identification:_identify(src) by extension 'ignore'
[0.165s] Level 1:colcon.colcon_core.package_identification:_identify(src) by extension 'ignore_ament_install'
[0.165s] Level 1:colcon.colcon_core.package_identification:_identify(src) by extensions ['colcon_pkg']
[0.165s] Level 1:colcon.colcon_core.package_identification:_identify(src) by extension 'colcon_pkg'
[0.165s] Level 1:colcon.colcon_core.package_identification:_identify(src) by extensions ['colcon_meta']
[0.165s] Level 1:colcon.colcon_core.package_identification:_identify(src) by extension 'colcon_meta'
[0.165s] Level 1:colcon.colcon_core.package_identification:_identify(src) by extensions ['ros']
[0.165s] Level 1:colcon.colcon_core.package_identification:_identify(src) by extension 'ros'
[0.165s] Level 1:colcon.colcon_core.package_identification:_identify(src) by extensions ['cmake', 'python']
[0.165s] Level 1:colcon.colcon_core.package_identification:_identify(src) by extension 'cmake'
[0.165s] Level 1:colcon.colcon_core.package_identification:_identify(src) by extension 'python'
[0.165s] Level 1:colcon.colcon_core.package_identification:_identify(src) by extensions ['python_setup_py']
[0.165s] Level 1:colcon.colcon_core.package_identification:_identify(src) by extension 'python_setup_py'
[0.165s] Level 1:colcon.colcon_core.package_identification:_identify(src/cameras) by extensions ['ignore', 'ignore_ament_install']
[0.165s] Level 1:colcon.colcon_core.package_identification:_identify(src/cameras) by extension 'ignore'
[0.165s] Level 1:colcon.colcon_core.package_identification:_identify(src/cameras) by extension 'ignore_ament_install'
[0.165s] Level 1:colcon.colcon_core.package_identification:_identify(src/cameras) by extensions ['colcon_pkg']
[0.165s] Level 1:colcon.colcon_core.package_identification:_identify(src/cameras) by extension 'colcon_pkg'
[0.165s] Level 1:colcon.colcon_core.package_identification:_identify(src/cameras) by extensions ['colcon_meta']
[0.165s] Level 1:colcon.colcon_core.package_identification:_identify(src/cameras) by extension 'colcon_meta'
[0.165s] Level 1:colcon.colcon_core.package_identification:_identify(src/cameras) by extensions ['ros']
[0.165s] Level 1:colcon.colcon_core.package_identification:_identify(src/cameras) by extension 'ros'
[0.168s] DEBUG:colcon.colcon_core.package_identification:Package 'src/cameras' with type 'ros.ament_cmake' and name 'cameras'
[0.168s] Level 1:colcon.colcon_core.package_identification:_identify(src/robot_control) by extensions ['ignore', 'ignore_ament_install']
[0.168s] Level 1:colcon.colcon_core.package_identification:_identify(src/robot_control) by extension 'ignore'
[0.168s] Level 1:colcon.colcon_core.package_identification:_identify(src/robot_control) by extension 'ignore_ament_install'
[0.169s] Level 1:colcon.colcon_core.package_identification:_identify(src/robot_control) by extensions ['colcon_pkg']
[0.169s] Level 1:colcon.colcon_core.package_identification:_identify(src/robot_control) by extension 'colcon_pkg'
[0.169s] Level 1:colcon.colcon_core.package_identification:_identify(src/robot_control) by extensions ['colcon_meta']
[0.169s] Level 1:colcon.colcon_core.package_identification:_identify(src/robot_control) by extension 'colcon_meta'
[0.169s] Level 1:colcon.colcon_core.package_identification:_identify(src/robot_control) by extensions ['ros']
[0.169s] Level 1:colcon.colcon_core.package_identification:_identify(src/robot_control) by extension 'ros'
[0.169s] DEBUG:colcon.colcon_core.package_identification:Package 'src/robot_control' with type 'ros.ament_cmake' and name 'robot_control'
[0.169s] Level 1:colcon.colcon_core.package_discovery:discover_packages(recursive) using defaults
[0.169s] Level 1:colcon.colcon_core.package_discovery:discover_packages(ignore) discover
[0.169s] Level 1:colcon.colcon_core.package_discovery:discover_packages(ignore) using defaults
[0.169s] Level 1:colcon.colcon_core.package_discovery:discover_packages(path) discover
[0.169s] Level 1:colcon.colcon_core.package_discovery:discover_packages(path) using defaults
[0.191s] Level 1:colcon.colcon_core.package_discovery:discover_packages(prefix_path) check parameters
[0.191s] Level 1:colcon.colcon_core.package_discovery:discover_packages(prefix_path) discover
[0.192s] DEBUG:colcon.colcon_installed_package_information.package_discovery:Found 3 installed packages in /home/agusb/Desktop/ROS2-Teleoperacion-Wifi/sample_ws/install
[0.193s] DEBUG:colcon.colcon_installed_package_information.package_discovery:Found 307 installed packages in /opt/ros/jazzy
[0.194s] Level 1:colcon.colcon_core.package_discovery:discover_packages(prefix_path) using defaults
[0.244s] Level 5:colcon.colcon_core.verb:set package 'cameras' build argument 'cmake_args' from command line to 'None'
[0.245s] Level 5:colcon.colcon_core.verb:set package 'cameras' build argument 'cmake_target' from command line to 'None'
[0.245s] Level 5:colcon.colcon_core.verb:set package 'cameras' build argument 'cmake_target_skip_unavailable' from command line to 'False'
[0.245s] Level 5:colcon.colcon_core.verb:set package 'cameras' build argument 'cmake_clean_cache' from command line to 'False'
[0.245s] Level 5:colcon.colcon_core.verb:set package 'cameras' build argument 'cmake_clean_first' from command line to 'False'
[0.245s] Level 5:colcon.colcon_core.verb:set package 'cameras' build argument 'cmake_force_configure' from command line to 'False'
[0.245s] Level 5:colcon.colcon_core.verb:set package 'cameras' build argument 'ament_cmake_args' from command line to 'None'
[0.245s] Level 5:colcon.colcon_core.verb:set package 'cameras' build argument 'catkin_cmake_args' from command line to 'None'
[0.245s] Level 5:colcon.colcon_core.verb:set package 'cameras' build argument 'catkin_skip_building_tests' from command line to 'False'
[0.245s] DEBUG:colcon.colcon_core.verb:Building package 'cameras' with the following arguments: {'ament_cmake_args': None, 'build_base': '/home/agusb/Desktop/ROS2-Teleoperacion-Wifi/terrenator_ws/build/cameras', 'catkin_cmake_args': None, 'catkin_skip_building_tests': False, 'cmake_args': None, 'cmake_clean_cache': False, 'cmake_clean_first': False, 'cmake_force_configure': False, 'cmake_target': None, 'cmake_target_skip_unavailable': False, 'install_base': '/home/agusb/Desktop/ROS2-Teleoperacion-Wifi/terrenator_ws/install/cameras', 'merge_install': False, 'path': '/home/agusb/Desktop/ROS2-Teleoperacion-Wifi/terrenator_ws/src/cameras', 'symlink_install': False, 'test_result_base': None}
[0.245s] Level 5:colcon.colcon_core.verb:set package 'robot_control' build argument 'cmake_args' from command line to 'None'
[0.245s] Level 5:colcon.colcon_core.verb:set package 'robot_control' build argument 'cmake_target' from command line to 'None'
[0.245s] Level 5:colcon.colcon_core.verb:set package 'robot_control' build argument 'cmake_target_skip_unavailable' from command line to 'False'
[0.245s] Level 5:colcon.colcon_core.verb:set package 'robot_control' build argument 'cmake_clean_cache' from command line to 'False'
[0.245s] Level 5:colcon.colcon_core.verb:set package 'robot_control' build argument 'cmake_clean_first' from command line to 'False'
[0.245s] Level 5:colcon.colcon_core.verb:set package 'robot_control' build argument 'cmake_force_configure' from command line to 'False'
[0.245s] Level 5:colcon.colcon_core.verb:set package 'robot_control' build argument 'ament_cmake_args' from command line to 'None'
[0.245s] Level 5:colcon.colcon_core.verb:set package 'robot_control' build argument 'catkin_cmake_args' from command line to 'None'
[0.245s] Level 5:colcon.colcon_core.verb:set package 'robot_control' build argument 'catkin_skip_building_tests' from command line to 'False'
[0.245s] DEBUG:colcon.colcon_core.verb:Building package 'robot_control' with the following arguments: {'ament_cmake_args': None, 'build_base': '/home/agusb/Desktop/ROS2-Teleoperacion-Wifi/terrenator_ws/build/robot_control', 'catkin_cmake_args': None, 'catkin_skip_building_tests': False, 'cmake_args': None, 'cmake_clean_cache': False, 'cmake_clean_first': False, 'cmake_force_configure': False, 'cmake_target': None, 'cmake_target_skip_unavailable': False, 'install_base': '/home/agusb/Desktop/ROS2-Teleoperacion-Wifi/terrenator_ws/install/robot_control', 'merge_install': False, 'path': '/home/agusb/Desktop/ROS2-Teleoperacion-Wifi/terrenator_ws/src/robot_control', 'symlink_install': False, 'test_result_base': None}
[0.245s] INFO:colcon.colcon_core.executor:Executing jobs using 'parallel' executor
[0.246s] DEBUG:colcon.colcon_parallel_executor.executor.parallel:run_until_complete
[0.247s] INFO:colcon.colcon_ros.task.ament_cmake.build:Building ROS package in '/home/agusb/Desktop/ROS2-Teleoperacion-Wifi/terrenator_ws/src/cameras' with build type 'ament_cmake'
[0.247s] INFO:colcon.colcon_cmake.task.cmake.build:Building CMake package in '/home/agusb/Desktop/ROS2-Teleoperacion-Wifi/terrenator_ws/src/cameras'
[0.248s] INFO:colcon.colcon_core.plugin_system:Skipping extension 'colcon_core.shell.bat': Not used on non-Windows systems
[0.249s] INFO:colcon.colcon_core.shell:Skip shell extension 'powershell' for command environment: Not usable outside of PowerShell
[0.249s] DEBUG:colcon.colcon_core.shell:Skip shell extension 'dsv' for command environment
[0.252s] INFO:colcon.colcon_ros.task.ament_cmake.build:Building ROS package in '/home/agusb/Desktop/ROS2-Teleoperacion-Wifi/terrenator_ws/src/robot_control' with build type 'ament_cmake'
[0.252s] INFO:colcon.colcon_cmake.task.cmake.build:Building CMake package in '/home/agusb/Desktop/ROS2-Teleoperacion-Wifi/terrenator_ws/src/robot_control'
[0.252s] INFO:colcon.colcon_core.shell:Skip shell extension 'powershell' for command environment: Not usable outside of PowerShell
[0.252s] DEBUG:colcon.colcon_core.shell:Skip shell extension 'dsv' for command environment
[0.262s] DEBUG:colcon.colcon_core.event_handler.log_command:Invoking command in '/home/agusb/Desktop/ROS2-Teleoperacion-Wifi/terrenator_ws/build/cameras': CMAKE_PREFIX_PATH=${CMAKE_PREFIX_PATH}:/opt/ros/jazzy /usr/bin/cmake /home/agusb/Desktop/ROS2-Teleoperacion-Wifi/terrenator_ws/src/cameras -DCMAKE_INSTALL_PREFIX=/home/agusb/Desktop/ROS2-Teleoperacion-Wifi/terrenator_ws/install/cameras
[0.267s] DEBUG:colcon.colcon_core.event_handler.log_command:Invoking command in '/home/agusb/Desktop/ROS2-Teleoperacion-Wifi/terrenator_ws/build/robot_control': CMAKE_PREFIX_PATH=${CMAKE_PREFIX_PATH}:/opt/ros/jazzy /usr/bin/cmake /home/agusb/Desktop/ROS2-Teleoperacion-Wifi/terrenator_ws/src/robot_control -DCMAKE_INSTALL_PREFIX=/home/agusb/Desktop/ROS2-Teleoperacion-Wifi/terrenator_ws/install/robot_control
[1.222s] DEBUG:colcon.colcon_core.event_handler.log_command:Invoked command in '/home/agusb/Desktop/ROS2-Teleoperacion-Wifi/terrenator_ws/build/cameras' returned '0': CMAKE_PREFIX_PATH=${CMAKE_PREFIX_PATH}:/opt/ros/jazzy /usr/bin/cmake /home/agusb/Desktop/ROS2-Teleoperacion-Wifi/terrenator_ws/src/cameras -DCMAKE_INSTALL_PREFIX=/home/agusb/Desktop/ROS2-Teleoperacion-Wifi/terrenator_ws/install/cameras
[1.224s] DEBUG:colcon.colcon_core.event_handler.log_command:Invoking command in '/home/agusb/Desktop/ROS2-Teleoperacion-Wifi/terrenator_ws/build/cameras': CMAKE_PREFIX_PATH=${CMAKE_PREFIX_PATH}:/opt/ros/jazzy /usr/bin/cmake --build /home/agusb/Desktop/ROS2-Teleoperacion-Wifi/terrenator_ws/build/cameras -- -j8 -l8
[1.358s] DEBUG:colcon.colcon_core.event_handler.log_command:Invoked command in '/home/agusb/Desktop/ROS2-Teleoperacion-Wifi/terrenator_ws/build/cameras' returned '0': CMAKE_PREFIX_PATH=${CMAKE_PREFIX_PATH}:/opt/ros/jazzy /usr/bin/cmake --build /home/agusb/Desktop/ROS2-Teleoperacion-Wifi/terrenator_ws/build/cameras -- -j8 -l8
[1.399s] DEBUG:colcon.colcon_core.event_handler.log_command:Invoking command in '/home/agusb/Desktop/ROS2-Teleoperacion-Wifi/terrenator_ws/build/cameras': CMAKE_PREFIX_PATH=${CMAKE_PREFIX_PATH}:/opt/ros/jazzy /usr/bin/cmake --install /home/agusb/Desktop/ROS2-Teleoperacion-Wifi/terrenator_ws/build/cameras
[1.416s] Level 1:colcon.colcon_core.environment:create_environment_scripts_only(cameras)
[1.417s] DEBUG:colcon.colcon_core.event_handler.log_command:Invoked command in '/home/agusb/Desktop/ROS2-Teleoperacion-Wifi/terrenator_ws/build/cameras' returned '0': CMAKE_PREFIX_PATH=${CMAKE_PREFIX_PATH}:/opt/ros/jazzy /usr/bin/cmake --install /home/agusb/Desktop/ROS2-Teleoperacion-Wifi/terrenator_ws/build/cameras
[1.420s] Level 1:colcon.colcon_core.environment:checking '/home/agusb/Desktop/ROS2-Teleoperacion-Wifi/terrenator_ws/install/cameras' for CMake module files
[1.422s] Level 1:colcon.colcon_core.environment:checking '/home/agusb/Desktop/ROS2-Teleoperacion-Wifi/terrenator_ws/install/cameras' for CMake config files
[1.422s] Level 1:colcon.colcon_core.shell:create_environment_hook('cameras', 'cmake_prefix_path')
[1.422s] INFO:colcon.colcon_core.shell:Creating environment hook '/home/agusb/Desktop/ROS2-Teleoperacion-Wifi/terrenator_ws/install/cameras/share/cameras/hook/cmake_prefix_path.ps1'
[1.424s] INFO:colcon.colcon_core.shell:Creating environment descriptor '/home/agusb/Desktop/ROS2-Teleoperacion-Wifi/terrenator_ws/install/cameras/share/cameras/hook/cmake_prefix_path.dsv'
[1.424s] INFO:colcon.colcon_core.shell:Creating environment hook '/home/agusb/Desktop/ROS2-Teleoperacion-Wifi/terrenator_ws/install/cameras/share/cameras/hook/cmake_prefix_path.sh'
[1.426s] Level 1:colcon.colcon_core.environment:checking '/home/agusb/Desktop/ROS2-Teleoperacion-Wifi/terrenator_ws/install/cameras/lib'
[1.426s] Level 1:colcon.colcon_core.environment:checking '/home/agusb/Desktop/ROS2-Teleoperacion-Wifi/terrenator_ws/install/cameras/bin'
[1.426s] Level 1:colcon.colcon_core.environment:checking '/home/agusb/Desktop/ROS2-Teleoperacion-Wifi/terrenator_ws/install/cameras/lib/pkgconfig/cameras.pc'
[1.427s] Level 1:colcon.colcon_core.environment:checking '/home/agusb/Desktop/ROS2-Teleoperacion-Wifi/terrenator_ws/install/cameras/lib/python3.12/site-packages'
[1.427s] Level 1:colcon.colcon_core.environment:checking '/home/agusb/Desktop/ROS2-Teleoperacion-Wifi/terrenator_ws/install/cameras/bin'
[1.428s] INFO:colcon.colcon_core.shell:Creating package script '/home/agusb/Desktop/ROS2-Teleoperacion-Wifi/terrenator_ws/install/cameras/share/cameras/package.ps1'
[1.429s] INFO:colcon.colcon_core.shell:Creating package descriptor '/home/agusb/Desktop/ROS2-Teleoperacion-Wifi/terrenator_ws/install/cameras/share/cameras/package.dsv'
[1.430s] INFO:colcon.colcon_core.shell:Creating package script '/home/agusb/Desktop/ROS2-Teleoperacion-Wifi/terrenator_ws/install/cameras/share/cameras/package.sh'
[1.431s] INFO:colcon.colcon_core.shell:Creating package script '/home/agusb/Desktop/ROS2-Teleoperacion-Wifi/terrenator_ws/install/cameras/share/cameras/package.bash'
[1.432s] INFO:colcon.colcon_core.shell:Creating package script '/home/agusb/Desktop/ROS2-Teleoperacion-Wifi/terrenator_ws/install/cameras/share/cameras/package.zsh'
[1.433s] Level 1:colcon.colcon_core.environment:create_file_with_runtime_dependencies(/home/agusb/Desktop/ROS2-Teleoperacion-Wifi/terrenator_ws/install/cameras/share/colcon-core/packages/cameras)
[1.481s] Level 1:colcon.colcon_core.environment:create_environment_scripts_only(cameras)
[1.482s] Level 1:colcon.colcon_core.environment:checking '/home/agusb/Desktop/ROS2-Teleoperacion-Wifi/terrenator_ws/install/cameras' for CMake module files
[1.483s] Level 1:colcon.colcon_core.environment:checking '/home/agusb/Desktop/ROS2-Teleoperacion-Wifi/terrenator_ws/install/cameras' for CMake config files
[1.484s] Level 1:colcon.colcon_core.shell:create_environment_hook('cameras', 'cmake_prefix_path')
[1.484s] INFO:colcon.colcon_core.shell:Creating environment hook '/home/agusb/Desktop/ROS2-Teleoperacion-Wifi/terrenator_ws/install/cameras/share/cameras/hook/cmake_prefix_path.ps1'
[1.485s] INFO:colcon.colcon_core.shell:Creating environment descriptor '/home/agusb/Desktop/ROS2-Teleoperacion-Wifi/terrenator_ws/install/cameras/share/cameras/hook/cmake_prefix_path.dsv'
[1.486s] INFO:colcon.colcon_core.shell:Creating environment hook '/home/agusb/Desktop/ROS2-Teleoperacion-Wifi/terrenator_ws/install/cameras/share/cameras/hook/cmake_prefix_path.sh'
[1.487s] Level 1:colcon.colcon_core.environment:checking '/home/agusb/Desktop/ROS2-Teleoperacion-Wifi/terrenator_ws/install/cameras/lib'
[1.488s] Level 1:colcon.colcon_core.environment:checking '/home/agusb/Desktop/ROS2-Teleoperacion-Wifi/terrenator_ws/install/cameras/bin'
[1.488s] Level 1:colcon.colcon_core.environment:checking '/home/agusb/Desktop/ROS2-Teleoperacion-Wifi/terrenator_ws/install/cameras/lib/pkgconfig/cameras.pc'
[1.488s] Level 1:colcon.colcon_core.environment:checking '/home/agusb/Desktop/ROS2-Teleoperacion-Wifi/terrenator_ws/install/cameras/lib/python3.12/site-packages'
[1.489s] Level 1:colcon.colcon_core.environment:checking '/home/agusb/Desktop/ROS2-Teleoperacion-Wifi/terrenator_ws/install/cameras/bin'
[1.490s] INFO:colcon.colcon_core.shell:Creating package script '/home/agusb/Desktop/ROS2-Teleoperacion-Wifi/terrenator_ws/install/cameras/share/cameras/package.ps1'
[1.491s] INFO:colcon.colcon_core.shell:Creating package descriptor '/home/agusb/Desktop/ROS2-Teleoperacion-Wifi/terrenator_ws/install/cameras/share/cameras/package.dsv'
[1.492s] INFO:colcon.colcon_core.shell:Creating package script '/home/agusb/Desktop/ROS2-Teleoperacion-Wifi/terrenator_ws/install/cameras/share/cameras/package.sh'
[1.493s] INFO:colcon.colcon_core.shell:Creating package script '/home/agusb/Desktop/ROS2-Teleoperacion-Wifi/terrenator_ws/install/cameras/share/cameras/package.bash'
[1.494s] INFO:colcon.colcon_core.shell:Creating package script '/home/agusb/Desktop/ROS2-Teleoperacion-Wifi/terrenator_ws/install/cameras/share/cameras/package.zsh'
[1.495s] Level 1:colcon.colcon_core.environment:create_file_with_runtime_dependencies(/home/agusb/Desktop/ROS2-Teleoperacion-Wifi/terrenator_ws/install/cameras/share/colcon-core/packages/cameras)
[1.680s] DEBUG:colcon.colcon_core.event_handler.log_command:Invoked command in '/home/agusb/Desktop/ROS2-Teleoperacion-Wifi/terrenator_ws/build/robot_control' returned '1': CMAKE_PREFIX_PATH=${CMAKE_PREFIX_PATH}:/opt/ros/jazzy /usr/bin/cmake /home/agusb/Desktop/ROS2-Teleoperacion-Wifi/terrenator_ws/src/robot_control -DCMAKE_INSTALL_PREFIX=/home/agusb/Desktop/ROS2-Teleoperacion-Wifi/terrenator_ws/install/robot_control
[1.691s] Level 1:colcon.colcon_core.environment:create_environment_scripts_only(robot_control)
[1.691s] Level 1:colcon.colcon_core.environment:checking '/home/agusb/Desktop/ROS2-Teleoperacion-Wifi/terrenator_ws/install/robot_control' for CMake module files
[1.692s] Level 1:colcon.colcon_core.environment:checking '/home/agusb/Desktop/ROS2-Teleoperacion-Wifi/terrenator_ws/install/robot_control' for CMake config files
[1.692s] Level 1:colcon.colcon_core.environment:checking '/home/agusb/Desktop/ROS2-Teleoperacion-Wifi/terrenator_ws/install/robot_control/bin'
[1.692s] Level 1:colcon.colcon_core.environment:checking '/home/agusb/Desktop/ROS2-Teleoperacion-Wifi/terrenator_ws/install/robot_control/lib/pkgconfig/robot_control.pc'
[1.692s] Level 1:colcon.colcon_core.environment:checking '/home/agusb/Desktop/ROS2-Teleoperacion-Wifi/terrenator_ws/install/robot_control/lib/python3.12/site-packages'
[1.692s] Level 1:colcon.colcon_core.environment:checking '/home/agusb/Desktop/ROS2-Teleoperacion-Wifi/terrenator_ws/install/robot_control/bin'
[1.693s] INFO:colcon.colcon_core.shell:Creating package script '/home/agusb/Desktop/ROS2-Teleoperacion-Wifi/terrenator_ws/install/robot_control/share/robot_control/package.ps1'
[1.693s] INFO:colcon.colcon_core.shell:Creating package descriptor '/home/agusb/Desktop/ROS2-Teleoperacion-Wifi/terrenator_ws/install/robot_control/share/robot_control/package.dsv'
[1.693s] INFO:colcon.colcon_core.shell:Creating package script '/home/agusb/Desktop/ROS2-Teleoperacion-Wifi/terrenator_ws/install/robot_control/share/robot_control/package.sh'
[1.694s] INFO:colcon.colcon_core.shell:Creating package script '/home/agusb/Desktop/ROS2-Teleoperacion-Wifi/terrenator_ws/install/robot_control/share/robot_control/package.bash'
[1.694s] INFO:colcon.colcon_core.shell:Creating package script '/home/agusb/Desktop/ROS2-Teleoperacion-Wifi/terrenator_ws/install/robot_control/share/robot_control/package.zsh'
[1.694s] Level 1:colcon.colcon_core.environment:create_file_with_runtime_dependencies(/home/agusb/Desktop/ROS2-Teleoperacion-Wifi/terrenator_ws/install/robot_control/share/colcon-core/packages/robot_control)
[1.704s] DEBUG:colcon.colcon_parallel_executor.executor.parallel:closing loop
[1.705s] DEBUG:colcon.colcon_parallel_executor.executor.parallel:loop closed
[1.705s] DEBUG:colcon.colcon_parallel_executor.executor.parallel:run_until_complete finished with '1'
[1.705s] DEBUG:colcon.colcon_core.event_reactor:joining thread
[1.719s] INFO:colcon.colcon_core.plugin_system:Skipping extension 'colcon_notification.desktop_notification.terminal_notifier': Not used on non-Darwin systems
[1.719s] INFO:colcon.colcon_core.plugin_system:Skipping extension 'colcon_notification.desktop_notification.win32': Not used on non-Windows systems
[1.719s] INFO:colcon.colcon_notification.desktop_notification:Sending desktop notification using 'notify2'
[1.727s] DEBUG:colcon.colcon_core.event_reactor:joined thread
[1.727s] INFO:colcon.colcon_core.shell:Creating prefix script '/home/agusb/Desktop/ROS2-Teleoperacion-Wifi/terrenator_ws/install/local_setup.ps1'
[1.729s] INFO:colcon.colcon_core.shell:Creating prefix util module '/home/agusb/Desktop/ROS2-Teleoperacion-Wifi/terrenator_ws/install/_local_setup_util_ps1.py'
[1.731s] INFO:colcon.colcon_core.shell:Creating prefix chain script '/home/agusb/Desktop/ROS2-Teleoperacion-Wifi/terrenator_ws/install/setup.ps1'
[1.733s] INFO:colcon.colcon_core.shell:Creating prefix script '/home/agusb/Desktop/ROS2-Teleoperacion-Wifi/terrenator_ws/install/local_setup.sh'
[1.734s] INFO:colcon.colcon_core.shell:Creating prefix util module '/home/agusb/Desktop/ROS2-Teleoperacion-Wifi/terrenator_ws/install/_local_setup_util_sh.py'
[1.735s] INFO:colcon.colcon_core.shell:Creating prefix chain script '/home/agusb/Desktop/ROS2-Teleoperacion-Wifi/terrenator_ws/install/setup.sh'
[1.738s] INFO:colcon.colcon_core.shell:Creating prefix script '/home/agusb/Desktop/ROS2-Teleoperacion-Wifi/terrenator_ws/install/local_setup.bash'
[1.739s] INFO:colcon.colcon_core.shell:Creating prefix chain script '/home/agusb/Desktop/ROS2-Teleoperacion-Wifi/terrenator_ws/install/setup.bash'
[1.741s] INFO:colcon.colcon_core.shell:Creating prefix script '/home/agusb/Desktop/ROS2-Teleoperacion-Wifi/terrenator_ws/install/local_setup.zsh'
[1.742s] INFO:colcon.colcon_core.shell:Creating prefix chain script '/home/agusb/Desktop/ROS2-Teleoperacion-Wifi/terrenator_ws/install/setup.zsh'
